a:0
IsZoneGenerated
biomeArea
a:1
IsZoneGenerated
i:0
m_biome
i:1
m_biome
i:2
m_biome
i:3
m_biome
i:4
m_biome
i:5
m_biome
i:6
m_biome
i:7
m_biome
i:8
m_biome
i:9
m_biome
i:10
m_biome
i:11
m_biome
i:12
m_biome
i:13
m_biome
i:14
m_biome
i:15
m_biome
i:16
m_biome
i:17
m_biome
i:18
m_biome
i:19
m_biome
a:2
IsZoneGenerated
biomeArea
a:3
IsZoneGenerated
biomeArea
a:4
IsZoneGenerated
i:0
m_biome
i:1
m_biome
i:2
m_biome
i:3
m_biome
i:4
m_biome
i:5
m_biome
i:6
m_biome
i:7
m_biome
i:8
m_biome
i:9
m_biome
i:10
m_biome
i:11
m_biome
i:12
m_biome
i:13
m_biome
i:14
m_biome
i:15
m_biome
i:16
m_biome
i:17
m_biome
i:18
m_biome
i:19
m_biome
a:5
IsZoneGenerated
biomeArea
a:6
IsZoneGenerated
i:0
m_maxDistance
i:1
m_maxDistance
i:2
m_maxDistance
i:3
m_maxDistance
i:4
m_maxDistance
i:5
m_maxDistance
i:6
m_maxDistance
i:7
m_maxDistance
i:8
m_maxDistance
i:9
m_maxDistance
i:10
m_maxDistance
i:11
m_maxDistance
i:12
m_maxDistance
i:13
m_maxDistance
i:14
m_maxDistance
i:15
m_maxDistance
i:16
m_maxDistance
i:17
m_maxDistance
i:18
m_maxDistance
i:19
m_maxDistance
a:7
IsZoneGenerated
i:0
m_maxDistance
i:1
m_maxDistance
i:2
m_maxDistance
i:3
m_maxDistance
i:4
m_maxDistance
i:5
m_maxDistance
i:6
m_maxDistance
i:7
m_maxDistance
i:8
m_maxDistance
i:9
m_maxDistance
i:10
m_maxDistance
i:11
m_maxDistance
i:12
m_maxDistance
i:13
m_maxDistance
i:14
m_maxDistance
i:15
m_maxDistance
i:16
m_maxDistance
i:17
m_maxDistance
i:18
m_maxDistance
i:19
m_maxDistance
a:8
IsZoneGenerated
biomeArea
a:9
IsZoneGenerated
i:0
altitude
i:1
altitude
i:2
altitude
i:3
altitude
i:4
altitude
i:5
altitude
i:6
altitude
i:7
altitude
i:8
altitude
i:9
altitude
i:10
altitude
i:11
altitude
i:12
altitude
i:13
altitude
i:14
altitude
i:15
altitude
i:16
altitude
i:17
altitude
i:18
altitude
i:19
altitude
a:10
IsZoneGenerated
i:0
terrainDelta
i:1
terrainDelta
i:2
terrainDelta
i:3
terrainDelta
i:4
terrainDelta
i:5
terrainDelta
i:6
terrainDelta
i:7
terrainDelta
i:8
terrainDelta
i:9
terrainDelta
i:10
terrainDelta
i:11
terrainDelta
i:12
terrainDelta
i:13
terrainDelta
i:14
register
a:11
IsZoneGenerated
i:0
m_maxDistance
i:1
m_maxDistance
i:2
m_maxDistance
i:3
m_maxDistance
i:4
m_maxDistance
i:5
m_maxDistance
i:6
m_maxDistance
i:7
m_maxDistance
i:8
m_maxDistance
i:9
m_maxDistance
i:10
m_maxDistance
i:11
m_maxDistance
i:12
m_maxDistance
i:13
m_maxDistance
i:14
m_maxDistance
i:15
m_maxDistance
i:16
m_maxDistance
i:17
m_maxDistance
i:18
m_maxDistance
i:19
m_maxDistance
a:12
IsZoneGenerated
biomeArea
a:13
IsZoneGenerated
biomeArea
a:14
IsZoneGenerated
i:0
m_biome
i:1
m_biome
i:2
m_biome
i:3
m_biome
i:4
m_biome
i:5
m_biome
i:6
m_biome
i:7
m_biome
i:8
m_biome
i:9
m_biome
i:10
m_biome
i:11
m_biome
i:12
m_biome
i:13
m_biome
i:14
m_biome
i:15
m_biome
i:16
m_biome
i:17
m_biome
i:18
m_biome
i:19
m_biome
a:15
IsZoneGenerated
i:0
m_maxDistance
i:1
m_maxDistance
i:2
m_maxDistance
i:3
m_maxDistance
i:4
m_maxDistance
i:5
m_maxDistance
i:6
m_maxDistance
i:7
m_maxDistance
i:8
m_maxDistance
i:9
m_maxDistance
i:10
m_maxDistance
i:11
m_maxDistance
i:12
m_maxDistance
i:13
m_maxDistance
i:14
m_maxDistance
i:15
m_maxDistance
i:16
m_maxDistance
i:17
m_maxDistance
i:18
m_maxDistance
i:19
m_maxDistance
a:16
IsZoneGenerated
biomeArea
a:17
IsZoneGenerated
i:0
m_maxDistance
i:1
m_maxDistance
i:2
m_maxDistance
i:3
m_maxDistance
i:4
m_maxDistance
i:5
m_maxDistance
i:6
m_maxDistance
i:7
m_maxDistance
i:8
m_maxDistance
i:9
m_maxDistance
i:10
m_maxDistance
i:11
m_maxDistance
i:12
m_maxDistance
i:13
m_maxDistance
i:14
m_maxDistance
i:15
m_maxDistance
i:16
m_maxDistance
i:17
m_maxDistance
i:18
m_maxDistance
i:19
m_maxDistance
a:18
IsZoneGenerated
biomeArea
a:19
IsZoneGenerated
i:0
m_maxDistance
i:1
m_maxDistance
i:2
m_maxDistance
i:3
m_maxDistance
i:4
m_maxDistance
i:5
m_maxDistance
i:6
m_maxDistance
i:7
m_maxDistance
i:8
m_maxDistance
i:9
m_maxDistance
i:10
m_maxDistance
i:11
m_maxDistance
i:12
m_maxDistance
i:13
m_maxDistance
i:14
m_maxDistance
i:15
m_maxDistance
i:16
m_maxDistance
i:17
m_maxDistance
i:18
m_maxDistance
i:19
m_maxDistance
a:20
IsZoneGenerated
i:0
m_biome
i:1
m_biome
i:2
m_biome
i:3
m_biome
i:4
m_biome
i:5
m_biome
i:6
m_biome
i:7
m_biome
i:8
m_biome
i:9
m_biome
i:10
m_biome
i:11
m_biome
i:12
m_biome
i:13
m_biome
i:14
m_biome
i:15
m_biome
i:16
m_biome
i:17
m_biome
i:18
m_biome
i:19
m_biome
a:21
IsZoneGenerated
i:0
m_maxDistance
i:1
m_maxDistance
i:2
m_maxDistance
i:3
m_maxDistance
i:4
m_maxDistance
i:5
m_maxDistance
i:6
m_maxDistance
i:7
m_maxDistance
i:8
m_maxDistance
i:9
m_maxDistance
i:10
m_maxDistance
i:11
m_maxDistance
i:12
m_maxDistance
i:13
m_maxDistance
i:14
m_maxDistance
i:15
m_maxDistance
i:16
m_maxDistance
i:17
m_maxDistance
i:18
m_maxDistance
i:19
m_maxDistance
a:22
IsZoneGenerated
biomeArea
a:23
IsZoneGenerated
biomeArea
a:24
IsZoneGenerated
biomeArea
a:25
IsZoneGenerated
i:0
m_maxDistance
i:1
m_maxDistance
i:2
m_maxDistance
i:3
m_maxDistance
i:4
m_maxDistance
i:5
m_maxDistance
i:6
m_maxDistance
i:7
m_maxDistance
i:8
m_maxDistance
i:9
m_maxDistance
i:10
m_maxDistance
i:11
m_maxDistance
i:12
m_maxDistance
i:13
m_maxDistance
i:14
m_maxDistance
i:15
m_maxDistance
i:16
m_maxDistance
i:17
m_maxDistance
i:18
m_maxDistance
i:19
m_maxDistance
a:26
IsZoneGenerated
biomeArea
a:27
IsZoneGenerated
biomeArea
a:28
IsZoneGenerated
biomeArea
a:29
IsZoneGenerated
i:0
m_maxDistance
i:1
m_maxDistance
i:2
m_maxDistance
i:3
m_maxDistance
i:4
m_maxDistance
i:5
m_maxDistance
i:6
m_maxDistance
i:7
m_maxDistance
i:8
m_maxDistance
i:9
m_maxDistance
i:10
m_maxDistance
i:11
m_maxDistance
i:12
m_maxDistance
i:13
m_maxDistance
i:14
m_maxDistance
i:15
m_maxDistance
i:16
m_maxDistance
i:17
m_maxDistance
i:18
m_maxDistance
i:19
m_maxDistance
a:30
IsZoneGenerated
biomeArea
a:31
IsZoneGenerated
i:0
altitude
i:1
altitude
i:2
altitude
i:3
altitude
i:4
altitude
i:5
altitude
i:6
altitude
i:7
altitude
i:8
altitude
i:9
altitude
i:10
altitude
i:11
altitude
i:12
altitude
i:13
altitude
i:14
altitude
i:15
altitude
i:16
altitude
i:17
altitude
i:18
altitude
i:19
altitude
a:32
IsZoneGenerated
biomeArea
a:33
IsZoneGenerated
biomeArea
a:34
IsZoneGenerated
i:0
m_maxDistance
i:1
m_maxDistance
i:2
m_maxDistance
i:3
m_maxDistance
i:4
m_maxDistance
i:5
m_maxDistance
i:6
m_maxDistance
i:7
m_maxDistance
i:8
m_maxDistance
i:9
m_maxDistance
i:10
m_maxDistance
i:11
m_maxDistance
i:12
m_maxDistance
i:13
m_maxDistance
i:14
m_maxDistance
i:15
m_maxDistance
i:16
m_maxDistance
i:17
m_maxDistance
i:18
m_maxDistance
i:19
m_maxDistance
a:35
IsZoneGenerated
biomeArea
a:36
IsZoneGenerated
biomeArea
a:37
IsZoneGenerated
biomeArea
a:38
IsZoneGenerated
i:0
m_biome
i:1
m_biome
i:2
m_biome
i:3
m_biome
i:4
m_biome
i:5
m_biome
i:6
m_biome
i:7
m_biome
i:8
m_biome
i:9
m_biome
i:10
m_biome
i:11
m_biome
i:12
m_biome
i:13
m_biome
i:14
m_biome
i:15
m_biome
i:16
m_biome
i:17
m_biome
i:18
m_biome
i:19
m_biome
a:39
IsZoneGenerated
biomeArea
a:40
IsZoneGenerated
i:0
m_biome
i:1
m_biome
i:2
m_biome
i:3
m_biome
i:4
m_biome
i:5
m_biome
i:6
m_biome
i:7
m_biome
i:8
m_biome
i:9
m_biome
i:10
m_biome
i:11
m_biome
i:12
m_biome
i:13
m_biome
i:14
m_biome
i:15
m_biome
i:16
m_biome
i:17
m_biome
i:18
m_biome
i:19
m_biome
a:41
IsZoneGenerated
i:0
m_maxDistance
i:1
m_maxDistance
i:2
m_maxDistance
i:3
m_maxDistance
i:4
m_maxDistance
i:5
m_maxDistance
i:6
m_maxDistance
i:7
m_maxDistance
i:8
m_maxDistance
i:9
m_maxDistance
i:10
m_maxDistance
i:11
m_maxDistance
i:12
m_maxDistance
i:13
m_maxDistance
i:14
m_maxDistance
i:15
m_maxDistance
i:16
m_maxDistance
i:17
m_maxDistance
i:18
m_maxDistance
i:19
m_maxDistance
a:42
IsZoneGenerated
biomeArea
a:43
IsZoneGenerated
biomeArea
a:44
IsZoneGenerated
biomeArea
a:45
IsZoneGenerated
i:0
m_maxDistance
i:1
m_maxDistance
i:2
m_maxDistance
i:3
m_maxDistance
i:4
m_maxDistance
i:5
m_maxDistance
i:6
m_maxDistance
i:7
m_maxDistance
i:8
m_maxDistance
i:9
m_maxDistance
i:10
m_maxDistance
i:11
m_maxDistance
i:12
m_maxDistance
i:13
m_maxDistance
i:14
m_maxDistance
i:15
m_maxDistance
i:16
m_maxDistance
i:17
m_maxDistance
i:18
m_maxDistance
i:19
m_maxDistance
a:46
IsZoneGenerated
i:0
m_biome
i:1
m_biome
i:2
m_biome
i:3
m_biome
i:4
m_biome
i:5
m_biome
i:6
m_biome
i:7
m_biome
i:8
m_biome
i:9
m_biome
i:10
m_biome
i:11
m_biome
i:12
m_biome
i:13
m_biome
i:14
m_biome
i:15
m_biome
i:16
m_biome
i:17
m_biome
i:18
m_biome
i:19
m_biome
a:47
IsZoneGenerated
biomeArea
a:48
IsZoneGenerated
biomeArea
a:49
IsZoneGenerated
i:0
m_maxDistance
i:1
m_maxDistance
i:2
m_maxDistance
i:3
m_maxDistance
i:4
m_maxDistance
i:5
m_maxDistance
i:6
m_maxDistance
i:7
m_maxDistance
i:8
m_maxDistance
i:9
m_maxDistance
i:10
m_maxDistance
i:11
m_maxDistance
i:12
m_maxDistance
i:13
m_maxDistance
i:14
m_maxDistance
i:15
m_maxDistance
i:16
m_maxDistance
i:17
m_maxDistance
i:18
m_maxDistance
i:19
m_maxDistance
a:50
IsZoneGenerated
biomeArea
a:51
IsZoneGenerated
i:0
m_minDistance
i:1
m_minDistance
i:2
m_minDistance
i:3
m_minDistance
i:4
m_minDistance
i:5
m_minDistance
i:6
m_minDistance
i:7
m_minDistance
i:8
m_minDistance
i:9
m_minDistance
i:10
m_minDistance
i:11
m_minDistance
i:12
m_minDistance
i:13
m_minDistance
i:14
m_minDistance
i:15
m_minDistance
i:16
m_minDistance
i:17
m_minDistance
i:18
m_minDistance
i:19
m_minDistance
a:52
IsZoneGenerated
i:0
m_biome
i:1
m_biome
i:2
m_biome
i:3
m_biome
i:4
m_biome
i:5
m_biome
i:6
m_biome
i:7
m_biome
i:8
m_biome
i:9
m_biome
i:10
m_biome
i:11
m_biome
i:12
m_biome
i:13
m_biome
i:14
m_biome
i:15
m_biome
i:16
m_biome
i:17
m_biome
i:18
m_biome
i:19
m_biome
a:53
IsZoneGenerated
i:0
m_biome
i:1
m_biome
i:2
m_biome
i:3
m_biome
i:4
m_biome
i:5
m_biome
i:6
m_biome
i:7
m_biome
i:8
m_biome
i:9
m_biome
i:10
m_biome
i:11
m_biome
i:12
m_biome
i:13
m_biome
i:14
m_biome
i:15
m_biome
i:16
m_biome
i:17
m_biome
i:18
m_biome
i:19
m_biome
a:54
IsZoneGenerated
i:0
m_maxDistance
i:1
m_maxDistance
i:2
m_maxDistance
i:3
m_maxDistance
i:4
m_maxDistance
i:5
m_maxDistance
i:6
m_maxDistance
i:7
m_maxDistance
i:8
m_maxDistance
i:9
m_maxDistance
i:10
m_maxDistance
i:11
m_maxDistance
i:12
m_maxDistance
i:13
m_maxDistance
i:14
m_maxDistance
i:15
m_maxDistance
i:16
m_maxDistance
i:17
m_maxDistance
i:18
m_maxDistance
i:19
m_maxDistance
a:55
IsZoneGenerated
i:0
m_maxDistance
i:1
m_maxDistance
i:2
m_maxDistance
i:3
m_maxDistance
i:4
m_maxDistance
i:5
m_maxDistance
i:6
m_maxDistance
i:7
m_maxDistance
i:8
m_maxDistance
i:9
m_maxDistance
i:10
m_maxDistance
i:11
m_maxDistance
i:12
m_maxDistance
i:13
m_maxDistance
i:14
m_maxDistance
i:15
m_maxDistance
i:16
m_maxDistance
i:17
m_maxDistance
i:18
m_maxDistance
i:19
m_maxDistance
a:56
IsZoneGenerated
biomeArea
a:57
IsZoneGenerated
biomeArea
a:58
IsZoneGenerated
biomeArea
a:59
IsZoneGenerated
biomeArea
a:60
IsZoneGenerated
biomeArea
a:61
IsZoneGenerated
biomeArea
a:62
IsZoneGenerated
biomeArea
a:63
IsZoneGenerated
i:0
m_biome
i:1
m_biome
i:2
m_biome
i:3
m_biome
i:4
m_biome
i:5
m_biome
i:6
m_biome
i:7
m_biome
i:8
m_biome
i:9
m_biome
i:10
m_biome
i:11
m_biome
i:12
m_biome
i:13
m_biome
i:14
m_biome
i:15
m_biome
i:16
m_biome
i:17
m_biome
i:18
m_biome
i:19
m_biome
a:64
IsZoneGenerated
biomeArea
a:65
IsZoneGenerated
biomeArea
a:66
IsZoneGenerated
i:0
m_biome
i:1
m_biome
i:2
m_biome
i:3
m_biome
i:4
m_biome
i:5
m_biome
i:6
m_biome
i:7
m_biome
i:8
m_biome
i:9
m_biome
i:10
m_biome
i:11
m_biome
i:12
m_biome
i:13
m_biome
i:14
m_biome
i:15
m_biome
i:16
m_biome
i:17
m_biome
i:18
m_biome
i:19
m_biome
a:67
IsZoneGenerated
i:0
m_maxDistance
i:1
m_maxDistance
i:2
m_maxDistance
i:3
m_maxDistance
i:4
m_maxDistance
i:5
m_maxDistance
i:6
m_maxDistance
i:7
m_maxDistance
i:8
m_maxDistance
i:9
m_maxDistance
i:10
m_maxDistance
i:11
m_maxDistance
i:12
m_maxDistance
i:13
m_maxDistance
i:14
m_maxDistance
i:15
m_maxDistance
i:16
m_maxDistance
i:17
m_maxDistance
i:18
m_maxDistance
i:19
m_maxDistance
a:68
IsZoneGenerated
biomeArea
a:69
IsZoneGenerated
i:0
m_biome
i:1
m_biome
i:2
m_biome
i:3
m_biome
i:4
m_biome
i:5
m_biome
i:6
m_biome
i:7
m_biome
i:8
m_biome
i:9
m_biome
i:10
m_biome
i:11
m_biome
i:12
m_biome
i:13
m_biome
i:14
m_biome
i:15
m_biome
i:16
m_biome
i:17
m_biome
i:18
m_biome
i:19
m_biome
a:70
IsZoneGenerated
biomeArea
a:71
IsZoneGenerated
i:0
m_maxDistance
i:1
m_maxDistance
i:2
m_maxDistance
i:3
m_maxDistance
i:4
m_maxDistance
i:5
m_maxDistance
i:6
m_maxDistance
i:7
m_maxDistance
i:8
m_maxDistance
i:9
m_maxDistance
i:10
m_maxDistance
i:11
m_maxDistance
i:12
m_maxDistance
i:13
m_maxDistance
i:14
m_maxDistance
i:15
m_maxDistance
i:16
m_maxDistance
i:17
m_maxDistance
i:18
m_maxDistance
i:19
m_maxDistance
a:72
IsZoneGenerated
i:0
terrainDelta
i:1
terrainDelta
i:2
terrainDelta
i:3
terrainDelta
i:4
terrainDelta
i:5
terrainDelta
i:6
terrainDelta
i:7
terrainDelta
i:8
terrainDelta
i:9
terrainDelta
i:10
terrainDelta
i:11
terrainDelta
i:12
terrainDelta
i:13
terrainDelta
i:14
terrainDelta
i:15
terrainDelta
i:16
terrainDelta
i:17
terrainDelta
i:18
terrainDelta
i:19
terrainDelta
a:73
IsZoneGenerated
biomeArea
a:74
IsZoneGenerated
i:0
m_biome
i:1
m_biome
i:2
m_biome
i:3
m_biome
i:4
m_biome
i:5
m_biome
i:6
m_biome
i:7
m_biome
i:8
m_biome
i:9
m_biome
i:10
m_biome
i:11
m_biome
i:12
m_biome
i:13
m_biome
i:14
m_biome
i:15
m_biome
i:16
m_biome
i:17
m_biome
i:18
m_biome
i:19
m_biome
a:75
IsZoneGenerated
i:0
m_biome
i:1
m_biome
i:2
m_biome
i:3
m_biome
i:4
m_biome
i:5
m_biome
i:6
m_biome
i:7
m_biome
i:8
m_biome
i:9
m_biome
i:10
m_biome
i:11
m_biome
i:12
m_biome
i:13
m_biome
i:14
m_biome
i:15
m_biome
i:16
m_biome
i:17
m_biome
i:18
m_biome
i:19
m_biome
a:76
IsZoneGenerated
biomeArea
a:77
IsZoneGenerated
biomeArea
a:78
IsZoneGenerated
biomeArea
a:79
IsZoneGenerated
i:0
m_biome
i:1
m_biome
i:2
m_biome
i:3
m_biome
i:4
m_biome
i:5
m_biome
i:6
m_biome
i:7
m_biome
i:8
m_biome
i:9
m_biome
i:10
m_biome
i:11
m_biome
i:12
m_biome
i:13
m_biome
i:14
m_biome
i:15
m_biome
i:16
m_biome
i:17
m_biome
i:18
m_biome
i:19
m_biome
a:80
IsZoneGenerated
biomeArea
a:81
IsZoneGenerated
biomeArea
a:82
IsZoneGenerated
biomeArea
a:83
IsZoneGenerated
i:0
m_maxDistance
i:1
m_maxDistance
i:2
m_maxDistance
i:3
m_maxDistance
i:4
m_maxDistance
i:5
m_maxDistance
i:6
m_maxDistance
i:7
m_maxDistance
i:8
m_maxDistance
i:9
m_maxDistance
i:10
m_maxDistance
i:11
m_maxDistance
i:12
m_maxDistance
i:13
m_maxDistance
i:14
m_maxDistance
i:15
m_maxDistance
i:16
m_maxDistance
i:17
m_maxDistance
i:18
m_maxDistance
i:19
m_maxDistance
a:84
IsZoneGenerated
i:0
m_maxDistance
i:1
m_maxDistance
i:2
m_maxDistance
i:3
m_maxDistance
i:4
m_maxDistance
i:5
m_maxDistance
i:6
m_maxDistance
i:7
m_maxDistance
i:8
m_maxDistance
i:9
m_maxDistance
i:10
m_maxDistance
i:11
m_maxDistance
i:12
m_maxDistance
i:13
m_maxDistance
i:14
m_maxDistance
i:15
m_maxDistance
i:16
m_maxDistance
i:17
m_maxDistance
i:18
m_maxDistance
i:19
m_maxDistance
a:85
IsZoneGenerated
i:0
m_biome
i:1
m_biome
i:2
m_biome
i:3
m_biome
i:4
m_biome
i:5
m_biome
i:6
m_biome
i:7
m_biome
i:8
m_biome
i:9
m_biome
i:10
m_biome
i:11
m_biome
i:12
m_biome
i:13
m_biome
i:14
m_biome
i:15
m_biome
i:16
m_biome
i:17
m_biome
i:18
m_biome
i:19
m_biome
a:86
IsZoneGenerated
i:0
m_maxDistance
i:1
m_maxDistance
i:2
m_maxDistance
i:3
m_maxDistance
i:4
m_maxDistance
i:5
m_maxDistance
i:6
m_maxDistance
i:7
m_maxDistance
i:8
m_maxDistance
i:9
m_maxDistance
i:10
m_maxDistance
i:11
m_maxDistance
i:12
m_maxDistance
i:13
m_maxDistance
i:14
m_maxDistance
i:15
m_maxDistance
i:16
m_maxDistance
i:17
m_maxDistance
i:18
m_maxDistance
i:19
m_maxDistance
a:87
IsZoneGenerated
i:0
m_maxDistance
i:1
m_maxDistance
i:2
m_maxDistance
i:3
m_maxDistance
i:4
m_maxDistance
i:5
m_maxDistance
i:6
m_maxDistance
i:7
m_maxDistance
i:8
m_maxDistance
i:9
m_maxDistance
i:10
m_maxDistance
i:11
m_maxDistance
i:12
m_maxDistance
i:13
m_maxDistance
i:14
m_maxDistance
i:15
m_maxDistance
i:16
m_maxDistance
i:17
m_maxDistance
i:18
m_maxDistance
i:19
m_maxDistance
a:88
IsZoneGenerated
biomeArea
a:89
IsZoneGenerated
i:0
m_maxDistance
i:1
m_maxDistance
i:2
m_maxDistance
i:3
m_maxDistance
i:4
m_maxDistance
i:5
m_maxDistance
i:6
m_maxDistance
i:7
m_maxDistance
i:8
m_maxDistance
i:9
m_maxDistance
i:10
m_maxDistance
i:11
m_maxDistance
i:12
m_maxDistance
i:13
m_maxDistance
i:14
m_maxDistance
i:15
m_maxDistance
i:16
m_maxDistance
i:17
m_maxDistance
i:18
m_maxDistance
i:19
m_maxDistance
a:90
IsZoneGenerated
biomeArea
a:91
IsZoneGenerated
biomeArea
a:92
IsZoneGenerated
biomeArea
a:93
IsZoneGenerated
i:0
m_maxDistance
i:1
m_maxDistance
i:2
m_maxDistance
i:3
m_maxDistance
i:4
m_maxDistance
i:5
m_maxDistance
i:6
m_maxDistance
i:7
m_maxDistance
i:8
m_maxDistance
i:9
m_maxDistance
i:10
m_maxDistance
i:11
m_maxDistance
i:12
m_maxDistance
i:13
m_maxDistance
i:14
m_maxDistance
i:15
m_maxDistance
i:16
m_maxDistance
i:17
m_maxDistance
i:18
m_maxDistance
i:19
m_maxDistance
a:94
IsZoneGenerated
biomeArea
a:95
IsZoneGenerated
i:0
m_maxDistance
i:1
m_maxDistance
i:2
m_maxDistance
i:3
m_maxDistance
i:4
m_maxDistance
i:5
m_maxDistance
i:6
m_maxDistance
i:7
m_maxDistance
i:8
m_maxDistance
i:9
m_maxDistance
i:10
m_maxDistance
i:11
m_maxDistance
i:12
m_maxDistance
i:13
m_maxDistance
i:14
m_maxDistance
i:15
m_maxDistance
i:16
m_maxDistance
i:17
m_maxDistance
i:18
m_maxDistance
i:19
m_maxDistance
a:96
IsZoneGenerated
biomeArea
a:97
IsZoneGenerated
i:0
m_biome
i:1
m_biome
i:2
m_biome
i:3
m_biome
i:4
m_biome
i:5
m_biome
i:6
m_biome
i:7
m_biome
i:8
m_biome
i:9
m_biome
i:10
m_biome
i:11
m_biome
i:12
m_biome
i:13
m_biome
i:14
m_biome
i:15
m_biome
i:16
m_biome
i:17
m_biome
i:18
m_biome
i:19
m_biome
a:98
IsZoneGenerated
i:0
m_biome
i:1
m_biome
i:2
m_biome
i:3
m_biome
i:4
m_biome
i:5
m_biome
i:6
m_biome
i:7
m_biome
i:8
m_biome
i:9
m_biome
i:10
m_biome
i:11
m_biome
i:12
m_biome
i:13
m_biome
i:14
m_biome
i:15
m_biome
i:16
m_biome
i:17
m_biome
i:18
m_biome
i:19
m_biome
a:99
IsZoneGenerated
biomeArea
a:100
IsZoneGenerated
i:0
m_maxDistance
i:1
m_maxDistance
i:2
m_maxDistance
i:3
m_maxDistance
i:4
m_maxDistance
i:5
m_maxDistance
i:6
m_maxDistance
i:7
m_maxDistance
i:8
m_maxDistance
i:9
m_maxDistance
i:10
m_maxDistance
i:11
m_maxDistance
i:12
m_maxDistance
i:13
m_maxDistance
i:14
m_maxDistance
i:15
m_maxDistance
i:16
m_maxDistance
i:17
m_maxDistance
i:18
m_maxDistance
i:19
m_maxDistance
a:101
IsZoneGenerated
biomeArea
a:102
IsZoneGenerated
biomeArea
a:103
IsZoneGenerated
i:0
m_biome
i:1
m_biome
i:2
m_biome
i:3
m_biome
i:4
m_biome
i:5
m_biome
i:6
m_biome
i:7
m_biome
i:8
m_biome
i:9
m_biome
i:10
m_biome
i:11
m_biome
i:12
m_biome
i:13
m_biome
i:14
m_biome
i:15
m_biome
i:16
m_biome
i:17
m_biome
i:18
m_biome
i:19
m_biome
a:104
IsZoneGenerated
i:0
altitude
i:1
altitude
i:2
altitude
i:3
altitude
i:4
altitude
i:5
altitude
i:6
altitude
i:7
altitude
i:8
altitude
i:9
altitude
i:10
altitude
i:11
altitude
i:12
altitude
i:13
altitude
i:14
altitude
i:15
altitude
i:16
altitude
i:17
altitude
i:18
altitude
i:19
altitude
a:105
IsZoneGenerated
i:0
m_maxDistance
i:1
m_maxDistance
i:2
m_maxDistance
i:3
m_maxDistance
i:4
m_maxDistance
i:5
m_maxDistance
i:6
m_maxDistance
i:7
m_maxDistance
i:8
m_maxDistance
i:9
m_maxDistance
i:10
m_maxDistance
i:11
m_maxDistance
i:12
m_maxDistance
i:13
m_maxDistance
i:14
m_maxDistance
i:15
m_maxDistance
i:16
m_maxDistance
i:17
m_maxDistance
i:18
m_maxDistance
i:19
m_maxDistance
a:106
IsZoneGenerated
biomeArea
a:107
IsZoneGenerated
biomeArea
a:108
IsZoneGenerated
i:0
m_maxDistance
i:1
m_maxDistance
i:2
m_maxDistance
i:3
m_maxDistance
i:4
m_maxDistance
i:5
m_maxDistance
i:6
m_maxDistance
i:7
m_maxDistance
i:8
m_maxDistance
i:9
m_maxDistance
i:10
m_maxDistance
i:11
m_maxDistance
i:12
m_maxDistance
i:13
m_maxDistance
i:14
m_maxDistance
i:15
m_maxDistance
i:16
m_maxDistance
i:17
m_maxDistance
i:18
m_maxDistance
i:19
m_maxDistance
a:109
IsZoneGenerated
i:0
m_biome
i:1
m_biome
i:2
m_biome
i:3
m_biome
i:4
m_biome
i:5
m_biome
i:6
m_biome
i:7
m_biome
i:8
m_biome
i:9
m_biome
i:10
m_biome
i:11
m_biome
i:12
m_biome
i:13
m_biome
i:14
m_biome
i:15
m_biome
i:16
m_biome
i:17
m_biome
i:18
m_biome
i:19
m_biome
a:110
IsZoneGenerated
biomeArea
a:111
IsZoneGenerated
biomeArea
a:112
IsZoneGenerated
i:0
m_maxDistance
i:1
m_maxDistance
i:2
m_maxDistance
i:3
m_maxDistance
i:4
m_maxDistance
i:5
m_maxDistance
i:6
m_maxDistance
i:7
m_maxDistance
i:8
m_maxDistance
i:9
m_maxDistance
i:10
m_maxDistance
i:11
m_maxDistance
i:12
m_maxDistance
i:13
m_maxDistance
i:14
m_maxDistance
i:15
m_maxDistance
i:16
m_maxDistance
i:17
m_maxDistance
i:18
m_maxDistance
i:19
m_maxDistance
a:113
IsZoneGenerated
i:0
m_maxDistance
i:1
m_maxDistance
i:2
m_maxDistance
i:3
m_maxDistance
i:4
m_maxDistance
i:5
m_maxDistance
i:6
m_maxDistance
i:7
m_maxDistance
i:8
m_maxDistance
i:9
m_maxDistance
i:10
m_maxDistance
i:11
m_maxDistance
i:12
m_maxDistance
i:13
m_maxDistance
i:14
m_maxDistance
i:15
m_maxDistance
i:16
m_maxDistance
i:17
m_maxDistance
i:18
m_maxDistance
i:19
m_maxDistance
a:114
IsZoneGenerated
i:0
m_maxDistance
i:1
m_maxDistance
i:2
m_maxDistance
i:3
m_maxDistance
i:4
m_maxDistance
i:5
m_maxDistance
i:6
m_maxDistance
i:7
m_maxDistance
i:8
m_maxDistance
i:9
m_maxDistance
i:10
m_maxDistance
i:11
m_maxDistance
i:12
m_maxDistance
i:13
m_maxDistance
i:14
m_maxDistance
i:15
m_maxDistance
i:16
m_maxDistance
i:17
m_maxDistance
i:18
m_maxDistance
i:19
m_maxDistance
a:115
IsZoneGenerated
biomeArea
a:116
IsZoneGenerated
biomeArea
a:117
IsZoneGenerated
i:0
m_maxDistance
i:1
m_maxDistance
i:2
m_maxDistance
i:3
m_maxDistance
i:4
m_maxDistance
i:5
m_maxDistance
i:6
m_maxDistance
i:7
m_maxDistance
i:8
m_maxDistance
i:9
m_maxDistance
i:10
m_maxDistance
i:11
m_maxDistance
i:12
m_maxDistance
i:13
m_maxDistance
i:14
m_maxDistance
i:15
m_maxDistance
i:16
m_maxDistance
i:17
m_maxDistance
i:18
m_maxDistance
i:19
m_maxDistance
a:118
IsZoneGenerated
biomeArea
a:119
IsZoneGenerated
biomeArea
a:120
IsZoneGenerated
biomeArea
a:121
IsZoneGenerated
i:0
m_maxDistance
i:1
m_maxDistance
i:2
m_maxDistance
i:3
m_maxDistance
i:4
m_maxDistance
i:5
m_maxDistance
i:6
m_maxDistance
i:7
m_maxDistance
i:8
m_maxDistance
i:9
m_maxDistance
i:10
m_maxDistance
i:11
m_maxDistance
i:12
m_maxDistance
i:13
m_maxDistance
i:14
m_maxDistance
i:15
m_maxDistance
i:16
m_maxDistance
i:17
m_maxDistance
i:18
m_maxDistance
i:19
m_maxDistance
a:122
IsZoneGenerated
biomeArea
a:123
IsZoneGenerated
i:0
m_maxDistance
i:1
m_maxDistance
i:2
m_maxDistance
i:3
m_maxDistance
i:4
m_maxDistance
i:5
m_maxDistance
i:6
m_maxDistance
i:7
m_maxDistance
i:8
m_maxDistance
i:9
m_maxDistance
i:10
m_maxDistance
i:11
m_maxDistance
i:12
m_maxDistance
i:13
m_maxDistance
i:14
m_maxDistance
i:15
m_maxDistance
i:16
m_maxDistance
i:17
m_maxDistance
i:18
m_maxDistance
i:19
m_maxDistance
a:124
IsZoneGenerated
biomeArea
a:125
IsZoneGenerated
i:0
m_biome
i:1
m_biome
i:2
m_biome
i:3
m_biome
i:4
m_biome
i:5
m_biome
i:6
m_biome
i:7
m_biome
i:8
m_biome
i:9
m_biome
i:10
m_biome
i:11
m_biome
i:12
m_biome
i:13
m_biome
i:14
m_biome
i:15
m_biome
i:16
m_biome
i:17
m_biome
i:18
m_biome
i:19
m_biome
a:126
IsZoneGenerated
biomeArea
a:127
IsZoneGenerated
biomeArea
a:128
IsZoneGenerated
biomeArea
a:129
IsZoneGenerated
i:0
m_maxDistance
i:1
m_maxDistance
i:2
m_maxDistance
i:3
m_maxDistance
i:4
m_maxDistance
i:5
m_maxDistance
i:6
m_maxDistance
i:7
m_maxDistance
i:8
m_maxDistance
i:9
m_maxDistance
i:10
m_maxDistance
i:11
m_maxDistance
i:12
m_maxDistance
i:13
m_maxDistance
i:14
m_maxDistance
i:15
m_maxDistance
i:16
m_maxDistance
i:17
m_maxDistance
i:18
m_maxDistance
i:19
m_maxDistance
a:130
IsZoneGenerated
i:0
m_maxDistance
i:1
m_maxDistance
i:2
m_maxDistance
i:3
m_maxDistance
i:4
m_maxDistance
i:5
m_maxDistance
i:6
m_maxDistance
i:7
m_maxDistance
i:8
m_maxDistance
i:9
m_maxDistance
i:10
m_maxDistance
i:11
m_maxDistance
i:12
m_maxDistance
i:13
m_maxDistance
i:14
m_maxDistance
i:15
m_maxDistance
i:16
m_maxDistance
i:17
m_maxDistance
i:18
m_maxDistance
i:19
m_maxDistance
a:131
IsZoneGenerated
biomeArea
a:132
IsZoneGenerated
i:0
m_maxDistance
i:1
m_maxDistance
i:2
m_maxDistance
i:3
m_maxDistance
i:4
m_maxDistance
i:5
m_maxDistance
i:6
m_maxDistance
i:7
m_maxDistance
i:8
m_maxDistance
i:9
m_maxDistance
i:10
m_maxDistance
i:11
m_maxDistance
i:12
m_maxDistance
i:13
m_maxDistance
i:14
m_maxDistance
i:15
m_maxDistance
i:16
m_maxDistance
i:17
m_maxDistance
i:18
m_maxDistance
i:19
m_maxDistance
a:133
IsZoneGenerated
i:0
m_maxDistance
i:1
m_maxDistance
i:2
m_maxDistance
i:3
m_maxDistance
i:4
m_maxDistance
i:5
m_maxDistance
i:6
m_maxDistance
i:7
m_maxDistance
i:8
m_maxDistance
i:9
m_maxDistance
i:10
m_maxDistance
i:11
m_maxDistance
i:12
m_maxDistance
i:13
m_maxDistance
i:14
m_maxDistance
i:15
m_maxDistance
i:16
m_maxDistance
i:17
m_maxDistance
i:18
m_maxDistance
i:19
m_maxDistance
a:134
IsZoneGenerated
i:0
m_maxDistance
i:1
m_maxDistance
i:2
m_maxDistance
i:3
m_maxDistance
i:4
m_maxDistance
i:5
m_maxDistance
i:6
m_maxDistance
i:7
m_maxDistance
i:8
m_maxDistance
i:9
m_maxDistance
i:10
m_maxDistance
i:11
m_maxDistance
i:12
m_maxDistance
i:13
m_maxDistance
i:14
m_maxDistance
i:15
m_maxDistance
i:16
m_maxDistance
i:17
m_maxDistance
i:18
m_maxDistance
i:19
m_maxDistance
a:135
IsZoneGenerated
biomeArea
a:136
IsZoneGenerated
i:0
m_biome
i:1
m_biome
i:2
m_biome
i:3
m_biome
i:4
m_biome
i:5
m_biome
i:6
m_biome
i:7
m_biome
i:8
m_biome
i:9
m_biome
i:10
m_biome
i:11
m_biome
i:12
m_biome
i:13
m_biome
i:14
m_biome
i:15
m_biome
i:16
m_biome
i:17
m_biome
i:18
m_biome
i:19
m_biome
a:137
IsZoneGenerated
i:0
m_maxDistance
i:1
m_maxDistance
i:2
m_maxDistance
i:3
m_maxDistance
i:4
m_maxDistance
i:5
m_maxDistance
i:6
m_maxDistance
i:7
m_maxDistance
i:8
m_maxDistance
i:9
m_maxDistance
i:10
m_maxDistance
i:11
m_maxDistance
i:12
m_maxDistance
i:13
m_maxDistance
i:14
m_maxDistance
i:15
m_maxDistance
i:16
m_maxDistance
i:17
m_maxDistance
i:18
m_maxDistance
i:19
m_maxDistance
a:138
IsZoneGenerated
i:0
m_biome
i:1
m_biome
i:2
m_biome
i:3
m_biome
i:4
m_biome
i:5
m_biome
i:6
m_biome
i:7
m_biome
i:8
m_biome
i:9
m_biome
i:10
m_biome
i:11
m_biome
i:12
m_biome
i:13
m_biome
i:14
m_biome
i:15
m_biome
i:16
m_biome
i:17
m_biome
i:18
m_biome
i:19
m_biome
a:139
IsZoneGenerated
biomeArea
a:140
IsZoneGenerated
biomeArea
a:141
IsZoneGenerated
i:0
register
a:142
IsZoneGenerated
biomeArea
a:143
IsZoneGenerated
i:0
m_maxDistance
i:1
m_maxDistance
i:2
m_maxDistance
i:3
m_maxDistance
i:4
m_maxDistance
i:5
m_maxDistance
i:6
m_maxDistance
i:7
m_maxDistance
i:8
m_maxDistance
i:9
m_maxDistance
i:10
m_maxDistance
i:11
m_maxDistance
i:12
m_maxDistance
i:13
m_maxDistance
i:14
m_maxDistance
i:15
m_maxDistance
i:16
m_maxDistance
i:17
m_maxDistance
i:18
m_maxDistance
i:19
m_maxDistance
a:144
IsZoneGenerated
biomeArea
a:145
IsZoneGenerated
i:0
m_minDistance
i:1
m_minDistance
i:2
m_minDistance
i:3
m_minDistance
i:4
m_minDistance
i:5
m_minDistance
i:6
m_minDistance
i:7
m_minDistance
i:8
m_minDistance
i:9
m_minDistance
i:10
m_minDistance
i:11
m_minDistance
i:12
m_minDistance
i:13
m_minDistance
i:14
m_minDistance
i:15
m_minDistance
i:16
m_minDistance
i:17
m_minDistance
i:18
m_minDistance
i:19
m_minDistance
a:146
IsZoneGenerated
i:0
m_maxDistance
i:1
m_maxDistance
i:2
m_maxDistance
i:3
m_maxDistance
i:4
m_maxDistance
i:5
m_maxDistance
i:6
m_maxDistance
i:7
m_maxDistance
i:8
m_maxDistance
i:9
m_maxDistance
i:10
m_maxDistance
i:11
m_maxDistance
i:12
m_maxDistance
i:13
m_maxDistance
i:14
m_maxDistance
i:15
m_maxDistance
i:16
m_maxDistance
i:17
m_maxDistance
i:18
m_maxDistance
i:19
m_maxDistance
a:147
IsZoneGenerated
i:0
m_maxDistance
i:1
m_maxDistance
i:2
m_maxDistance
i:3
m_maxDistance
i:4
m_maxDistance
i:5
m_maxDistance
i:6
m_maxDistance
i:7
m_maxDistance
i:8
m_maxDistance
i:9
m_maxDistance
i:10
m_maxDistance
i:11
m_maxDistance
i:12
m_maxDistance
i:13
m_maxDistance
i:14
m_maxDistance
i:15
m_maxDistance
i:16
m_maxDistance
i:17
m_maxDistance
i:18
m_maxDistance
i:19
m_maxDistance
a:148
IsZoneGenerated
i:0
m_biome
i:1
m_biome
i:2
m_biome
i:3
m_biome
i:4
m_biome
i:5
m_biome
i:6
m_biome
i:7
m_biome
i:8
m_biome
i:9
m_biome
i:10
m_biome
i:11
m_biome
i:12
m_biome
i:13
m_biome
i:14
m_biome
i:15
m_biome
i:16
m_biome
i:17
m_biome
i:18
m_biome
i:19
m_biome
a:149
IsZoneGenerated
i:0
m_biome
i:1
m_biome
i:2
m_biome
i:3
m_biome
i:4
m_biome
i:5
m_biome
i:6
m_biome
i:7
m_biome
i:8
m_biome
i:9
m_biome
i:10
m_biome
i:11
m_biome
i:12
m_biome
i:13
m_biome
i:14
m_biome
i:15
m_biome
i:16
m_biome
i:17
m_biome
i:18
m_biome
i:19
m_biome
a:150
IsZoneGenerated
biomeArea
a:151
IsZoneGenerated
biomeArea
a:152
IsZoneGenerated
i:0
m_maxDistance
i:1
m_maxDistance
i:2
m_maxDistance
i:3
m_maxDistance
i:4
m_maxDistance
i:5
m_maxDistance
i:6
m_maxDistance
i:7
m_maxDistance
i:8
m_maxDistance
i:9
m_maxDistance
i:10
m_maxDistance
i:11
m_maxDistance
i:12
m_maxDistance
i:13
m_maxDistance
i:14
m_maxDistance
i:15
m_maxDistance
i:16
m_maxDistance
i:17
m_maxDistance
i:18
m_maxDistance
i:19
m_maxDistance
a:153
IsZoneGenerated
i:0
m_maxDistance
i:1
m_maxDistance
i:2
m_maxDistance
i:3
m_maxDistance
i:4
m_maxDistance
i:5
m_maxDistance
i:6
m_maxDistance
i:7
m_maxDistance
i:8
m_maxDistance
i:9
m_maxDistance
i:10
m_maxDistance
i:11
m_maxDistance
i:12
m_maxDistance
i:13
m_maxDistance
i:14
m_maxDistance
i:15
m_maxDistance
i:16
m_maxDistance
i:17
m_maxDistance
i:18
m_maxDistance
i:19
m_maxDistance
a:154
IsZoneGenerated
biomeArea
a:155
IsZoneGenerated
biomeArea
a:156
IsZoneGenerated
i:0
m_maxDistance
i:1
m_maxDistance
i:2
m_maxDistance
i:3
m_maxDistance
i:4
m_maxDistance
i:5
m_maxDistance
i:6
m_maxDistance
i:7
m_maxDistance
i:8
m_maxDistance
i:9
m_maxDistance
i:10
m_maxDistance
i:11
m_maxDistance
i:12
m_maxDistance
i:13
m_maxDistance
i:14
m_maxDistance
i:15
m_maxDistance
i:16
m_maxDistance
i:17
m_maxDistance
i:18
m_maxDistance
i:19
m_maxDistance
a:157
IsZoneGenerated
i:0
m_maxDistance
i:1
m_maxDistance
i:2
m_maxDistance
i:3
m_maxDistance
i:4
m_maxDistance
i:5
m_maxDistance
i:6
m_maxDistance
i:7
m_maxDistance
i:8
m_maxDistance
i:9
m_maxDistance
i:10
m_maxDistance
i:11
m_maxDistance
i:12
m_maxDistance
i:13
m_maxDistance
i:14
m_maxDistance
i:15
m_maxDistance
i:16
m_maxDistance
i:17
m_maxDistance
i:18
m_maxDistance
i:19
m_maxDistance
a:158
IsZoneGenerated
biomeArea
a:159
IsZoneGenerated
biomeArea
a:160
IsZoneGenerated
biomeArea
a:161
IsZoneGenerated
biomeArea
a:162
IsZoneGenerated
biomeArea
a:163
IsZoneGenerated
i:0
m_maxDistance
i:1
m_maxDistance
i:2
m_maxDistance
i:3
m_maxDistance
i:4
m_maxDistance
i:5
m_maxDistance
i:6
m_maxDistance
i:7
m_maxDistance
i:8
m_maxDistance
i:9
m_maxDistance
i:10
m_maxDistance
i:11
m_maxDistance
i:12
m_maxDistance
i:13
m_maxDistance
i:14
m_maxDistance
i:15
m_maxDistance
i:16
m_maxDistance
i:17
m_maxDistance
i:18
m_maxDistance
i:19
m_maxDistance
a:164
IsZoneGenerated
biomeArea
a:165
IsZoneGenerated
biomeArea
a:166
IsZoneGenerated
biomeArea
a:167
IsZoneGenerated
biomeArea
a:168
IsZoneGenerated
biomeArea
a:169
IsZoneGenerated
biomeArea
a:170
IsZoneGenerated
i:0
m_biome
i:1
m_biome
i:2
m_biome
i:3
m_biome
i:4
m_biome
i:5
m_biome
i:6
m_biome
i:7
m_biome
i:8
m_biome
i:9
m_biome
i:10
m_biome
i:11
m_biome
i:12
m_biome
i:13
m_biome
i:14
m_biome
i:15
m_biome
i:16
m_biome
i:17
m_biome
i:18
m_biome
i:19
m_biome
a:171
IsZoneGenerated
i:0
m_maxDistance
i:1
m_maxDistance
i:2
m_maxDistance
i:3
m_maxDistance
i:4
m_maxDistance
i:5
m_maxDistance
i:6
m_maxDistance
i:7
m_maxDistance
i:8
m_maxDistance
i:9
m_maxDistance
i:10
m_maxDistance
i:11
m_maxDistance
i:12
m_maxDistance
i:13
m_maxDistance
i:14
m_maxDistance
i:15
m_maxDistance
i:16
m_maxDistance
i:17
m_maxDistance
i:18
m_maxDistance
i:19
m_maxDistance
a:172
IsZoneGenerated
i:0
m_maxDistance
i:1
m_maxDistance
i:2
m_maxDistance
i:3
m_maxDistance
i:4
m_maxDistance
i:5
m_maxDistance
i:6
m_maxDistance
i:7
m_maxDistance
i:8
m_maxDistance
i:9
m_maxDistance
i:10
m_maxDistance
i:11
m_maxDistance
i:12
m_maxDistance
i:13
m_maxDistance
i:14
m_maxDistance
i:15
m_maxDistance
i:16
m_maxDistance
i:17
m_maxDistance
i:18
m_maxDistance
i:19
m_maxDistance
a:173
IsZoneGenerated
biomeArea
a:174
IsZoneGenerated
i:0
m_maxDistance
i:1
m_maxDistance
i:2
m_maxDistance
i:3
m_maxDistance
i:4
m_maxDistance
i:5
m_maxDistance
i:6
m_maxDistance
i:7
m_maxDistance
i:8
m_maxDistance
i:9
m_maxDistance
i:10
m_maxDistance
i:11
m_maxDistance
i:12
m_maxDistance
i:13
m_maxDistance
i:14
m_maxDistance
i:15
m_maxDistance
i:16
m_maxDistance
i:17
m_maxDistance
i:18
m_maxDistance
i:19
m_maxDistance
a:175
IsZoneGenerated
biomeArea
a:176
IsZoneGenerated
biomeArea
a:177
IsZoneGenerated
biomeArea
a:178
IsZoneGenerated
i:0
m_maxDistance
i:1
m_maxDistance
i:2
m_maxDistance
i:3
m_maxDistance
i:4
m_maxDistance
i:5
m_maxDistance
i:6
m_maxDistance
i:7
m_maxDistance
i:8
m_maxDistance
i:9
m_maxDistance
i:10
m_maxDistance
i:11
m_maxDistance
i:12
m_maxDistance
i:13
m_maxDistance
i:14
m_maxDistance
i:15
m_maxDistance
i:16
m_maxDistance
i:17
m_maxDistance
i:18
m_maxDistance
i:19
m_maxDistance
a:179
IsZoneGenerated
biomeArea
a:180
IsZoneGenerated
i:0
m_biome
i:1
m_biome
i:2
m_biome
i:3
m_biome
i:4
m_biome
i:5
m_biome
i:6
m_biome
i:7
m_biome
i:8
m_biome
i:9
m_biome
i:10
m_biome
i:11
m_biome
i:12
m_biome
i:13
m_biome
i:14
m_biome
i:15
m_biome
i:16
m_biome
i:17
m_biome
i:18
m_biome
i:19
m_biome
a:181
IsZoneGenerated
i:0
m_maxDistance
i:1
m_maxDistance
i:2
m_maxDistance
i:3
m_maxDistance
i:4
m_maxDistance
i:5
m_maxDistance
i:6
m_maxDistance
i:7
m_maxDistance
i:8
m_maxDistance
i:9
m_maxDistance
i:10
m_maxDistance
i:11
m_maxDistance
i:12
m_maxDistance
i:13
m_maxDistance
i:14
m_maxDistance
i:15
m_maxDistance
i:16
m_maxDistance
i:17
m_maxDistance
i:18
m_maxDistance
i:19
m_maxDistance
a:182
IsZoneGenerated
i:0
m_maxDistance
i:1
m_maxDistance
i:2
m_maxDistance
i:3
m_maxDistance
i:4
m_maxDistance
i:5
m_maxDistance
i:6
m_maxDistance
i:7
m_maxDistance
i:8
m_maxDistance
i:9
m_maxDistance
i:10
m_maxDistance
i:11
m_maxDistance
i:12
m_maxDistance
i:13
m_maxDistance
i:14
m_maxDistance
i:15
m_maxDistance
i:16
m_maxDistance
i:17
m_maxDistance
i:18
m_maxDistance
i:19
m_maxDistance
a:183
IsZoneGenerated
biomeArea
a:184
IsZoneGenerated
biomeArea
a:185
IsZoneGenerated
biomeArea
a:186
IsZoneGenerated
i:0
m_biome
i:1
m_biome
i:2
m_biome
i:3
m_biome
i:4
m_biome
i:5
m_biome
i:6
m_biome
i:7
m_biome
i:8
m_biome
i:9
m_biome
i:10
m_biome
i:11
m_biome
i:12
m_biome
i:13
m_biome
i:14
m_biome
i:15
m_biome
i:16
m_biome
i:17
m_biome
i:18
m_biome
i:19
m_biome
a:187
IsZoneGenerated
biomeArea
a:188
IsZoneGenerated
i:0
m_maxDistance
i:1
m_maxDistance
i:2
m_maxDistance
i:3
m_maxDistance
i:4
m_maxDistance
i:5
m_maxDistance
i:6
m_maxDistance
i:7
m_maxDistance
i:8
m_maxDistance
i:9
m_maxDistance
i:10
m_maxDistance
i:11
m_maxDistance
i:12
m_maxDistance
i:13
m_maxDistance
i:14
m_maxDistance
i:15
m_maxDistance
i:16
m_maxDistance
i:17
m_maxDistance
i:18
m_maxDistance
i:19
m_maxDistance
a:189
IsZoneGenerated
i:0
m_maxDistance
i:1
m_maxDistance
i:2
m_maxDistance
i:3
m_maxDistance
i:4
m_maxDistance
i:5
m_maxDistance
i:6
m_maxDistance
i:7
m_maxDistance
i:8
m_maxDistance
i:9
m_maxDistance
i:10
m_maxDistance
i:11
m_maxDistance
i:12
m_maxDistance
i:13
m_maxDistance
i:14
m_maxDistance
i:15
m_maxDistance
i:16
m_maxDistance
i:17
m_maxDistance
i:18
m_maxDistance
i:19
m_maxDistance
a:190
IsZoneGenerated
biomeArea
a:191
IsZoneGenerated
i:0
m_maxDistance
i:1
m_maxDistance
i:2
m_maxDistance
i:3
m_maxDistance
i:4
m_maxDistance
i:5
m_maxDistance
i:6
m_maxDistance
i:7
m_maxDistance
i:8
m_maxDistance
i:9
m_maxDistance
i:10
m_maxDistance
i:11
m_maxDistance
i:12
m_maxDistance
i:13
m_maxDistance
i:14
m_maxDistance
i:15
m_maxDistance
i:16
m_maxDistance
i:17
m_maxDistance
i:18
m_maxDistance
i:19
m_maxDistance
a:192
IsZoneGenerated
biomeArea
a:193
IsZoneGenerated
biomeArea
a:194
IsZoneGenerated
i:0
m_biome
i:1
m_biome
i:2
m_biome
i:3
m_biome
i:4
m_biome
i:5
m_biome
i:6
m_biome
i:7
m_biome
i:8
m_biome
i:9
m_biome
i:10
m_biome
i:11
m_biome
i:12
m_biome
i:13
m_biome
i:14
m_biome
i:15
m_biome
i:16
m_biome
i:17
m_biome
i:18
m_biome
i:19
m_biome
a:195
IsZoneGenerated
biomeArea
a:196
IsZoneGenerated
i:0
m_biome
i:1
m_biome
i:2
m_biome
i:3
m_biome
i:4
m_biome
i:5
m_biome
i:6
m_biome
i:7
m_biome
i:8
m_biome
i:9
m_biome
i:10
m_biome
i:11
m_biome
i:12
m_biome
i:13
m_biome
i:14
m_biome
i:15
m_biome
i:16
m_biome
i:17
m_biome
i:18
m_biome
i:19
m_biome
a:197
IsZoneGenerated
biomeArea
a:198
IsZoneGenerated
i:0
m_maxDistance
i:1
m_maxDistance
i:2
m_maxDistance
i:3
m_maxDistance
i:4
m_maxDistance
i:5
m_maxDistance
i:6
m_maxDistance
i:7
m_maxDistance
i:8
m_maxDistance
i:9
m_maxDistance
i:10
m_maxDistance
i:11
m_maxDistance
i:12
m_maxDistance
i:13
m_maxDistance
i:14
m_maxDistance
i:15
m_maxDistance
i:16
m_maxDistance
i:17
m_maxDistance
i:18
m_maxDistance
i:19
m_maxDistance
a:199
IsZoneGenerated
i:0
m_biome
i:1
m_biome
i:2
m_biome
i:3
m_biome
i:4
m_biome
i:5
m_biome
i:6
m_biome
i:7
m_biome
i:8
m_biome
i:9
m_biome
i:10
m_biome
i:11
m_biome
i:12
m_biome
i:13
m_biome
i:14
m_biome
i:15
m_biome
i:16
m_biome
i:17
m_biome
i:18
m_biome
i:19
m_biome
a:200
IsZoneGenerated
i:0
m_maxDistance
i:1
m_maxDistance
i:2
m_maxDistance
i:3
m_maxDistance
i:4
m_maxDistance
i:5
m_maxDistance
i:6
m_maxDistance
i:7
m_maxDistance
i:8
m_maxDistance
i:9
m_maxDistance
i:10
m_maxDistance
i:11
m_maxDistance
i:12
m_maxDistance
i:13
m_maxDistance
i:14
m_maxDistance
i:15
m_maxDistance
i:16
m_maxDistance
i:17
m_maxDistance
i:18
m_maxDistance
i:19
m_maxDistance
a:201
IsZoneGenerated
i:0
m_maxDistance
i:1
m_maxDistance
i:2
m_maxDistance
i:3
m_maxDistance
i:4
m_maxDistance
i:5
m_maxDistance
i:6
m_maxDistance
i:7
m_maxDistance
i:8
m_maxDistance
i:9
m_maxDistance
i:10
m_maxDistance
i:11
m_maxDistance
i:12
m_maxDistance
i:13
m_maxDistance
i:14
m_maxDistance
i:15
m_maxDistance
i:16
m_maxDistance
i:17
m_maxDistance
i:18
m_maxDistance
i:19
m_maxDistance
a:202
IsZoneGenerated
i:0
m_maxDistance
i:1
m_maxDistance
i:2
m_maxDistance
i:3
m_maxDistance
i:4
m_maxDistance
i:5
m_maxDistance
i:6
m_maxDistance
i:7
m_maxDistance
i:8
m_maxDistance
i:9
m_maxDistance
i:10
m_maxDistance
i:11
m_maxDistance
i:12
m_maxDistance
i:13
m_maxDistance
i:14
m_maxDistance
i:15
m_maxDistance
i:16
m_maxDistance
i:17
m_maxDistance
i:18
m_maxDistance
i:19
m_maxDistance
a:203
IsZoneGenerated
biomeArea
a:204
IsZoneGenerated
i:0
m_maxDistance
i:1
m_maxDistance
i:2
m_maxDistance
i:3
m_maxDistance
i:4
m_maxDistance
i:5
m_maxDistance
i:6
m_maxDistance
i:7
m_maxDistance
i:8
m_maxDistance
i:9
m_maxDistance
i:10
m_maxDistance
i:11
m_maxDistance
i:12
m_maxDistance
i:13
m_maxDistance
i:14
m_maxDistance
i:15
m_maxDistance
i:16
m_maxDistance
i:17
m_maxDistance
i:18
m_maxDistance
i:19
m_maxDistance
a:205
IsZoneGenerated
i:0
m_biome
i:1
m_biome
i:2
m_biome
i:3
m_biome
i:4
m_biome
i:5
m_biome
i:6
m_biome
i:7
m_biome
i:8
m_biome
i:9
m_biome
i:10
m_biome
i:11
m_biome
i:12
m_biome
i:13
m_biome
i:14
m_biome
i:15
m_biome
i:16
m_biome
i:17
m_biome
i:18
m_biome
i:19
m_biome
a:206
IsZoneGenerated
i:0
m_biome
i:1
m_biome
i:2
m_biome
i:3
m_biome
i:4
m_biome
i:5
m_biome
i:6
m_biome
i:7
m_biome
i:8
m_biome
i:9
m_biome
i:10
m_biome
i:11
m_biome
i:12
m_biome
i:13
m_biome
i:14
m_biome
i:15
m_biome
i:16
m_biome
i:17
m_biome
i:18
m_biome
i:19
m_biome
a:207
IsZoneGenerated
i:0
m_maxDistance
i:1
m_maxDistance
i:2
m_maxDistance
i:3
m_maxDistance
i:4
m_maxDistance
i:5
m_maxDistance
i:6
m_maxDistance
i:7
m_maxDistance
i:8
m_maxDistance
i:9
m_maxDistance
i:10
m_maxDistance
i:11
m_maxDistance
i:12
m_maxDistance
i:13
m_maxDistance
i:14
m_maxDistance
i:15
m_maxDistance
i:16
m_maxDistance
i:17
m_maxDistance
i:18
m_maxDistance
i:19
m_maxDistance
a:208
IsZoneGenerated
biomeArea
a:209
IsZoneGenerated
i:0
m_maxDistance
i:1
m_maxDistance
i:2
m_maxDistance
i:3
m_maxDistance
i:4
m_maxDistance
i:5
m_maxDistance
i:6
m_maxDistance
i:7
m_maxDistance
i:8
m_maxDistance
i:9
m_maxDistance
i:10
m_maxDistance
i:11
m_maxDistance
i:12
m_maxDistance
i:13
m_maxDistance
i:14
m_maxDistance
i:15
m_maxDistance
i:16
m_maxDistance
i:17
m_maxDistance
i:18
m_maxDistance
i:19
m_maxDistance
a:210
IsZoneGenerated
i:0
m_maxDistance
i:1
m_maxDistance
i:2
m_maxDistance
i:3
m_maxDistance
i:4
m_maxDistance
i:5
m_maxDistance
i:6
m_maxDistance
i:7
m_maxDistance
i:8
m_maxDistance
i:9
m_maxDistance
i:10
m_maxDistance
i:11
m_maxDistance
i:12
m_maxDistance
i:13
m_maxDistance
i:14
m_maxDistance
i:15
m_maxDistance
i:16
m_maxDistance
i:17
m_maxDistance
i:18
m_maxDistance
i:19
m_maxDistance
a:211
IsZoneGenerated
i:0
m_maxDistance
i:1
m_maxDistance
i:2
m_maxDistance
i:3
m_maxDistance
i:4
m_maxDistance
i:5
m_maxDistance
i:6
m_maxDistance
i:7
m_maxDistance
i:8
m_maxDistance
i:9
m_maxDistance
i:10
m_maxDistance
i:11
m_maxDistance
i:12
m_maxDistance
i:13
m_maxDistance
i:14
m_maxDistance
i:15
m_maxDistance
i:16
m_maxDistance
i:17
m_maxDistance
i:18
m_maxDistance
i:19
m_maxDistance
a:212
IsZoneGenerated
biomeArea
a:213
IsZoneGenerated
biomeArea
a:214
IsZoneGenerated
i:0
m_maxDistance
i:1
m_maxDistance
i:2
m_maxDistance
i:3
m_maxDistance
i:4
m_maxDistance
i:5
m_maxDistance
i:6
m_maxDistance
i:7
m_maxDistance
i:8
m_maxDistance
i:9
m_maxDistance
i:10
m_maxDistance
i:11
m_maxDistance
i:12
m_maxDistance
i:13
m_maxDistance
i:14
m_maxDistance
i:15
m_maxDistance
i:16
m_maxDistance
i:17
m_maxDistance
i:18
m_maxDistance
i:19
m_maxDistance
a:215
IsZoneGenerated
biomeArea
a:216
IsZoneGenerated
biomeArea
a:217
IsZoneGenerated
i:0
m_maxDistance
i:1
m_maxDistance
i:2
m_maxDistance
i:3
m_maxDistance
i:4
m_maxDistance
i:5
m_maxDistance
i:6
m_maxDistance
i:7
m_maxDistance
i:8
m_maxDistance
i:9
m_maxDistance
i:10
m_maxDistance
i:11
m_maxDistance
i:12
m_maxDistance
i:13
m_maxDistance
i:14
m_maxDistance
i:15
m_maxDistance
i:16
m_maxDistance
i:17
m_maxDistance
i:18
m_maxDistance
i:19
m_maxDistance
a:218
IsZoneGenerated
i:0
m_maxDistance
i:1
m_maxDistance
i:2
m_maxDistance
i:3
m_maxDistance
i:4
m_maxDistance
i:5
m_maxDistance
i:6
m_maxDistance
i:7
m_maxDistance
i:8
m_maxDistance
i:9
m_maxDistance
i:10
m_maxDistance
i:11
m_maxDistance
i:12
m_maxDistance
i:13
m_maxDistance
i:14
m_maxDistance
i:15
m_maxDistance
i:16
m_maxDistance
i:17
m_maxDistance
i:18
m_maxDistance
i:19
m_maxDistance
a:219
IsZoneGenerated
biomeArea
a:220
IsZoneGenerated
i:0
m_biome
i:1
m_biome
i:2
m_biome
i:3
m_biome
i:4
m_biome
i:5
m_biome
i:6
m_biome
i:7
m_biome
i:8
m_biome
i:9
m_biome
i:10
m_biome
i:11
m_biome
i:12
m_biome
i:13
m_biome
i:14
m_biome
i:15
m_biome
i:16
m_biome
i:17
m_biome
i:18
m_biome
i:19
m_biome
a:221
IsZoneGenerated
biomeArea
a:222
IsZoneGenerated
biomeArea
a:223
IsZoneGenerated
biomeArea
a:224
IsZoneGenerated
biomeArea
a:225
IsZoneGenerated
biomeArea
a:226
IsZoneGenerated
biomeArea
a:227
IsZoneGenerated
biomeArea
a:228
IsZoneGenerated
biomeArea
a:229
IsZoneGenerated
i:0
m_biome
i:1
m_biome
i:2
m_biome
i:3
m_biome
i:4
m_biome
i:5
m_biome
i:6
m_biome
i:7
m_biome
i:8
m_biome
i:9
m_biome
i:10
m_biome
i:11
m_biome
i:12
m_biome
i:13
m_biome
i:14
m_biome
i:15
m_biome
i:16
m_biome
i:17
m_biome
i:18
m_biome
i:19
m_biome
a:230
IsZoneGenerated
i:0
m_biome
i:1
m_biome
i:2
m_biome
i:3
m_biome
i:4
m_biome
i:5
m_biome
i:6
m_biome
i:7
m_biome
i:8
m_biome
i:9
m_biome
i:10
m_biome
i:11
m_biome
i:12
m_biome
i:13
m_biome
i:14
m_biome
i:15
m_biome
i:16
m_biome
i:17
m_biome
i:18
m_biome
i:19
m_biome
a:231
IsZoneGenerated
biomeArea
a:232
IsZoneGenerated
i:0
m_maxDistance
i:1
m_maxDistance
i:2
m_maxDistance
i:3
m_maxDistance
i:4
m_maxDistance
i:5
m_maxDistance
i:6
m_maxDistance
i:7
m_maxDistance
i:8
m_maxDistance
i:9
m_maxDistance
i:10
m_maxDistance
i:11
m_maxDistance
i:12
m_maxDistance
i:13
m_maxDistance
i:14
m_maxDistance
i:15
m_maxDistance
i:16
m_maxDistance
i:17
m_maxDistance
i:18
m_maxDistance
i:19
m_maxDistance
a:233
IsZoneGenerated
biomeArea
a:234
IsZoneGenerated
biomeArea
a:235
IsZoneGenerated
i:0
m_biome
i:1
m_biome
i:2
m_biome
i:3
m_biome
i:4
m_biome
i:5
m_biome
i:6
m_biome
i:7
m_biome
i:8
m_biome
i:9
m_biome
i:10
m_biome
i:11
m_biome
i:12
m_biome
i:13
m_biome
i:14
m_biome
i:15
m_biome
i:16
m_biome
i:17
m_biome
i:18
m_biome
i:19
m_biome
a:236
IsZoneGenerated
i:0
m_maxDistance
i:1
m_maxDistance
i:2
m_maxDistance
i:3
m_maxDistance
i:4
m_maxDistance
i:5
m_maxDistance
i:6
m_maxDistance
i:7
m_maxDistance
i:8
m_maxDistance
i:9
m_maxDistance
i:10
m_maxDistance
i:11
m_maxDistance
i:12
m_maxDistance
i:13
m_maxDistance
i:14
m_maxDistance
i:15
m_maxDistance
i:16
m_maxDistance
i:17
m_maxDistance
i:18
m_maxDistance
i:19
m_maxDistance
a:237
IsZoneGenerated
i:0
m_maxDistance
i:1
m_maxDistance
i:2
m_maxDistance
i:3
m_maxDistance
i:4
m_maxDistance
i:5
m_maxDistance
i:6
m_maxDistance
i:7
m_maxDistance
i:8
m_maxDistance
i:9
m_maxDistance
i:10
m_maxDistance
i:11
m_maxDistance
i:12
m_maxDistance
i:13
m_maxDistance
i:14
m_maxDistance
i:15
m_maxDistance
i:16
m_maxDistance
i:17
m_maxDistance
i:18
m_maxDistance
i:19
m_maxDistance
a:238
IsZoneGenerated
i:0
m_maxDistance
i:1
m_maxDistance
i:2
m_maxDistance
i:3
m_maxDistance
i:4
m_maxDistance
i:5
m_maxDistance
i:6
m_maxDistance
i:7
m_maxDistance
i:8
m_maxDistance
i:9
m_maxDistance
i:10
m_maxDistance
i:11
m_maxDistance
i:12
m_maxDistance
i:13
m_maxDistance
i:14
m_maxDistance
i:15
m_maxDistance
i:16
m_maxDistance
i:17
m_maxDistance
i:18
m_maxDistance
i:19
m_maxDistance
a:239
IsZoneGenerated
i:0
m_biome
i:1
m_biome
i:2
m_biome
i:3
m_biome
i:4
m_biome
i:5
m_biome
i:6
m_biome
i:7
m_biome
i:8
m_biome
i:9
m_biome
i:10
m_biome
i:11
m_biome
i:12
m_biome
i:13
m_biome
i:14
m_biome
i:15
m_biome
i:16
m_biome
i:17
m_biome
i:18
m_biome
i:19
m_biome
a:240
IsZoneGenerated
i:0
m_biome
i:1
m_biome
i:2
m_biome
i:3
m_biome
i:4
m_biome
i:5
m_biome
i:6
m_biome
i:7
m_biome
i:8
m_biome
i:9
m_biome
i:10
m_biome
i:11
m_biome
i:12
m_biome
i:13
m_biome
i:14
m_biome
i:15
m_biome
i:16
m_biome
i:17
m_biome
i:18
m_biome
i:19
m_biome
a:241
IsZoneGenerated
i:0
m_maxDistance
i:1
m_maxDistance
i:2
m_maxDistance
i:3
m_maxDistance
i:4
m_maxDistance
i:5
m_maxDistance
i:6
m_maxDistance
i:7
m_maxDistance
i:8
m_maxDistance
i:9
m_maxDistance
i:10
m_maxDistance
i:11
m_maxDistance
i:12
m_maxDistance
i:13
m_maxDistance
i:14
m_maxDistance
i:15
m_maxDistance
i:16
m_maxDistance
i:17
m_maxDistance
i:18
m_maxDistance
i:19
m_maxDistance
a:242
IsZoneGenerated
biomeArea
a:243
IsZoneGenerated
i:0
m_maxDistance
i:1
m_maxDistance
i:2
m_maxDistance
i:3
m_maxDistance
i:4
m_maxDistance
i:5
m_maxDistance
i:6
m_maxDistance
i:7
m_maxDistance
i:8
m_maxDistance
i:9
m_maxDistance
i:10
m_maxDistance
i:11
m_maxDistance
i:12
m_maxDistance
i:13
m_maxDistance
i:14
m_maxDistance
i:15
m_maxDistance
i:16
m_maxDistance
i:17
m_maxDistance
i:18
m_maxDistance
i:19
m_maxDistance
a:244
IsZoneGenerated
i:0
m_maxDistance
i:1
m_maxDistance
i:2
m_maxDistance
i:3
m_maxDistance
i:4
m_maxDistance
i:5
m_maxDistance
i:6
m_maxDistance
i:7
m_maxDistance
i:8
m_maxDistance
i:9
m_maxDistance
i:10
m_maxDistance
i:11
m_maxDistance
i:12
m_maxDistance
i:13
m_maxDistance
i:14
m_maxDistance
i:15
m_maxDistance
i:16
m_maxDistance
i:17
m_maxDistance
i:18
m_maxDistance
i:19
m_maxDistance
a:245
IsZoneGenerated
i:0
m_maxDistance
i:1
m_maxDistance
i:2
m_maxDistance
i:3
m_maxDistance
i:4
m_maxDistance
i:5
m_maxDistance
i:6
m_maxDistance
i:7
m_maxDistance
i:8
m_maxDistance
i:9
m_maxDistance
i:10
m_maxDistance
i:11
m_maxDistance
i:12
m_maxDistance
i:13
m_maxDistance
i:14
m_maxDistance
i:15
m_maxDistance
i:16
m_maxDistance
i:17
m_maxDistance
i:18
m_maxDistance
i:19
m_maxDistance
a:246
IsZoneGenerated
i:0
m_maxDistance
i:1
m_maxDistance
i:2
m_maxDistance
i:3
m_maxDistance
i:4
m_maxDistance
i:5
m_maxDistance
i:6
m_maxDistance
i:7
m_maxDistance
i:8
m_maxDistance
i:9
m_maxDistance
i:10
m_maxDistance
i:11
m_maxDistance
i:12
m_maxDistance
i:13
m_maxDistance
i:14
m_maxDistance
i:15
m_maxDistance
i:16
m_maxDistance
i:17
m_maxDistance
i:18
m_maxDistance
i:19
m_maxDistance
a:247
IsZoneGenerated
biomeArea
a:248
IsZoneGenerated
biomeArea
a:249
IsZoneGenerated
biomeArea
a:250
IsZoneGenerated
biomeArea
a:251
IsZoneGenerated
biomeArea
a:252
IsZoneGenerated
biomeArea
a:253
IsZoneGenerated
biomeArea
a:254
IsZoneGenerated
biomeArea
a:255
IsZoneGenerated
i:0
m_biome
i:1
m_biome
i:2
m_biome
i:3
m_biome
i:4
m_biome
i:5
m_biome
i:6
m_biome
i:7
m_biome
i:8
m_biome
i:9
m_biome
i:10
m_biome
i:11
m_biome
i:12
m_biome
i:13
m_biome
i:14
m_biome
i:15
m_biome
i:16
m_biome
i:17
m_biome
i:18
m_biome
i:19
m_biome
a:256
IsZoneGenerated
biomeArea
a:257
IsZoneGenerated
biomeArea
a:258
IsZoneGenerated
i:0
m_maxDistance
i:1
m_maxDistance
i:2
m_maxDistance
i:3
m_maxDistance
i:4
m_maxDistance
i:5
m_maxDistance
i:6
m_maxDistance
i:7
m_maxDistance
i:8
m_maxDistance
i:9
m_maxDistance
i:10
m_maxDistance
i:11
m_maxDistance
i:12
m_maxDistance
i:13
m_maxDistance
i:14
m_maxDistance
i:15
m_maxDistance
i:16
m_maxDistance
i:17
m_maxDistance
i:18
m_maxDistance
i:19
m_maxDistance
a:259
IsZoneGenerated
i:0
m_maxDistance
i:1
m_maxDistance
i:2
m_maxDistance
i:3
m_maxDistance
i:4
m_maxDistance
i:5
m_maxDistance
i:6
m_maxDistance
i:7
m_maxDistance
i:8
m_maxDistance
i:9
m_maxDistance
i:10
m_maxDistance
i:11
m_maxDistance
i:12
m_maxDistance
i:13
m_maxDistance
i:14
m_maxDistance
i:15
m_maxDistance
i:16
m_maxDistance
i:17
m_maxDistance
i:18
m_maxDistance
i:19
m_maxDistance
a:260
IsZoneGenerated
biomeArea
a:261
IsZoneGenerated
biomeArea
a:262
IsZoneGenerated
i:0
m_biome
i:1
m_biome
i:2
m_biome
i:3
m_biome
i:4
m_biome
i:5
m_biome
i:6
m_biome
i:7
m_biome
i:8
m_biome
i:9
m_biome
i:10
m_biome
i:11
m_biome
i:12
m_biome
i:13
m_biome
i:14
m_biome
i:15
m_biome
i:16
m_biome
i:17
m_biome
i:18
m_biome
i:19
m_biome
a:263
IsZoneGenerated
i:0
m_maxDistance
i:1
m_maxDistance
i:2
m_maxDistance
i:3
m_maxDistance
i:4
m_maxDistance
i:5
m_maxDistance
i:6
m_maxDistance
i:7
m_maxDistance
i:8
m_maxDistance
i:9
m_maxDistance
i:10
m_maxDistance
i:11
m_maxDistance
i:12
m_maxDistance
i:13
m_maxDistance
i:14
m_maxDistance
i:15
m_maxDistance
i:16
m_maxDistance
i:17
m_maxDistance
i:18
m_maxDistance
i:19
m_maxDistance
a:264
IsZoneGenerated
i:0
m_maxDistance
i:1
m_maxDistance
i:2
m_maxDistance
i:3
m_maxDistance
i:4
m_maxDistance
i:5
m_maxDistance
i:6
m_maxDistance
i:7
m_maxDistance
i:8
m_maxDistance
i:9
m_maxDistance
i:10
m_maxDistance
i:11
m_maxDistance
i:12
m_maxDistance
i:13
m_maxDistance
i:14
m_maxDistance
i:15
m_maxDistance
i:16
m_maxDistance
i:17
m_maxDistance
i:18
m_maxDistance
i:19
m_maxDistance
a:265
IsZoneGenerated
i:0
m_maxDistance
i:1
m_maxDistance
i:2
m_maxDistance
i:3
m_maxDistance
i:4
m_maxDistance
i:5
m_maxDistance
i:6
m_maxDistance
i:7
m_maxDistance
i:8
m_maxDistance
i:9
m_maxDistance
i:10
m_maxDistance
i:11
m_maxDistance
i:12
m_maxDistance
i:13
m_maxDistance
i:14
m_maxDistance
i:15
m_maxDistance
i:16
m_maxDistance
i:17
m_maxDistance
i:18
m_maxDistance
i:19
m_maxDistance
a:266
IsZoneGenerated
i:0
altitude
i:1
altitude
i:2
altitude
i:3
altitude
i:4
altitude
i:5
altitude
i:6
altitude
i:7
altitude
i:8
altitude
i:9
altitude
i:10
altitude
i:11
altitude
i:12
altitude
i:13
altitude
i:14
altitude
i:15
altitude
i:16
altitude
i:17
altitude
i:18
altitude
i:19
altitude
a:267
IsZoneGenerated
i:0
m_maxDistance
i:1
m_maxDistance
i:2
m_maxDistance
i:3
m_maxDistance
i:4
m_maxDistance
i:5
m_maxDistance
i:6
m_maxDistance
i:7
m_maxDistance
i:8
m_maxDistance
i:9
m_maxDistance
i:10
m_maxDistance
i:11
m_maxDistance
i:12
m_maxDistance
i:13
m_maxDistance
i:14
m_maxDistance
i:15
m_maxDistance
i:16
m_maxDistance
i:17
m_maxDistance
i:18
m_maxDistance
i:19
m_maxDistance
a:268
IsZoneGenerated
biomeArea
a:269
IsZoneGenerated
i:0
m_maxDistance
i:1
m_maxDistance
i:2
m_maxDistance
i:3
m_maxDistance
i:4
m_maxDistance
i:5
m_maxDistance
i:6
m_maxDistance
i:7
m_maxDistance
i:8
m_maxDistance
i:9
m_maxDistance
i:10
m_maxDistance
i:11
m_maxDistance
i:12
m_maxDistance
i:13
m_maxDistance
i:14
m_maxDistance
i:15
m_maxDistance
i:16
m_maxDistance
i:17
m_maxDistance
i:18
m_maxDistance
i:19
m_maxDistance
a:270
IsZoneGenerated
biomeArea
a:271
IsZoneGenerated
biomeArea
a:272
IsZoneGenerated
i:0
m_maxDistance
i:1
m_maxDistance
i:2
m_maxDistance
i:3
m_maxDistance
i:4
m_maxDistance
i:5
m_maxDistance
i:6
m_maxDistance
i:7
m_maxDistance
i:8
m_maxDistance
i:9
m_maxDistance
i:10
m_maxDistance
i:11
m_maxDistance
i:12
m_maxDistance
i:13
m_maxDistance
i:14
m_maxDistance
i:15
m_maxDistance
i:16
m_maxDistance
i:17
m_maxDistance
i:18
m_maxDistance
i:19
m_maxDistance
a:273
IsZoneGenerated
i:0
m_maxDistance
i:1
m_maxDistance
i:2
m_maxDistance
i:3
m_maxDistance
i:4
m_maxDistance
i:5
m_maxDistance
i:6
m_maxDistance
i:7
m_maxDistance
i:8
m_maxDistance
i:9
m_maxDistance
i:10
m_maxDistance
i:11
m_maxDistance
i:12
m_maxDistance
i:13
m_maxDistance
i:14
m_maxDistance
i:15
m_maxDistance
i:16
m_maxDistance
i:17
m_maxDistance
i:18
m_maxDistance
i:19
m_maxDistance
a:274
IsZoneGenerated
i:0
m_maxDistance
i:1
m_maxDistance
i:2
m_maxDistance
i:3
m_maxDistance
i:4
m_maxDistance
i:5
m_maxDistance
i:6
m_maxDistance
i:7
m_maxDistance
i:8
m_maxDistance
i:9
m_maxDistance
i:10
m_maxDistance
i:11
m_maxDistance
i:12
m_maxDistance
i:13
m_maxDistance
i:14
m_maxDistance
i:15
m_maxDistance
i:16
m_maxDistance
i:17
m_maxDistance
i:18
m_maxDistance
i:19
m_maxDistance
a:275
IsZoneGenerated
biomeArea
a:276
IsZoneGenerated
biomeArea
a:277
IsZoneGenerated
i:0
m_maxDistance
i:1
m_maxDistance
i:2
m_maxDistance
i:3
m_maxDistance
i:4
m_maxDistance
i:5
m_maxDistance
i:6
m_maxDistance
i:7
m_maxDistance
i:8
m_maxDistance
i:9
m_maxDistance
i:10
m_maxDistance
i:11
m_maxDistance
i:12
m_maxDistance
i:13
m_maxDistance
i:14
m_maxDistance
i:15
m_maxDistance
i:16
m_maxDistance
i:17
m_maxDistance
i:18
m_maxDistance
i:19
m_maxDistance
a:278
IsZoneGenerated
biomeArea
a:279
IsZoneGenerated
biomeArea
a:280
IsZoneGenerated
biomeArea
a:281
IsZoneGenerated
i:0
m_maxDistance
i:1
m_maxDistance
i:2
m_maxDistance
i:3
m_maxDistance
i:4
m_maxDistance
i:5
m_maxDistance
i:6
m_maxDistance
i:7
m_maxDistance
i:8
m_maxDistance
i:9
m_maxDistance
i:10
m_maxDistance
i:11
m_maxDistance
i:12
m_maxDistance
i:13
m_maxDistance
i:14
m_maxDistance
i:15
m_maxDistance
i:16
m_maxDistance
i:17
m_maxDistance
i:18
m_maxDistance
i:19
m_maxDistance
a:282
IsZoneGenerated
i:0
altitude
i:1
register
a:283
IsZoneGenerated
biomeArea
a:284
IsZoneGenerated
biomeArea
a:285
IsZoneGenerated
i:0
m_maxDistance
i:1
m_maxDistance
i:2
m_maxDistance
i:3
m_maxDistance
i:4
m_maxDistance
i:5
m_maxDistance
i:6
m_maxDistance
i:7
m_maxDistance
i:8
m_maxDistance
i:9
m_maxDistance
i:10
m_maxDistance
i:11
m_maxDistance
i:12
m_maxDistance
i:13
m_maxDistance
i:14
m_maxDistance
i:15
m_maxDistance
i:16
m_maxDistance
i:17
m_maxDistance
i:18
m_maxDistance
i:19
m_maxDistance
a:286
IsZoneGenerated
biomeArea
a:287
IsZoneGenerated
i:0
m_maxDistance
i:1
m_maxDistance
i:2
m_maxDistance
i:3
m_maxDistance
i:4
m_maxDistance
i:5
m_maxDistance
i:6
m_maxDistance
i:7
m_maxDistance
i:8
m_maxDistance
i:9
m_maxDistance
i:10
m_maxDistance
i:11
m_maxDistance
i:12
m_maxDistance
i:13
m_maxDistance
i:14
m_maxDistance
i:15
m_maxDistance
i:16
m_maxDistance
i:17
m_maxDistance
i:18
m_maxDistance
i:19
m_maxDistance
a:288
IsZoneGenerated
biomeArea
a:289
IsZoneGenerated
i:0
m_maxDistance
i:1
m_maxDistance
i:2
m_maxDistance
i:3
m_maxDistance
i:4
m_maxDistance
i:5
m_maxDistance
i:6
m_maxDistance
i:7
m_maxDistance
i:8
m_maxDistance
i:9
m_maxDistance
i:10
m_maxDistance
i:11
m_maxDistance
i:12
m_maxDistance
i:13
m_maxDistance
i:14
m_maxDistance
i:15
m_maxDistance
i:16
m_maxDistance
i:17
m_maxDistance
i:18
m_maxDistance
i:19
m_maxDistance
a:290
IsZoneGenerated
biomeArea
a:291
IsZoneGenerated
i:0
m_biome
i:1
m_biome
i:2
m_biome
i:3
m_biome
i:4
m_biome
i:5
m_biome
i:6
m_biome
i:7
m_biome
i:8
m_biome
i:9
m_biome
i:10
m_biome
i:11
m_biome
i:12
m_biome
i:13
m_biome
i:14
m_biome
i:15
m_biome
i:16
m_biome
i:17
m_biome
i:18
m_biome
i:19
m_biome
a:292
IsZoneGenerated
biomeArea
a:293
IsZoneGenerated
i:0
m_maxDistance
i:1
m_maxDistance
i:2
m_maxDistance
i:3
m_maxDistance
i:4
m_maxDistance
i:5
m_maxDistance
i:6
m_maxDistance
i:7
m_maxDistance
i:8
m_maxDistance
i:9
m_maxDistance
i:10
m_maxDistance
i:11
m_maxDistance
i:12
m_maxDistance
i:13
m_maxDistance
i:14
m_maxDistance
i:15
m_maxDistance
i:16
m_maxDistance
i:17
m_maxDistance
i:18
m_maxDistance
i:19
m_maxDistance
a:294
IsZoneGenerated
i:0
register