a:0
IsZoneGenerated
biomeArea
a:1
IsZoneGenerated
i:0
m_biome
i:1
m_biome
i:2
m_biome
i:3
m_biome
i:4
m_biome
i:5
m_biome
i:6
m_biome
i:7
m_biome
i:8
m_biome
i:9
m_biome
i:10
m_biome
i:11
m_biome
i:12
m_biome
i:13
m_biome
i:14
m_biome
i:15
m_biome
i:16
m_biome
i:17
m_biome
i:18
m_biome
i:19
m_biome
a:2
IsZoneGenerated
i:0
m_biome
i:1
m_biome
i:2
m_biome
i:3
m_biome
i:4
m_biome
i:5
m_biome
i:6
m_biome
i:7
m_biome
i:8
m_biome
i:9
m_biome
i:10
m_biome
i:11
m_biome
i:12
m_biome
i:13
m_biome
i:14
m_biome
i:15
m_biome
i:16
m_biome
i:17
m_biome
i:18
m_biome
i:19
m_biome
a:3
IsZoneGenerated
biomeArea
a:4
IsZoneGenerated
biomeArea
a:5
IsZoneGenerated
i:0
m_biome
i:1
m_biome
i:2
m_biome
i:3
m_biome
i:4
m_biome
i:5
m_biome
i:6
m_biome
i:7
m_biome
i:8
m_biome
i:9
m_biome
i:10
m_biome
i:11
m_biome
i:12
m_biome
i:13
m_biome
i:14
m_biome
i:15
m_biome
i:16
m_biome
i:17
m_biome
i:18
m_biome
i:19
m_biome
a:6
IsZoneGenerated
biomeArea
a:7
IsZoneGenerated
i:0
m_biome
i:1
m_biome
i:2
m_biome
i:3
m_biome
i:4
m_biome
i:5
m_biome
i:6
m_biome
i:7
m_biome
i:8
m_biome
i:9
m_biome
i:10
m_biome
i:11
m_biome
i:12
m_biome
i:13
m_biome
i:14
m_biome
i:15
m_biome
i:16
m_biome
i:17
m_biome
i:18
m_biome
i:19
m_biome
a:8
IsZoneGenerated
biomeArea
a:9
IsZoneGenerated
biomeArea
a:10
IsZoneGenerated
i:0
m_biome
i:1
m_biome
i:2
m_biome
i:3
m_biome
i:4
m_biome
i:5
m_biome
i:6
m_biome
i:7
m_biome
i:8
m_biome
i:9
m_biome
i:10
m_biome
i:11
m_biome
i:12
m_biome
i:13
m_biome
i:14
m_biome
i:15
m_biome
i:16
m_biome
i:17
m_biome
i:18
m_biome
i:19
m_biome
a:11
IsZoneGenerated
biomeArea
a:12
IsZoneGenerated
i:0
m_biome
i:1
m_biome
i:2
m_biome
i:3
m_biome
i:4
m_biome
i:5
m_biome
i:6
m_biome
i:7
m_biome
i:8
m_biome
i:9
m_biome
i:10
m_biome
i:11
m_biome
i:12
m_biome
i:13
m_biome
i:14
m_biome
i:15
m_biome
i:16
m_biome
i:17
m_biome
i:18
m_biome
i:19
m_biome
a:13
IsZoneGenerated
biomeArea
a:14
IsZoneGenerated
biomeArea
a:15
IsZoneGenerated
biomeArea
a:16
IsZoneGenerated
biomeArea
a:17
IsZoneGenerated
i:0
m_biome
i:1
m_biome
i:2
m_biome
i:3
m_biome
i:4
m_biome
i:5
m_biome
i:6
m_biome
i:7
m_biome
i:8
m_biome
i:9
m_biome
i:10
m_biome
i:11
m_biome
i:12
m_biome
i:13
m_biome
i:14
m_biome
i:15
m_biome
i:16
m_biome
i:17
m_biome
i:18
m_biome
i:19
m_biome
a:18
IsZoneGenerated
i:0
m_biome
i:1
m_biome
i:2
m_biome
i:3
m_biome
i:4
m_biome
i:5
m_biome
i:6
m_biome
i:7
m_biome
i:8
m_biome
i:9
m_biome
i:10
m_biome
i:11
m_biome
i:12
m_biome
i:13
m_biome
i:14
m_biome
i:15
m_biome
i:16
m_biome
i:17
m_biome
i:18
m_biome
i:19
m_biome
a:19
IsZoneGenerated
i:0
m_biome
i:1
m_biome
i:2
m_biome
i:3
m_biome
i:4
m_biome
i:5
m_biome
i:6
m_biome
i:7
m_biome
i:8
m_biome
i:9
m_biome
i:10
m_biome
i:11
m_biome
i:12
m_biome
i:13
m_biome
i:14
m_biome
i:15
m_biome
i:16
m_biome
i:17
m_biome
i:18
m_biome
i:19
m_biome
a:20
IsZoneGenerated
biomeArea
a:21
IsZoneGenerated
i:0
m_biome
i:1
m_biome
i:2
m_biome
i:3
m_biome
i:4
m_biome
i:5
m_biome
i:6
m_biome
i:7
m_biome
i:8
m_biome
i:9
m_biome
i:10
m_biome
i:11
m_biome
i:12
m_biome
i:13
m_biome
i:14
m_biome
i:15
m_biome
i:16
m_biome
i:17
m_biome
i:18
m_biome
i:19
m_biome
a:22
IsZoneGenerated
i:0
m_biome
i:1
m_biome
i:2
m_biome
i:3
m_biome
i:4
m_biome
i:5
m_biome
i:6
m_biome
i:7
m_biome
i:8
m_biome
i:9
m_biome
i:10
m_biome
i:11
m_biome
i:12
m_biome
i:13
m_biome
i:14
m_biome
i:15
m_biome
i:16
m_biome
i:17
m_biome
i:18
m_biome
i:19
m_biome
a:23
IsZoneGenerated
i:0
m_biome
i:1
m_biome
i:2
m_biome
i:3
m_biome
i:4
m_biome
i:5
m_biome
i:6
m_biome
i:7
m_biome
i:8
m_biome
i:9
m_biome
i:10
m_biome
i:11
m_biome
i:12
m_biome
i:13
m_biome
i:14
m_biome
i:15
m_biome
i:16
m_biome
i:17
m_biome
i:18
m_biome
i:19
m_biome
a:24
IsZoneGenerated
i:0
m_biome
i:1
m_biome
i:2
m_biome
i:3
m_biome
i:4
m_biome
i:5
m_biome
i:6
m_biome
i:7
m_biome
i:8
m_biome
i:9
m_biome
i:10
m_biome
i:11
m_biome
i:12
m_biome
i:13
m_biome
i:14
m_biome
i:15
m_biome
i:16
m_biome
i:17
m_biome
i:18
m_biome
i:19
m_biome
a:25
IsZoneGenerated
i:0
m_biome
i:1
m_biome
i:2
m_biome
i:3
m_biome
i:4
m_biome
i:5
m_biome
i:6
m_biome
i:7
m_biome
i:8
m_biome
i:9
m_biome
i:10
m_biome
i:11
m_biome
i:12
m_biome
i:13
m_biome
i:14
m_biome
i:15
m_biome
i:16
m_biome
i:17
m_biome
i:18
m_biome
i:19
m_biome
a:26
IsZoneGenerated
biomeArea
a:27
IsZoneGenerated
biomeArea
a:28
IsZoneGenerated
i:0
m_biome
i:1
m_biome
i:2
m_biome
i:3
m_biome
i:4
m_biome
i:5
m_biome
i:6
m_biome
i:7
m_biome
i:8
m_biome
i:9
m_biome
i:10
m_biome
i:11
m_biome
i:12
m_biome
i:13
m_biome
i:14
m_biome
i:15
m_biome
i:16
m_biome
i:17
m_biome
i:18
m_biome
i:19
m_biome
a:29
IsZoneGenerated
biomeArea
a:30
IsZoneGenerated
i:0
m_biome
i:1
m_biome
i:2
m_biome
i:3
m_biome
i:4
m_biome
i:5
m_biome
i:6
m_biome
i:7
m_biome
i:8
m_biome
i:9
m_biome
i:10
m_biome
i:11
m_biome
i:12
m_biome
i:13
m_biome
i:14
m_biome
i:15
m_biome
i:16
m_biome
i:17
m_biome
i:18
m_biome
i:19
m_biome
a:31
IsZoneGenerated
i:0
m_biome
i:1
m_biome
i:2
m_biome
i:3
m_biome
i:4
m_biome
i:5
m_biome
i:6
m_biome
i:7
m_biome
i:8
m_biome
i:9
m_biome
i:10
m_biome
i:11
m_biome
i:12
m_biome
i:13
m_biome
i:14
m_biome
i:15
m_biome
i:16
m_biome
i:17
m_biome
i:18
m_biome
i:19
m_biome
a:32
IsZoneGenerated
i:0
register
a:33
IsZoneGenerated
biomeArea
a:34
IsZoneGenerated
biomeArea
a:35
IsZoneGenerated
biomeArea
a:36
IsZoneGenerated
i:0
m_biome
i:1
m_biome
i:2
m_biome
i:3
m_biome
i:4
m_biome
i:5
m_biome
i:6
m_biome
i:7
m_biome
i:8
m_biome
i:9
m_biome
i:10
m_biome
i:11
m_biome
i:12
m_biome
i:13
m_biome
i:14
m_biome
i:15
m_biome
i:16
m_biome
i:17
m_biome
i:18
m_biome
i:19
m_biome
a:37
IsZoneGenerated
biomeArea
a:38
IsZoneGenerated
i:0
m_biome
i:1
m_biome
i:2
m_biome
i:3
m_biome
i:4
m_biome
i:5
m_biome
i:6
m_biome
i:7
m_biome
i:8
m_biome
i:9
m_biome
i:10
m_biome
i:11
m_biome
i:12
m_biome
i:13
m_biome
i:14
m_biome
i:15
m_biome
i:16
m_biome
i:17
m_biome
i:18
m_biome
i:19
m_biome
a:39
IsZoneGenerated
i:0
m_biome
i:1
m_biome
i:2
m_biome
i:3
m_biome
i:4
m_biome
i:5
m_biome
i:6
m_biome
i:7
m_biome
i:8
m_biome
i:9
m_biome
i:10
m_biome
i:11
m_biome
i:12
m_biome
i:13
m_biome
i:14
m_biome
i:15
m_biome
i:16
m_biome
i:17
m_biome
i:18
m_biome
i:19
m_biome
a:40
IsZoneGenerated
i:0
m_biome
i:1
m_biome
i:2
m_biome
i:3
m_biome
i:4
m_biome
i:5
m_biome
i:6
m_biome
i:7
m_biome
i:8
m_biome
i:9
m_biome
i:10
m_biome
i:11
m_biome
i:12
m_biome
i:13
m_biome
i:14
m_biome
i:15
m_biome
i:16
m_biome
i:17
m_biome
i:18
m_biome
i:19
m_biome
a:41
IsZoneGenerated
biomeArea
a:42
IsZoneGenerated
i:0
m_biome
i:1
m_biome
i:2
m_biome
i:3
m_biome
i:4
m_biome
i:5
m_biome
i:6
m_biome
i:7
m_biome
i:8
m_biome
i:9
m_biome
i:10
m_biome
i:11
m_biome
i:12
m_biome
i:13
m_biome
i:14
m_biome
i:15
m_biome
i:16
m_biome
i:17
m_biome
i:18
m_biome
i:19
m_biome
a:43
IsZoneGenerated
biomeArea
a:44
IsZoneGenerated
i:0
m_biome
i:1
m_biome
i:2
m_biome
i:3
m_biome
i:4
m_biome
i:5
m_biome
i:6
m_biome
i:7
m_biome
i:8
m_biome
i:9
m_biome
i:10
m_biome
i:11
m_biome
i:12
m_biome
i:13
m_biome
i:14
m_biome
i:15
m_biome
i:16
m_biome
i:17
m_biome
i:18
m_biome
i:19
m_biome
a:45
IsZoneGenerated
biomeArea
a:46
IsZoneGenerated
biomeArea
a:47
IsZoneGenerated
i:0
m_biome
i:1
m_biome
i:2
m_biome
i:3
m_biome
i:4
m_biome
i:5
m_biome
i:6
m_biome
i:7
m_biome
i:8
m_biome
i:9
m_biome
i:10
m_biome
i:11
m_biome
i:12
m_biome
i:13
m_biome
i:14
m_biome
i:15
m_biome
i:16
m_biome
i:17
m_biome
i:18
m_biome
i:19
m_biome
a:48
IsZoneGenerated
biomeArea
a:49
IsZoneGenerated
i:0
m_biome
i:1
m_biome
i:2
m_biome
i:3
m_biome
i:4
m_biome
i:5
m_biome
i:6
m_biome
i:7
m_biome
i:8
m_biome
i:9
m_biome
i:10
m_biome
i:11
m_biome
i:12
m_biome
i:13
m_biome
i:14
m_biome
i:15
m_biome
i:16
m_biome
i:17
m_biome
i:18
m_biome
i:19
m_biome
a:50
IsZoneGenerated
biomeArea
a:51
IsZoneGenerated
biomeArea
a:52
IsZoneGenerated
biomeArea
a:53
IsZoneGenerated
i:0
m_biome
i:1
m_biome
i:2
m_biome
i:3
m_biome
i:4
m_biome
i:5
m_biome
i:6
m_biome
i:7
m_biome
i:8
m_biome
i:9
m_biome
i:10
m_biome
i:11
m_biome
i:12
m_biome
i:13
m_biome
i:14
m_biome
i:15
m_biome
i:16
m_biome
i:17
m_biome
i:18
m_biome
i:19
m_biome
a:54
IsZoneGenerated
biomeArea
a:55
IsZoneGenerated
biomeArea
a:56
IsZoneGenerated
biomeArea
a:57
IsZoneGenerated
biomeArea
a:58
IsZoneGenerated
biomeArea
a:59
IsZoneGenerated
i:0
m_biome
i:1
m_biome
i:2
m_biome
i:3
m_biome
i:4
m_biome
i:5
m_biome
i:6
m_biome
i:7
m_biome
i:8
m_biome
i:9
m_biome
i:10
m_biome
i:11
m_biome
i:12
m_biome
i:13
m_biome
i:14
m_biome
i:15
m_biome
i:16
m_biome
i:17
m_biome
i:18
m_biome
i:19
m_biome
a:60
IsZoneGenerated
biomeArea
a:61
IsZoneGenerated
i:0
m_biome
i:1
m_biome
i:2
m_biome
i:3
m_biome
i:4
m_biome
i:5
m_biome
i:6
m_biome
i:7
m_biome
i:8
m_biome
i:9
m_biome
i:10
m_biome
i:11
m_biome
i:12
m_biome
i:13
m_biome
i:14
m_biome
i:15
m_biome
i:16
m_biome
i:17
m_biome
i:18
m_biome
i:19
m_biome
a:62
IsZoneGenerated
i:0
m_biome
i:1
m_biome
i:2
m_biome
i:3
m_biome
i:4
m_biome
i:5
m_biome
i:6
m_biome
i:7
m_biome
i:8
m_biome
i:9
m_biome
i:10
m_biome
i:11
m_biome
i:12
m_biome
i:13
m_biome
i:14
m_biome
i:15
m_biome
i:16
m_biome
i:17
m_biome
i:18
m_biome
i:19
m_biome
a:63
IsZoneGenerated
biomeArea
a:64
IsZoneGenerated
i:0
m_biome
i:1
m_biome
i:2
m_biome
i:3
m_biome
i:4
m_biome
i:5
m_biome
i:6
m_biome
i:7
m_biome
i:8
m_biome
i:9
m_biome
i:10
m_biome
i:11
m_biome
i:12
m_biome
i:13
m_biome
i:14
m_biome
i:15
m_biome
i:16
m_biome
i:17
m_biome
i:18
m_biome
i:19
m_biome
a:65
IsZoneGenerated
i:0
altitude
i:1
altitude
i:2
altitude
i:3
altitude
i:4
altitude
i:5
altitude
i:6
altitude
i:7
altitude
i:8
altitude
i:9
altitude
i:10
altitude
i:11
altitude
i:12
altitude
i:13
altitude
i:14
altitude
i:15
altitude
i:16
altitude
i:17
altitude
i:18
altitude
i:19
altitude
a:66
IsZoneGenerated
biomeArea
a:67
IsZoneGenerated
biomeArea
a:68
IsZoneGenerated
biomeArea
a:69
IsZoneGenerated
i:0
m_biome
i:1
m_biome
i:2
m_biome
i:3
m_biome
i:4
m_biome
i:5
m_biome
i:6
m_biome
i:7
m_biome
i:8
m_biome
i:9
m_biome
i:10
m_biome
i:11
m_biome
i:12
m_biome
i:13
m_biome
i:14
m_biome
i:15
m_biome
i:16
m_biome
i:17
m_biome
i:18
m_biome
i:19
m_biome
a:70
IsZoneGenerated
biomeArea
a:71
IsZoneGenerated
biomeArea
a:72
IsZoneGenerated
i:0
m_biome
i:1
m_biome
i:2
m_biome
i:3
m_biome
i:4
m_biome
i:5
m_biome
i:6
m_biome
i:7
m_biome
i:8
m_biome
i:9
m_biome
i:10
m_biome
i:11
m_biome
i:12
m_biome
i:13
m_biome
i:14
m_biome
i:15
m_biome
i:16
m_biome
i:17
m_biome
i:18
m_biome
i:19
m_biome
a:73
IsZoneGenerated
biomeArea
a:74
IsZoneGenerated
i:0
altitude
i:1
altitude
i:2
altitude
i:3
altitude
i:4
altitude
i:5
altitude
i:6
altitude
i:7
altitude
i:8
altitude
i:9
altitude
i:10
altitude
i:11
altitude
i:12
altitude
i:13
altitude
i:14
altitude
i:15
altitude
i:16
altitude
i:17
altitude
i:18
altitude
i:19
altitude
a:75
IsZoneGenerated
biomeArea
a:76
IsZoneGenerated
biomeArea
a:77
IsZoneGenerated
biomeArea
a:78
IsZoneGenerated
i:0
m_biome
i:1
m_biome
i:2
m_biome
i:3
m_biome
i:4
m_biome
i:5
m_biome
i:6
m_biome
i:7
m_biome
i:8
m_biome
i:9
m_biome
i:10
m_biome
i:11
m_biome
i:12
m_biome
i:13
m_biome
i:14
m_biome
i:15
m_biome
i:16
m_biome
i:17
m_biome
i:18
m_biome
i:19
m_biome
a:79
IsZoneGenerated
biomeArea
a:80
IsZoneGenerated
biomeArea
a:81
IsZoneGenerated
i:0
m_biome
i:1
m_biome
i:2
m_biome
i:3
m_biome
i:4
m_biome
i:5
m_biome
i:6
m_biome
i:7
m_biome
i:8
m_biome
i:9
m_biome
i:10
m_biome
i:11
m_biome
i:12
m_biome
i:13
m_biome
i:14
m_biome
i:15
m_biome
i:16
m_biome
i:17
m_biome
i:18
m_biome
i:19
m_biome
a:82
IsZoneGenerated
i:0
altitude
i:1
altitude
i:2
altitude
i:3
altitude
i:4
altitude
i:5
altitude
i:6
altitude
i:7
altitude
i:8
altitude
i:9
altitude
i:10
altitude
i:11
altitude
i:12
altitude
i:13
altitude
i:14
altitude
i:15
altitude
i:16
altitude
i:17
altitude
i:18
altitude
i:19
altitude
a:83
IsZoneGenerated
biomeArea
a:84
IsZoneGenerated
i:0
m_biome
i:1
m_biome
i:2
m_biome
i:3
m_biome
i:4
m_biome
i:5
m_biome
i:6
m_biome
i:7
m_biome
i:8
m_biome
i:9
m_biome
i:10
m_biome
i:11
m_biome
i:12
m_biome
i:13
m_biome
i:14
m_biome
i:15
m_biome
i:16
m_biome
i:17
m_biome
i:18
m_biome
i:19
m_biome
a:85
IsZoneGenerated
biomeArea
a:86
IsZoneGenerated
i:0
m_biome
i:1
m_biome
i:2
m_biome
i:3
m_biome
i:4
m_biome
i:5
m_biome
i:6
m_biome
i:7
m_biome
i:8
m_biome
i:9
m_biome
i:10
m_biome
i:11
m_biome
i:12
m_biome
i:13
m_biome
i:14
m_biome
i:15
m_biome
i:16
m_biome
i:17
m_biome
i:18
m_biome
i:19
m_biome
a:87
IsZoneGenerated
i:0
m_biome
i:1
m_biome
i:2
m_biome
i:3
m_biome
i:4
m_biome
i:5
m_biome
i:6
m_biome
i:7
m_biome
i:8
m_biome
i:9
m_biome
i:10
m_biome
i:11
m_biome
i:12
m_biome
i:13
m_biome
i:14
m_biome
i:15
m_biome
i:16
m_biome
i:17
m_biome
i:18
m_biome
i:19
m_biome
a:88
IsZoneGenerated
biomeArea
a:89
IsZoneGenerated
i:0
m_biome
i:1
m_biome
i:2
m_biome
i:3
m_biome
i:4
m_biome
i:5
m_biome
i:6
m_biome
i:7
m_biome
i:8
m_biome
i:9
m_biome
i:10
m_biome
i:11
m_biome
i:12
m_biome
i:13
m_biome
i:14
m_biome
i:15
m_biome
i:16
m_biome
i:17
m_biome
i:18
m_biome
i:19
m_biome
a:90
IsZoneGenerated
i:0
m_biome
i:1
m_biome
i:2
m_biome
i:3
m_biome
i:4
m_biome
i:5
m_biome
i:6
m_biome
i:7
m_biome
i:8
m_biome
i:9
m_biome
i:10
m_biome
i:11
m_biome
i:12
m_biome
i:13
m_biome
i:14
m_biome
i:15
m_biome
i:16
m_biome
i:17
m_biome
i:18
m_biome
i:19
m_biome
a:91
IsZoneGenerated
i:0
m_biome
i:1
m_biome
i:2
m_biome
i:3
m_biome
i:4
m_biome
i:5
m_biome
i:6
m_biome
i:7
m_biome
i:8
m_biome
i:9
m_biome
i:10
m_biome
i:11
m_biome
i:12
m_biome
i:13
m_biome
i:14
m_biome
i:15
m_biome
i:16
m_biome
i:17
m_biome
i:18
m_biome
i:19
m_biome
a:92
IsZoneGenerated
i:0
altitude
i:1
altitude
i:2
altitude
i:3
altitude
i:4
altitude
i:5
altitude
i:6
altitude
i:7
altitude
i:8
altitude
i:9
altitude
i:10
altitude
i:11
altitude
i:12
altitude
i:13
altitude
i:14
altitude
i:15
altitude
i:16
altitude
i:17
altitude
i:18
altitude
i:19
altitude
a:93
IsZoneGenerated
i:0
m_biome
i:1
m_biome
i:2
m_biome
i:3
m_biome
i:4
m_biome
i:5
m_biome
i:6
m_biome
i:7
m_biome
i:8
m_biome
i:9
m_biome
i:10
m_biome
i:11
m_biome
i:12
m_biome
i:13
m_biome
i:14
m_biome
i:15
m_biome
i:16
m_biome
i:17
m_biome
i:18
m_biome
i:19
m_biome
a:94
IsZoneGenerated
biomeArea
a:95
IsZoneGenerated
biomeArea
a:96
IsZoneGenerated
i:0
altitude
i:1
altitude
i:2
altitude
i:3
altitude
i:4
altitude
i:5
altitude
i:6
altitude
i:7
altitude
i:8
altitude
i:9
altitude
i:10
altitude
i:11
altitude
i:12
altitude
i:13
altitude
i:14
altitude
i:15
altitude
i:16
altitude
i:17
altitude
i:18
altitude
i:19
altitude
a:97
IsZoneGenerated
biomeArea
a:98
IsZoneGenerated
i:0
m_biome
i:1
m_biome
i:2
m_biome
i:3
m_biome
i:4
m_biome
i:5
m_biome
i:6
m_biome
i:7
m_biome
i:8
m_biome
i:9
m_biome
i:10
m_biome
i:11
m_biome
i:12
m_biome
i:13
m_biome
i:14
m_biome
i:15
m_biome
i:16
m_biome
i:17
m_biome
i:18
m_biome
i:19
m_biome
a:99
IsZoneGenerated
i:0
altitude
i:1
altitude
i:2
altitude
i:3
altitude
i:4
altitude
i:5
altitude
i:6
altitude
i:7
altitude
i:8
altitude
i:9
altitude
i:10
altitude
i:11
altitude
i:12
altitude
i:13
altitude
i:14
altitude
i:15
altitude
i:16
altitude
i:17
altitude
i:18
altitude
i:19
altitude
a:100
IsZoneGenerated
i:0
m_biome
i:1
m_biome
i:2
m_biome
i:3
m_biome
i:4
m_biome
i:5
m_biome
i:6
m_biome
i:7
m_biome
i:8
m_biome
i:9
m_biome
i:10
m_biome
i:11
m_biome
i:12
m_biome
i:13
m_biome
i:14
m_biome
i:15
m_biome
i:16
m_biome
i:17
m_biome
i:18
m_biome
i:19
m_biome
a:101
IsZoneGenerated
biomeArea
a:102
IsZoneGenerated
biomeArea
a:103
IsZoneGenerated
biomeArea
a:104
IsZoneGenerated
i:0
m_biome
i:1
m_biome
i:2
m_biome
i:3
m_biome
i:4
m_biome
i:5
m_biome
i:6
m_biome
i:7
m_biome
i:8
m_biome
i:9
m_biome
i:10
m_biome
i:11
m_biome
i:12
m_biome
i:13
m_biome
i:14
m_biome
i:15
m_biome
i:16
m_biome
i:17
m_biome
i:18
m_biome
i:19
m_biome
a:105
IsZoneGenerated
i:0
altitude
i:1
altitude
i:2
altitude
i:3
altitude
i:4
altitude
i:5
altitude
i:6
altitude
i:7
altitude
i:8
altitude
i:9
altitude
i:10
altitude
i:11
altitude
i:12
altitude
i:13
altitude
i:14
altitude
i:15
altitude
i:16
altitude
i:17
altitude
i:18
altitude
i:19
altitude
a:106
IsZoneGenerated
biomeArea
a:107
IsZoneGenerated
biomeArea
a:108
IsZoneGenerated
biomeArea
a:109
IsZoneGenerated
biomeArea
a:110
IsZoneGenerated
biomeArea
a:111
IsZoneGenerated
biomeArea
a:112
IsZoneGenerated
i:0
m_biome
i:1
m_biome
i:2
m_biome
i:3
m_biome
i:4
m_biome
i:5
m_biome
i:6
m_biome
i:7
m_biome
i:8
m_biome
i:9
m_biome
i:10
m_biome
i:11
m_biome
i:12
m_biome
i:13
m_biome
i:14
m_biome
i:15
m_biome
i:16
m_biome
i:17
m_biome
i:18
m_biome
i:19
m_biome
a:113
IsZoneGenerated
biomeArea
a:114
IsZoneGenerated
biomeArea
a:115
IsZoneGenerated
i:0
m_biome
i:1
m_biome
i:2
m_biome
i:3
m_biome
i:4
m_biome
i:5
m_biome
i:6
m_biome
i:7
m_biome
i:8
m_biome
i:9
m_biome
i:10
m_biome
i:11
m_biome
i:12
m_biome
i:13
m_biome
i:14
m_biome
i:15
m_biome
i:16
m_biome
i:17
m_biome
i:18
m_biome
i:19
m_biome
a:116
IsZoneGenerated
i:0
m_biome
i:1
m_biome
i:2
m_biome
i:3
m_biome
i:4
m_biome
i:5
m_biome
i:6
m_biome
i:7
m_biome
i:8
m_biome
i:9
m_biome
i:10
m_biome
i:11
m_biome
i:12
m_biome
i:13
m_biome
i:14
m_biome
i:15
m_biome
i:16
m_biome
i:17
m_biome
i:18
m_biome
i:19
m_biome
a:117
IsZoneGenerated
i:0
altitude
i:1
altitude
i:2
altitude
i:3
altitude
i:4
altitude
i:5
altitude
i:6
altitude
i:7
altitude
i:8
altitude
i:9
altitude
i:10
altitude
i:11
altitude
i:12
altitude
i:13
altitude
i:14
altitude
i:15
altitude
i:16
altitude
i:17
altitude
i:18
altitude
i:19
altitude
a:118
IsZoneGenerated
biomeArea
a:119
IsZoneGenerated
i:0
m_biome
i:1
m_biome
i:2
m_biome
i:3
m_biome
i:4
m_biome
i:5
m_biome
i:6
m_biome
i:7
m_biome
i:8
m_biome
i:9
m_biome
i:10
m_biome
i:11
m_biome
i:12
m_biome
i:13
m_biome
i:14
m_biome
i:15
m_biome
i:16
m_biome
i:17
m_biome
i:18
m_biome
i:19
m_biome
a:120
IsZoneGenerated
i:0
m_biome
i:1
m_biome
i:2
m_biome
i:3
m_biome
i:4
m_biome
i:5
m_biome
i:6
m_biome
i:7
m_biome
i:8
m_biome
i:9
m_biome
i:10
m_biome
i:11
m_biome
i:12
m_biome
i:13
m_biome
i:14
m_biome
i:15
m_biome
i:16
m_biome
i:17
m_biome
i:18
m_biome
i:19
m_biome
a:121
IsZoneGenerated
i:0
m_biome
i:1
m_biome
i:2
m_biome
i:3
m_biome
i:4
m_biome
i:5
m_biome
i:6
m_biome
i:7
m_biome
i:8
m_biome
i:9
m_biome
i:10
m_biome
i:11
m_biome
i:12
m_biome
i:13
m_biome
i:14
m_biome
i:15
m_biome
i:16
m_biome
i:17
m_biome
i:18
m_biome
i:19
m_biome
a:122
IsZoneGenerated
i:0
m_biome
i:1
m_biome
i:2
m_biome
i:3
m_biome
i:4
m_biome
i:5
m_biome
i:6
m_biome
i:7
m_biome
i:8
m_biome
i:9
m_biome
i:10
m_biome
i:11
m_biome
i:12
m_biome
i:13
m_biome
i:14
m_biome
i:15
m_biome
i:16
m_biome
i:17
m_biome
i:18
m_biome
i:19
m_biome
a:123
IsZoneGenerated
i:0
register
a:124
IsZoneGenerated
biomeArea
a:125
IsZoneGenerated
i:0
m_biome
i:1
m_biome
i:2
m_biome
i:3
m_biome
i:4
m_biome
i:5
m_biome
i:6
m_biome
i:7
m_biome
i:8
m_biome
i:9
m_biome
i:10
m_biome
i:11
m_biome
i:12
m_biome
i:13
m_biome
i:14
m_biome
i:15
m_biome
i:16
m_biome
i:17
m_biome
i:18
m_biome
i:19
m_biome
a:126
IsZoneGenerated
i:0
m_biome
i:1
m_biome
i:2
m_biome
i:3
m_biome
i:4
m_biome
i:5
m_biome
i:6
m_biome
i:7
m_biome
i:8
m_biome
i:9
m_biome
i:10
m_biome
i:11
m_biome
i:12
m_biome
i:13
m_biome
i:14
m_biome
i:15
m_biome
i:16
m_biome
i:17
m_biome
i:18
m_biome
i:19
m_biome
a:127
IsZoneGenerated
biomeArea
a:128
IsZoneGenerated
biomeArea
a:129
IsZoneGenerated
i:0
m_biome
i:1
m_biome
i:2
m_biome
i:3
m_biome
i:4
m_biome
i:5
m_biome
i:6
m_biome
i:7
m_biome
i:8
m_biome
i:9
m_biome
i:10
m_biome
i:11
m_biome
i:12
m_biome
i:13
m_biome
i:14
m_biome
i:15
m_biome
i:16
m_biome
i:17
m_biome
i:18
m_biome
i:19
m_biome
a:130
IsZoneGenerated
biomeArea
a:131
IsZoneGenerated
i:0
m_biome
i:1
m_biome
i:2
m_biome
i:3
m_biome
i:4
m_biome
i:5
m_biome
i:6
m_biome
i:7
m_biome
i:8
m_biome
i:9
m_biome
i:10
m_biome
i:11
m_biome
i:12
m_biome
i:13
m_biome
i:14
m_biome
i:15
m_biome
i:16
m_biome
i:17
m_biome
i:18
m_biome
i:19
m_biome
a:132
IsZoneGenerated
i:0
m_biome
i:1
m_biome
i:2
m_biome
i:3
m_biome
i:4
m_biome
i:5
m_biome
i:6
m_biome
i:7
m_biome
i:8
m_biome
i:9
m_biome
i:10
m_biome
i:11
m_biome
i:12
m_biome
i:13
m_biome
i:14
m_biome
i:15
m_biome
i:16
m_biome
i:17
m_biome
i:18
m_biome
i:19
m_biome
a:133
IsZoneGenerated
biomeArea
a:134
IsZoneGenerated
biomeArea
a:135
IsZoneGenerated
biomeArea
a:136
IsZoneGenerated
i:0
m_biome
i:1
m_biome
i:2
m_biome
i:3
m_biome
i:4
m_biome
i:5
m_biome
i:6
m_biome
i:7
m_biome
i:8
m_biome
i:9
m_biome
i:10
m_biome
i:11
m_biome
i:12
m_biome
i:13
m_biome
i:14
m_biome
i:15
m_biome
i:16
m_biome
i:17
m_biome
i:18
m_biome
i:19
m_biome
a:137
IsZoneGenerated
biomeArea
a:138
IsZoneGenerated
i:0
m_biome
i:1
m_biome
i:2
m_biome
i:3
m_biome
i:4
m_biome
i:5
m_biome
i:6
m_biome
i:7
m_biome
i:8
m_biome
i:9
m_biome
i:10
m_biome
i:11
m_biome
i:12
m_biome
i:13
m_biome
i:14
m_biome
i:15
m_biome
i:16
m_biome
i:17
m_biome
i:18
m_biome
i:19
m_biome
a:139
IsZoneGenerated
i:0
altitude
i:1
altitude
i:2
altitude
i:3
altitude
i:4
altitude
i:5
altitude
i:6
altitude
i:7
altitude
i:8
altitude
i:9
altitude
i:10
altitude
i:11
altitude
i:12
altitude
i:13
altitude
i:14
altitude
i:15
altitude
i:16
altitude
i:17
altitude
i:18
altitude
i:19
altitude
a:140
IsZoneGenerated
biomeArea
a:141
IsZoneGenerated
i:0
m_biome
i:1
m_biome
i:2
m_biome
i:3
m_biome
i:4
m_biome
i:5
m_biome
i:6
m_biome
i:7
m_biome
i:8
m_biome
i:9
m_biome
i:10
m_biome
i:11
m_biome
i:12
m_biome
i:13
m_biome
i:14
m_biome
i:15
m_biome
i:16
m_biome
i:17
m_biome
i:18
m_biome
i:19
m_biome
a:142
IsZoneGenerated
i:0
m_biome
i:1
m_biome
i:2
m_biome
i:3
m_biome
i:4
m_biome
i:5
m_biome
i:6
m_biome
i:7
m_biome
i:8
m_biome
i:9
m_biome
i:10
m_biome
i:11
m_biome
i:12
m_biome
i:13
m_biome
i:14
m_biome
i:15
m_biome
i:16
m_biome
i:17
m_biome
i:18
m_biome
i:19
m_biome
a:143
IsZoneGenerated
biomeArea
a:144
IsZoneGenerated
i:0
register
a:145
IsZoneGenerated
biomeArea
a:146
IsZoneGenerated
biomeArea
a:147
IsZoneGenerated
i:0
m_biome
i:1
m_biome
i:2
m_biome
i:3
m_biome
i:4
m_biome
i:5
m_biome
i:6
m_biome
i:7
m_biome
i:8
m_biome
i:9
m_biome
i:10
m_biome
i:11
m_biome
i:12
m_biome
i:13
m_biome
i:14
m_biome
i:15
m_biome
i:16
m_biome
i:17
m_biome
i:18
m_biome
i:19
m_biome
a:148
IsZoneGenerated
biomeArea
a:149
IsZoneGenerated
i:0
m_biome
i:1
m_biome
i:2
m_biome
i:3
m_biome
i:4
m_biome
i:5
m_biome
i:6
m_biome
i:7
m_biome
i:8
m_biome
i:9
m_biome
i:10
m_biome
i:11
m_biome
i:12
m_biome
i:13
m_biome
i:14
m_biome
i:15
m_biome
i:16
m_biome
i:17
m_biome
i:18
m_biome
i:19
m_biome
a:150
IsZoneGenerated
biomeArea
a:151
IsZoneGenerated
i:0
m_biome
i:1
m_biome
i:2
m_biome
i:3
m_biome
i:4
m_biome
i:5
m_biome
i:6
m_biome
i:7
m_biome
i:8
m_biome
i:9
m_biome
i:10
m_biome
i:11
m_biome
i:12
m_biome
i:13
m_biome
i:14
m_biome
i:15
m_biome
i:16
m_biome
i:17
m_biome
i:18
m_biome
i:19
m_biome
a:152
IsZoneGenerated
biomeArea
a:153
IsZoneGenerated
i:0
m_biome
i:1
m_biome
i:2
m_biome
i:3
m_biome
i:4
m_biome
i:5
m_biome
i:6
m_biome
i:7
m_biome
i:8
m_biome
i:9
m_biome
i:10
m_biome
i:11
m_biome
i:12
m_biome
i:13
m_biome
i:14
m_biome
i:15
m_biome
i:16
m_biome
i:17
m_biome
i:18
m_biome
i:19
m_biome
a:154
IsZoneGenerated
biomeArea
a:155
IsZoneGenerated
i:0
register
a:156
IsZoneGenerated
i:0
m_biome
i:1
m_biome
i:2
m_biome
i:3
m_biome
i:4
m_biome
i:5
m_biome
i:6
m_biome
i:7
m_biome
i:8
m_biome
i:9
m_biome
i:10
m_biome
i:11
m_biome
i:12
m_biome
i:13
m_biome
i:14
m_biome
i:15
m_biome
i:16
m_biome
i:17
m_biome
i:18
m_biome
i:19
m_biome
a:157
IsZoneGenerated
i:0
m_biome
i:1
m_biome
i:2
m_biome
i:3
m_biome
i:4
m_biome
i:5
m_biome
i:6
m_biome
i:7
m_biome
i:8
m_biome
i:9
m_biome
i:10
m_biome
i:11
m_biome
i:12
m_biome
i:13
m_biome
i:14
m_biome
i:15
m_biome
i:16
m_biome
i:17
m_biome
i:18
m_biome
i:19
m_biome
a:158
IsZoneGenerated
i:0
m_biome
i:1
m_biome
i:2
m_biome
i:3
m_biome
i:4
m_biome
i:5
m_biome
i:6
m_biome
i:7
m_biome
i:8
m_biome
i:9
m_biome
i:10
m_biome
i:11
m_biome
i:12
m_biome
i:13
m_biome
i:14
m_biome
i:15
m_biome
i:16
m_biome
i:17
m_biome
i:18
m_biome
i:19
m_biome
a:159
IsZoneGenerated
biomeArea
a:160
IsZoneGenerated
i:0
m_biome
i:1
m_biome
i:2
m_biome
i:3
m_biome
i:4
m_biome
i:5
m_biome
i:6
m_biome
i:7
m_biome
i:8
m_biome
i:9
m_biome
i:10
m_biome
i:11
m_biome
i:12
m_biome
i:13
m_biome
i:14
m_biome
i:15
m_biome
i:16
m_biome
i:17
m_biome
i:18
m_biome
i:19
m_biome
a:161
IsZoneGenerated
i:0
m_biome
i:1
m_biome
i:2
m_biome
i:3
m_biome
i:4
m_biome
i:5
m_biome
i:6
m_biome
i:7
m_biome
i:8
m_biome
i:9
m_biome
i:10
m_biome
i:11
m_biome
i:12
m_biome
i:13
m_biome
i:14
m_biome
i:15
m_biome
i:16
m_biome
i:17
m_biome
i:18
m_biome
i:19
m_biome
a:162
IsZoneGenerated
i:0
m_biome
i:1
m_biome
i:2
m_biome
i:3
m_biome
i:4
m_biome
i:5
m_biome
i:6
m_biome
i:7
m_biome
i:8
m_biome
i:9
m_biome
i:10
m_biome
i:11
m_biome
i:12
m_biome
i:13
m_biome
i:14
m_biome
i:15
m_biome
i:16
m_biome
i:17
m_biome
i:18
m_biome
i:19
m_biome
a:163
IsZoneGenerated
i:0
m_biome
i:1
m_biome
i:2
m_biome
i:3
m_biome
i:4
m_biome
i:5
m_biome
i:6
m_biome
i:7
m_biome
i:8
m_biome
i:9
m_biome
i:10
m_biome
i:11
m_biome
i:12
m_biome
i:13
m_biome
i:14
m_biome
i:15
m_biome
i:16
m_biome
i:17
m_biome
i:18
m_biome
i:19
m_biome
a:164
IsZoneGenerated
biomeArea
a:165
IsZoneGenerated
i:0
m_biome
i:1
m_biome
i:2
m_biome
i:3
m_biome
i:4
m_biome
i:5
m_biome
i:6
m_biome
i:7
m_biome
i:8
m_biome
i:9
m_biome
i:10
m_biome
i:11
m_biome
i:12
m_biome
i:13
m_biome
i:14
m_biome
i:15
m_biome
i:16
m_biome
i:17
m_biome
i:18
m_biome
i:19
m_biome
a:166
IsZoneGenerated
i:0
m_biome
i:1
m_biome
i:2
m_biome
i:3
m_biome
i:4
m_biome
i:5
m_biome
i:6
m_biome
i:7
m_biome
i:8
m_biome
i:9
m_biome
i:10
m_biome
i:11
m_biome
i:12
m_biome
i:13
m_biome
i:14
m_biome
i:15
m_biome
i:16
m_biome
i:17
m_biome
i:18
m_biome
i:19
m_biome
a:167
IsZoneGenerated
biomeArea
a:168
IsZoneGenerated
biomeArea
a:169
IsZoneGenerated
biomeArea
a:170
IsZoneGenerated
i:0
altitude
i:1
altitude
i:2
altitude
i:3
altitude
i:4
altitude
i:5
altitude
i:6
altitude
i:7
altitude
i:8
altitude
i:9
altitude
i:10
altitude
i:11
altitude
i:12
altitude
i:13
altitude
i:14
altitude
i:15
altitude
i:16
altitude
i:17
altitude
i:18
altitude
i:19
altitude
a:171
IsZoneGenerated
i:0
m_biome
i:1
m_biome
i:2
m_biome
i:3
m_biome
i:4
m_biome
i:5
m_biome
i:6
m_biome
i:7
m_biome
i:8
m_biome
i:9
m_biome
i:10
m_biome
i:11
m_biome
i:12
m_biome
i:13
m_biome
i:14
m_biome
i:15
m_biome
i:16
m_biome
i:17
m_biome
i:18
m_biome
i:19
m_biome
a:172
IsZoneGenerated
i:0
m_biome
i:1
m_biome
i:2
m_biome
i:3
m_biome
i:4
m_biome
i:5
m_biome
i:6
m_biome
i:7
m_biome
i:8
m_biome
i:9
m_biome
i:10
m_biome
i:11
m_biome
i:12
m_biome
i:13
m_biome
i:14
m_biome
i:15
m_biome
i:16
m_biome
i:17
m_biome
i:18
m_biome
i:19
m_biome
a:173
IsZoneGenerated
biomeArea
a:174
IsZoneGenerated
i:0
m_biome
i:1
m_biome
i:2
m_biome
i:3
m_biome
i:4
m_biome
i:5
m_biome
i:6
m_biome
i:7
m_biome
i:8
m_biome
i:9
m_biome
i:10
m_biome
i:11
m_biome
i:12
m_biome
i:13
m_biome
i:14
m_biome
i:15
m_biome
i:16
m_biome
i:17
m_biome
i:18
m_biome
i:19
m_biome
a:175
IsZoneGenerated
i:0
m_biome
i:1
m_biome
i:2
m_biome
i:3
m_biome
i:4
m_biome
i:5
m_biome
i:6
m_biome
i:7
m_biome
i:8
m_biome
i:9
m_biome
i:10
m_biome
i:11
m_biome
i:12
m_biome
i:13
m_biome
i:14
m_biome
i:15
m_biome
i:16
m_biome
i:17
m_biome
i:18
m_biome
i:19
m_biome
a:176
IsZoneGenerated
i:0
register