a:0
IsZoneGenerated
biomeArea
a:1
ContainsKey
a:2
ContainsKey
a:3
IsZoneGenerated
i:0
m_biome
i:1
m_biome
i:2
m_biome
i:3
m_biome
i:4
m_biome
i:5
m_biome
i:6
m_biome
i:7
m_biome
i:8
m_biome
i:9
m_biome
i:10
m_biome
i:11
m_biome
i:12
m_biome
i:13
m_biome
i:14
m_biome
i:15
m_biome
i:16
m_biome
i:17
m_biome
i:18
m_biome
i:19
m_biome
a:4
IsZoneGenerated
i:0
m_biome
i:1
m_biome
i:2
m_biome
i:3
m_biome
i:4
m_biome
i:5
m_biome
i:6
m_biome
i:7
m_biome
i:8
m_biome
i:9
m_biome
i:10
m_biome
i:11
m_biome
i:12
m_biome
i:13
m_biome
i:14
m_biome
i:15
m_biome
i:16
m_biome
i:17
m_biome
i:18
m_biome
i:19
m_biome
a:5
IsZoneGenerated
i:0
terrainDelta
i:1
terrainDelta
i:2
register
a:6
IsZoneGenerated
biomeArea
a:7
IsZoneGenerated
biomeArea
a:8
ContainsKey
a:9
IsZoneGenerated
i:0
m_biome
i:1
m_biome
i:2
m_biome
i:3
m_biome
i:4
m_biome
i:5
m_biome
i:6
m_biome
i:7
m_biome
i:8
m_biome
i:9
m_biome
i:10
m_biome
i:11
m_biome
i:12
m_biome
i:13
m_biome
i:14
m_biome
i:15
m_biome
i:16
m_biome
i:17
m_biome
i:18
m_biome
i:19
m_biome
a:10
IsZoneGenerated
i:0
m_biome
i:1
m_biome
i:2
m_biome
i:3
m_biome
i:4
m_biome
i:5
m_biome
i:6
m_biome
i:7
m_biome
i:8
m_biome
i:9
m_biome
i:10
m_biome
i:11
m_biome
i:12
m_biome
i:13
m_biome
i:14
m_biome
i:15
m_biome
i:16
m_biome
i:17
m_biome
i:18
m_biome
i:19
m_biome
a:11
ContainsKey
a:12
IsZoneGenerated
biomeArea
a:13
IsZoneGenerated
biomeArea
a:14
IsZoneGenerated
biomeArea
a:15
IsZoneGenerated
biomeArea
a:16
IsZoneGenerated
i:0
m_biome
i:1
m_biome
i:2
m_biome
i:3
m_biome
i:4
m_biome
i:5
m_biome
i:6
m_biome
i:7
m_biome
i:8
m_biome
i:9
m_biome
i:10
m_biome
i:11
m_biome
i:12
m_biome
i:13
m_biome
i:14
m_biome
i:15
m_biome
i:16
m_biome
i:17
m_biome
i:18
m_biome
i:19
m_biome
a:17
IsZoneGenerated
biomeArea
a:18
IsZoneGenerated
biomeArea
a:19
IsZoneGenerated
biomeArea
a:20
IsZoneGenerated
biomeArea
a:21
IsZoneGenerated
biomeArea
a:22
IsZoneGenerated
i:0
terrainDelta
i:1
register
a:23
IsZoneGenerated
biomeArea
a:24
IsZoneGenerated
i:0
m_biome
i:1
m_biome
i:2
m_biome
i:3
m_biome
i:4
m_biome
i:5
m_biome
i:6
m_biome
i:7
m_biome
i:8
m_biome
i:9
m_biome
i:10
m_biome
i:11
m_biome
i:12
m_biome
i:13
m_biome
i:14
m_biome
i:15
m_biome
i:16
m_biome
i:17
m_biome
i:18
m_biome
i:19
m_biome
a:25
IsZoneGenerated
i:0
m_biome
i:1
m_biome
i:2
m_biome
i:3
m_biome
i:4
m_biome
i:5
m_biome
i:6
m_biome
i:7
m_biome
i:8
m_biome
i:9
m_biome
i:10
m_biome
i:11
m_biome
i:12
m_biome
i:13
m_biome
i:14
m_biome
i:15
m_biome
i:16
m_biome
i:17
m_biome
i:18
m_biome
i:19
m_biome
a:26
IsZoneGenerated
biomeArea
a:27
ContainsKey
a:28
IsZoneGenerated
biomeArea
a:29
IsZoneGenerated
biomeArea
a:30
IsZoneGenerated
i:0
m_biome
i:1
m_biome
i:2
m_biome
i:3
m_biome
i:4
m_biome
i:5
m_biome
i:6
m_biome
i:7
m_biome
i:8
m_biome
i:9
m_biome
i:10
m_biome
i:11
m_biome
i:12
m_biome
i:13
m_biome
i:14
m_biome
i:15
m_biome
i:16
m_biome
i:17
m_biome
i:18
m_biome
i:19
m_biome
a:31
IsZoneGenerated
biomeArea
a:32
ContainsKey
a:33
IsZoneGenerated
biomeArea
a:34
IsZoneGenerated
i:0
m_biome
i:1
m_biome
i:2
m_biome
i:3
m_biome
i:4
m_biome
i:5
m_biome
i:6
m_biome
i:7
m_biome
i:8
m_biome
i:9
m_biome
i:10
m_biome
i:11
m_biome
i:12
m_biome
i:13
m_biome
i:14
m_biome
i:15
m_biome
i:16
m_biome
i:17
m_biome
i:18
m_biome
i:19
m_biome
a:35
IsZoneGenerated
i:0
m_biome
i:1
m_biome
i:2
m_biome
i:3
m_biome
i:4
m_biome
i:5
m_biome
i:6
m_biome
i:7
m_biome
i:8
m_biome
i:9
m_biome
i:10
m_biome
i:11
m_biome
i:12
m_biome
i:13
m_biome
i:14
m_biome
i:15
m_biome
i:16
m_biome
i:17
m_biome
i:18
m_biome
i:19
m_biome
a:36
IsZoneGenerated
i:0
m_biome
i:1
m_biome
i:2
m_biome
i:3
m_biome
i:4
m_biome
i:5
m_biome
i:6
m_biome
i:7
m_biome
i:8
m_biome
i:9
m_biome
i:10
m_biome
i:11
m_biome
i:12
m_biome
i:13
m_biome
i:14
m_biome
i:15
m_biome
i:16
m_biome
i:17
m_biome
i:18
m_biome
i:19
m_biome
a:37
IsZoneGenerated
biomeArea
a:38
IsZoneGenerated
biomeArea
a:39
IsZoneGenerated
i:0
register
a:40
IsZoneGenerated
i:0
m_biome
i:1
m_biome
i:2
m_biome
i:3
m_biome
i:4
m_biome
i:5
m_biome
i:6
m_biome
i:7
m_biome
i:8
m_biome
i:9
m_biome
i:10
m_biome
i:11
m_biome
i:12
m_biome
i:13
m_biome
i:14
m_biome
i:15
m_biome
i:16
m_biome
i:17
m_biome
i:18
m_biome
i:19
m_biome
a:41
IsZoneGenerated
i:0
m_biome
i:1
m_biome
i:2
m_biome
i:3
m_biome
i:4
m_biome
i:5
m_biome
i:6
m_biome
i:7
m_biome
i:8
m_biome
i:9
m_biome
i:10
m_biome
i:11
m_biome
i:12
m_biome
i:13
m_biome
i:14
m_biome
i:15
m_biome
i:16
m_biome
i:17
m_biome
i:18
m_biome
i:19
m_biome
a:42
IsZoneGenerated
biomeArea
a:43
IsZoneGenerated
i:0
terrainDelta
i:1
noRegister
i:2
terrainDelta
i:3
noRegister
i:4
noRegister
i:5
noRegister
i:6
noRegister
i:7
noRegister
i:8
noRegister
i:9
noRegister
i:10
terrainDelta
i:11
noRegister
i:12
terrainDelta
i:13
noRegister
i:14
noRegister
i:15
noRegister
i:16
noRegister
i:17
noRegister
i:18
noRegister
i:19
noRegister
a:44
IsZoneGenerated
biomeArea
a:45
IsZoneGenerated
biomeArea
a:46
IsZoneGenerated
biomeArea
a:47
IsZoneGenerated
biomeArea
a:48
IsZoneGenerated
i:0
m_biome
i:1
m_biome
i:2
m_biome
i:3
m_biome
i:4
m_biome
i:5
m_biome
i:6
m_biome
i:7
m_biome
i:8
m_biome
i:9
m_biome
i:10
m_biome
i:11
m_biome
i:12
m_biome
i:13
m_biome
i:14
m_biome
i:15
m_biome
i:16
m_biome
i:17
m_biome
i:18
m_biome
i:19
m_biome
a:49
IsZoneGenerated
biomeArea
a:50
IsZoneGenerated
biomeArea
a:51
IsZoneGenerated
biomeArea
a:52
IsZoneGenerated
biomeArea
a:53
IsZoneGenerated
i:0
m_biome
i:1
m_biome
i:2
m_biome
i:3
m_biome
i:4
m_biome
i:5
m_biome
i:6
m_biome
i:7
m_biome
i:8
m_biome
i:9
m_biome
i:10
m_biome
i:11
m_biome
i:12
m_biome
i:13
m_biome
i:14
m_biome
i:15
m_biome
i:16
m_biome
i:17
m_biome
i:18
m_biome
i:19
m_biome
a:54
IsZoneGenerated
biomeArea
a:55
IsZoneGenerated
biomeArea
a:56
IsZoneGenerated
i:0
terrainDelta
i:1
altitude
i:2
altitude
i:3
altitude
i:4
altitude
i:5
altitude
i:6
altitude
i:7
register
a:57
IsZoneGenerated
i:0
register
a:58
IsZoneGenerated
i:0
m_biome
i:1
m_biome
i:2
m_biome
i:3
m_biome
i:4
m_biome
i:5
m_biome
i:6
m_biome
i:7
m_biome
i:8
m_biome
i:9
m_biome
i:10
m_biome
i:11
m_biome
i:12
m_biome
i:13
m_biome
i:14
m_biome
i:15
m_biome
i:16
m_biome
i:17
m_biome
i:18
m_biome
i:19
m_biome
a:59
IsZoneGenerated
biomeArea
a:60
IsZoneGenerated
biomeArea
a:61
IsZoneGenerated
i:0
m_biome
i:1
m_biome
i:2
m_biome
i:3
m_biome
i:4
m_biome
i:5
m_biome
i:6
m_biome
i:7
m_biome
i:8
m_biome
i:9
m_biome
i:10
m_biome
i:11
m_biome
i:12
m_biome
i:13
m_biome
i:14
m_biome
i:15
m_biome
i:16
m_biome
i:17
m_biome
i:18
m_biome
i:19
m_biome
a:62
IsZoneGenerated
i:0
terrainDelta
i:1
register
a:63
IsZoneGenerated
i:0
m_biome
i:1
m_biome
i:2
m_biome
i:3
m_biome
i:4
m_biome
i:5
m_biome
i:6
m_biome
i:7
m_biome
i:8
m_biome
i:9
m_biome
i:10
m_biome
i:11
m_biome
i:12
m_biome
i:13
m_biome
i:14
m_biome
i:15
m_biome
i:16
m_biome
i:17
m_biome
i:18
m_biome
i:19
m_biome
a:64
IsZoneGenerated
i:0
m_biome
i:1
m_biome
i:2
m_biome
i:3
m_biome
i:4
m_biome
i:5
m_biome
i:6
m_biome
i:7
m_biome
i:8
m_biome
i:9
m_biome
i:10
m_biome
i:11
m_biome
i:12
m_biome
i:13
m_biome
i:14
m_biome
i:15
m_biome
i:16
m_biome
i:17
m_biome
i:18
m_biome
i:19
m_biome
a:65
IsZoneGenerated
i:0
m_biome
i:1
m_biome
i:2
m_biome
i:3
m_biome
i:4
m_biome
i:5
m_biome
i:6
m_biome
i:7
m_biome
i:8
m_biome
i:9
m_biome
i:10
m_biome
i:11
m_biome
i:12
m_biome
i:13
m_biome
i:14
m_biome
i:15
m_biome
i:16
m_biome
i:17
m_biome
i:18
m_biome
i:19
m_biome
a:66
IsZoneGenerated
i:0
terrainDelta
i:1
terrainDelta
i:2
terrainDelta
i:3
terrainDelta
i:4
terrainDelta
i:5
terrainDelta
i:6
noRegister
i:7
terrainDelta
i:8
terrainDelta
i:9
terrainDelta
i:10
terrainDelta
i:11
terrainDelta
i:12
noRegister
i:13
terrainDelta
i:14
terrainDelta
i:15
terrainDelta
i:16
terrainDelta
i:17
terrainDelta
i:18
terrainDelta
i:19
terrainDelta
a:67
IsZoneGenerated
biomeArea
a:68
IsZoneGenerated
biomeArea
a:69
IsZoneGenerated
biomeArea
a:70
IsZoneGenerated
i:0
m_biome
i:1
m_biome
i:2
m_biome
i:3
m_biome
i:4
m_biome
i:5
m_biome
i:6
m_biome
i:7
m_biome
i:8
m_biome
i:9
m_biome
i:10
m_biome
i:11
m_biome
i:12
m_biome
i:13
m_biome
i:14
m_biome
i:15
m_biome
i:16
m_biome
i:17
m_biome
i:18
m_biome
i:19
m_biome
a:71
IsZoneGenerated
i:0
terrainDelta
i:1
terrainDelta
i:2
terrainDelta
i:3
noRegister
i:4
terrainDelta
i:5
noRegister
i:6
altitude
i:7
terrainDelta
i:8
terrainDelta
i:9
noRegister
i:10
noRegister
i:11
altitude
i:12
noRegister
i:13
noRegister
i:14
altitude
i:15
noRegister
i:16
noRegister
i:17
noRegister
i:18
terrainDelta
i:19
altitude
a:72
IsZoneGenerated
i:0
m_biome
i:1
m_biome
i:2
m_biome
i:3
m_biome
i:4
m_biome
i:5
m_biome
i:6
m_biome
i:7
m_biome
i:8
m_biome
i:9
m_biome
i:10
m_biome
i:11
m_biome
i:12
m_biome
i:13
m_biome
i:14
m_biome
i:15
m_biome
i:16
m_biome
i:17
m_biome
i:18
m_biome
i:19
m_biome
a:73
IsZoneGenerated
i:0
m_biome
i:1
m_biome
i:2
m_biome
i:3
m_biome
i:4
m_biome
i:5
m_biome
i:6
m_biome
i:7
m_biome
i:8
m_biome
i:9
m_biome
i:10
m_biome
i:11
m_biome
i:12
m_biome
i:13
m_biome
i:14
m_biome
i:15
m_biome
i:16
m_biome
i:17
m_biome
i:18
m_biome
i:19
m_biome
a:74
IsZoneGenerated
biomeArea
a:75
IsZoneGenerated
i:0
m_biome
i:1
m_biome
i:2
m_biome
i:3
m_biome
i:4
m_biome
i:5
m_biome
i:6
m_biome
i:7
m_biome
i:8
m_biome
i:9
m_biome
i:10
m_biome
i:11
m_biome
i:12
m_biome
i:13
m_biome
i:14
m_biome
i:15
m_biome
i:16
m_biome
i:17
m_biome
i:18
m_biome
i:19
m_biome
a:76
IsZoneGenerated
i:0
altitude
i:1
altitude
i:2
altitude
i:3
altitude
i:4
altitude
i:5
altitude
i:6
altitude
i:7
altitude
i:8
altitude
i:9
altitude
i:10
altitude
i:11
terrainDelta
i:12
terrainDelta
i:13
altitude
i:14
altitude
i:15
altitude
i:16
altitude
i:17
altitude
i:18
altitude
i:19
altitude
a:77
IsZoneGenerated
i:0
m_biome
i:1
m_biome
i:2
m_biome
i:3
m_biome
i:4
m_biome
i:5
m_biome
i:6
m_biome
i:7
m_biome
i:8
m_biome
i:9
m_biome
i:10
m_biome
i:11
m_biome
i:12
m_biome
i:13
m_biome
i:14
m_biome
i:15
m_biome
i:16
m_biome
i:17
m_biome
i:18
m_biome
i:19
m_biome
a:78
IsZoneGenerated
i:0
m_biome
i:1
m_biome
i:2
m_biome
i:3
m_biome
i:4
m_biome
i:5
m_biome
i:6
m_biome
i:7
m_biome
i:8
m_biome
i:9
m_biome
i:10
m_biome
i:11
m_biome
i:12
m_biome
i:13
m_biome
i:14
m_biome
i:15
m_biome
i:16
m_biome
i:17
m_biome
i:18
m_biome
i:19
m_biome
a:79
IsZoneGenerated
biomeArea
a:80
ContainsKey
a:81
IsZoneGenerated
i:0
m_biome
i:1
m_biome
i:2
m_biome
i:3
m_biome
i:4
m_biome
i:5
m_biome
i:6
m_biome
i:7
m_biome
i:8
m_biome
i:9
m_biome
i:10
m_biome
i:11
m_biome
i:12
m_biome
i:13
m_biome
i:14
m_biome
i:15
m_biome
i:16
m_biome
i:17
m_biome
i:18
m_biome
i:19
m_biome
a:82
ContainsKey
a:83
IsZoneGenerated
i:0
m_biome
i:1
m_biome
i:2
m_biome
i:3
m_biome
i:4
m_biome
i:5
m_biome
i:6
m_biome
i:7
m_biome
i:8
m_biome
i:9
m_biome
i:10
m_biome
i:11
m_biome
i:12
m_biome
i:13
m_biome
i:14
m_biome
i:15
m_biome
i:16
m_biome
i:17
m_biome
i:18
m_biome
i:19
m_biome
a:84
ContainsKey
a:85
ContainsKey
a:86
IsZoneGenerated
i:0
m_biome
i:1
m_biome
i:2
m_biome
i:3
m_biome
i:4
m_biome
i:5
m_biome
i:6
m_biome
i:7
m_biome
i:8
m_biome
i:9
m_biome
i:10
m_biome
i:11
m_biome
i:12
m_biome
i:13
m_biome
i:14
m_biome
i:15
m_biome
i:16
m_biome
i:17
m_biome
i:18
m_biome
i:19
m_biome
a:87
IsZoneGenerated
i:0
m_biome
i:1
m_biome
i:2
m_biome
i:3
m_biome
i:4
m_biome
i:5
m_biome
i:6
m_biome
i:7
m_biome
i:8
m_biome
i:9
m_biome
i:10
m_biome
i:11
m_biome
i:12
m_biome
i:13
m_biome
i:14
m_biome
i:15
m_biome
i:16
m_biome
i:17
m_biome
i:18
m_biome
i:19
m_biome
a:88
IsZoneGenerated
biomeArea
a:89
IsZoneGenerated
i:0
m_biome
i:1
m_biome
i:2
m_biome
i:3
m_biome
i:4
m_biome
i:5
m_biome
i:6
m_biome
i:7
m_biome
i:8
m_biome
i:9
m_biome
i:10
m_biome
i:11
m_biome
i:12
m_biome
i:13
m_biome
i:14
m_biome
i:15
m_biome
i:16
m_biome
i:17
m_biome
i:18
m_biome
i:19
m_biome
a:90
IsZoneGenerated
i:0
register
a:91
ContainsKey
a:92
IsZoneGenerated
i:0
m_biome
i:1
m_biome
i:2
m_biome
i:3
m_biome
i:4
m_biome
i:5
m_biome
i:6
m_biome
i:7
m_biome
i:8
m_biome
i:9
m_biome
i:10
m_biome
i:11
m_biome
i:12
m_biome
i:13
m_biome
i:14
m_biome
i:15
m_biome
i:16
m_biome
i:17
m_biome
i:18
m_biome
i:19
m_biome
a:93
IsZoneGenerated
biomeArea
a:94
IsZoneGenerated
i:0
altitude
i:1
altitude
i:2
altitude
i:3
altitude
i:4
altitude
i:5
altitude
i:6
altitude
i:7
altitude
i:8
altitude
i:9
altitude
i:10
register
a:95
IsZoneGenerated
i:0
m_biome
i:1
m_biome
i:2
m_biome
i:3
m_biome
i:4
m_biome
i:5
m_biome
i:6
m_biome
i:7
m_biome
i:8
m_biome
i:9
m_biome
i:10
m_biome
i:11
m_biome
i:12
m_biome
i:13
m_biome
i:14
m_biome
i:15
m_biome
i:16
m_biome
i:17
m_biome
i:18
m_biome
i:19
m_biome
a:96
IsZoneGenerated
biomeArea
a:97
ContainsKey
a:98
IsZoneGenerated
i:0
altitude
i:1
register
a:99
IsZoneGenerated
biomeArea
a:100
ContainsKey
a:101
IsZoneGenerated
i:0
m_biome
i:1
m_biome
i:2
m_biome
i:3
m_biome
i:4
m_biome
i:5
m_biome
i:6
m_biome
i:7
m_biome
i:8
m_biome
i:9
m_biome
i:10
m_biome
i:11
m_biome
i:12
m_biome
i:13
m_biome
i:14
m_biome
i:15
m_biome
i:16
m_biome
i:17
m_biome
i:18
m_biome
i:19
m_biome
a:102
IsZoneGenerated
i:0
m_biome
i:1
m_biome
i:2
m_biome
i:3
m_biome
i:4
m_biome
i:5
m_biome
i:6
m_biome
i:7
m_biome
i:8
m_biome
i:9
m_biome
i:10
m_biome
i:11
m_biome
i:12
m_biome
i:13
m_biome
i:14
m_biome
i:15
m_biome
i:16
m_biome
i:17
m_biome
i:18
m_biome
i:19
m_biome
a:103
IsZoneGenerated
biomeArea
a:104
IsZoneGenerated
i:0
m_biome
i:1
m_biome
i:2
m_biome
i:3
m_biome
i:4
m_biome
i:5
m_biome
i:6
m_biome
i:7
m_biome
i:8
m_biome
i:9
m_biome
i:10
m_biome
i:11
m_biome
i:12
m_biome
i:13
m_biome
i:14
m_biome
i:15
m_biome
i:16
m_biome
i:17
m_biome
i:18
m_biome
i:19
m_biome
a:105
IsZoneGenerated
i:0
m_biome
i:1
m_biome
i:2
m_biome
i:3
m_biome
i:4
m_biome
i:5
m_biome
i:6
m_biome
i:7
m_biome
i:8
m_biome
i:9
m_biome
i:10
m_biome
i:11
m_biome
i:12
m_biome
i:13
m_biome
i:14
m_biome
i:15
m_biome
i:16
m_biome
i:17
m_biome
i:18
m_biome
i:19
m_biome
a:106
IsZoneGenerated
i:0
m_biome
i:1
m_biome
i:2
m_biome
i:3
m_biome
i:4
m_biome
i:5
m_biome
i:6
m_biome
i:7
m_biome
i:8
m_biome
i:9
m_biome
i:10
m_biome
i:11
m_biome
i:12
m_biome
i:13
m_biome
i:14
m_biome
i:15
m_biome
i:16
m_biome
i:17
m_biome
i:18
m_biome
i:19
m_biome
a:107
IsZoneGenerated
i:0
m_biome
i:1
m_biome
i:2
m_biome
i:3
m_biome
i:4
m_biome
i:5
m_biome
i:6
m_biome
i:7
m_biome
i:8
m_biome
i:9
m_biome
i:10
m_biome
i:11
m_biome
i:12
m_biome
i:13
m_biome
i:14
m_biome
i:15
m_biome
i:16
m_biome
i:17
m_biome
i:18
m_biome
i:19
m_biome
a:108
IsZoneGenerated
biomeArea
a:109
IsZoneGenerated
i:0
m_biome
i:1
m_biome
i:2
m_biome
i:3
m_biome
i:4
m_biome
i:5
m_biome
i:6
m_biome
i:7
m_biome
i:8
m_biome
i:9
m_biome
i:10
m_biome
i:11
m_biome
i:12
m_biome
i:13
m_biome
i:14
m_biome
i:15
m_biome
i:16
m_biome
i:17
m_biome
i:18
m_biome
i:19
m_biome
a:110
IsZoneGenerated
biomeArea
a:111
IsZoneGenerated
biomeArea
a:112
IsZoneGenerated
biomeArea
a:113
IsZoneGenerated
i:0
m_biome
i:1
m_biome
i:2
m_biome
i:3
m_biome
i:4
m_biome
i:5
m_biome
i:6
m_biome
i:7
m_biome
i:8
m_biome
i:9
m_biome
i:10
m_biome
i:11
m_biome
i:12
m_biome
i:13
m_biome
i:14
m_biome
i:15
m_biome
i:16
m_biome
i:17
m_biome
i:18
m_biome
i:19
m_biome
a:114
IsZoneGenerated
i:0
m_biome
i:1
m_biome
i:2
m_biome
i:3
m_biome
i:4
m_biome
i:5
m_biome
i:6
m_biome
i:7
m_biome
i:8
m_biome
i:9
m_biome
i:10
m_biome
i:11
m_biome
i:12
m_biome
i:13
m_biome
i:14
m_biome
i:15
m_biome
i:16
m_biome
i:17
m_biome
i:18
m_biome
i:19
m_biome
a:115
IsZoneGenerated
biomeArea
a:116
IsZoneGenerated
i:0
m_biome
i:1
m_biome
i:2
m_biome
i:3
m_biome
i:4
m_biome
i:5
m_biome
i:6
m_biome
i:7
m_biome
i:8
m_biome
i:9
m_biome
i:10
m_biome
i:11
m_biome
i:12
m_biome
i:13
m_biome
i:14
m_biome
i:15
m_biome
i:16
m_biome
i:17
m_biome
i:18
m_biome
i:19
m_biome
a:117
IsZoneGenerated
biomeArea
a:118
IsZoneGenerated
biomeArea
a:119
IsZoneGenerated
biomeArea
a:120
IsZoneGenerated
i:0
m_biome
i:1
m_biome
i:2
m_biome
i:3
m_biome
i:4
m_biome
i:5
m_biome
i:6
m_biome
i:7
m_biome
i:8
m_biome
i:9
m_biome
i:10
m_biome
i:11
m_biome
i:12
m_biome
i:13
m_biome
i:14
m_biome
i:15
m_biome
i:16
m_biome
i:17
m_biome
i:18
m_biome
i:19
m_biome
a:121
IsZoneGenerated
biomeArea
a:122
IsZoneGenerated
i:0
m_biome
i:1
m_biome
i:2
m_biome
i:3
m_biome
i:4
m_biome
i:5
m_biome
i:6
m_biome
i:7
m_biome
i:8
m_biome
i:9
m_biome
i:10
m_biome
i:11
m_biome
i:12
m_biome
i:13
m_biome
i:14
m_biome
i:15
m_biome
i:16
m_biome
i:17
m_biome
i:18
m_biome
i:19
m_biome
a:123
IsZoneGenerated
i:0
register
a:124
IsZoneGenerated
biomeArea
a:125
IsZoneGenerated
biomeArea
a:126
IsZoneGenerated
i:0
m_biome
i:1
m_biome
i:2
m_biome
i:3
m_biome
i:4
m_biome
i:5
m_biome
i:6
m_biome
i:7
m_biome
i:8
m_biome
i:9
m_biome
i:10
m_biome
i:11
m_biome
i:12
m_biome
i:13
m_biome
i:14
m_biome
i:15
m_biome
i:16
m_biome
i:17
m_biome
i:18
m_biome
i:19
m_biome
a:127
IsZoneGenerated
i:0
m_biome
i:1
m_biome
i:2
m_biome
i:3
m_biome
i:4
m_biome
i:5
m_biome
i:6
m_biome
i:7
m_biome
i:8
m_biome
i:9
m_biome
i:10
m_biome
i:11
m_biome
i:12
m_biome
i:13
m_biome
i:14
m_biome
i:15
m_biome
i:16
m_biome
i:17
m_biome
i:18
m_biome
i:19
m_biome
a:128
IsZoneGenerated
biomeArea
a:129
IsZoneGenerated
i:0
m_biome
i:1
m_biome
i:2
m_biome
i:3
m_biome
i:4
m_biome
i:5
m_biome
i:6
m_biome
i:7
m_biome
i:8
m_biome
i:9
m_biome
i:10
m_biome
i:11
m_biome
i:12
m_biome
i:13
m_biome
i:14
m_biome
i:15
m_biome
i:16
m_biome
i:17
m_biome
i:18
m_biome
i:19
m_biome
a:130
IsZoneGenerated
i:0
m_biome
i:1
m_biome
i:2
m_biome
i:3
m_biome
i:4
m_biome
i:5
m_biome
i:6
m_biome
i:7
m_biome
i:8
m_biome
i:9
m_biome
i:10
m_biome
i:11
m_biome
i:12
m_biome
i:13
m_biome
i:14
m_biome
i:15
m_biome
i:16
m_biome
i:17
m_biome
i:18
m_biome
i:19
m_biome
a:131
IsZoneGenerated
biomeArea
a:132
IsZoneGenerated
biomeArea
a:133
IsZoneGenerated
i:0
altitude
i:1
altitude
i:2
altitude
i:3
altitude
i:4
altitude
i:5
altitude
i:6
altitude
i:7
altitude
i:8
altitude
i:9
altitude
i:10
altitude
i:11
altitude
i:12
altitude
i:13
altitude
i:14
altitude
i:15
altitude
i:16
altitude
i:17
altitude
i:18
terrainDelta
i:19
altitude
a:134
ContainsKey
a:135
IsZoneGenerated
i:0
m_biome
i:1
m_biome
i:2
m_biome
i:3
m_biome
i:4
m_biome
i:5
m_biome
i:6
m_biome
i:7
m_biome
i:8
m_biome
i:9
m_biome
i:10
m_biome
i:11
m_biome
i:12
m_biome
i:13
m_biome
i:14
m_biome
i:15
m_biome
i:16
m_biome
i:17
m_biome
i:18
m_biome
i:19
m_biome
a:136
IsZoneGenerated
i:0
m_biome
i:1
m_biome
i:2
m_biome
i:3
m_biome
i:4
m_biome
i:5
m_biome
i:6
m_biome
i:7
m_biome
i:8
m_biome
i:9
m_biome
i:10
m_biome
i:11
m_biome
i:12
m_biome
i:13
m_biome
i:14
m_biome
i:15
m_biome
i:16
m_biome
i:17
m_biome
i:18
m_biome
i:19
m_biome
a:137
IsZoneGenerated
i:0
m_biome
i:1
m_biome
i:2
m_biome
i:3
m_biome
i:4
m_biome
i:5
m_biome
i:6
m_biome
i:7
m_biome
i:8
m_biome
i:9
m_biome
i:10
m_biome
i:11
m_biome
i:12
m_biome
i:13
m_biome
i:14
m_biome
i:15
m_biome
i:16
m_biome
i:17
m_biome
i:18
m_biome
i:19
m_biome
a:138
IsZoneGenerated
i:0
m_biome
i:1
m_biome
i:2
m_biome
i:3
m_biome
i:4
m_biome
i:5
m_biome
i:6
m_biome
i:7
m_biome
i:8
m_biome
i:9
m_biome
i:10
m_biome
i:11
m_biome
i:12
m_biome
i:13
m_biome
i:14
m_biome
i:15
m_biome
i:16
m_biome
i:17
m_biome
i:18
m_biome
i:19
m_biome
a:139
IsZoneGenerated
biomeArea
a:140
IsZoneGenerated
i:0
altitude
i:1
altitude
i:2
altitude
i:3
altitude
i:4
altitude
i:5
altitude
i:6
altitude
i:7
altitude
i:8
altitude
i:9
altitude
i:10
altitude
i:11
altitude
i:12
altitude
i:13
altitude
i:14
altitude
i:15
altitude
i:16
altitude
i:17
altitude
i:18
altitude
i:19
altitude
a:141
IsZoneGenerated
biomeArea
a:142
IsZoneGenerated
i:0
m_biome
i:1
m_biome
i:2
m_biome
i:3
m_biome
i:4
m_biome
i:5
m_biome
i:6
m_biome
i:7
m_biome
i:8
m_biome
i:9
m_biome
i:10
m_biome
i:11
m_biome
i:12
m_biome
i:13
m_biome
i:14
m_biome
i:15
m_biome
i:16
m_biome
i:17
m_biome
i:18
m_biome
i:19
m_biome
a:143
ContainsKey
a:144
IsZoneGenerated
i:0
m_biome
i:1
m_biome
i:2
m_biome
i:3
m_biome
i:4
m_biome
i:5
m_biome
i:6
m_biome
i:7
m_biome
i:8
m_biome
i:9
m_biome
i:10
m_biome
i:11
m_biome
i:12
m_biome
i:13
m_biome
i:14
m_biome
i:15
m_biome
i:16
m_biome
i:17
m_biome
i:18
m_biome
i:19
m_biome
a:145
IsZoneGenerated
biomeArea
a:146
ContainsKey
a:147
IsZoneGenerated
i:0
terrainDelta
i:1
register
a:148
IsZoneGenerated
biomeArea
a:149
IsZoneGenerated
biomeArea
a:150
IsZoneGenerated
biomeArea
a:151
ContainsKey
a:152
IsZoneGenerated
i:0
m_biome
i:1
m_biome
i:2
m_biome
i:3
m_biome
i:4
m_biome
i:5
m_biome
i:6
m_biome
i:7
m_biome
i:8
m_biome
i:9
m_biome
i:10
m_biome
i:11
m_biome
i:12
m_biome
i:13
m_biome
i:14
m_biome
i:15
m_biome
i:16
m_biome
i:17
m_biome
i:18
m_biome
i:19
m_biome
a:153
IsZoneGenerated
i:0
m_biome
i:1
m_biome
i:2
m_biome
i:3
m_biome
i:4
m_biome
i:5
m_biome
i:6
m_biome
i:7
m_biome
i:8
m_biome
i:9
m_biome
i:10
m_biome
i:11
m_biome
i:12
m_biome
i:13
m_biome
i:14
m_biome
i:15
m_biome
i:16
m_biome
i:17
m_biome
i:18
m_biome
i:19
m_biome
a:154
IsZoneGenerated
i:0
m_biome
i:1
m_biome
i:2
m_biome
i:3
m_biome
i:4
m_biome
i:5
m_biome
i:6
m_biome
i:7
m_biome
i:8
m_biome
i:9
m_biome
i:10
m_biome
i:11
m_biome
i:12
m_biome
i:13
m_biome
i:14
m_biome
i:15
m_biome
i:16
m_biome
i:17
m_biome
i:18
m_biome
i:19
m_biome
a:155
ContainsKey
a:156
ContainsKey
a:157
IsZoneGenerated
i:0
m_biome
i:1
m_biome
i:2
m_biome
i:3
m_biome
i:4
m_biome
i:5
m_biome
i:6
m_biome
i:7
m_biome
i:8
m_biome
i:9
m_biome
i:10
m_biome
i:11
m_biome
i:12
m_biome
i:13
m_biome
i:14
m_biome
i:15
m_biome
i:16
m_biome
i:17
m_biome
i:18
m_biome
i:19
m_biome
a:158
IsZoneGenerated
i:0
m_biome
i:1
m_biome
i:2
m_biome
i:3
m_biome
i:4
m_biome
i:5
m_biome
i:6
m_biome
i:7
m_biome
i:8
m_biome
i:9
m_biome
i:10
m_biome
i:11
m_biome
i:12
m_biome
i:13
m_biome
i:14
m_biome
i:15
m_biome
i:16
m_biome
i:17
m_biome
i:18
m_biome
i:19
m_biome
a:159
IsZoneGenerated
biomeArea
a:160
IsZoneGenerated
biomeArea
a:161
IsZoneGenerated
biomeArea
a:162
IsZoneGenerated
biomeArea
a:163
IsZoneGenerated
biomeArea
a:164
IsZoneGenerated
biomeArea
a:165
IsZoneGenerated
i:0
m_biome
i:1
m_biome
i:2
m_biome
i:3
m_biome
i:4
m_biome
i:5
m_biome
i:6
m_biome
i:7
m_biome
i:8
m_biome
i:9
m_biome
i:10
m_biome
i:11
m_biome
i:12
m_biome
i:13
m_biome
i:14
m_biome
i:15
m_biome
i:16
m_biome
i:17
m_biome
i:18
m_biome
i:19
m_biome
a:166
IsZoneGenerated
i:0
m_biome
i:1
m_biome
i:2
m_biome
i:3
m_biome
i:4
m_biome
i:5
m_biome
i:6
m_biome
i:7
m_biome
i:8
m_biome
i:9
m_biome
i:10
m_biome
i:11
m_biome
i:12
m_biome
i:13
m_biome
i:14
m_biome
i:15
m_biome
i:16
m_biome
i:17
m_biome
i:18
m_biome
i:19
m_biome
a:167
IsZoneGenerated
i:0
m_biome
i:1
m_biome
i:2
m_biome
i:3
m_biome
i:4
m_biome
i:5
m_biome
i:6
m_biome
i:7
m_biome
i:8
m_biome
i:9
m_biome
i:10
m_biome
i:11
m_biome
i:12
m_biome
i:13
m_biome
i:14
m_biome
i:15
m_biome
i:16
m_biome
i:17
m_biome
i:18
m_biome
i:19
m_biome
a:168
IsZoneGenerated
biomeArea
a:169
IsZoneGenerated
i:0
m_biome
i:1
m_biome
i:2
m_biome
i:3
m_biome
i:4
m_biome
i:5
m_biome
i:6
m_biome
i:7
m_biome
i:8
m_biome
i:9
m_biome
i:10
m_biome
i:11
m_biome
i:12
m_biome
i:13
m_biome
i:14
m_biome
i:15
m_biome
i:16
m_biome
i:17
m_biome
i:18
m_biome
i:19
m_biome
a:170
IsZoneGenerated
biomeArea
a:171
IsZoneGenerated
biomeArea
a:172
IsZoneGenerated
i:0
m_biome
i:1
m_biome
i:2
m_biome
i:3
m_biome
i:4
m_biome
i:5
m_biome
i:6
m_biome
i:7
m_biome
i:8
m_biome
i:9
m_biome
i:10
m_biome
i:11
m_biome
i:12
m_biome
i:13
m_biome
i:14
m_biome
i:15
m_biome
i:16
m_biome
i:17
m_biome
i:18
m_biome
i:19
m_biome
a:173
IsZoneGenerated
biomeArea
a:174
IsZoneGenerated
biomeArea
a:175
IsZoneGenerated
i:0
m_biome
i:1
m_biome
i:2
m_biome
i:3
m_biome
i:4
m_biome
i:5
m_biome
i:6
m_biome
i:7
m_biome
i:8
m_biome
i:9
m_biome
i:10
m_biome
i:11
m_biome
i:12
m_biome
i:13
m_biome
i:14
m_biome
i:15
m_biome
i:16
m_biome
i:17
m_biome
i:18
m_biome
i:19
m_biome
a:176
IsZoneGenerated
biomeArea
a:177
IsZoneGenerated
biomeArea
a:178
IsZoneGenerated
biomeArea
a:179
IsZoneGenerated
biomeArea
a:180
IsZoneGenerated
biomeArea
a:181
ContainsKey
a:182
IsZoneGenerated
biomeArea
a:183
IsZoneGenerated
biomeArea
a:184
IsZoneGenerated
i:0
m_biome
i:1
m_biome
i:2
m_biome
i:3
m_biome
i:4
m_biome
i:5
m_biome
i:6
m_biome
i:7
m_biome
i:8
m_biome
i:9
m_biome
i:10
m_biome
i:11
m_biome
i:12
m_biome
i:13
m_biome
i:14
m_biome
i:15
m_biome
i:16
m_biome
i:17
m_biome
i:18
m_biome
i:19
m_biome
a:185
IsZoneGenerated
i:0
m_biome
i:1
m_biome
i:2
m_biome
i:3
m_biome
i:4
m_biome
i:5
m_biome
i:6
m_biome
i:7
m_biome
i:8
m_biome
i:9
m_biome
i:10
m_biome
i:11
m_biome
i:12
m_biome
i:13
m_biome
i:14
m_biome
i:15
m_biome
i:16
m_biome
i:17
m_biome
i:18
m_biome
i:19
m_biome
a:186
IsZoneGenerated
biomeArea
a:187
IsZoneGenerated
i:0
altitude
i:1
altitude
i:2
altitude
i:3
altitude
i:4
altitude
i:5
altitude
i:6
altitude
i:7
altitude
i:8
altitude
i:9
altitude
i:10
altitude
i:11
altitude
i:12
altitude
i:13
altitude
i:14
altitude
i:15
altitude
i:16
altitude
i:17
altitude
i:18
altitude
i:19
altitude
a:188
IsZoneGenerated
biomeArea
a:189
IsZoneGenerated
biomeArea
a:190
IsZoneGenerated
biomeArea
a:191
IsZoneGenerated
biomeArea
a:192
IsZoneGenerated
i:0
m_biome
i:1
m_biome
i:2
m_biome
i:3
m_biome
i:4
m_biome
i:5
m_biome
i:6
m_biome
i:7
m_biome
i:8
m_biome
i:9
m_biome
i:10
m_biome
i:11
m_biome
i:12
m_biome
i:13
m_biome
i:14
m_biome
i:15
m_biome
i:16
m_biome
i:17
m_biome
i:18
m_biome
i:19
m_biome
a:193
IsZoneGenerated
i:0
altitude
i:1
altitude
i:2
altitude
i:3
altitude
i:4
altitude
i:5
terrainDelta
i:6
altitude
i:7
altitude
i:8
altitude
i:9
altitude
i:10
noRegister
i:11
altitude
i:12
altitude
i:13
altitude
i:14
altitude
i:15
altitude
i:16
altitude
i:17
altitude
i:18
altitude
i:19
altitude
a:194
IsZoneGenerated
i:0
register
a:195
IsZoneGenerated
biomeArea
a:196
IsZoneGenerated
biomeArea
a:197
IsZoneGenerated
biomeArea
a:198
IsZoneGenerated
biomeArea
a:199
IsZoneGenerated
i:0
m_biome
i:1
m_biome
i:2
m_biome
i:3
m_biome
i:4
m_biome
i:5
m_biome
i:6
m_biome
i:7
m_biome
i:8
m_biome
i:9
m_biome
i:10
m_biome
i:11
m_biome
i:12
m_biome
i:13
m_biome
i:14
m_biome
i:15
m_biome
i:16
m_biome
i:17
m_biome
i:18
m_biome
i:19
m_biome
a:200
IsZoneGenerated
biomeArea
a:201
IsZoneGenerated
biomeArea
a:202
IsZoneGenerated
biomeArea
a:203
IsZoneGenerated
i:0
altitude
i:1
altitude
i:2
altitude
i:3
altitude
i:4
altitude
i:5
altitude
i:6
altitude
i:7
altitude
i:8
altitude
i:9
altitude
i:10
altitude
i:11
altitude
i:12
altitude
i:13
altitude
i:14
altitude
i:15
altitude
i:16
altitude
i:17
altitude
i:18
register
a:204
IsZoneGenerated
i:0
terrainDelta
i:1
altitude
i:2
altitude
i:3
altitude
i:4
altitude
i:5
altitude
i:6
terrainDelta
i:7
altitude
i:8
altitude
i:9
register
a:205
IsZoneGenerated
i:0
m_biome
i:1
m_biome
i:2
m_biome
i:3
m_biome
i:4
m_biome
i:5
m_biome
i:6
m_biome
i:7
m_biome
i:8
m_biome
i:9
m_biome
i:10
m_biome
i:11
m_biome
i:12
m_biome
i:13
m_biome
i:14
m_biome
i:15
m_biome
i:16
m_biome
i:17
m_biome
i:18
m_biome
i:19
m_biome
a:206
IsZoneGenerated
i:0
m_biome
i:1
m_biome
i:2
m_biome
i:3
m_biome
i:4
m_biome
i:5
m_biome
i:6
m_biome
i:7
m_biome
i:8
m_biome
i:9
m_biome
i:10
m_biome
i:11
m_biome
i:12
m_biome
i:13
m_biome
i:14
m_biome
i:15
m_biome
i:16
m_biome
i:17
m_biome
i:18
m_biome
i:19
m_biome
a:207
ContainsKey
a:208
IsZoneGenerated
i:0
terrainDelta
i:1
altitude
i:2
altitude
i:3
register
a:209
IsZoneGenerated
i:0
m_biome
i:1
m_biome
i:2
m_biome
i:3
m_biome
i:4
m_biome
i:5
m_biome
i:6
m_biome
i:7
m_biome
i:8
m_biome
i:9
m_biome
i:10
m_biome
i:11
m_biome
i:12
m_biome
i:13
m_biome
i:14
m_biome
i:15
m_biome
i:16
m_biome
i:17
m_biome
i:18
m_biome
i:19
m_biome
a:210
IsZoneGenerated
biomeArea
a:211
IsZoneGenerated
biomeArea
a:212
IsZoneGenerated
biomeArea
a:213
IsZoneGenerated
biomeArea
a:214
IsZoneGenerated
biomeArea
a:215
IsZoneGenerated
biomeArea
a:216
ContainsKey
a:217
IsZoneGenerated
i:0
noRegister
i:1
terrainDelta
i:2
terrainDelta
i:3
noRegister
i:4
terrainDelta
i:5
noRegister
i:6
noRegister
i:7
terrainDelta
i:8
terrainDelta
i:9
noRegister
i:10
noRegister
i:11
noRegister
i:12
terrainDelta
i:13
terrainDelta
i:14
terrainDelta
i:15
terrainDelta
i:16
terrainDelta
i:17
noRegister
i:18
terrainDelta
i:19
noRegister
a:218
IsZoneGenerated
biomeArea
a:219
IsZoneGenerated
biomeArea
a:220
IsZoneGenerated
i:0
m_biome
i:1
m_biome
i:2
m_biome
i:3
m_biome
i:4
m_biome
i:5
m_biome
i:6
m_biome
i:7
m_biome
i:8
m_biome
i:9
m_biome
i:10
m_biome
i:11
m_biome
i:12
m_biome
i:13
m_biome
i:14
m_biome
i:15
m_biome
i:16
m_biome
i:17
m_biome
i:18
m_biome
i:19
m_biome
a:221
IsZoneGenerated
i:0
register
a:222
ContainsKey
a:223
IsZoneGenerated
i:0
m_biome
i:1
m_biome
i:2
m_biome
i:3
m_biome
i:4
m_biome
i:5
m_biome
i:6
m_biome
i:7
m_biome
i:8
m_biome
i:9
m_biome
i:10
m_biome
i:11
m_biome
i:12
m_biome
i:13
m_biome
i:14
m_biome
i:15
m_biome
i:16
m_biome
i:17
m_biome
i:18
m_biome
i:19
m_biome
a:224
IsZoneGenerated
i:0
m_biome
i:1
m_biome
i:2
m_biome
i:3
m_biome
i:4
m_biome
i:5
m_biome
i:6
m_biome
i:7
m_biome
i:8
m_biome
i:9
m_biome
i:10
m_biome
i:11
m_biome
i:12
m_biome
i:13
m_biome
i:14
m_biome
i:15
m_biome
i:16
m_biome
i:17
m_biome
i:18
m_biome
i:19
m_biome
a:225
ContainsKey
a:226
IsZoneGenerated
i:0
terrainDelta
i:1
terrainDelta
i:2
altitude
i:3
terrainDelta
i:4
terrainDelta
i:5
altitude
i:6
altitude
i:7
altitude
i:8
terrainDelta
i:9
terrainDelta
i:10
terrainDelta
i:11
altitude
i:12
altitude
i:13
altitude
i:14
terrainDelta
i:15
register
a:227
IsZoneGenerated
biomeArea
a:228
IsZoneGenerated
biomeArea
a:229
IsZoneGenerated
i:0
m_biome
i:1
m_biome
i:2
m_biome
i:3
m_biome
i:4
m_biome
i:5
m_biome
i:6
m_biome
i:7
m_biome
i:8
m_biome
i:9
m_biome
i:10
m_biome
i:11
m_biome
i:12
m_biome
i:13
m_biome
i:14
m_biome
i:15
m_biome
i:16
m_biome
i:17
m_biome
i:18
m_biome
i:19
m_biome
a:230
IsZoneGenerated
biomeArea
a:231
IsZoneGenerated
biomeArea
a:232
IsZoneGenerated
biomeArea
a:233
IsZoneGenerated
biomeArea
a:234
IsZoneGenerated
biomeArea
a:235
IsZoneGenerated
biomeArea
a:236
ContainsKey
a:237
IsZoneGenerated
biomeArea
a:238
IsZoneGenerated
i:0
m_biome
i:1
m_biome
i:2
m_biome
i:3
m_biome
i:4
m_biome
i:5
m_biome
i:6
m_biome
i:7
m_biome
i:8
m_biome
i:9
m_biome
i:10
m_biome
i:11
m_biome
i:12
m_biome
i:13
m_biome
i:14
m_biome
i:15
m_biome
i:16
m_biome
i:17
m_biome
i:18
m_biome
i:19
m_biome
a:239
IsZoneGenerated
i:0
m_biome
i:1
m_biome
i:2
m_biome
i:3
m_biome
i:4
m_biome
i:5
m_biome
i:6
m_biome
i:7
m_biome
i:8
m_biome
i:9
m_biome
i:10
m_biome
i:11
m_biome
i:12
m_biome
i:13
m_biome
i:14
m_biome
i:15
m_biome
i:16
m_biome
i:17
m_biome
i:18
m_biome
i:19
m_biome
a:240
IsZoneGenerated
i:0
m_biome
i:1
m_biome
i:2
m_biome
i:3
m_biome
i:4
m_biome
i:5
m_biome
i:6
m_biome
i:7
m_biome
i:8
m_biome
i:9
m_biome
i:10
m_biome
i:11
m_biome
i:12
m_biome
i:13
m_biome
i:14
m_biome
i:15
m_biome
i:16
m_biome
i:17
m_biome
i:18
m_biome
i:19
m_biome
a:241
IsZoneGenerated
i:0
m_biome
i:1
m_biome
i:2
m_biome
i:3
m_biome
i:4
m_biome
i:5
m_biome
i:6
m_biome
i:7
m_biome
i:8
m_biome
i:9
m_biome
i:10
m_biome
i:11
m_biome
i:12
m_biome
i:13
m_biome
i:14
m_biome
i:15
m_biome
i:16
m_biome
i:17
m_biome
i:18
m_biome
i:19
m_biome
a:242
IsZoneGenerated
biomeArea
a:243
IsZoneGenerated
i:0
m_biome
i:1
m_biome
i:2
m_biome
i:3
m_biome
i:4
m_biome
i:5
m_biome
i:6
m_biome
i:7
m_biome
i:8
m_biome
i:9
m_biome
i:10
m_biome
i:11
m_biome
i:12
m_biome
i:13
m_biome
i:14
m_biome
i:15
m_biome
i:16
m_biome
i:17
m_biome
i:18
m_biome
i:19
m_biome
a:244
IsZoneGenerated
i:0
m_biome
i:1
m_biome
i:2
m_biome
i:3
m_biome
i:4
m_biome
i:5
m_biome
i:6
m_biome
i:7
m_biome
i:8
m_biome
i:9
m_biome
i:10
m_biome
i:11
m_biome
i:12
m_biome
i:13
m_biome
i:14
m_biome
i:15
m_biome
i:16
m_biome
i:17
m_biome
i:18
m_biome
i:19
m_biome
a:245
IsZoneGenerated
biomeArea
a:246
IsZoneGenerated
biomeArea
a:247
IsZoneGenerated
biomeArea
a:248
IsZoneGenerated
i:0
m_biome
i:1
m_biome
i:2
m_biome
i:3
m_biome
i:4
m_biome
i:5
m_biome
i:6
m_biome
i:7
m_biome
i:8
m_biome
i:9
m_biome
i:10
m_biome
i:11
m_biome
i:12
m_biome
i:13
m_biome
i:14
m_biome
i:15
m_biome
i:16
m_biome
i:17
m_biome
i:18
m_biome
i:19
m_biome
a:249
IsZoneGenerated
i:0
altitude
i:1
register
a:250
IsZoneGenerated
biomeArea
a:251
IsZoneGenerated
i:0
m_biome
i:1
m_biome
i:2
m_biome
i:3
m_biome
i:4
m_biome
i:5
m_biome
i:6
m_biome
i:7
m_biome
i:8
m_biome
i:9
m_biome
i:10
m_biome
i:11
m_biome
i:12
m_biome
i:13
m_biome
i:14
m_biome
i:15
m_biome
i:16
m_biome
i:17
m_biome
i:18
m_biome
i:19
m_biome
a:252
IsZoneGenerated
biomeArea
a:253
IsZoneGenerated
biomeArea
a:254
IsZoneGenerated
i:0
register
a:255
IsZoneGenerated
biomeArea
a:256
IsZoneGenerated
i:0
m_biome
i:1
m_biome
i:2
m_biome
i:3
m_biome
i:4
m_biome
i:5
m_biome
i:6
m_biome
i:7
m_biome
i:8
m_biome
i:9
m_biome
i:10
m_biome
i:11
m_biome
i:12
m_biome
i:13
m_biome
i:14
m_biome
i:15
m_biome
i:16
m_biome
i:17
m_biome
i:18
m_biome
i:19
m_biome
a:257
IsZoneGenerated
i:0
m_biome
i:1
m_biome
i:2
m_biome
i:3
m_biome
i:4
m_biome
i:5
m_biome
i:6
m_biome
i:7
m_biome
i:8
m_biome
i:9
m_biome
i:10
m_biome
i:11
m_biome
i:12
m_biome
i:13
m_biome
i:14
m_biome
i:15
m_biome
i:16
m_biome
i:17
m_biome
i:18
m_biome
i:19
m_biome
a:258
IsZoneGenerated
biomeArea
a:259
IsZoneGenerated
biomeArea
a:260
IsZoneGenerated
biomeArea
a:261
IsZoneGenerated
biomeArea
a:262
IsZoneGenerated
biomeArea
a:263
IsZoneGenerated
i:0
m_biome
i:1
m_biome
i:2
m_biome
i:3
m_biome
i:4
m_biome
i:5
m_biome
i:6
m_biome
i:7
m_biome
i:8
m_biome
i:9
m_biome
i:10
m_biome
i:11
m_biome
i:12
m_biome
i:13
m_biome
i:14
m_biome
i:15
m_biome
i:16
m_biome
i:17
m_biome
i:18
m_biome
i:19
m_biome
a:264
IsZoneGenerated
biomeArea
a:265
IsZoneGenerated
i:0
m_biome
i:1
m_biome
i:2
m_biome
i:3
m_biome
i:4
m_biome
i:5
m_biome
i:6
m_biome
i:7
m_biome
i:8
m_biome
i:9
m_biome
i:10
m_biome
i:11
m_biome
i:12
m_biome
i:13
m_biome
i:14
m_biome
i:15
m_biome
i:16
m_biome
i:17
m_biome
i:18
m_biome
i:19
m_biome
a:266
IsZoneGenerated
i:0
m_biome
i:1
m_biome
i:2
m_biome
i:3
m_biome
i:4
m_biome
i:5
m_biome
i:6
m_biome
i:7
m_biome
i:8
m_biome
i:9
m_biome
i:10
m_biome
i:11
m_biome
i:12
m_biome
i:13
m_biome
i:14
m_biome
i:15
m_biome
i:16
m_biome
i:17
m_biome
i:18
m_biome
i:19
m_biome
a:267
IsZoneGenerated
biomeArea
a:268
IsZoneGenerated
i:0
m_biome
i:1
m_biome
i:2
m_biome
i:3
m_biome
i:4
m_biome
i:5
m_biome
i:6
m_biome
i:7
m_biome
i:8
m_biome
i:9
m_biome
i:10
m_biome
i:11
m_biome
i:12
m_biome
i:13
m_biome
i:14
m_biome
i:15
m_biome
i:16
m_biome
i:17
m_biome
i:18
m_biome
i:19
m_biome
a:269
IsZoneGenerated
i:0
altitude
i:1
register
a:270
ContainsKey
a:271
IsZoneGenerated
biomeArea
a:272
IsZoneGenerated
biomeArea
a:273
IsZoneGenerated
i:0
m_biome
i:1
m_biome
i:2
m_biome
i:3
m_biome
i:4
m_biome
i:5
m_biome
i:6
m_biome
i:7
m_biome
i:8
m_biome
i:9
m_biome
i:10
m_biome
i:11
m_biome
i:12
m_biome
i:13
m_biome
i:14
m_biome
i:15
m_biome
i:16
m_biome
i:17
m_biome
i:18
m_biome
i:19
m_biome
a:274
IsZoneGenerated
biomeArea
a:275
IsZoneGenerated
biomeArea
a:276
IsZoneGenerated
i:0
m_biome
i:1
m_biome
i:2
m_biome
i:3
m_biome
i:4
m_biome
i:5
m_biome
i:6
m_biome
i:7
m_biome
i:8
m_biome
i:9
m_biome
i:10
m_biome
i:11
m_biome
i:12
m_biome
i:13
m_biome
i:14
m_biome
i:15
m_biome
i:16
m_biome
i:17
m_biome
i:18
m_biome
i:19
m_biome
a:277
IsZoneGenerated
i:0
m_biome
i:1
m_biome
i:2
m_biome
i:3
m_biome
i:4
m_biome
i:5
m_biome
i:6
m_biome
i:7
m_biome
i:8
m_biome
i:9
m_biome
i:10
m_biome
i:11
m_biome
i:12
m_biome
i:13
m_biome
i:14
m_biome
i:15
m_biome
i:16
m_biome
i:17
m_biome
i:18
m_biome
i:19
m_biome
a:278
IsZoneGenerated
biomeArea
a:279
ContainsKey
a:280
IsZoneGenerated
biomeArea
a:281
IsZoneGenerated
biomeArea
a:282
IsZoneGenerated
i:0
m_biome
i:1
m_biome
i:2
m_biome
i:3
m_biome
i:4
m_biome
i:5
m_biome
i:6
m_biome
i:7
m_biome
i:8
m_biome
i:9
m_biome
i:10
m_biome
i:11
m_biome
i:12
m_biome
i:13
m_biome
i:14
m_biome
i:15
m_biome
i:16
m_biome
i:17
m_biome
i:18
m_biome
i:19
m_biome
a:283
IsZoneGenerated
biomeArea
a:284
IsZoneGenerated
i:0
m_biome
i:1
m_biome
i:2
m_biome
i:3
m_biome
i:4
m_biome
i:5
m_biome
i:6
m_biome
i:7
m_biome
i:8
m_biome
i:9
m_biome
i:10
m_biome
i:11
m_biome
i:12
m_biome
i:13
m_biome
i:14
m_biome
i:15
m_biome
i:16
m_biome
i:17
m_biome
i:18
m_biome
i:19
m_biome
a:285
IsZoneGenerated
i:0
m_biome
i:1
m_biome
i:2
m_biome
i:3
m_biome
i:4
m_biome
i:5
m_biome
i:6
m_biome
i:7
m_biome
i:8
m_biome
i:9
m_biome
i:10
m_biome
i:11
m_biome
i:12
m_biome
i:13
m_biome
i:14
m_biome
i:15
m_biome
i:16
m_biome
i:17
m_biome
i:18
m_biome
i:19
m_biome
a:286
IsZoneGenerated
biomeArea
a:287
IsZoneGenerated
biomeArea
a:288
IsZoneGenerated
i:0
altitude
i:1
altitude
i:2
register
a:289
IsZoneGenerated
i:0
terrainDelta
i:1
noRegister
i:2
noRegister
i:3
noRegister
i:4
noRegister
i:5
noRegister
i:6
altitude
i:7
altitude
i:8
noRegister
i:9
noRegister
i:10
noRegister
i:11
terrainDelta
i:12
terrainDelta
i:13
noRegister
i:14
noRegister
i:15
noRegister
i:16
noRegister
i:17
noRegister
i:18
noRegister
i:19
noRegister
a:290
IsZoneGenerated
i:0
m_biome
i:1
m_biome
i:2
m_biome
i:3
m_biome
i:4
m_biome
i:5
m_biome
i:6
m_biome
i:7
m_biome
i:8
m_biome
i:9
m_biome
i:10
m_biome
i:11
m_biome
i:12
m_biome
i:13
m_biome
i:14
m_biome
i:15
m_biome
i:16
m_biome
i:17
m_biome
i:18
m_biome
i:19
m_biome
a:291
IsZoneGenerated
biomeArea
a:292
IsZoneGenerated
i:0
m_biome
i:1
m_biome
i:2
m_biome
i:3
m_biome
i:4
m_biome
i:5
m_biome
i:6
m_biome
i:7
m_biome
i:8
m_biome
i:9
m_biome
i:10
m_biome
i:11
m_biome
i:12
m_biome
i:13
m_biome
i:14
m_biome
i:15
m_biome
i:16
m_biome
i:17
m_biome
i:18
m_biome
i:19
m_biome
a:293
IsZoneGenerated
biomeArea
a:294
IsZoneGenerated
biomeArea
a:295
IsZoneGenerated
biomeArea
a:296
IsZoneGenerated
biomeArea
a:297
IsZoneGenerated
biomeArea
a:298
IsZoneGenerated
i:0
m_biome
i:1
m_biome
i:2
m_biome
i:3
m_biome
i:4
m_biome
i:5
m_biome
i:6
m_biome
i:7
m_biome
i:8
m_biome
i:9
m_biome
i:10
m_biome
i:11
m_biome
i:12
m_biome
i:13
m_biome
i:14
m_biome
i:15
m_biome
i:16
m_biome
i:17
m_biome
i:18
m_biome
i:19
m_biome
a:299
IsZoneGenerated
i:0
m_biome
i:1
m_biome
i:2
m_biome
i:3
m_biome
i:4
m_biome
i:5
m_biome
i:6
m_biome
i:7
m_biome
i:8
m_biome
i:9
m_biome
i:10
m_biome
i:11
m_biome
i:12
m_biome
i:13
m_biome
i:14
m_biome
i:15
m_biome
i:16
m_biome
i:17
m_biome
i:18
m_biome
i:19
m_biome
a:300
IsZoneGenerated
i:0
m_biome
i:1
m_biome
i:2
m_biome
i:3
m_biome
i:4
m_biome
i:5
m_biome
i:6
m_biome
i:7
m_biome
i:8
m_biome
i:9
m_biome
i:10
m_biome
i:11
m_biome
i:12
m_biome
i:13
m_biome
i:14
m_biome
i:15
m_biome
i:16
m_biome
i:17
m_biome
i:18
m_biome
i:19
m_biome
a:301
IsZoneGenerated
i:0
m_biome
i:1
m_biome
i:2
m_biome
i:3
m_biome
i:4
m_biome
i:5
m_biome
i:6
m_biome
i:7
m_biome
i:8
m_biome
i:9
m_biome
i:10
m_biome
i:11
m_biome
i:12
m_biome
i:13
m_biome
i:14
m_biome
i:15
m_biome
i:16
m_biome
i:17
m_biome
i:18
m_biome
i:19
m_biome
a:302
ContainsKey
a:303
IsZoneGenerated
i:0
m_biome
i:1
m_biome
i:2
m_biome
i:3
m_biome
i:4
m_biome
i:5
m_biome
i:6
m_biome
i:7
m_biome
i:8
m_biome
i:9
m_biome
i:10
m_biome
i:11
m_biome
i:12
m_biome
i:13
m_biome
i:14
m_biome
i:15
m_biome
i:16
m_biome
i:17
m_biome
i:18
m_biome
i:19
m_biome
a:304
IsZoneGenerated
i:0
terrainDelta
i:1
altitude
i:2
altitude
i:3
altitude
i:4
register
a:305
IsZoneGenerated
biomeArea
a:306
IsZoneGenerated
i:0
m_biome
i:1
m_biome
i:2
m_biome
i:3
m_biome
i:4
m_biome
i:5
m_biome
i:6
m_biome
i:7
m_biome
i:8
m_biome
i:9
m_biome
i:10
m_biome
i:11
m_biome
i:12
m_biome
i:13
m_biome
i:14
m_biome
i:15
m_biome
i:16
m_biome
i:17
m_biome
i:18
m_biome
i:19
m_biome
a:307
IsZoneGenerated
biomeArea
a:308
IsZoneGenerated
biomeArea
a:309
IsZoneGenerated
i:0
m_biome
i:1
m_biome
i:2
m_biome
i:3
m_biome
i:4
m_biome
i:5
m_biome
i:6
m_biome
i:7
m_biome
i:8
m_biome
i:9
m_biome
i:10
m_biome
i:11
m_biome
i:12
m_biome
i:13
m_biome
i:14
m_biome
i:15
m_biome
i:16
m_biome
i:17
m_biome
i:18
m_biome
i:19
m_biome
a:310
IsZoneGenerated
i:0
m_biome
i:1
m_biome
i:2
m_biome
i:3
m_biome
i:4
m_biome
i:5
m_biome
i:6
m_biome
i:7
m_biome
i:8
m_biome
i:9
m_biome
i:10
m_biome
i:11
m_biome
i:12
m_biome
i:13
m_biome
i:14
m_biome
i:15
m_biome
i:16
m_biome
i:17
m_biome
i:18
m_biome
i:19
m_biome
a:311
IsZoneGenerated
i:0
m_biome
i:1
m_biome
i:2
m_biome
i:3
m_biome
i:4
m_biome
i:5
m_biome
i:6
m_biome
i:7
m_biome
i:8
m_biome
i:9
m_biome
i:10
m_biome
i:11
m_biome
i:12
m_biome
i:13
m_biome
i:14
m_biome
i:15
m_biome
i:16
m_biome
i:17
m_biome
i:18
m_biome
i:19
m_biome
a:312
IsZoneGenerated
biomeArea
a:313
IsZoneGenerated
biomeArea
a:314
IsZoneGenerated
i:0
m_biome
i:1
m_biome
i:2
m_biome
i:3
m_biome
i:4
m_biome
i:5
m_biome
i:6
m_biome
i:7
m_biome
i:8
m_biome
i:9
m_biome
i:10
m_biome
i:11
m_biome
i:12
m_biome
i:13
m_biome
i:14
m_biome
i:15
m_biome
i:16
m_biome
i:17
m_biome
i:18
m_biome
i:19
m_biome
a:315
IsZoneGenerated
biomeArea
a:316
IsZoneGenerated
biomeArea
a:317
IsZoneGenerated
biomeArea
a:318
IsZoneGenerated
i:0
m_biome
i:1
m_biome
i:2
m_biome
i:3
m_biome
i:4
m_biome
i:5
m_biome
i:6
m_biome
i:7
m_biome
i:8
m_biome
i:9
m_biome
i:10
m_biome
i:11
m_biome
i:12
m_biome
i:13
m_biome
i:14
m_biome
i:15
m_biome
i:16
m_biome
i:17
m_biome
i:18
m_biome
i:19
m_biome
a:319
IsZoneGenerated
biomeArea
a:320
IsZoneGenerated
biomeArea
a:321
IsZoneGenerated
biomeArea
a:322
IsZoneGenerated
i:0
m_biome
i:1
m_biome
i:2
m_biome
i:3
m_biome
i:4
m_biome
i:5
m_biome
i:6
m_biome
i:7
m_biome
i:8
m_biome
i:9
m_biome
i:10
m_biome
i:11
m_biome
i:12
m_biome
i:13
m_biome
i:14
m_biome
i:15
m_biome
i:16
m_biome
i:17
m_biome
i:18
m_biome
i:19
m_biome
a:323
IsZoneGenerated
biomeArea
a:324
IsZoneGenerated
i:0
m_biome
i:1
m_biome
i:2
m_biome
i:3
m_biome
i:4
m_biome
i:5
m_biome
i:6
m_biome
i:7
m_biome
i:8
m_biome
i:9
m_biome
i:10
m_biome
i:11
m_biome
i:12
m_biome
i:13
m_biome
i:14
m_biome
i:15
m_biome
i:16
m_biome
i:17
m_biome
i:18
m_biome
i:19
m_biome
a:325
IsZoneGenerated
biomeArea
a:326
IsZoneGenerated
biomeArea
a:327
ContainsKey
a:328
IsZoneGenerated
biomeArea
a:329
IsZoneGenerated
i:0
m_biome
i:1
m_biome
i:2
m_biome
i:3
m_biome
i:4
m_biome
i:5
m_biome
i:6
m_biome
i:7
m_biome
i:8
m_biome
i:9
m_biome
i:10
m_biome
i:11
m_biome
i:12
m_biome
i:13
m_biome
i:14
m_biome
i:15
m_biome
i:16
m_biome
i:17
m_biome
i:18
m_biome
i:19
m_biome
a:330
IsZoneGenerated
i:0
m_biome
i:1
m_biome
i:2
m_biome
i:3
m_biome
i:4
m_biome
i:5
m_biome
i:6
m_biome
i:7
m_biome
i:8
m_biome
i:9
m_biome
i:10
m_biome
i:11
m_biome
i:12
m_biome
i:13
m_biome
i:14
m_biome
i:15
m_biome
i:16
m_biome
i:17
m_biome
i:18
m_biome
i:19
m_biome
a:331
IsZoneGenerated
biomeArea
a:332
IsZoneGenerated
biomeArea
a:333
ContainsKey
a:334
IsZoneGenerated
i:0
m_biome
i:1
m_biome
i:2
m_biome
i:3
m_biome
i:4
m_biome
i:5
m_biome
i:6
m_biome
i:7
m_biome
i:8
m_biome
i:9
m_biome
i:10
m_biome
i:11
m_biome
i:12
m_biome
i:13
m_biome
i:14
m_biome
i:15
m_biome
i:16
m_biome
i:17
m_biome
i:18
m_biome
i:19
m_biome
a:335
IsZoneGenerated
biomeArea
a:336
IsZoneGenerated
biomeArea
a:337
IsZoneGenerated
i:0
m_biome
i:1
m_biome
i:2
m_biome
i:3
m_biome
i:4
m_biome
i:5
m_biome
i:6
m_biome
i:7
m_biome
i:8
m_biome
i:9
m_biome
i:10
m_biome
i:11
m_biome
i:12
m_biome
i:13
m_biome
i:14
m_biome
i:15
m_biome
i:16
m_biome
i:17
m_biome
i:18
m_biome
i:19
m_biome
a:338
IsZoneGenerated
biomeArea
a:339
IsZoneGenerated
biomeArea
a:340
IsZoneGenerated
biomeArea
a:341
IsZoneGenerated
i:0
m_biome
i:1
m_biome
i:2
m_biome
i:3
m_biome
i:4
m_biome
i:5
m_biome
i:6
m_biome
i:7
m_biome
i:8
m_biome
i:9
m_biome
i:10
m_biome
i:11
m_biome
i:12
m_biome
i:13
m_biome
i:14
m_biome
i:15
m_biome
i:16
m_biome
i:17
m_biome
i:18
m_biome
i:19
m_biome
a:342
ContainsKey
a:343
IsZoneGenerated
biomeArea
a:344
IsZoneGenerated
biomeArea
a:345
IsZoneGenerated
biomeArea
a:346
IsZoneGenerated
biomeArea
a:347
IsZoneGenerated
biomeArea
a:348
ContainsKey
a:349
IsZoneGenerated
biomeArea
a:350
IsZoneGenerated
i:0
m_biome
i:1
m_biome
i:2
m_biome
i:3
m_biome
i:4
m_biome
i:5
m_biome
i:6
m_biome
i:7
m_biome
i:8
m_biome
i:9
m_biome
i:10
m_biome
i:11
m_biome
i:12
m_biome
i:13
m_biome
i:14
m_biome
i:15
m_biome
i:16
m_biome
i:17
m_biome
i:18
m_biome
i:19
m_biome
a:351
IsZoneGenerated
i:0
m_biome
i:1
m_biome
i:2
m_biome
i:3
m_biome
i:4
m_biome
i:5
m_biome
i:6
m_biome
i:7
m_biome
i:8
m_biome
i:9
m_biome
i:10
m_biome
i:11
m_biome
i:12
m_biome
i:13
m_biome
i:14
m_biome
i:15
m_biome
i:16
m_biome
i:17
m_biome
i:18
m_biome
i:19
m_biome
a:352
IsZoneGenerated
biomeArea
a:353
IsZoneGenerated
biomeArea
a:354
IsZoneGenerated
biomeArea
a:355
IsZoneGenerated
biomeArea
a:356
IsZoneGenerated
biomeArea
a:357
IsZoneGenerated
biomeArea
a:358
IsZoneGenerated
biomeArea
a:359
IsZoneGenerated
biomeArea
a:360
ContainsKey
a:361
ContainsKey
a:362
IsZoneGenerated
biomeArea
a:363
IsZoneGenerated
biomeArea
a:364
IsZoneGenerated
i:0
m_biome
i:1
m_biome
i:2
m_biome
i:3
m_biome
i:4
m_biome
i:5
m_biome
i:6
m_biome
i:7
m_biome
i:8
m_biome
i:9
m_biome
i:10
m_biome
i:11
m_biome
i:12
m_biome
i:13
m_biome
i:14
m_biome
i:15
m_biome
i:16
m_biome
i:17
m_biome
i:18
m_biome
i:19
m_biome
a:365
IsZoneGenerated
i:0
m_biome
i:1
m_biome
i:2
m_biome
i:3
m_biome
i:4
m_biome
i:5
m_biome
i:6
m_biome
i:7
m_biome
i:8
m_biome
i:9
m_biome
i:10
m_biome
i:11
m_biome
i:12
m_biome
i:13
m_biome
i:14
m_biome
i:15
m_biome
i:16
m_biome
i:17
m_biome
i:18
m_biome
i:19
m_biome
a:366
IsZoneGenerated
biomeArea
a:367
ContainsKey
a:368
ContainsKey
a:369
ContainsKey
a:370
IsZoneGenerated
biomeArea
a:371
IsZoneGenerated
i:0
m_biome
i:1
m_biome
i:2
m_biome
i:3
m_biome
i:4
m_biome
i:5
m_biome
i:6
m_biome
i:7
m_biome
i:8
m_biome
i:9
m_biome
i:10
m_biome
i:11
m_biome
i:12
m_biome
i:13
m_biome
i:14
m_biome
i:15
m_biome
i:16
m_biome
i:17
m_biome
i:18
m_biome
i:19
m_biome
a:372
IsZoneGenerated
biomeArea
a:373
IsZoneGenerated
biomeArea
a:374
IsZoneGenerated
biomeArea
a:375
IsZoneGenerated
biomeArea
a:376
IsZoneGenerated
i:0
m_biome
i:1
m_biome
i:2
m_biome
i:3
m_biome
i:4
m_biome
i:5
m_biome
i:6
m_biome
i:7
m_biome
i:8
m_biome
i:9
m_biome
i:10
m_biome
i:11
m_biome
i:12
m_biome
i:13
m_biome
i:14
m_biome
i:15
m_biome
i:16
m_biome
i:17
m_biome
i:18
m_biome
i:19
m_biome
a:377
IsZoneGenerated
i:0
m_biome
i:1
m_biome
i:2
m_biome
i:3
m_biome
i:4
m_biome
i:5
m_biome
i:6
m_biome
i:7
m_biome
i:8
m_biome
i:9
m_biome
i:10
m_biome
i:11
m_biome
i:12
m_biome
i:13
m_biome
i:14
m_biome
i:15
m_biome
i:16
m_biome
i:17
m_biome
i:18
m_biome
i:19
m_biome
a:378
IsZoneGenerated
i:0
m_biome
i:1
m_biome
i:2
m_biome
i:3
m_biome
i:4
m_biome
i:5
m_biome
i:6
m_biome
i:7
m_biome
i:8
m_biome
i:9
m_biome
i:10
m_biome
i:11
m_biome
i:12
m_biome
i:13
m_biome
i:14
m_biome
i:15
m_biome
i:16
m_biome
i:17
m_biome
i:18
m_biome
i:19
m_biome
a:379
IsZoneGenerated
biomeArea
a:380
ContainsKey
a:381
ContainsKey
a:382
ContainsKey
a:383
IsZoneGenerated
biomeArea
a:384
IsZoneGenerated
i:0
m_biome
i:1
m_biome
i:2
m_biome
i:3
m_biome
i:4
m_biome
i:5
m_biome
i:6
m_biome
i:7
m_biome
i:8
m_biome
i:9
m_biome
i:10
m_biome
i:11
m_biome
i:12
m_biome
i:13
m_biome
i:14
m_biome
i:15
m_biome
i:16
m_biome
i:17
m_biome
i:18
m_biome
i:19
m_biome
a:385
IsZoneGenerated
biomeArea
a:386
IsZoneGenerated
i:0
m_biome
i:1
m_biome
i:2
m_biome
i:3
m_biome
i:4
m_biome
i:5
m_biome
i:6
m_biome
i:7
m_biome
i:8
m_biome
i:9
m_biome
i:10
m_biome
i:11
m_biome
i:12
m_biome
i:13
m_biome
i:14
m_biome
i:15
m_biome
i:16
m_biome
i:17
m_biome
i:18
m_biome
i:19
m_biome
a:387
ContainsKey
a:388
IsZoneGenerated
biomeArea
a:389
IsZoneGenerated
i:0
m_biome
i:1
m_biome
i:2
m_biome
i:3
m_biome
i:4
m_biome
i:5
m_biome
i:6
m_biome
i:7
m_biome
i:8
m_biome
i:9
m_biome
i:10
m_biome
i:11
m_biome
i:12
m_biome
i:13
m_biome
i:14
m_biome
i:15
m_biome
i:16
m_biome
i:17
m_biome
i:18
m_biome
i:19
m_biome
a:390
IsZoneGenerated
biomeArea
a:391
IsZoneGenerated
biomeArea
a:392
IsZoneGenerated
i:0
register
a:393
ContainsKey
a:394
IsZoneGenerated
i:0
m_biome
i:1
m_biome
i:2
m_biome
i:3
m_biome
i:4
m_biome
i:5
m_biome
i:6
m_biome
i:7
m_biome
i:8
m_biome
i:9
m_biome
i:10
m_biome
i:11
m_biome
i:12
m_biome
i:13
m_biome
i:14
m_biome
i:15
m_biome
i:16
m_biome
i:17
m_biome
i:18
m_biome
i:19
m_biome
a:395
IsZoneGenerated
biomeArea
a:396
IsZoneGenerated
i:0
m_biome
i:1
m_biome
i:2
m_biome
i:3
m_biome
i:4
m_biome
i:5
m_biome
i:6
m_biome
i:7
m_biome
i:8
m_biome
i:9
m_biome
i:10
m_biome
i:11
m_biome
i:12
m_biome
i:13
m_biome
i:14
m_biome
i:15
m_biome
i:16
m_biome
i:17
m_biome
i:18
m_biome
i:19
m_biome
a:397
IsZoneGenerated
biomeArea
a:398
ContainsKey
a:399
IsZoneGenerated
i:0
m_biome
i:1
m_biome
i:2
m_biome
i:3
m_biome
i:4
m_biome
i:5
m_biome
i:6
m_biome
i:7
m_biome
i:8
m_biome
i:9
m_biome
i:10
m_biome
i:11
m_biome
i:12
m_biome
i:13
m_biome
i:14
m_biome
i:15
m_biome
i:16
m_biome
i:17
m_biome
i:18
m_biome
i:19
m_biome
a:400
IsZoneGenerated
biomeArea
a:401
ContainsKey
a:402
IsZoneGenerated
i:0
m_biome
i:1
m_biome
i:2
m_biome
i:3
m_biome
i:4
m_biome
i:5
m_biome
i:6
m_biome
i:7
m_biome
i:8
m_biome
i:9
m_biome
i:10
m_biome
i:11
m_biome
i:12
m_biome
i:13
m_biome
i:14
m_biome
i:15
m_biome
i:16
m_biome
i:17
m_biome
i:18
m_biome
i:19
m_biome
a:403
IsZoneGenerated
biomeArea
a:404
ContainsKey
a:405
ContainsKey
a:406
IsZoneGenerated
i:0
m_biome
i:1
m_biome
i:2
m_biome
i:3
m_biome
i:4
m_biome
i:5
m_biome
i:6
m_biome
i:7
m_biome
i:8
m_biome
i:9
m_biome
i:10
m_biome
i:11
m_biome
i:12
m_biome
i:13
m_biome
i:14
m_biome
i:15
m_biome
i:16
m_biome
i:17
m_biome
i:18
m_biome
i:19
m_biome
a:407
IsZoneGenerated
biomeArea
a:408
IsZoneGenerated
i:0
m_biome
i:1
m_biome
i:2
m_biome
i:3
m_biome
i:4
m_biome
i:5
m_biome
i:6
m_biome
i:7
m_biome
i:8
m_biome
i:9
m_biome
i:10
m_biome
i:11
m_biome
i:12
m_biome
i:13
m_biome
i:14
m_biome
i:15
m_biome
i:16
m_biome
i:17
m_biome
i:18
m_biome
i:19
m_biome
a:409
ContainsKey
a:410
IsZoneGenerated
biomeArea
a:411
IsZoneGenerated
i:0
m_biome
i:1
m_biome
i:2
m_biome
i:3
m_biome
i:4
m_biome
i:5
m_biome
i:6
m_biome
i:7
m_biome
i:8
m_biome
i:9
m_biome
i:10
m_biome
i:11
m_biome
i:12
m_biome
i:13
m_biome
i:14
m_biome
i:15
m_biome
i:16
m_biome
i:17
m_biome
i:18
m_biome
i:19
m_biome
a:412
IsZoneGenerated
biomeArea
a:413
IsZoneGenerated
biomeArea
a:414
IsZoneGenerated
i:0
m_biome
i:1
m_biome
i:2
m_biome
i:3
m_biome
i:4
m_biome
i:5
m_biome
i:6
m_biome
i:7
m_biome
i:8
m_biome
i:9
m_biome
i:10
m_biome
i:11
m_biome
i:12
m_biome
i:13
m_biome
i:14
m_biome
i:15
m_biome
i:16
m_biome
i:17
m_biome
i:18
m_biome
i:19
m_biome
a:415
IsZoneGenerated
i:0
m_biome
i:1
m_biome
i:2
m_biome
i:3
m_biome
i:4
m_biome
i:5
m_biome
i:6
m_biome
i:7
m_biome
i:8
m_biome
i:9
m_biome
i:10
m_biome
i:11
m_biome
i:12
m_biome
i:13
m_biome
i:14
m_biome
i:15
m_biome
i:16
m_biome
i:17
m_biome
i:18
m_biome
i:19
m_biome
a:416
IsZoneGenerated
biomeArea
a:417
IsZoneGenerated
biomeArea
a:418
ContainsKey
a:419
ContainsKey
a:420
IsZoneGenerated
i:0
register
a:421
IsZoneGenerated
biomeArea
a:422
IsZoneGenerated
i:0
register
a:423
IsZoneGenerated
biomeArea
a:424
IsZoneGenerated
i:0
altitude
i:1
altitude
i:2
altitude
i:3
altitude
i:4
altitude
i:5
terrainDelta
i:6
altitude
i:7
altitude
i:8
altitude
i:9
altitude
i:10
altitude
i:11
altitude
i:12
altitude
i:13
register
a:425
IsZoneGenerated
i:0
m_biome
i:1
m_biome
i:2
m_biome
i:3
m_biome
i:4
m_biome
i:5
m_biome
i:6
m_biome
i:7
m_biome
i:8
m_biome
i:9
m_biome
i:10
m_biome
i:11
m_biome
i:12
m_biome
i:13
m_biome
i:14
m_biome
i:15
m_biome
i:16
m_biome
i:17
m_biome
i:18
m_biome
i:19
m_biome
a:426
IsZoneGenerated
i:0
m_biome
i:1
m_biome
i:2
m_biome
i:3
m_biome
i:4
m_biome
i:5
m_biome
i:6
m_biome
i:7
m_biome
i:8
m_biome
i:9
m_biome
i:10
m_biome
i:11
m_biome
i:12
m_biome
i:13
m_biome
i:14
m_biome
i:15
m_biome
i:16
m_biome
i:17
m_biome
i:18
m_biome
i:19
m_biome
a:427
IsZoneGenerated
biomeArea
a:428
ContainsKey
a:429
IsZoneGenerated
biomeArea
a:430
IsZoneGenerated
i:0
m_biome
i:1
m_biome
i:2
m_biome
i:3
m_biome
i:4
m_biome
i:5
m_biome
i:6
m_biome
i:7
m_biome
i:8
m_biome
i:9
m_biome
i:10
m_biome
i:11
m_biome
i:12
m_biome
i:13
m_biome
i:14
m_biome
i:15
m_biome
i:16
m_biome
i:17
m_biome
i:18
m_biome
i:19
m_biome
a:431
IsZoneGenerated
i:0
m_biome
i:1
m_biome
i:2
m_biome
i:3
m_biome
i:4
m_biome
i:5
m_biome
i:6
m_biome
i:7
m_biome
i:8
m_biome
i:9
m_biome
i:10
m_biome
i:11
m_biome
i:12
m_biome
i:13
m_biome
i:14
m_biome
i:15
m_biome
i:16
m_biome
i:17
m_biome
i:18
m_biome
i:19
m_biome
a:432
IsZoneGenerated
i:0
m_biome
i:1
m_biome
i:2
m_biome
i:3
m_biome
i:4
m_biome
i:5
m_biome
i:6
m_biome
i:7
m_biome
i:8
m_biome
i:9
m_biome
i:10
m_biome
i:11
m_biome
i:12
m_biome
i:13
m_biome
i:14
m_biome
i:15
m_biome
i:16
m_biome
i:17
m_biome
i:18
m_biome
i:19
m_biome
a:433
ContainsKey
a:434
IsZoneGenerated
i:0
m_biome
i:1
m_biome
i:2
m_biome
i:3
m_biome
i:4
m_biome
i:5
m_biome
i:6
m_biome
i:7
m_biome
i:8
m_biome
i:9
m_biome
i:10
m_biome
i:11
m_biome
i:12
m_biome
i:13
m_biome
i:14
m_biome
i:15
m_biome
i:16
m_biome
i:17
m_biome
i:18
m_biome
i:19
m_biome
a:435
ContainsKey
a:436
ContainsKey
a:437
IsZoneGenerated
biomeArea
a:438
ContainsKey
a:439
ContainsKey
a:440
IsZoneGenerated
i:0
noRegister
i:1
altitude
i:2
altitude
i:3
noRegister
i:4
noRegister
i:5
noRegister
i:6
altitude
i:7
noRegister
i:8
noRegister
i:9
noRegister
i:10
noRegister
i:11
terrainDelta
i:12
noRegister
i:13
noRegister
i:14
noRegister
i:15
noRegister
i:16
noRegister
i:17
noRegister
i:18
altitude
i:19
noRegister
a:441
IsZoneGenerated
i:0
m_biome
i:1
m_biome
i:2
m_biome
i:3
m_biome
i:4
m_biome
i:5
m_biome
i:6
m_biome
i:7
m_biome
i:8
m_biome
i:9
m_biome
i:10
m_biome
i:11
m_biome
i:12
m_biome
i:13
m_biome
i:14
m_biome
i:15
m_biome
i:16
m_biome
i:17
m_biome
i:18
m_biome
i:19
m_biome
a:442
IsZoneGenerated
biomeArea
a:443
IsZoneGenerated
i:0
m_biome
i:1
m_biome
i:2
m_biome
i:3
m_biome
i:4
m_biome
i:5
m_biome
i:6
m_biome
i:7
m_biome
i:8
m_biome
i:9
m_biome
i:10
m_biome
i:11
m_biome
i:12
m_biome
i:13
m_biome
i:14
m_biome
i:15
m_biome
i:16
m_biome
i:17
m_biome
i:18
m_biome
i:19
m_biome
a:444
IsZoneGenerated
i:0
m_biome
i:1
m_biome
i:2
m_biome
i:3
m_biome
i:4
m_biome
i:5
m_biome
i:6
m_biome
i:7
m_biome
i:8
m_biome
i:9
m_biome
i:10
m_biome
i:11
m_biome
i:12
m_biome
i:13
m_biome
i:14
m_biome
i:15
m_biome
i:16
m_biome
i:17
m_biome
i:18
m_biome
i:19
m_biome
a:445
IsZoneGenerated
biomeArea
a:446
IsZoneGenerated
biomeArea
a:447
IsZoneGenerated
i:0
m_biome
i:1
m_biome
i:2
m_biome
i:3
m_biome
i:4
m_biome
i:5
m_biome
i:6
m_biome
i:7
m_biome
i:8
m_biome
i:9
m_biome
i:10
m_biome
i:11
m_biome
i:12
m_biome
i:13
m_biome
i:14
m_biome
i:15
m_biome
i:16
m_biome
i:17
m_biome
i:18
m_biome
i:19
m_biome
a:448
IsZoneGenerated
i:0
m_biome
i:1
m_biome
i:2
m_biome
i:3
m_biome
i:4
m_biome
i:5
m_biome
i:6
m_biome
i:7
m_biome
i:8
m_biome
i:9
m_biome
i:10
m_biome
i:11
m_biome
i:12
m_biome
i:13
m_biome
i:14
m_biome
i:15
m_biome
i:16
m_biome
i:17
m_biome
i:18
m_biome
i:19
m_biome
a:449
IsZoneGenerated
i:0
m_biome
i:1
m_biome
i:2
m_biome
i:3
m_biome
i:4
m_biome
i:5
m_biome
i:6
m_biome
i:7
m_biome
i:8
m_biome
i:9
m_biome
i:10
m_biome
i:11
m_biome
i:12
m_biome
i:13
m_biome
i:14
m_biome
i:15
m_biome
i:16
m_biome
i:17
m_biome
i:18
m_biome
i:19
m_biome
a:450
IsZoneGenerated
i:0
m_biome
i:1
m_biome
i:2
m_biome
i:3
m_biome
i:4
m_biome
i:5
m_biome
i:6
m_biome
i:7
m_biome
i:8
m_biome
i:9
m_biome
i:10
m_biome
i:11
m_biome
i:12
m_biome
i:13
m_biome
i:14
m_biome
i:15
m_biome
i:16
m_biome
i:17
m_biome
i:18
m_biome
i:19
m_biome
a:451
ContainsKey
a:452
IsZoneGenerated
biomeArea
a:453
IsZoneGenerated
i:0
m_biome
i:1
m_biome
i:2
m_biome
i:3
m_biome
i:4
m_biome
i:5
m_biome
i:6
m_biome
i:7
m_biome
i:8
m_biome
i:9
m_biome
i:10
m_biome
i:11
m_biome
i:12
m_biome
i:13
m_biome
i:14
m_biome
i:15
m_biome
i:16
m_biome
i:17
m_biome
i:18
m_biome
i:19
m_biome
a:454
IsZoneGenerated
biomeArea
a:455
IsZoneGenerated
i:0
m_biome
i:1
m_biome
i:2
m_biome
i:3
m_biome
i:4
m_biome
i:5
m_biome
i:6
m_biome
i:7
m_biome
i:8
m_biome
i:9
m_biome
i:10
m_biome
i:11
m_biome
i:12
m_biome
i:13
m_biome
i:14
m_biome
i:15
m_biome
i:16
m_biome
i:17
m_biome
i:18
m_biome
i:19
m_biome
a:456
IsZoneGenerated
i:0
register
a:457
IsZoneGenerated
biomeArea
a:458
ContainsKey
a:459
IsZoneGenerated
i:0
m_biome
i:1
m_biome
i:2
m_biome
i:3
m_biome
i:4
m_biome
i:5
m_biome
i:6
m_biome
i:7
m_biome
i:8
m_biome
i:9
m_biome
i:10
m_biome
i:11
m_biome
i:12
m_biome
i:13
m_biome
i:14
m_biome
i:15
m_biome
i:16
m_biome
i:17
m_biome
i:18
m_biome
i:19
m_biome
a:460
ContainsKey
a:461
IsZoneGenerated
biomeArea
a:462
IsZoneGenerated
i:0
m_biome
i:1
m_biome
i:2
m_biome
i:3
m_biome
i:4
m_biome
i:5
m_biome
i:6
m_biome
i:7
m_biome
i:8
m_biome
i:9
m_biome
i:10
m_biome
i:11
m_biome
i:12
m_biome
i:13
m_biome
i:14
m_biome
i:15
m_biome
i:16
m_biome
i:17
m_biome
i:18
m_biome
i:19
m_biome
a:463
IsZoneGenerated
biomeArea
a:464
IsZoneGenerated
biomeArea
a:465
IsZoneGenerated
biomeArea
a:466
IsZoneGenerated
i:0
m_biome
i:1
m_biome
i:2
m_biome
i:3
m_biome
i:4
m_biome
i:5
m_biome
i:6
m_biome
i:7
m_biome
i:8
m_biome
i:9
m_biome
i:10
m_biome
i:11
m_biome
i:12
m_biome
i:13
m_biome
i:14
m_biome
i:15
m_biome
i:16
m_biome
i:17
m_biome
i:18
m_biome
i:19
m_biome
a:467
ContainsKey
a:468
ContainsKey
a:469
ContainsKey
a:470
IsZoneGenerated
biomeArea
a:471
IsZoneGenerated
biomeArea
a:472
IsZoneGenerated
i:0
m_biome
i:1
m_biome
i:2
m_biome
i:3
m_biome
i:4
m_biome
i:5
m_biome
i:6
m_biome
i:7
m_biome
i:8
m_biome
i:9
m_biome
i:10
m_biome
i:11
m_biome
i:12
m_biome
i:13
m_biome
i:14
m_biome
i:15
m_biome
i:16
m_biome
i:17
m_biome
i:18
m_biome
i:19
m_biome
a:473
IsZoneGenerated
biomeArea
a:474
IsZoneGenerated
i:0
m_biome
i:1
m_biome
i:2
m_biome
i:3
m_biome
i:4
m_biome
i:5
m_biome
i:6
m_biome
i:7
m_biome
i:8
m_biome
i:9
m_biome
i:10
m_biome
i:11
m_biome
i:12
m_biome
i:13
m_biome
i:14
m_biome
i:15
m_biome
i:16
m_biome
i:17
m_biome
i:18
m_biome
i:19
m_biome
a:475
IsZoneGenerated
i:0
m_biome
i:1
m_biome
i:2
m_biome
i:3
m_biome
i:4
m_biome
i:5
m_biome
i:6
m_biome
i:7
m_biome
i:8
m_biome
i:9
m_biome
i:10
m_biome
i:11
m_biome
i:12
m_biome
i:13
m_biome
i:14
m_biome
i:15
m_biome
i:16
m_biome
i:17
m_biome
i:18
m_biome
i:19
m_biome
a:476
IsZoneGenerated
i:0
m_biome
i:1
m_biome
i:2
m_biome
i:3
m_biome
i:4
m_biome
i:5
m_biome
i:6
m_biome
i:7
m_biome
i:8
m_biome
i:9
m_biome
i:10
m_biome
i:11
m_biome
i:12
m_biome
i:13
m_biome
i:14
m_biome
i:15
m_biome
i:16
m_biome
i:17
m_biome
i:18
m_biome
i:19
m_biome
a:477
IsZoneGenerated
biomeArea
a:478
IsZoneGenerated
i:0
m_biome
i:1
m_biome
i:2
m_biome
i:3
m_biome
i:4
m_biome
i:5
m_biome
i:6
m_biome
i:7
m_biome
i:8
m_biome
i:9
m_biome
i:10
m_biome
i:11
m_biome
i:12
m_biome
i:13
m_biome
i:14
m_biome
i:15
m_biome
i:16
m_biome
i:17
m_biome
i:18
m_biome
i:19
m_biome
a:479
IsZoneGenerated
i:0
m_biome
i:1
m_biome
i:2
m_biome
i:3
m_biome
i:4
m_biome
i:5
m_biome
i:6
m_biome
i:7
m_biome
i:8
m_biome
i:9
m_biome
i:10
m_biome
i:11
m_biome
i:12
m_biome
i:13
m_biome
i:14
m_biome
i:15
m_biome
i:16
m_biome
i:17
m_biome
i:18
m_biome
i:19
m_biome
a:480
IsZoneGenerated
biomeArea
a:481
IsZoneGenerated
biomeArea
a:482
IsZoneGenerated
i:0
m_biome
i:1
m_biome
i:2
m_biome
i:3
m_biome
i:4
m_biome
i:5
m_biome
i:6
m_biome
i:7
m_biome
i:8
m_biome
i:9
m_biome
i:10
m_biome
i:11
m_biome
i:12
m_biome
i:13
m_biome
i:14
m_biome
i:15
m_biome
i:16
m_biome
i:17
m_biome
i:18
m_biome
i:19
m_biome
a:483
IsZoneGenerated
biomeArea
a:484
IsZoneGenerated
biomeArea
a:485
IsZoneGenerated
biomeArea
a:486
IsZoneGenerated
biomeArea
a:487
IsZoneGenerated
biomeArea
a:488
IsZoneGenerated
i:0
m_biome
i:1
m_biome
i:2
m_biome
i:3
m_biome
i:4
m_biome
i:5
m_biome
i:6
m_biome
i:7
m_biome
i:8
m_biome
i:9
m_biome
i:10
m_biome
i:11
m_biome
i:12
m_biome
i:13
m_biome
i:14
m_biome
i:15
m_biome
i:16
m_biome
i:17
m_biome
i:18
m_biome
i:19
m_biome
a:489
ContainsKey
a:490
IsZoneGenerated
i:0
m_biome
i:1
m_biome
i:2
m_biome
i:3
m_biome
i:4
m_biome
i:5
m_biome
i:6
m_biome
i:7
m_biome
i:8
m_biome
i:9
m_biome
i:10
m_biome
i:11
m_biome
i:12
m_biome
i:13
m_biome
i:14
m_biome
i:15
m_biome
i:16
m_biome
i:17
m_biome
i:18
m_biome
i:19
m_biome
a:491
IsZoneGenerated
biomeArea
a:492
IsZoneGenerated
i:0
m_biome
i:1
m_biome
i:2
m_biome
i:3
m_biome
i:4
m_biome
i:5
m_biome
i:6
m_biome
i:7
m_biome
i:8
m_biome
i:9
m_biome
i:10
m_biome
i:11
m_biome
i:12
m_biome
i:13
m_biome
i:14
m_biome
i:15
m_biome
i:16
m_biome
i:17
m_biome
i:18
m_biome
i:19
m_biome
a:493
IsZoneGenerated
i:0
m_biome
i:1
m_biome
i:2
m_biome
i:3
m_biome
i:4
m_biome
i:5
m_biome
i:6
m_biome
i:7
m_biome
i:8
m_biome
i:9
m_biome
i:10
m_biome
i:11
m_biome
i:12
m_biome
i:13
m_biome
i:14
m_biome
i:15
m_biome
i:16
m_biome
i:17
m_biome
i:18
m_biome
i:19
m_biome
a:494
IsZoneGenerated
biomeArea
a:495
IsZoneGenerated
i:0
m_biome
i:1
m_biome
i:2
m_biome
i:3
m_biome
i:4
m_biome
i:5
m_biome
i:6
m_biome
i:7
m_biome
i:8
m_biome
i:9
m_biome
i:10
m_biome
i:11
m_biome
i:12
m_biome
i:13
m_biome
i:14
m_biome
i:15
m_biome
i:16
m_biome
i:17
m_biome
i:18
m_biome
i:19
m_biome
a:496
IsZoneGenerated
i:0
m_biome
i:1
m_biome
i:2
m_biome
i:3
m_biome
i:4
m_biome
i:5
m_biome
i:6
m_biome
i:7
m_biome
i:8
m_biome
i:9
m_biome
i:10
m_biome
i:11
m_biome
i:12
m_biome
i:13
m_biome
i:14
m_biome
i:15
m_biome
i:16
m_biome
i:17
m_biome
i:18
m_biome
i:19
m_biome
a:497
IsZoneGenerated
i:0
m_biome
i:1
m_biome
i:2
m_biome
i:3
m_biome
i:4
m_biome
i:5
m_biome
i:6
m_biome
i:7
m_biome
i:8
m_biome
i:9
m_biome
i:10
m_biome
i:11
m_biome
i:12
m_biome
i:13
m_biome
i:14
m_biome
i:15
m_biome
i:16
m_biome
i:17
m_biome
i:18
m_biome
i:19
m_biome
a:498
IsZoneGenerated
biomeArea
a:499
IsZoneGenerated
i:0
register
a:500
IsZoneGenerated
i:0
m_biome
i:1
m_biome
i:2
m_biome
i:3
m_biome
i:4
m_biome
i:5
m_biome
i:6
m_biome
i:7
m_biome
i:8
m_biome
i:9
m_biome
i:10
m_biome
i:11
m_biome
i:12
m_biome
i:13
m_biome
i:14
m_biome
i:15
m_biome
i:16
m_biome
i:17
m_biome
i:18
m_biome
i:19
m_biome
a:501
IsZoneGenerated
i:0
m_biome
i:1
m_biome
i:2
m_biome
i:3
m_biome
i:4
m_biome
i:5
m_biome
i:6
m_biome
i:7
m_biome
i:8
m_biome
i:9
m_biome
i:10
m_biome
i:11
m_biome
i:12
m_biome
i:13
m_biome
i:14
m_biome
i:15
m_biome
i:16
m_biome
i:17
m_biome
i:18
m_biome
i:19
m_biome
a:502
IsZoneGenerated
i:0
m_biome
i:1
m_biome
i:2
m_biome
i:3
m_biome
i:4
m_biome
i:5
m_biome
i:6
m_biome
i:7
m_biome
i:8
m_biome
i:9
m_biome
i:10
m_biome
i:11
m_biome
i:12
m_biome
i:13
m_biome
i:14
m_biome
i:15
m_biome
i:16
m_biome
i:17
m_biome
i:18
m_biome
i:19
m_biome
a:503
ContainsKey
a:504
ContainsKey
a:505
IsZoneGenerated
i:0
m_biome
i:1
m_biome
i:2
m_biome
i:3
m_biome
i:4
m_biome
i:5
m_biome
i:6
m_biome
i:7
m_biome
i:8
m_biome
i:9
m_biome
i:10
m_biome
i:11
m_biome
i:12
m_biome
i:13
m_biome
i:14
m_biome
i:15
m_biome
i:16
m_biome
i:17
m_biome
i:18
m_biome
i:19
m_biome
a:506
ContainsKey
a:507
IsZoneGenerated
i:0
terrainDelta
i:1
terrainDelta
i:2
altitude
i:3
altitude
i:4
altitude
i:5
terrainDelta
i:6
altitude
i:7
terrainDelta
i:8
register
a:508
IsZoneGenerated
biomeArea
a:509
ContainsKey
a:510
IsZoneGenerated
i:0
m_biome
i:1
m_biome
i:2
m_biome
i:3
m_biome
i:4
m_biome
i:5
m_biome
i:6
m_biome
i:7
m_biome
i:8
m_biome
i:9
m_biome
i:10
m_biome
i:11
m_biome
i:12
m_biome
i:13
m_biome
i:14
m_biome
i:15
m_biome
i:16
m_biome
i:17
m_biome
i:18
m_biome
i:19
m_biome
a:511
IsZoneGenerated
biomeArea
a:512
IsZoneGenerated
biomeArea
a:513
IsZoneGenerated
biomeArea
a:514
IsZoneGenerated
biomeArea
a:515
ContainsKey
a:516
IsZoneGenerated
biomeArea
a:517
IsZoneGenerated
i:0
m_biome
i:1
m_biome
i:2
m_biome
i:3
m_biome
i:4
m_biome
i:5
m_biome
i:6
m_biome
i:7
m_biome
i:8
m_biome
i:9
m_biome
i:10
m_biome
i:11
m_biome
i:12
m_biome
i:13
m_biome
i:14
m_biome
i:15
m_biome
i:16
m_biome
i:17
m_biome
i:18
m_biome
i:19
m_biome
a:518
IsZoneGenerated
i:0
m_biome
i:1
m_biome
i:2
m_biome
i:3
m_biome
i:4
m_biome
i:5
m_biome
i:6
m_biome
i:7
m_biome
i:8
m_biome
i:9
m_biome
i:10
m_biome
i:11
m_biome
i:12
m_biome
i:13
m_biome
i:14
m_biome
i:15
m_biome
i:16
m_biome
i:17
m_biome
i:18
m_biome
i:19
m_biome
a:519
IsZoneGenerated
biomeArea
a:520
IsZoneGenerated
i:0
m_biome
i:1
m_biome
i:2
m_biome
i:3
m_biome
i:4
m_biome
i:5
m_biome
i:6
m_biome
i:7
m_biome
i:8
m_biome
i:9
m_biome
i:10
m_biome
i:11
m_biome
i:12
m_biome
i:13
m_biome
i:14
m_biome
i:15
m_biome
i:16
m_biome
i:17
m_biome
i:18
m_biome
i:19
m_biome
a:521
IsZoneGenerated
i:0
m_biome
i:1
m_biome
i:2
m_biome
i:3
m_biome
i:4
m_biome
i:5
m_biome
i:6
m_biome
i:7
m_biome
i:8
m_biome
i:9
m_biome
i:10
m_biome
i:11
m_biome
i:12
m_biome
i:13
m_biome
i:14
m_biome
i:15
m_biome
i:16
m_biome
i:17
m_biome
i:18
m_biome
i:19
m_biome
a:522
IsZoneGenerated
biomeArea
a:523
ContainsKey
a:524
IsZoneGenerated
i:0
register
a:525
IsZoneGenerated
biomeArea
a:526
IsZoneGenerated
biomeArea
a:527
IsZoneGenerated
biomeArea
a:528
IsZoneGenerated
i:0
m_biome
i:1
m_biome
i:2
m_biome
i:3
m_biome
i:4
m_biome
i:5
m_biome
i:6
m_biome
i:7
m_biome
i:8
m_biome
i:9
m_biome
i:10
m_biome
i:11
m_biome
i:12
m_biome
i:13
m_biome
i:14
m_biome
i:15
m_biome
i:16
m_biome
i:17
m_biome
i:18
m_biome
i:19
m_biome
a:529
IsZoneGenerated
i:0
m_biome
i:1
m_biome
i:2
m_biome
i:3
m_biome
i:4
m_biome
i:5
m_biome
i:6
m_biome
i:7
m_biome
i:8
m_biome
i:9
m_biome
i:10
m_biome
i:11
m_biome
i:12
m_biome
i:13
m_biome
i:14
m_biome
i:15
m_biome
i:16
m_biome
i:17
m_biome
i:18
m_biome
i:19
m_biome
a:530
IsZoneGenerated
biomeArea
a:531
IsZoneGenerated
biomeArea
a:532
ContainsKey
a:533
IsZoneGenerated
i:0
m_biome
i:1
m_biome
i:2
m_biome
i:3
m_biome
i:4
m_biome
i:5
m_biome
i:6
m_biome
i:7
m_biome
i:8
m_biome
i:9
m_biome
i:10
m_biome
i:11
m_biome
i:12
m_biome
i:13
m_biome
i:14
m_biome
i:15
m_biome
i:16
m_biome
i:17
m_biome
i:18
m_biome
i:19
m_biome
a:534
IsZoneGenerated
i:0
m_biome
i:1
m_biome
i:2
m_biome
i:3
m_biome
i:4
m_biome
i:5
m_biome
i:6
m_biome
i:7
m_biome
i:8
m_biome
i:9
m_biome
i:10
m_biome
i:11
m_biome
i:12
m_biome
i:13
m_biome
i:14
m_biome
i:15
m_biome
i:16
m_biome
i:17
m_biome
i:18
m_biome
i:19
m_biome
a:535
IsZoneGenerated
biomeArea
a:536
IsZoneGenerated
biomeArea
a:537
ContainsKey
a:538
IsZoneGenerated
biomeArea
a:539
IsZoneGenerated
biomeArea
a:540
IsZoneGenerated
biomeArea
a:541
IsZoneGenerated
i:0
m_biome
i:1
m_biome
i:2
m_biome
i:3
m_biome
i:4
m_biome
i:5
m_biome
i:6
m_biome
i:7
m_biome
i:8
m_biome
i:9
m_biome
i:10
m_biome
i:11
m_biome
i:12
m_biome
i:13
m_biome
i:14
m_biome
i:15
m_biome
i:16
m_biome
i:17
m_biome
i:18
m_biome
i:19
m_biome
a:542
IsZoneGenerated
biomeArea
a:543
IsZoneGenerated
i:0
register
a:544
IsZoneGenerated
biomeArea
a:545
ContainsKey
a:546
IsZoneGenerated
i:0
m_biome
i:1
m_biome
i:2
m_biome
i:3
m_biome
i:4
m_biome
i:5
m_biome
i:6
m_biome
i:7
m_biome
i:8
m_biome
i:9
m_biome
i:10
m_biome
i:11
m_biome
i:12
m_biome
i:13
m_biome
i:14
m_biome
i:15
m_biome
i:16
m_biome
i:17
m_biome
i:18
m_biome
i:19
m_biome
a:547
IsZoneGenerated
biomeArea
a:548
IsZoneGenerated
i:0
m_biome
i:1
m_biome
i:2
m_biome
i:3
m_biome
i:4
m_biome
i:5
m_biome
i:6
m_biome
i:7
m_biome
i:8
m_biome
i:9
m_biome
i:10
m_biome
i:11
m_biome
i:12
m_biome
i:13
m_biome
i:14
m_biome
i:15
m_biome
i:16
m_biome
i:17
m_biome
i:18
m_biome
i:19
m_biome
a:549
IsZoneGenerated
biomeArea
a:550
IsZoneGenerated
biomeArea
a:551
ContainsKey
a:552
IsZoneGenerated
i:0
m_biome
i:1
m_biome
i:2
m_biome
i:3
m_biome
i:4
m_biome
i:5
m_biome
i:6
m_biome
i:7
m_biome
i:8
m_biome
i:9
m_biome
i:10
m_biome
i:11
m_biome
i:12
m_biome
i:13
m_biome
i:14
m_biome
i:15
m_biome
i:16
m_biome
i:17
m_biome
i:18
m_biome
i:19
m_biome
a:553
IsZoneGenerated
i:0
m_biome
i:1
m_biome
i:2
m_biome
i:3
m_biome
i:4
m_biome
i:5
m_biome
i:6
m_biome
i:7
m_biome
i:8
m_biome
i:9
m_biome
i:10
m_biome
i:11
m_biome
i:12
m_biome
i:13
m_biome
i:14
m_biome
i:15
m_biome
i:16
m_biome
i:17
m_biome
i:18
m_biome
i:19
m_biome
a:554
ContainsKey
a:555
IsZoneGenerated
biomeArea
a:556
IsZoneGenerated
i:0
m_biome
i:1
m_biome
i:2
m_biome
i:3
m_biome
i:4
m_biome
i:5
m_biome
i:6
m_biome
i:7
m_biome
i:8
m_biome
i:9
m_biome
i:10
m_biome
i:11
m_biome
i:12
m_biome
i:13
m_biome
i:14
m_biome
i:15
m_biome
i:16
m_biome
i:17
m_biome
i:18
m_biome
i:19
m_biome
a:557
IsZoneGenerated
biomeArea
a:558
IsZoneGenerated
biomeArea
a:559
IsZoneGenerated
biomeArea
a:560
IsZoneGenerated
biomeArea
a:561
ContainsKey
a:562
IsZoneGenerated
i:0
m_biome
i:1
m_biome
i:2
m_biome
i:3
m_biome
i:4
m_biome
i:5
m_biome
i:6
m_biome
i:7
m_biome
i:8
m_biome
i:9
m_biome
i:10
m_biome
i:11
m_biome
i:12
m_biome
i:13
m_biome
i:14
m_biome
i:15
m_biome
i:16
m_biome
i:17
m_biome
i:18
m_biome
i:19
m_biome
a:563
IsZoneGenerated
i:0
m_biome
i:1
m_biome
i:2
m_biome
i:3
m_biome
i:4
m_biome
i:5
m_biome
i:6
m_biome
i:7
m_biome
i:8
m_biome
i:9
m_biome
i:10
m_biome
i:11
m_biome
i:12
m_biome
i:13
m_biome
i:14
m_biome
i:15
m_biome
i:16
m_biome
i:17
m_biome
i:18
m_biome
i:19
m_biome
a:564
IsZoneGenerated
biomeArea
a:565
IsZoneGenerated
biomeArea
a:566
IsZoneGenerated
biomeArea
a:567
IsZoneGenerated
biomeArea
a:568
IsZoneGenerated
biomeArea
a:569
IsZoneGenerated
i:0
m_biome
i:1
m_biome
i:2
m_biome
i:3
m_biome
i:4
m_biome
i:5
m_biome
i:6
m_biome
i:7
m_biome
i:8
m_biome
i:9
m_biome
i:10
m_biome
i:11
m_biome
i:12
m_biome
i:13
m_biome
i:14
m_biome
i:15
m_biome
i:16
m_biome
i:17
m_biome
i:18
m_biome
i:19
m_biome
a:570
IsZoneGenerated
biomeArea
a:571
IsZoneGenerated
i:0
m_biome
i:1
m_biome
i:2
m_biome
i:3
m_biome
i:4
m_biome
i:5
m_biome
i:6
m_biome
i:7
m_biome
i:8
m_biome
i:9
m_biome
i:10
m_biome
i:11
m_biome
i:12
m_biome
i:13
m_biome
i:14
m_biome
i:15
m_biome
i:16
m_biome
i:17
m_biome
i:18
m_biome
i:19
m_biome
a:572
IsZoneGenerated
i:0
m_biome
i:1
m_biome
i:2
m_biome
i:3
m_biome
i:4
m_biome
i:5
m_biome
i:6
m_biome
i:7
m_biome
i:8
m_biome
i:9
m_biome
i:10
m_biome
i:11
m_biome
i:12
m_biome
i:13
m_biome
i:14
m_biome
i:15
m_biome
i:16
m_biome
i:17
m_biome
i:18
m_biome
i:19
m_biome
a:573
IsZoneGenerated
biomeArea
a:574
IsZoneGenerated
biomeArea
a:575
IsZoneGenerated
i:0
m_biome
i:1
m_biome
i:2
m_biome
i:3
m_biome
i:4
m_biome
i:5
m_biome
i:6
m_biome
i:7
m_biome
i:8
m_biome
i:9
m_biome
i:10
m_biome
i:11
m_biome
i:12
m_biome
i:13
m_biome
i:14
m_biome
i:15
m_biome
i:16
m_biome
i:17
m_biome
i:18
m_biome
i:19
m_biome
a:576
IsZoneGenerated
biomeArea
a:577
IsZoneGenerated
biomeArea
a:578
ContainsKey
a:579
IsZoneGenerated
i:0
m_biome
i:1
m_biome
i:2
m_biome
i:3
m_biome
i:4
m_biome
i:5
m_biome
i:6
m_biome
i:7
m_biome
i:8
m_biome
i:9
m_biome
i:10
m_biome
i:11
m_biome
i:12
m_biome
i:13
m_biome
i:14
m_biome
i:15
m_biome
i:16
m_biome
i:17
m_biome
i:18
m_biome
i:19
m_biome
a:580
IsZoneGenerated
biomeArea
a:581
IsZoneGenerated
i:0
m_biome
i:1
m_biome
i:2
m_biome
i:3
m_biome
i:4
m_biome
i:5
m_biome
i:6
m_biome
i:7
m_biome
i:8
m_biome
i:9
m_biome
i:10
m_biome
i:11
m_biome
i:12
m_biome
i:13
m_biome
i:14
m_biome
i:15
m_biome
i:16
m_biome
i:17
m_biome
i:18
m_biome
i:19
m_biome
a:582
ContainsKey
a:583
IsZoneGenerated
biomeArea
a:584
ContainsKey
a:585
IsZoneGenerated
biomeArea
a:586
IsZoneGenerated
i:0
m_biome
i:1
m_biome
i:2
m_biome
i:3
m_biome
i:4
m_biome
i:5
m_biome
i:6
m_biome
i:7
m_biome
i:8
m_biome
i:9
m_biome
i:10
m_biome
i:11
m_biome
i:12
m_biome
i:13
m_biome
i:14
m_biome
i:15
m_biome
i:16
m_biome
i:17
m_biome
i:18
m_biome
i:19
m_biome
a:587
IsZoneGenerated
biomeArea
a:588
IsZoneGenerated
i:0
m_biome
i:1
m_biome
i:2
m_biome
i:3
m_biome
i:4
m_biome
i:5
m_biome
i:6
m_biome
i:7
m_biome
i:8
m_biome
i:9
m_biome
i:10
m_biome
i:11
m_biome
i:12
m_biome
i:13
m_biome
i:14
m_biome
i:15
m_biome
i:16
m_biome
i:17
m_biome
i:18
m_biome
i:19
m_biome
a:589
IsZoneGenerated
biomeArea
a:590
IsZoneGenerated
biomeArea
a:591
IsZoneGenerated
biomeArea
a:592
IsZoneGenerated
biomeArea
a:593
IsZoneGenerated
biomeArea
a:594
ContainsKey
a:595
IsZoneGenerated
i:0
m_biome
i:1
m_biome
i:2
m_biome
i:3
m_biome
i:4
m_biome
i:5
m_biome
i:6
m_biome
i:7
m_biome
i:8
m_biome
i:9
m_biome
i:10
m_biome
i:11
m_biome
i:12
m_biome
i:13
m_biome
i:14
m_biome
i:15
m_biome
i:16
m_biome
i:17
m_biome
i:18
m_biome
i:19
m_biome
a:596
IsZoneGenerated
i:0
m_biome
i:1
m_biome
i:2
m_biome
i:3
m_biome
i:4
m_biome
i:5
m_biome
i:6
m_biome
i:7
m_biome
i:8
m_biome
i:9
m_biome
i:10
m_biome
i:11
m_biome
i:12
m_biome
i:13
m_biome
i:14
m_biome
i:15
m_biome
i:16
m_biome
i:17
m_biome
i:18
m_biome
i:19
m_biome
a:597
IsZoneGenerated
biomeArea
a:598
IsZoneGenerated
biomeArea
a:599
IsZoneGenerated
biomeArea
a:600
IsZoneGenerated
biomeArea
a:601
IsZoneGenerated
i:0
m_biome
i:1
m_biome
i:2
m_biome
i:3
m_biome
i:4
m_biome
i:5
m_biome
i:6
m_biome
i:7
m_biome
i:8
m_biome
i:9
m_biome
i:10
m_biome
i:11
m_biome
i:12
m_biome
i:13
m_biome
i:14
m_biome
i:15
m_biome
i:16
m_biome
i:17
m_biome
i:18
m_biome
i:19
m_biome
a:602
ContainsKey
a:603
ContainsKey
a:604
IsZoneGenerated
biomeArea
a:605
IsZoneGenerated
biomeArea
a:606
IsZoneGenerated
biomeArea
a:607
IsZoneGenerated
i:0
m_biome
i:1
m_biome
i:2
m_biome
i:3
m_biome
i:4
m_biome
i:5
m_biome
i:6
m_biome
i:7
m_biome
i:8
m_biome
i:9
m_biome
i:10
m_biome
i:11
m_biome
i:12
m_biome
i:13
m_biome
i:14
m_biome
i:15
m_biome
i:16
m_biome
i:17
m_biome
i:18
m_biome
i:19
m_biome
a:608
IsZoneGenerated
biomeArea
a:609
IsZoneGenerated
biomeArea
a:610
IsZoneGenerated
biomeArea
a:611
IsZoneGenerated
biomeArea
a:612
ContainsKey
a:613
IsZoneGenerated
i:0
m_biome
i:1
m_biome
i:2
m_biome
i:3
m_biome
i:4
m_biome
i:5
m_biome
i:6
m_biome
i:7
m_biome
i:8
m_biome
i:9
m_biome
i:10
m_biome
i:11
m_biome
i:12
m_biome
i:13
m_biome
i:14
m_biome
i:15
m_biome
i:16
m_biome
i:17
m_biome
i:18
m_biome
i:19
m_biome
a:614
IsZoneGenerated
biomeArea
a:615
IsZoneGenerated
biomeArea
a:616
IsZoneGenerated
i:0
m_biome
i:1
m_biome
i:2
m_biome
i:3
m_biome
i:4
m_biome
i:5
m_biome
i:6
m_biome
i:7
m_biome
i:8
m_biome
i:9
m_biome
i:10
m_biome
i:11
m_biome
i:12
m_biome
i:13
m_biome
i:14
m_biome
i:15
m_biome
i:16
m_biome
i:17
m_biome
i:18
m_biome
i:19
m_biome
a:617
IsZoneGenerated
biomeArea
a:618
ContainsKey
a:619
IsZoneGenerated
biomeArea
a:620
IsZoneGenerated
i:0
m_biome
i:1
m_biome
i:2
m_biome
i:3
m_biome
i:4
m_biome
i:5
m_biome
i:6
m_biome
i:7
m_biome
i:8
m_biome
i:9
m_biome
i:10
m_biome
i:11
m_biome
i:12
m_biome
i:13
m_biome
i:14
m_biome
i:15
m_biome
i:16
m_biome
i:17
m_biome
i:18
m_biome
i:19
m_biome
a:621
IsZoneGenerated
i:0
m_biome
i:1
m_biome
i:2
m_biome
i:3
m_biome
i:4
m_biome
i:5
m_biome
i:6
m_biome
i:7
m_biome
i:8
m_biome
i:9
m_biome
i:10
m_biome
i:11
m_biome
i:12
m_biome
i:13
m_biome
i:14
m_biome
i:15
m_biome
i:16
m_biome
i:17
m_biome
i:18
m_biome
i:19
m_biome
a:622
IsZoneGenerated
i:0
m_biome
i:1
m_biome
i:2
m_biome
i:3
m_biome
i:4
m_biome
i:5
m_biome
i:6
m_biome
i:7
m_biome
i:8
m_biome
i:9
m_biome
i:10
m_biome
i:11
m_biome
i:12
m_biome
i:13
m_biome
i:14
m_biome
i:15
m_biome
i:16
m_biome
i:17
m_biome
i:18
m_biome
i:19
m_biome
a:623
IsZoneGenerated
i:0
m_biome
i:1
m_biome
i:2
m_biome
i:3
m_biome
i:4
m_biome
i:5
m_biome
i:6
m_biome
i:7
m_biome
i:8
m_biome
i:9
m_biome
i:10
m_biome
i:11
m_biome
i:12
m_biome
i:13
m_biome
i:14
m_biome
i:15
m_biome
i:16
m_biome
i:17
m_biome
i:18
m_biome
i:19
m_biome
a:624
IsZoneGenerated
biomeArea
a:625
IsZoneGenerated
biomeArea
a:626
IsZoneGenerated
i:0
m_biome
i:1
m_biome
i:2
m_biome
i:3
m_biome
i:4
m_biome
i:5
m_biome
i:6
m_biome
i:7
m_biome
i:8
m_biome
i:9
m_biome
i:10
m_biome
i:11
m_biome
i:12
m_biome
i:13
m_biome
i:14
m_biome
i:15
m_biome
i:16
m_biome
i:17
m_biome
i:18
m_biome
i:19
m_biome
a:627
IsZoneGenerated
i:0
m_biome
i:1
m_biome
i:2
m_biome
i:3
m_biome
i:4
m_biome
i:5
m_biome
i:6
m_biome
i:7
m_biome
i:8
m_biome
i:9
m_biome
i:10
m_biome
i:11
m_biome
i:12
m_biome
i:13
m_biome
i:14
m_biome
i:15
m_biome
i:16
m_biome
i:17
m_biome
i:18
m_biome
i:19
m_biome
a:628
IsZoneGenerated
i:0
m_biome
i:1
m_biome
i:2
m_biome
i:3
m_biome
i:4
m_biome
i:5
m_biome
i:6
m_biome
i:7
m_biome
i:8
m_biome
i:9
m_biome
i:10
m_biome
i:11
m_biome
i:12
m_biome
i:13
m_biome
i:14
m_biome
i:15
m_biome
i:16
m_biome
i:17
m_biome
i:18
m_biome
i:19
m_biome
a:629
ContainsKey
a:630
IsZoneGenerated
i:0
m_biome
i:1
m_biome
i:2
m_biome
i:3
m_biome
i:4
m_biome
i:5
m_biome
i:6
m_biome
i:7
m_biome
i:8
m_biome
i:9
m_biome
i:10
m_biome
i:11
m_biome
i:12
m_biome
i:13
m_biome
i:14
m_biome
i:15
m_biome
i:16
m_biome
i:17
m_biome
i:18
m_biome
i:19
m_biome
a:631
IsZoneGenerated
biomeArea
a:632
IsZoneGenerated
biomeArea
a:633
ContainsKey
a:634
IsZoneGenerated
i:0
m_biome
i:1
m_biome
i:2
m_biome
i:3
m_biome
i:4
m_biome
i:5
m_biome
i:6
m_biome
i:7
m_biome
i:8
m_biome
i:9
m_biome
i:10
m_biome
i:11
m_biome
i:12
m_biome
i:13
m_biome
i:14
m_biome
i:15
m_biome
i:16
m_biome
i:17
m_biome
i:18
m_biome
i:19
m_biome
a:635
IsZoneGenerated
i:0
m_biome
i:1
m_biome
i:2
m_biome
i:3
m_biome
i:4
m_biome
i:5
m_biome
i:6
m_biome
i:7
m_biome
i:8
m_biome
i:9
m_biome
i:10
m_biome
i:11
m_biome
i:12
m_biome
i:13
m_biome
i:14
m_biome
i:15
m_biome
i:16
m_biome
i:17
m_biome
i:18
m_biome
i:19
m_biome
a:636
ContainsKey
a:637
IsZoneGenerated
biomeArea
a:638
IsZoneGenerated
biomeArea
a:639
IsZoneGenerated
biomeArea
a:640
IsZoneGenerated
i:0
m_biome
i:1
m_biome
i:2
m_biome
i:3
m_biome
i:4
m_biome
i:5
m_biome
i:6
m_biome
i:7
m_biome
i:8
m_biome
i:9
m_biome
i:10
m_biome
i:11
m_biome
i:12
m_biome
i:13
m_biome
i:14
m_biome
i:15
m_biome
i:16
m_biome
i:17
m_biome
i:18
m_biome
i:19
m_biome
a:641
ContainsKey
a:642
IsZoneGenerated
biomeArea
a:643
IsZoneGenerated
biomeArea
a:644
IsZoneGenerated
i:0
m_biome
i:1
m_biome
i:2
m_biome
i:3
m_biome
i:4
m_biome
i:5
m_biome
i:6
m_biome
i:7
m_biome
i:8
m_biome
i:9
m_biome
i:10
m_biome
i:11
m_biome
i:12
m_biome
i:13
m_biome
i:14
m_biome
i:15
m_biome
i:16
m_biome
i:17
m_biome
i:18
m_biome
i:19
m_biome
a:645
IsZoneGenerated
i:0
m_biome
i:1
m_biome
i:2
m_biome
i:3
m_biome
i:4
m_biome
i:5
m_biome
i:6
m_biome
i:7
m_biome
i:8
m_biome
i:9
m_biome
i:10
m_biome
i:11
m_biome
i:12
m_biome
i:13
m_biome
i:14
m_biome
i:15
m_biome
i:16
m_biome
i:17
m_biome
i:18
m_biome
i:19
m_biome
a:646
IsZoneGenerated
i:0
m_biome
i:1
m_biome
i:2
m_biome
i:3
m_biome
i:4
m_biome
i:5
m_biome
i:6
m_biome
i:7
m_biome
i:8
m_biome
i:9
m_biome
i:10
m_biome
i:11
m_biome
i:12
m_biome
i:13
m_biome
i:14
m_biome
i:15
m_biome
i:16
m_biome
i:17
m_biome
i:18
m_biome
i:19
m_biome
a:647
IsZoneGenerated
i:0
m_biome
i:1
m_biome
i:2
m_biome
i:3
m_biome
i:4
m_biome
i:5
m_biome
i:6
m_biome
i:7
m_biome
i:8
m_biome
i:9
m_biome
i:10
m_biome
i:11
m_biome
i:12
m_biome
i:13
m_biome
i:14
m_biome
i:15
m_biome
i:16
m_biome
i:17
m_biome
i:18
m_biome
i:19
m_biome
a:648
IsZoneGenerated
biomeArea
a:649
IsZoneGenerated
biomeArea
a:650
IsZoneGenerated
biomeArea
a:651
IsZoneGenerated
i:0
m_biome
i:1
m_biome
i:2
m_biome
i:3
m_biome
i:4
m_biome
i:5
m_biome
i:6
m_biome
i:7
m_biome
i:8
m_biome
i:9
m_biome
i:10
m_biome
i:11
m_biome
i:12
m_biome
i:13
m_biome
i:14
m_biome
i:15
m_biome
i:16
m_biome
i:17
m_biome
i:18
m_biome
i:19
m_biome
a:652
ContainsKey
a:653
IsZoneGenerated
i:0
m_biome
i:1
m_biome
i:2
m_biome
i:3
m_biome
i:4
m_biome
i:5
m_biome
i:6
m_biome
i:7
m_biome
i:8
m_biome
i:9
m_biome
i:10
m_biome
i:11
m_biome
i:12
m_biome
i:13
m_biome
i:14
m_biome
i:15
m_biome
i:16
m_biome
i:17
m_biome
i:18
m_biome
i:19
m_biome
a:654
IsZoneGenerated
i:0
m_biome
i:1
m_biome
i:2
m_biome
i:3
m_biome
i:4
m_biome
i:5
m_biome
i:6
m_biome
i:7
m_biome
i:8
m_biome
i:9
m_biome
i:10
m_biome
i:11
m_biome
i:12
m_biome
i:13
m_biome
i:14
m_biome
i:15
m_biome
i:16
m_biome
i:17
m_biome
i:18
m_biome
i:19
m_biome
a:655
IsZoneGenerated
biomeArea
a:656
IsZoneGenerated
biomeArea
a:657
IsZoneGenerated
biomeArea
a:658
IsZoneGenerated
biomeArea
a:659
IsZoneGenerated
i:0
m_biome
i:1
m_biome
i:2
m_biome
i:3
m_biome
i:4
m_biome
i:5
m_biome
i:6
m_biome
i:7
m_biome
i:8
m_biome
i:9
m_biome
i:10
m_biome
i:11
m_biome
i:12
m_biome
i:13
m_biome
i:14
m_biome
i:15
m_biome
i:16
m_biome
i:17
m_biome
i:18
m_biome
i:19
m_biome
a:660
IsZoneGenerated
i:0
m_biome
i:1
m_biome
i:2
m_biome
i:3
m_biome
i:4
m_biome
i:5
m_biome
i:6
m_biome
i:7
m_biome
i:8
m_biome
i:9
m_biome
i:10
m_biome
i:11
m_biome
i:12
m_biome
i:13
m_biome
i:14
m_biome
i:15
m_biome
i:16
m_biome
i:17
m_biome
i:18
m_biome
i:19
m_biome
a:661
IsZoneGenerated
biomeArea
a:662
IsZoneGenerated
i:0
m_biome
i:1
m_biome
i:2
m_biome
i:3
m_biome
i:4
m_biome
i:5
m_biome
i:6
m_biome
i:7
m_biome
i:8
m_biome
i:9
m_biome
i:10
m_biome
i:11
m_biome
i:12
m_biome
i:13
m_biome
i:14
m_biome
i:15
m_biome
i:16
m_biome
i:17
m_biome
i:18
m_biome
i:19
m_biome
a:663
ContainsKey
a:664
IsZoneGenerated
i:0
m_biome
i:1
m_biome
i:2
m_biome
i:3
m_biome
i:4
m_biome
i:5
m_biome
i:6
m_biome
i:7
m_biome
i:8
m_biome
i:9
m_biome
i:10
m_biome
i:11
m_biome
i:12
m_biome
i:13
m_biome
i:14
m_biome
i:15
m_biome
i:16
m_biome
i:17
m_biome
i:18
m_biome
i:19
m_biome
a:665
IsZoneGenerated
biomeArea
a:666
ContainsKey
a:667
IsZoneGenerated
biomeArea
a:668
IsZoneGenerated
i:0
m_biome
i:1
m_biome
i:2
m_biome
i:3
m_biome
i:4
m_biome
i:5
m_biome
i:6
m_biome
i:7
m_biome
i:8
m_biome
i:9
m_biome
i:10
m_biome
i:11
m_biome
i:12
m_biome
i:13
m_biome
i:14
m_biome
i:15
m_biome
i:16
m_biome
i:17
m_biome
i:18
m_biome
i:19
m_biome
a:669
IsZoneGenerated
i:0
terrainDelta
i:1
terrainDelta
i:2
altitude
i:3
altitude
i:4
terrainDelta
i:5
terrainDelta
i:6
altitude
i:7
register
a:670
IsZoneGenerated
biomeArea
a:671
IsZoneGenerated
biomeArea
a:672
IsZoneGenerated
biomeArea
a:673
IsZoneGenerated
biomeArea
a:674
IsZoneGenerated
biomeArea
a:675
IsZoneGenerated
biomeArea
a:676
IsZoneGenerated
biomeArea
a:677
IsZoneGenerated
biomeArea
a:678
IsZoneGenerated
biomeArea
a:679
IsZoneGenerated
i:0
terrainDelta
i:1
register