a:0
IsZoneGenerated
i:0
m_biome
i:1
m_biome
i:2
m_biome
i:3
m_biome
i:4
m_biome
i:5
m_biome
i:6
m_biome
i:7
m_biome
i:8
m_biome
i:9
m_biome
i:10
m_biome
i:11
m_biome
i:12
m_biome
i:13
m_biome
i:14
m_biome
i:15
m_biome
i:16
m_biome
i:17
m_biome
i:18
m_biome
i:19
m_biome
a:1
IsZoneGenerated
biomeArea
a:2
IsZoneGenerated
i:0
m_biome
i:1
m_biome
i:2
m_biome
i:3
m_biome
i:4
m_biome
i:5
m_biome
i:6
m_biome
i:7
m_biome
i:8
m_biome
i:9
m_biome
i:10
m_biome
i:11
m_biome
i:12
m_biome
i:13
m_biome
i:14
m_biome
i:15
m_biome
i:16
m_biome
i:17
m_biome
i:18
m_biome
i:19
m_biome
a:3
ContainsKey
a:4
IsZoneGenerated
i:0
m_biome
i:1
m_biome
i:2
m_biome
i:3
m_biome
i:4
m_biome
i:5
m_biome
i:6
m_biome
i:7
m_biome
i:8
m_biome
i:9
m_biome
i:10
m_biome
i:11
m_biome
i:12
m_biome
i:13
m_biome
i:14
m_biome
i:15
m_biome
i:16
m_biome
i:17
m_biome
i:18
m_biome
i:19
m_biome
a:5
IsZoneGenerated
biomeArea
a:6
IsZoneGenerated
i:0
register
a:7
IsZoneGenerated
biomeArea
a:8
IsZoneGenerated
biomeArea
a:9
IsZoneGenerated
i:0
m_biome
i:1
m_biome
i:2
m_biome
i:3
m_biome
i:4
m_biome
i:5
m_biome
i:6
m_biome
i:7
m_biome
i:8
m_biome
i:9
m_biome
i:10
m_biome
i:11
m_biome
i:12
m_biome
i:13
m_biome
i:14
m_biome
i:15
m_biome
i:16
m_biome
i:17
m_biome
i:18
m_biome
i:19
m_biome
a:10
IsZoneGenerated
biomeArea
a:11
IsZoneGenerated
i:0
altitude
i:1
altitude
i:2
altitude
i:3
altitude
i:4
altitude
i:5
altitude
i:6
altitude
i:7
altitude
i:8
altitude
i:9
terrainDelta
i:10
altitude
i:11
altitude
i:12
altitude
i:13
altitude
i:14
altitude
i:15
altitude
i:16
register
a:12
IsZoneGenerated
i:0
m_biome
i:1
m_biome
i:2
m_biome
i:3
m_biome
i:4
m_biome
i:5
m_biome
i:6
m_biome
i:7
m_biome
i:8
m_biome
i:9
m_biome
i:10
m_biome
i:11
m_biome
i:12
m_biome
i:13
m_biome
i:14
m_biome
i:15
m_biome
i:16
m_biome
i:17
m_biome
i:18
m_biome
i:19
m_biome
a:13
IsZoneGenerated
biomeArea
a:14
IsZoneGenerated
i:0
m_biome
i:1
m_biome
i:2
m_biome
i:3
m_biome
i:4
m_biome
i:5
m_biome
i:6
m_biome
i:7
m_biome
i:8
m_biome
i:9
m_biome
i:10
m_biome
i:11
m_biome
i:12
m_biome
i:13
m_biome
i:14
m_biome
i:15
m_biome
i:16
m_biome
i:17
m_biome
i:18
m_biome
i:19
m_biome
a:15
ContainsKey
a:16
IsZoneGenerated
biomeArea
a:17
ContainsKey
a:18
IsZoneGenerated
i:0
m_biome
i:1
m_biome
i:2
m_biome
i:3
m_biome
i:4
m_biome
i:5
m_biome
i:6
m_biome
i:7
m_biome
i:8
m_biome
i:9
m_biome
i:10
m_biome
i:11
m_biome
i:12
m_biome
i:13
m_biome
i:14
m_biome
i:15
m_biome
i:16
m_biome
i:17
m_biome
i:18
m_biome
i:19
m_biome
a:19
ContainsKey
a:20
IsZoneGenerated
biomeArea
a:21
IsZoneGenerated
i:0
m_biome
i:1
m_biome
i:2
m_biome
i:3
m_biome
i:4
m_biome
i:5
m_biome
i:6
m_biome
i:7
m_biome
i:8
m_biome
i:9
m_biome
i:10
m_biome
i:11
m_biome
i:12
m_biome
i:13
m_biome
i:14
m_biome
i:15
m_biome
i:16
m_biome
i:17
m_biome
i:18
m_biome
i:19
m_biome
a:22
IsZoneGenerated
biomeArea
a:23
IsZoneGenerated
biomeArea
a:24
IsZoneGenerated
biomeArea
a:25
IsZoneGenerated
biomeArea
a:26
IsZoneGenerated
biomeArea
a:27
IsZoneGenerated
biomeArea
a:28
IsZoneGenerated
biomeArea
a:29
IsZoneGenerated
i:0
m_biome
i:1
m_biome
i:2
m_biome
i:3
m_biome
i:4
m_biome
i:5
m_biome
i:6
m_biome
i:7
m_biome
i:8
m_biome
i:9
m_biome
i:10
m_biome
i:11
m_biome
i:12
m_biome
i:13
m_biome
i:14
m_biome
i:15
m_biome
i:16
m_biome
i:17
m_biome
i:18
m_biome
i:19
m_biome
a:30
IsZoneGenerated
i:0
altitude
i:1
altitude
i:2
register
a:31
IsZoneGenerated
i:0
m_biome
i:1
m_biome
i:2
m_biome
i:3
m_biome
i:4
m_biome
i:5
m_biome
i:6
m_biome
i:7
m_biome
i:8
m_biome
i:9
m_biome
i:10
m_biome
i:11
m_biome
i:12
m_biome
i:13
m_biome
i:14
m_biome
i:15
m_biome
i:16
m_biome
i:17
m_biome
i:18
m_biome
i:19
m_biome
a:32
IsZoneGenerated
i:0
m_biome
i:1
m_biome
i:2
m_biome
i:3
m_biome
i:4
m_biome
i:5
m_biome
i:6
m_biome
i:7
m_biome
i:8
m_biome
i:9
m_biome
i:10
m_biome
i:11
m_biome
i:12
m_biome
i:13
m_biome
i:14
m_biome
i:15
m_biome
i:16
m_biome
i:17
m_biome
i:18
m_biome
i:19
m_biome
a:33
IsZoneGenerated
biomeArea
a:34
IsZoneGenerated
i:0
altitude
i:1
altitude
i:2
altitude
i:3
register
a:35
IsZoneGenerated
i:0
m_biome
i:1
m_biome
i:2
m_biome
i:3
m_biome
i:4
m_biome
i:5
m_biome
i:6
m_biome
i:7
m_biome
i:8
m_biome
i:9
m_biome
i:10
m_biome
i:11
m_biome
i:12
m_biome
i:13
m_biome
i:14
m_biome
i:15
m_biome
i:16
m_biome
i:17
m_biome
i:18
m_biome
i:19
m_biome
a:36
IsZoneGenerated
biomeArea
a:37
IsZoneGenerated
i:0
m_biome
i:1
m_biome
i:2
m_biome
i:3
m_biome
i:4
m_biome
i:5
m_biome
i:6
m_biome
i:7
m_biome
i:8
m_biome
i:9
m_biome
i:10
m_biome
i:11
m_biome
i:12
m_biome
i:13
m_biome
i:14
m_biome
i:15
m_biome
i:16
m_biome
i:17
m_biome
i:18
m_biome
i:19
m_biome
a:38
IsZoneGenerated
biomeArea
a:39
ContainsKey
a:40
IsZoneGenerated
biomeArea
a:41
IsZoneGenerated
i:0
terrainDelta
i:1
altitude
i:2
altitude
i:3
altitude
i:4
altitude
i:5
altitude
i:6
altitude
i:7
altitude
i:8
altitude
i:9
altitude
i:10
terrainDelta
i:11
altitude
i:12
altitude
i:13
altitude
i:14
altitude
i:15
altitude
i:16
altitude
i:17
altitude
i:18
altitude
i:19
altitude
a:42
IsZoneGenerated
i:0
m_biome
i:1
m_biome
i:2
m_biome
i:3
m_biome
i:4
m_biome
i:5
m_biome
i:6
m_biome
i:7
m_biome
i:8
m_biome
i:9
m_biome
i:10
m_biome
i:11
m_biome
i:12
m_biome
i:13
m_biome
i:14
m_biome
i:15
m_biome
i:16
m_biome
i:17
m_biome
i:18
m_biome
i:19
m_biome
a:43
ContainsKey
a:44
IsZoneGenerated
biomeArea
a:45
IsZoneGenerated
biomeArea
a:46
IsZoneGenerated
biomeArea
a:47
IsZoneGenerated
biomeArea
a:48
IsZoneGenerated
biomeArea
a:49
IsZoneGenerated
i:0
m_biome
i:1
m_biome
i:2
m_biome
i:3
m_biome
i:4
m_biome
i:5
m_biome
i:6
m_biome
i:7
m_biome
i:8
m_biome
i:9
m_biome
i:10
m_biome
i:11
m_biome
i:12
m_biome
i:13
m_biome
i:14
m_biome
i:15
m_biome
i:16
m_biome
i:17
m_biome
i:18
m_biome
i:19
m_biome
a:50
IsZoneGenerated
biomeArea
a:51
IsZoneGenerated
biomeArea
a:52
IsZoneGenerated
biomeArea
a:53
IsZoneGenerated
biomeArea
a:54
IsZoneGenerated
biomeArea
a:55
IsZoneGenerated
biomeArea
a:56
IsZoneGenerated
biomeArea
a:57
IsZoneGenerated
i:0
terrainDelta
i:1
terrainDelta
i:2
terrainDelta
i:3
terrainDelta
i:4
terrainDelta
i:5
terrainDelta
i:6
terrainDelta
i:7
terrainDelta
i:8
terrainDelta
i:9
register
a:58
IsZoneGenerated
biomeArea
a:59
IsZoneGenerated
biomeArea
a:60
IsZoneGenerated
i:0
m_biome
i:1
m_biome
i:2
m_biome
i:3
m_biome
i:4
m_biome
i:5
m_biome
i:6
m_biome
i:7
m_biome
i:8
m_biome
i:9
m_biome
i:10
m_biome
i:11
m_biome
i:12
m_biome
i:13
m_biome
i:14
m_biome
i:15
m_biome
i:16
m_biome
i:17
m_biome
i:18
m_biome
i:19
m_biome
a:61
IsZoneGenerated
i:0
m_biome
i:1
m_biome
i:2
m_biome
i:3
m_biome
i:4
m_biome
i:5
m_biome
i:6
m_biome
i:7
m_biome
i:8
m_biome
i:9
m_biome
i:10
m_biome
i:11
m_biome
i:12
m_biome
i:13
m_biome
i:14
m_biome
i:15
m_biome
i:16
m_biome
i:17
m_biome
i:18
m_biome
i:19
m_biome
a:62
IsZoneGenerated
i:0
m_biome
i:1
m_biome
i:2
m_biome
i:3
m_biome
i:4
m_biome
i:5
m_biome
i:6
m_biome
i:7
m_biome
i:8
m_biome
i:9
m_biome
i:10
m_biome
i:11
m_biome
i:12
m_biome
i:13
m_biome
i:14
m_biome
i:15
m_biome
i:16
m_biome
i:17
m_biome
i:18
m_biome
i:19
m_biome
a:63
IsZoneGenerated
i:0
register
a:64
IsZoneGenerated
i:0
m_biome
i:1
m_biome
i:2
m_biome
i:3
m_biome
i:4
m_biome
i:5
m_biome
i:6
m_biome
i:7
m_biome
i:8
m_biome
i:9
m_biome
i:10
m_biome
i:11
m_biome
i:12
m_biome
i:13
m_biome
i:14
m_biome
i:15
m_biome
i:16
m_biome
i:17
m_biome
i:18
m_biome
i:19
m_biome
a:65
IsZoneGenerated
i:0
m_biome
i:1
m_biome
i:2
m_biome
i:3
m_biome
i:4
m_biome
i:5
m_biome
i:6
m_biome
i:7
m_biome
i:8
m_biome
i:9
m_biome
i:10
m_biome
i:11
m_biome
i:12
m_biome
i:13
m_biome
i:14
m_biome
i:15
m_biome
i:16
m_biome
i:17
m_biome
i:18
m_biome
i:19
m_biome
a:66
IsZoneGenerated
i:0
m_biome
i:1
m_biome
i:2
m_biome
i:3
m_biome
i:4
m_biome
i:5
m_biome
i:6
m_biome
i:7
m_biome
i:8
m_biome
i:9
m_biome
i:10
m_biome
i:11
m_biome
i:12
m_biome
i:13
m_biome
i:14
m_biome
i:15
m_biome
i:16
m_biome
i:17
m_biome
i:18
m_biome
i:19
m_biome
a:67
IsZoneGenerated
i:0
m_biome
i:1
m_biome
i:2
m_biome
i:3
m_biome
i:4
m_biome
i:5
m_biome
i:6
m_biome
i:7
m_biome
i:8
m_biome
i:9
m_biome
i:10
m_biome
i:11
m_biome
i:12
m_biome
i:13
m_biome
i:14
m_biome
i:15
m_biome
i:16
m_biome
i:17
m_biome
i:18
m_biome
i:19
m_biome
a:68
IsZoneGenerated
biomeArea
a:69
IsZoneGenerated
i:0
m_biome
i:1
m_biome
i:2
m_biome
i:3
m_biome
i:4
m_biome
i:5
m_biome
i:6
m_biome
i:7
m_biome
i:8
m_biome
i:9
m_biome
i:10
m_biome
i:11
m_biome
i:12
m_biome
i:13
m_biome
i:14
m_biome
i:15
m_biome
i:16
m_biome
i:17
m_biome
i:18
m_biome
i:19
m_biome
a:70
ContainsKey
a:71
IsZoneGenerated
biomeArea
a:72
IsZoneGenerated
i:0
m_biome
i:1
m_biome
i:2
m_biome
i:3
m_biome
i:4
m_biome
i:5
m_biome
i:6
m_biome
i:7
m_biome
i:8
m_biome
i:9
m_biome
i:10
m_biome
i:11
m_biome
i:12
m_biome
i:13
m_biome
i:14
m_biome
i:15
m_biome
i:16
m_biome
i:17
m_biome
i:18
m_biome
i:19
m_biome
a:73
IsZoneGenerated
i:0
m_biome
i:1
m_biome
i:2
m_biome
i:3
m_biome
i:4
m_biome
i:5
m_biome
i:6
m_biome
i:7
m_biome
i:8
m_biome
i:9
m_biome
i:10
m_biome
i:11
m_biome
i:12
m_biome
i:13
m_biome
i:14
m_biome
i:15
m_biome
i:16
m_biome
i:17
m_biome
i:18
m_biome
i:19
m_biome
a:74
IsZoneGenerated
i:0
altitude
i:1
register
a:75
IsZoneGenerated
biomeArea
a:76
IsZoneGenerated
i:0
m_biome
i:1
m_biome
i:2
m_biome
i:3
m_biome
i:4
m_biome
i:5
m_biome
i:6
m_biome
i:7
m_biome
i:8
m_biome
i:9
m_biome
i:10
m_biome
i:11
m_biome
i:12
m_biome
i:13
m_biome
i:14
m_biome
i:15
m_biome
i:16
m_biome
i:17
m_biome
i:18
m_biome
i:19
m_biome
a:77
IsZoneGenerated
i:0
m_biome
i:1
m_biome
i:2
m_biome
i:3
m_biome
i:4
m_biome
i:5
m_biome
i:6
m_biome
i:7
m_biome
i:8
m_biome
i:9
m_biome
i:10
m_biome
i:11
m_biome
i:12
m_biome
i:13
m_biome
i:14
m_biome
i:15
m_biome
i:16
m_biome
i:17
m_biome
i:18
m_biome
i:19
m_biome
a:78
IsZoneGenerated
biomeArea
a:79
IsZoneGenerated
i:0
m_biome
i:1
m_biome
i:2
m_biome
i:3
m_biome
i:4
m_biome
i:5
m_biome
i:6
m_biome
i:7
m_biome
i:8
m_biome
i:9
m_biome
i:10
m_biome
i:11
m_biome
i:12
m_biome
i:13
m_biome
i:14
m_biome
i:15
m_biome
i:16
m_biome
i:17
m_biome
i:18
m_biome
i:19
m_biome
a:80
IsZoneGenerated
biomeArea
a:81
IsZoneGenerated
biomeArea
a:82
ContainsKey
a:83
IsZoneGenerated
i:0
m_biome
i:1
m_biome
i:2
m_biome
i:3
m_biome
i:4
m_biome
i:5
m_biome
i:6
m_biome
i:7
m_biome
i:8
m_biome
i:9
m_biome
i:10
m_biome
i:11
m_biome
i:12
m_biome
i:13
m_biome
i:14
m_biome
i:15
m_biome
i:16
m_biome
i:17
m_biome
i:18
m_biome
i:19
m_biome
a:84
IsZoneGenerated
i:0
m_biome
i:1
m_biome
i:2
m_biome
i:3
m_biome
i:4
m_biome
i:5
m_biome
i:6
m_biome
i:7
m_biome
i:8
m_biome
i:9
m_biome
i:10
m_biome
i:11
m_biome
i:12
m_biome
i:13
m_biome
i:14
m_biome
i:15
m_biome
i:16
m_biome
i:17
m_biome
i:18
m_biome
i:19
m_biome
a:85
IsZoneGenerated
biomeArea
a:86
IsZoneGenerated
biomeArea
a:87
IsZoneGenerated
i:0
m_biome
i:1
m_biome
i:2
m_biome
i:3
m_biome
i:4
m_biome
i:5
m_biome
i:6
m_biome
i:7
m_biome
i:8
m_biome
i:9
m_biome
i:10
m_biome
i:11
m_biome
i:12
m_biome
i:13
m_biome
i:14
m_biome
i:15
m_biome
i:16
m_biome
i:17
m_biome
i:18
m_biome
i:19
m_biome
a:88
IsZoneGenerated
biomeArea
a:89
ContainsKey
a:90
IsZoneGenerated
i:0
m_biome
i:1
m_biome
i:2
m_biome
i:3
m_biome
i:4
m_biome
i:5
m_biome
i:6
m_biome
i:7
m_biome
i:8
m_biome
i:9
m_biome
i:10
m_biome
i:11
m_biome
i:12
m_biome
i:13
m_biome
i:14
m_biome
i:15
m_biome
i:16
m_biome
i:17
m_biome
i:18
m_biome
i:19
m_biome
a:91
ContainsKey
a:92
IsZoneGenerated
biomeArea
a:93
IsZoneGenerated
biomeArea
a:94
IsZoneGenerated
biomeArea
a:95
IsZoneGenerated
biomeArea
a:96
ContainsKey
a:97
IsZoneGenerated
i:0
m_biome
i:1
m_biome
i:2
m_biome
i:3
m_biome
i:4
m_biome
i:5
m_biome
i:6
m_biome
i:7
m_biome
i:8
m_biome
i:9
m_biome
i:10
m_biome
i:11
m_biome
i:12
m_biome
i:13
m_biome
i:14
m_biome
i:15
m_biome
i:16
m_biome
i:17
m_biome
i:18
m_biome
i:19
m_biome
a:98
IsZoneGenerated
i:0
m_biome
i:1
m_biome
i:2
m_biome
i:3
m_biome
i:4
m_biome
i:5
m_biome
i:6
m_biome
i:7
m_biome
i:8
m_biome
i:9
m_biome
i:10
m_biome
i:11
m_biome
i:12
m_biome
i:13
m_biome
i:14
m_biome
i:15
m_biome
i:16
m_biome
i:17
m_biome
i:18
m_biome
i:19
m_biome
a:99
IsZoneGenerated
i:0
m_biome
i:1
m_biome
i:2
m_biome
i:3
m_biome
i:4
m_biome
i:5
m_biome
i:6
m_biome
i:7
m_biome
i:8
m_biome
i:9
m_biome
i:10
m_biome
i:11
m_biome
i:12
m_biome
i:13
m_biome
i:14
m_biome
i:15
m_biome
i:16
m_biome
i:17
m_biome
i:18
m_biome
i:19
m_biome
a:100
IsZoneGenerated
i:0
m_biome
i:1
m_biome
i:2
m_biome
i:3
m_biome
i:4
m_biome
i:5
m_biome
i:6
m_biome
i:7
m_biome
i:8
m_biome
i:9
m_biome
i:10
m_biome
i:11
m_biome
i:12
m_biome
i:13
m_biome
i:14
m_biome
i:15
m_biome
i:16
m_biome
i:17
m_biome
i:18
m_biome
i:19
m_biome
a:101
IsZoneGenerated
biomeArea
a:102
ContainsKey
a:103
IsZoneGenerated
biomeArea
a:104
IsZoneGenerated
i:0
m_biome
i:1
m_biome
i:2
m_biome
i:3
m_biome
i:4
m_biome
i:5
m_biome
i:6
m_biome
i:7
m_biome
i:8
m_biome
i:9
m_biome
i:10
m_biome
i:11
m_biome
i:12
m_biome
i:13
m_biome
i:14
m_biome
i:15
m_biome
i:16
m_biome
i:17
m_biome
i:18
m_biome
i:19
m_biome
a:105
ContainsKey
a:106
IsZoneGenerated
biomeArea
a:107
IsZoneGenerated
i:0
m_biome
i:1
m_biome
i:2
m_biome
i:3
m_biome
i:4
m_biome
i:5
m_biome
i:6
m_biome
i:7
m_biome
i:8
m_biome
i:9
m_biome
i:10
m_biome
i:11
m_biome
i:12
m_biome
i:13
m_biome
i:14
m_biome
i:15
m_biome
i:16
m_biome
i:17
m_biome
i:18
m_biome
i:19
m_biome
a:108
IsZoneGenerated
i:0
m_biome
i:1
m_biome
i:2
m_biome
i:3
m_biome
i:4
m_biome
i:5
m_biome
i:6
m_biome
i:7
m_biome
i:8
m_biome
i:9
m_biome
i:10
m_biome
i:11
m_biome
i:12
m_biome
i:13
m_biome
i:14
m_biome
i:15
m_biome
i:16
m_biome
i:17
m_biome
i:18
m_biome
i:19
m_biome
a:109
IsZoneGenerated
biomeArea
a:110
IsZoneGenerated
biomeArea
a:111
IsZoneGenerated
biomeArea
a:112
IsZoneGenerated
i:0
terrainDelta
i:1
register
a:113
IsZoneGenerated
i:0
m_biome
i:1
m_biome
i:2
m_biome
i:3
m_biome
i:4
m_biome
i:5
m_biome
i:6
m_biome
i:7
m_biome
i:8
m_biome
i:9
m_biome
i:10
m_biome
i:11
m_biome
i:12
m_biome
i:13
m_biome
i:14
m_biome
i:15
m_biome
i:16
m_biome
i:17
m_biome
i:18
m_biome
i:19
m_biome
a:114
IsZoneGenerated
i:0
m_biome
i:1
m_biome
i:2
m_biome
i:3
m_biome
i:4
m_biome
i:5
m_biome
i:6
m_biome
i:7
m_biome
i:8
m_biome
i:9
m_biome
i:10
m_biome
i:11
m_biome
i:12
m_biome
i:13
m_biome
i:14
m_biome
i:15
m_biome
i:16
m_biome
i:17
m_biome
i:18
m_biome
i:19
m_biome
a:115
IsZoneGenerated
i:0
m_biome
i:1
m_biome
i:2
m_biome
i:3
m_biome
i:4
m_biome
i:5
m_biome
i:6
m_biome
i:7
m_biome
i:8
m_biome
i:9
m_biome
i:10
m_biome
i:11
m_biome
i:12
m_biome
i:13
m_biome
i:14
m_biome
i:15
m_biome
i:16
m_biome
i:17
m_biome
i:18
m_biome
i:19
m_biome
a:116
IsZoneGenerated
biomeArea
a:117
IsZoneGenerated
i:0
register
a:118
IsZoneGenerated
biomeArea
a:119
IsZoneGenerated
i:0
m_biome
i:1
m_biome
i:2
m_biome
i:3
m_biome
i:4
m_biome
i:5
m_biome
i:6
m_biome
i:7
m_biome
i:8
m_biome
i:9
m_biome
i:10
m_biome
i:11
m_biome
i:12
m_biome
i:13
m_biome
i:14
m_biome
i:15
m_biome
i:16
m_biome
i:17
m_biome
i:18
m_biome
i:19
m_biome
a:120
IsZoneGenerated
biomeArea
a:121
ContainsKey
a:122
IsZoneGenerated
i:0
m_biome
i:1
m_biome
i:2
m_biome
i:3
m_biome
i:4
m_biome
i:5
m_biome
i:6
m_biome
i:7
m_biome
i:8
m_biome
i:9
m_biome
i:10
m_biome
i:11
m_biome
i:12
m_biome
i:13
m_biome
i:14
m_biome
i:15
m_biome
i:16
m_biome
i:17
m_biome
i:18
m_biome
i:19
m_biome
a:123
IsZoneGenerated
i:0
m_biome
i:1
m_biome
i:2
m_biome
i:3
m_biome
i:4
m_biome
i:5
m_biome
i:6
m_biome
i:7
m_biome
i:8
m_biome
i:9
m_biome
i:10
m_biome
i:11
m_biome
i:12
m_biome
i:13
m_biome
i:14
m_biome
i:15
m_biome
i:16
m_biome
i:17
m_biome
i:18
m_biome
i:19
m_biome
a:124
IsZoneGenerated
i:0
m_biome
i:1
m_biome
i:2
m_biome
i:3
m_biome
i:4
m_biome
i:5
m_biome
i:6
m_biome
i:7
m_biome
i:8
m_biome
i:9
m_biome
i:10
m_biome
i:11
m_biome
i:12
m_biome
i:13
m_biome
i:14
m_biome
i:15
m_biome
i:16
m_biome
i:17
m_biome
i:18
m_biome
i:19
m_biome
a:125
IsZoneGenerated
biomeArea
a:126
IsZoneGenerated
biomeArea
a:127
IsZoneGenerated
i:0
m_biome
i:1
m_biome
i:2
m_biome
i:3
m_biome
i:4
m_biome
i:5
m_biome
i:6
m_biome
i:7
m_biome
i:8
m_biome
i:9
m_biome
i:10
m_biome
i:11
m_biome
i:12
m_biome
i:13
m_biome
i:14
m_biome
i:15
m_biome
i:16
m_biome
i:17
m_biome
i:18
m_biome
i:19
m_biome
a:128
IsZoneGenerated
i:0
terrainDelta
i:1
terrainDelta
i:2
terrainDelta
i:3
terrainDelta
i:4
terrainDelta
i:5
terrainDelta
i:6
terrainDelta
i:7
terrainDelta
i:8
register
a:129
IsZoneGenerated
i:0
m_biome
i:1
m_biome
i:2
m_biome
i:3
m_biome
i:4
m_biome
i:5
m_biome
i:6
m_biome
i:7
m_biome
i:8
m_biome
i:9
m_biome
i:10
m_biome
i:11
m_biome
i:12
m_biome
i:13
m_biome
i:14
m_biome
i:15
m_biome
i:16
m_biome
i:17
m_biome
i:18
m_biome
i:19
m_biome
a:130
IsZoneGenerated
i:0
terrainDelta
i:1
terrainDelta
i:2
terrainDelta
i:3
register
a:131
IsZoneGenerated
i:0
m_biome
i:1
m_biome
i:2
m_biome
i:3
m_biome
i:4
m_biome
i:5
m_biome
i:6
m_biome
i:7
m_biome
i:8
m_biome
i:9
m_biome
i:10
m_biome
i:11
m_biome
i:12
m_biome
i:13
m_biome
i:14
m_biome
i:15
m_biome
i:16
m_biome
i:17
m_biome
i:18
m_biome
i:19
m_biome
a:132
ContainsKey
a:133
ContainsKey
a:134
IsZoneGenerated
biomeArea
a:135
IsZoneGenerated
i:0
m_biome
i:1
m_biome
i:2
m_biome
i:3
m_biome
i:4
m_biome
i:5
m_biome
i:6
m_biome
i:7
m_biome
i:8
m_biome
i:9
m_biome
i:10
m_biome
i:11
m_biome
i:12
m_biome
i:13
m_biome
i:14
m_biome
i:15
m_biome
i:16
m_biome
i:17
m_biome
i:18
m_biome
i:19
m_biome
a:136
IsZoneGenerated
biomeArea
a:137
IsZoneGenerated
i:0
terrainDelta
i:1
terrainDelta
i:2
terrainDelta
i:3
terrainDelta
i:4
terrainDelta
i:5
terrainDelta
i:6
terrainDelta
i:7
terrainDelta
i:8
terrainDelta
i:9
terrainDelta
i:10
terrainDelta
i:11
terrainDelta
i:12
terrainDelta
i:13
terrainDelta
i:14
terrainDelta
i:15
terrainDelta
i:16
terrainDelta
i:17
terrainDelta
i:18
terrainDelta
i:19
terrainDelta
a:138
IsZoneGenerated
biomeArea
a:139
IsZoneGenerated
i:0
m_biome
i:1
m_biome
i:2
m_biome
i:3
m_biome
i:4
m_biome
i:5
m_biome
i:6
m_biome
i:7
m_biome
i:8
m_biome
i:9
m_biome
i:10
m_biome
i:11
m_biome
i:12
m_biome
i:13
m_biome
i:14
m_biome
i:15
m_biome
i:16
m_biome
i:17
m_biome
i:18
m_biome
i:19
m_biome
a:140
IsZoneGenerated
biomeArea
a:141
ContainsKey
a:142
IsZoneGenerated
i:0
terrainDelta
i:1
terrainDelta
i:2
terrainDelta
i:3
register
a:143
IsZoneGenerated
biomeArea
a:144
IsZoneGenerated
biomeArea
a:145
IsZoneGenerated
biomeArea
a:146
IsZoneGenerated
i:0
m_biome
i:1
m_biome
i:2
m_biome
i:3
m_biome
i:4
m_biome
i:5
m_biome
i:6
m_biome
i:7
m_biome
i:8
m_biome
i:9
m_biome
i:10
m_biome
i:11
m_biome
i:12
m_biome
i:13
m_biome
i:14
m_biome
i:15
m_biome
i:16
m_biome
i:17
m_biome
i:18
m_biome
i:19
m_biome
a:147
IsZoneGenerated
biomeArea
a:148
IsZoneGenerated
i:0
m_biome
i:1
m_biome
i:2
m_biome
i:3
m_biome
i:4
m_biome
i:5
m_biome
i:6
m_biome
i:7
m_biome
i:8
m_biome
i:9
m_biome
i:10
m_biome
i:11
m_biome
i:12
m_biome
i:13
m_biome
i:14
m_biome
i:15
m_biome
i:16
m_biome
i:17
m_biome
i:18
m_biome
i:19
m_biome
a:149
IsZoneGenerated
i:0
m_biome
i:1
m_biome
i:2
m_biome
i:3
m_biome
i:4
m_biome
i:5
m_biome
i:6
m_biome
i:7
m_biome
i:8
m_biome
i:9
m_biome
i:10
m_biome
i:11
m_biome
i:12
m_biome
i:13
m_biome
i:14
m_biome
i:15
m_biome
i:16
m_biome
i:17
m_biome
i:18
m_biome
i:19
m_biome
a:150
IsZoneGenerated
i:0
terrainDelta
i:1
register
a:151
ContainsKey
a:152
IsZoneGenerated
i:0
m_biome
i:1
m_biome
i:2
m_biome
i:3
m_biome
i:4
m_biome
i:5
m_biome
i:6
m_biome
i:7
m_biome
i:8
m_biome
i:9
m_biome
i:10
m_biome
i:11
m_biome
i:12
m_biome
i:13
m_biome
i:14
m_biome
i:15
m_biome
i:16
m_biome
i:17
m_biome
i:18
m_biome
i:19
m_biome
a:153
IsZoneGenerated
i:0
m_biome
i:1
m_biome
i:2
m_biome
i:3
m_biome
i:4
m_biome
i:5
m_biome
i:6
m_biome
i:7
m_biome
i:8
m_biome
i:9
m_biome
i:10
m_biome
i:11
m_biome
i:12
m_biome
i:13
m_biome
i:14
m_biome
i:15
m_biome
i:16
m_biome
i:17
m_biome
i:18
m_biome
i:19
m_biome
a:154
IsZoneGenerated
biomeArea
a:155
IsZoneGenerated
i:0
m_biome
i:1
m_biome
i:2
m_biome
i:3
m_biome
i:4
m_biome
i:5
m_biome
i:6
m_biome
i:7
m_biome
i:8
m_biome
i:9
m_biome
i:10
m_biome
i:11
m_biome
i:12
m_biome
i:13
m_biome
i:14
m_biome
i:15
m_biome
i:16
m_biome
i:17
m_biome
i:18
m_biome
i:19
m_biome
a:156
IsZoneGenerated
biomeArea
a:157
IsZoneGenerated
i:0
m_biome
i:1
m_biome
i:2
m_biome
i:3
m_biome
i:4
m_biome
i:5
m_biome
i:6
m_biome
i:7
m_biome
i:8
m_biome
i:9
m_biome
i:10
m_biome
i:11
m_biome
i:12
m_biome
i:13
m_biome
i:14
m_biome
i:15
m_biome
i:16
m_biome
i:17
m_biome
i:18
m_biome
i:19
m_biome
a:158
IsZoneGenerated
biomeArea
a:159
IsZoneGenerated
i:0
altitude
i:1
register
a:160
IsZoneGenerated
i:0
register
a:161
IsZoneGenerated
i:0
m_biome
i:1
m_biome
i:2
m_biome
i:3
m_biome
i:4
m_biome
i:5
m_biome
i:6
m_biome
i:7
m_biome
i:8
m_biome
i:9
m_biome
i:10
m_biome
i:11
m_biome
i:12
m_biome
i:13
m_biome
i:14
m_biome
i:15
m_biome
i:16
m_biome
i:17
m_biome
i:18
m_biome
i:19
m_biome
a:162
IsZoneGenerated
i:0
m_biome
i:1
m_biome
i:2
m_biome
i:3
m_biome
i:4
m_biome
i:5
m_biome
i:6
m_biome
i:7
m_biome
i:8
m_biome
i:9
m_biome
i:10
m_biome
i:11
m_biome
i:12
m_biome
i:13
m_biome
i:14
m_biome
i:15
m_biome
i:16
m_biome
i:17
m_biome
i:18
m_biome
i:19
m_biome
a:163
IsZoneGenerated
i:0
m_biome
i:1
m_biome
i:2
m_biome
i:3
m_biome
i:4
m_biome
i:5
m_biome
i:6
m_biome
i:7
m_biome
i:8
m_biome
i:9
m_biome
i:10
m_biome
i:11
m_biome
i:12
m_biome
i:13
m_biome
i:14
m_biome
i:15
m_biome
i:16
m_biome
i:17
m_biome
i:18
m_biome
i:19
m_biome
a:164
ContainsKey
a:165
IsZoneGenerated
biomeArea
a:166
ContainsKey
a:167
IsZoneGenerated
biomeArea
a:168
IsZoneGenerated
biomeArea
a:169
IsZoneGenerated
i:0
m_biome
i:1
m_biome
i:2
m_biome
i:3
m_biome
i:4
m_biome
i:5
m_biome
i:6
m_biome
i:7
m_biome
i:8
m_biome
i:9
m_biome
i:10
m_biome
i:11
m_biome
i:12
m_biome
i:13
m_biome
i:14
m_biome
i:15
m_biome
i:16
m_biome
i:17
m_biome
i:18
m_biome
i:19
m_biome
a:170
IsZoneGenerated
i:0
m_biome
i:1
m_biome
i:2
m_biome
i:3
m_biome
i:4
m_biome
i:5
m_biome
i:6
m_biome
i:7
m_biome
i:8
m_biome
i:9
m_biome
i:10
m_biome
i:11
m_biome
i:12
m_biome
i:13
m_biome
i:14
m_biome
i:15
m_biome
i:16
m_biome
i:17
m_biome
i:18
m_biome
i:19
m_biome
a:171
IsZoneGenerated
i:0
terrainDelta
i:1
terrainDelta
i:2
register
a:172
IsZoneGenerated
i:0
m_biome
i:1
m_biome
i:2
m_biome
i:3
m_biome
i:4
m_biome
i:5
m_biome
i:6
m_biome
i:7
m_biome
i:8
m_biome
i:9
m_biome
i:10
m_biome
i:11
m_biome
i:12
m_biome
i:13
m_biome
i:14
m_biome
i:15
m_biome
i:16
m_biome
i:17
m_biome
i:18
m_biome
i:19
m_biome
a:173
IsZoneGenerated
biomeArea
a:174
IsZoneGenerated
i:0
m_biome
i:1
m_biome
i:2
m_biome
i:3
m_biome
i:4
m_biome
i:5
m_biome
i:6
m_biome
i:7
m_biome
i:8
m_biome
i:9
m_biome
i:10
m_biome
i:11
m_biome
i:12
m_biome
i:13
m_biome
i:14
m_biome
i:15
m_biome
i:16
m_biome
i:17
m_biome
i:18
m_biome
i:19
m_biome
a:175
IsZoneGenerated
biomeArea
a:176
IsZoneGenerated
biomeArea
a:177
IsZoneGenerated
biomeArea
a:178
IsZoneGenerated
biomeArea
a:179
IsZoneGenerated
i:0
m_biome
i:1
m_biome
i:2
m_biome
i:3
m_biome
i:4
m_biome
i:5
m_biome
i:6
m_biome
i:7
m_biome
i:8
m_biome
i:9
m_biome
i:10
m_biome
i:11
m_biome
i:12
m_biome
i:13
m_biome
i:14
m_biome
i:15
m_biome
i:16
m_biome
i:17
m_biome
i:18
m_biome
i:19
m_biome
a:180
IsZoneGenerated
i:0
m_biome
i:1
m_biome
i:2
m_biome
i:3
m_biome
i:4
m_biome
i:5
m_biome
i:6
m_biome
i:7
m_biome
i:8
m_biome
i:9
m_biome
i:10
m_biome
i:11
m_biome
i:12
m_biome
i:13
m_biome
i:14
m_biome
i:15
m_biome
i:16
m_biome
i:17
m_biome
i:18
m_biome
i:19
m_biome
a:181
IsZoneGenerated
i:0
terrainDelta
i:1
terrainDelta
i:2
terrainDelta
i:3
terrainDelta
i:4
register
a:182
IsZoneGenerated
i:0
m_biome
i:1
m_biome
i:2
m_biome
i:3
m_biome
i:4
m_biome
i:5
m_biome
i:6
m_biome
i:7
m_biome
i:8
m_biome
i:9
m_biome
i:10
m_biome
i:11
m_biome
i:12
m_biome
i:13
m_biome
i:14
m_biome
i:15
m_biome
i:16
m_biome
i:17
m_biome
i:18
m_biome
i:19
m_biome
a:183
IsZoneGenerated
i:0
m_biome
i:1
m_biome
i:2
m_biome
i:3
m_biome
i:4
m_biome
i:5
m_biome
i:6
m_biome
i:7
m_biome
i:8
m_biome
i:9
m_biome
i:10
m_biome
i:11
m_biome
i:12
m_biome
i:13
m_biome
i:14
m_biome
i:15
m_biome
i:16
m_biome
i:17
m_biome
i:18
m_biome
i:19
m_biome
a:184
IsZoneGenerated
i:0
m_biome
i:1
m_biome
i:2
m_biome
i:3
m_biome
i:4
m_biome
i:5
m_biome
i:6
m_biome
i:7
m_biome
i:8
m_biome
i:9
m_biome
i:10
m_biome
i:11
m_biome
i:12
m_biome
i:13
m_biome
i:14
m_biome
i:15
m_biome
i:16
m_biome
i:17
m_biome
i:18
m_biome
i:19
m_biome
a:185
ContainsKey
a:186
IsZoneGenerated
biomeArea
a:187
IsZoneGenerated
i:0
m_biome
i:1
m_biome
i:2
m_biome
i:3
m_biome
i:4
m_biome
i:5
m_biome
i:6
m_biome
i:7
m_biome
i:8
m_biome
i:9
m_biome
i:10
m_biome
i:11
m_biome
i:12
m_biome
i:13
m_biome
i:14
m_biome
i:15
m_biome
i:16
m_biome
i:17
m_biome
i:18
m_biome
i:19
m_biome
a:188
IsZoneGenerated
biomeArea
a:189
IsZoneGenerated
biomeArea
a:190
ContainsKey
a:191
IsZoneGenerated
i:0
m_biome
i:1
m_biome
i:2
m_biome
i:3
m_biome
i:4
m_biome
i:5
m_biome
i:6
m_biome
i:7
m_biome
i:8
m_biome
i:9
m_biome
i:10
m_biome
i:11
m_biome
i:12
m_biome
i:13
m_biome
i:14
m_biome
i:15
m_biome
i:16
m_biome
i:17
m_biome
i:18
m_biome
i:19
m_biome
a:192
IsZoneGenerated
biomeArea
a:193
IsZoneGenerated
biomeArea
a:194
IsZoneGenerated
i:0
m_biome
i:1
m_biome
i:2
m_biome
i:3
m_biome
i:4
m_biome
i:5
m_biome
i:6
m_biome
i:7
m_biome
i:8
m_biome
i:9
m_biome
i:10
m_biome
i:11
m_biome
i:12
m_biome
i:13
m_biome
i:14
m_biome
i:15
m_biome
i:16
m_biome
i:17
m_biome
i:18
m_biome
i:19
m_biome
a:195
IsZoneGenerated
biomeArea
a:196
IsZoneGenerated
biomeArea
a:197
IsZoneGenerated
i:0
m_biome
i:1
m_biome
i:2
m_biome
i:3
m_biome
i:4
m_biome
i:5
m_biome
i:6
m_biome
i:7
m_biome
i:8
m_biome
i:9
m_biome
i:10
m_biome
i:11
m_biome
i:12
m_biome
i:13
m_biome
i:14
m_biome
i:15
m_biome
i:16
m_biome
i:17
m_biome
i:18
m_biome
i:19
m_biome
a:198
ContainsKey
a:199
IsZoneGenerated
i:0
m_biome
i:1
m_biome
i:2
m_biome
i:3
m_biome
i:4
m_biome
i:5
m_biome
i:6
m_biome
i:7
m_biome
i:8
m_biome
i:9
m_biome
i:10
m_biome
i:11
m_biome
i:12
m_biome
i:13
m_biome
i:14
m_biome
i:15
m_biome
i:16
m_biome
i:17
m_biome
i:18
m_biome
i:19
m_biome
a:200
IsZoneGenerated
i:0
m_biome
i:1
m_biome
i:2
m_biome
i:3
m_biome
i:4
m_biome
i:5
m_biome
i:6
m_biome
i:7
m_biome
i:8
m_biome
i:9
m_biome
i:10
m_biome
i:11
m_biome
i:12
m_biome
i:13
m_biome
i:14
m_biome
i:15
m_biome
i:16
m_biome
i:17
m_biome
i:18
m_biome
i:19
m_biome
a:201
IsZoneGenerated
biomeArea
a:202
IsZoneGenerated
i:0
m_biome
i:1
m_biome
i:2
m_biome
i:3
m_biome
i:4
m_biome
i:5
m_biome
i:6
m_biome
i:7
m_biome
i:8
m_biome
i:9
m_biome
i:10
m_biome
i:11
m_biome
i:12
m_biome
i:13
m_biome
i:14
m_biome
i:15
m_biome
i:16
m_biome
i:17
m_biome
i:18
m_biome
i:19
m_biome
a:203
IsZoneGenerated
i:0
m_biome
i:1
m_biome
i:2
m_biome
i:3
m_biome
i:4
m_biome
i:5
m_biome
i:6
m_biome
i:7
m_biome
i:8
m_biome
i:9
m_biome
i:10
m_biome
i:11
m_biome
i:12
m_biome
i:13
m_biome
i:14
m_biome
i:15
m_biome
i:16
m_biome
i:17
m_biome
i:18
m_biome
i:19
m_biome
a:204
IsZoneGenerated
i:0
m_biome
i:1
m_biome
i:2
m_biome
i:3
m_biome
i:4
m_biome
i:5
m_biome
i:6
m_biome
i:7
m_biome
i:8
m_biome
i:9
m_biome
i:10
m_biome
i:11
m_biome
i:12
m_biome
i:13
m_biome
i:14
m_biome
i:15
m_biome
i:16
m_biome
i:17
m_biome
i:18
m_biome
i:19
m_biome
a:205
IsZoneGenerated
biomeArea
a:206
IsZoneGenerated
biomeArea
a:207
IsZoneGenerated
biomeArea
a:208
IsZoneGenerated
i:0
m_biome
i:1
m_biome
i:2
m_biome
i:3
m_biome
i:4
m_biome
i:5
m_biome
i:6
m_biome
i:7
m_biome
i:8
m_biome
i:9
m_biome
i:10
m_biome
i:11
m_biome
i:12
m_biome
i:13
m_biome
i:14
m_biome
i:15
m_biome
i:16
m_biome
i:17
m_biome
i:18
m_biome
i:19
m_biome
a:209
IsZoneGenerated
biomeArea
a:210
ContainsKey
a:211
IsZoneGenerated
i:0
m_biome
i:1
m_biome
i:2
m_biome
i:3
m_biome
i:4
m_biome
i:5
m_biome
i:6
m_biome
i:7
m_biome
i:8
m_biome
i:9
m_biome
i:10
m_biome
i:11
m_biome
i:12
m_biome
i:13
m_biome
i:14
m_biome
i:15
m_biome
i:16
m_biome
i:17
m_biome
i:18
m_biome
i:19
m_biome
a:212
IsZoneGenerated
biomeArea
a:213
IsZoneGenerated
i:0
m_biome
i:1
m_biome
i:2
m_biome
i:3
m_biome
i:4
m_biome
i:5
m_biome
i:6
m_biome
i:7
m_biome
i:8
m_biome
i:9
m_biome
i:10
m_biome
i:11
m_biome
i:12
m_biome
i:13
m_biome
i:14
m_biome
i:15
m_biome
i:16
m_biome
i:17
m_biome
i:18
m_biome
i:19
m_biome
a:214
IsZoneGenerated
i:0
altitude
i:1
altitude
i:2
altitude
i:3
altitude
i:4
terrainDelta
i:5
altitude
i:6
altitude
i:7
altitude
i:8
terrainDelta
i:9
altitude
i:10
terrainDelta
i:11
register
a:215
IsZoneGenerated
i:0
m_biome
i:1
m_biome
i:2
m_biome
i:3
m_biome
i:4
m_biome
i:5
m_biome
i:6
m_biome
i:7
m_biome
i:8
m_biome
i:9
m_biome
i:10
m_biome
i:11
m_biome
i:12
m_biome
i:13
m_biome
i:14
m_biome
i:15
m_biome
i:16
m_biome
i:17
m_biome
i:18
m_biome
i:19
m_biome
a:216
IsZoneGenerated
i:0
m_biome
i:1
m_biome
i:2
m_biome
i:3
m_biome
i:4
m_biome
i:5
m_biome
i:6
m_biome
i:7
m_biome
i:8
m_biome
i:9
m_biome
i:10
m_biome
i:11
m_biome
i:12
m_biome
i:13
m_biome
i:14
m_biome
i:15
m_biome
i:16
m_biome
i:17
m_biome
i:18
m_biome
i:19
m_biome
a:217
IsZoneGenerated
biomeArea
a:218
IsZoneGenerated
biomeArea
a:219
IsZoneGenerated
biomeArea
a:220
IsZoneGenerated
biomeArea
a:221
IsZoneGenerated
biomeArea
a:222
IsZoneGenerated
biomeArea
a:223
IsZoneGenerated
biomeArea
a:224
IsZoneGenerated
i:0
register
a:225
IsZoneGenerated
biomeArea
a:226
IsZoneGenerated
biomeArea
a:227
IsZoneGenerated
i:0
altitude
i:1
altitude
i:2
altitude
i:3
altitude
i:4
altitude
i:5
altitude
i:6
altitude
i:7
altitude
i:8
altitude
i:9
altitude
i:10
altitude
i:11
altitude
i:12
altitude
i:13
altitude
i:14
altitude
i:15
altitude
i:16
altitude
i:17
altitude
i:18
altitude
i:19
altitude
a:228
ContainsKey
a:229
IsZoneGenerated
biomeArea
a:230
IsZoneGenerated
i:0
m_biome
i:1
m_biome
i:2
m_biome
i:3
m_biome
i:4
m_biome
i:5
m_biome
i:6
m_biome
i:7
m_biome
i:8
m_biome
i:9
m_biome
i:10
m_biome
i:11
m_biome
i:12
m_biome
i:13
m_biome
i:14
m_biome
i:15
m_biome
i:16
m_biome
i:17
m_biome
i:18
m_biome
i:19
m_biome
a:231
IsZoneGenerated
i:0
m_biome
i:1
m_biome
i:2
m_biome
i:3
m_biome
i:4
m_biome
i:5
m_biome
i:6
m_biome
i:7
m_biome
i:8
m_biome
i:9
m_biome
i:10
m_biome
i:11
m_biome
i:12
m_biome
i:13
m_biome
i:14
m_biome
i:15
m_biome
i:16
m_biome
i:17
m_biome
i:18
m_biome
i:19
m_biome
a:232
IsZoneGenerated
biomeArea
a:233
IsZoneGenerated
i:0
m_biome
i:1
m_biome
i:2
m_biome
i:3
m_biome
i:4
m_biome
i:5
m_biome
i:6
m_biome
i:7
m_biome
i:8
m_biome
i:9
m_biome
i:10
m_biome
i:11
m_biome
i:12
m_biome
i:13
m_biome
i:14
m_biome
i:15
m_biome
i:16
m_biome
i:17
m_biome
i:18
m_biome
i:19
m_biome
a:234
IsZoneGenerated
i:0
m_biome
i:1
m_biome
i:2
m_biome
i:3
m_biome
i:4
m_biome
i:5
m_biome
i:6
m_biome
i:7
m_biome
i:8
m_biome
i:9
m_biome
i:10
m_biome
i:11
m_biome
i:12
m_biome
i:13
m_biome
i:14
m_biome
i:15
m_biome
i:16
m_biome
i:17
m_biome
i:18
m_biome
i:19
m_biome
a:235
IsZoneGenerated
i:0
m_biome
i:1
m_biome
i:2
m_biome
i:3
m_biome
i:4
m_biome
i:5
m_biome
i:6
m_biome
i:7
m_biome
i:8
m_biome
i:9
m_biome
i:10
m_biome
i:11
m_biome
i:12
m_biome
i:13
m_biome
i:14
m_biome
i:15
m_biome
i:16
m_biome
i:17
m_biome
i:18
m_biome
i:19
m_biome
a:236
IsZoneGenerated
biomeArea
a:237
IsZoneGenerated
i:0
m_biome
i:1
m_biome
i:2
m_biome
i:3
m_biome
i:4
m_biome
i:5
m_biome
i:6
m_biome
i:7
m_biome
i:8
m_biome
i:9
m_biome
i:10
m_biome
i:11
m_biome
i:12
m_biome
i:13
m_biome
i:14
m_biome
i:15
m_biome
i:16
m_biome
i:17
m_biome
i:18
m_biome
i:19
m_biome
a:238
IsZoneGenerated
biomeArea
a:239
IsZoneGenerated
i:0
m_biome
i:1
m_biome
i:2
m_biome
i:3
m_biome
i:4
m_biome
i:5
m_biome
i:6
m_biome
i:7
m_biome
i:8
m_biome
i:9
m_biome
i:10
m_biome
i:11
m_biome
i:12
m_biome
i:13
m_biome
i:14
m_biome
i:15
m_biome
i:16
m_biome
i:17
m_biome
i:18
m_biome
i:19
m_biome
a:240
IsZoneGenerated
biomeArea
a:241
IsZoneGenerated
i:0
m_biome
i:1
m_biome
i:2
m_biome
i:3
m_biome
i:4
m_biome
i:5
m_biome
i:6
m_biome
i:7
m_biome
i:8
m_biome
i:9
m_biome
i:10
m_biome
i:11
m_biome
i:12
m_biome
i:13
m_biome
i:14
m_biome
i:15
m_biome
i:16
m_biome
i:17
m_biome
i:18
m_biome
i:19
m_biome
a:242
IsZoneGenerated
biomeArea
a:243
IsZoneGenerated
biomeArea
a:244
IsZoneGenerated
i:0
m_biome
i:1
m_biome
i:2
m_biome
i:3
m_biome
i:4
m_biome
i:5
m_biome
i:6
m_biome
i:7
m_biome
i:8
m_biome
i:9
m_biome
i:10
m_biome
i:11
m_biome
i:12
m_biome
i:13
m_biome
i:14
m_biome
i:15
m_biome
i:16
m_biome
i:17
m_biome
i:18
m_biome
i:19
m_biome
a:245
IsZoneGenerated
i:0
m_biome
i:1
m_biome
i:2
m_biome
i:3
m_biome
i:4
m_biome
i:5
m_biome
i:6
m_biome
i:7
m_biome
i:8
m_biome
i:9
m_biome
i:10
m_biome
i:11
m_biome
i:12
m_biome
i:13
m_biome
i:14
m_biome
i:15
m_biome
i:16
m_biome
i:17
m_biome
i:18
m_biome
i:19
m_biome
a:246
IsZoneGenerated
biomeArea
a:247
IsZoneGenerated
biomeArea
a:248
IsZoneGenerated
biomeArea
a:249
IsZoneGenerated
i:0
m_biome
i:1
m_biome
i:2
m_biome
i:3
m_biome
i:4
m_biome
i:5
m_biome
i:6
m_biome
i:7
m_biome
i:8
m_biome
i:9
m_biome
i:10
m_biome
i:11
m_biome
i:12
m_biome
i:13
m_biome
i:14
m_biome
i:15
m_biome
i:16
m_biome
i:17
m_biome
i:18
m_biome
i:19
m_biome
a:250
IsZoneGenerated
i:0
altitude
i:1
altitude
i:2
altitude
i:3
altitude
i:4
altitude
i:5
altitude
i:6
altitude
i:7
altitude
i:8
altitude
i:9
altitude
i:10
altitude
i:11
altitude
i:12
altitude
i:13
altitude
i:14
altitude
i:15
altitude
i:16
altitude
i:17
altitude
i:18
altitude
i:19
altitude
a:251
IsZoneGenerated
i:0
m_biome
i:1
m_biome
i:2
m_biome
i:3
m_biome
i:4
m_biome
i:5
m_biome
i:6
m_biome
i:7
m_biome
i:8
m_biome
i:9
m_biome
i:10
m_biome
i:11
m_biome
i:12
m_biome
i:13
m_biome
i:14
m_biome
i:15
m_biome
i:16
m_biome
i:17
m_biome
i:18
m_biome
i:19
m_biome
a:252
IsZoneGenerated
biomeArea
a:253
IsZoneGenerated
i:0
m_biome
i:1
m_biome
i:2
m_biome
i:3
m_biome
i:4
m_biome
i:5
m_biome
i:6
m_biome
i:7
m_biome
i:8
m_biome
i:9
m_biome
i:10
m_biome
i:11
m_biome
i:12
m_biome
i:13
m_biome
i:14
m_biome
i:15
m_biome
i:16
m_biome
i:17
m_biome
i:18
m_biome
i:19
m_biome
a:254
IsZoneGenerated
biomeArea
a:255
IsZoneGenerated
i:0
register
a:256
IsZoneGenerated
biomeArea
a:257
IsZoneGenerated
i:0
m_biome
i:1
m_biome
i:2
m_biome
i:3
m_biome
i:4
m_biome
i:5
m_biome
i:6
m_biome
i:7
m_biome
i:8
m_biome
i:9
m_biome
i:10
m_biome
i:11
m_biome
i:12
m_biome
i:13
m_biome
i:14
m_biome
i:15
m_biome
i:16
m_biome
i:17
m_biome
i:18
m_biome
i:19
m_biome
a:258
IsZoneGenerated
i:0
m_biome
i:1
m_biome
i:2
m_biome
i:3
m_biome
i:4
m_biome
i:5
m_biome
i:6
m_biome
i:7
m_biome
i:8
m_biome
i:9
m_biome
i:10
m_biome
i:11
m_biome
i:12
m_biome
i:13
m_biome
i:14
m_biome
i:15
m_biome
i:16
m_biome
i:17
m_biome
i:18
m_biome
i:19
m_biome
a:259
ContainsKey
a:260
ContainsKey
a:261
ContainsKey
a:262
IsZoneGenerated
biomeArea
a:263
ContainsKey
a:264
IsZoneGenerated
i:0
m_biome
i:1
m_biome
i:2
m_biome
i:3
m_biome
i:4
m_biome
i:5
m_biome
i:6
m_biome
i:7
m_biome
i:8
m_biome
i:9
m_biome
i:10
m_biome
i:11
m_biome
i:12
m_biome
i:13
m_biome
i:14
m_biome
i:15
m_biome
i:16
m_biome
i:17
m_biome
i:18
m_biome
i:19
m_biome
a:265
IsZoneGenerated
biomeArea
a:266
IsZoneGenerated
biomeArea
a:267
IsZoneGenerated
i:0
m_biome
i:1
m_biome
i:2
m_biome
i:3
m_biome
i:4
m_biome
i:5
m_biome
i:6
m_biome
i:7
m_biome
i:8
m_biome
i:9
m_biome
i:10
m_biome
i:11
m_biome
i:12
m_biome
i:13
m_biome
i:14
m_biome
i:15
m_biome
i:16
m_biome
i:17
m_biome
i:18
m_biome
i:19
m_biome
a:268
ContainsKey
a:269
IsZoneGenerated
i:0
m_biome
i:1
m_biome
i:2
m_biome
i:3
m_biome
i:4
m_biome
i:5
m_biome
i:6
m_biome
i:7
m_biome
i:8
m_biome
i:9
m_biome
i:10
m_biome
i:11
m_biome
i:12
m_biome
i:13
m_biome
i:14
m_biome
i:15
m_biome
i:16
m_biome
i:17
m_biome
i:18
m_biome
i:19
m_biome
a:270
IsZoneGenerated
biomeArea
a:271
IsZoneGenerated
biomeArea
a:272
IsZoneGenerated
biomeArea
a:273
ContainsKey
a:274
IsZoneGenerated
i:0
m_biome
i:1
m_biome
i:2
m_biome
i:3
m_biome
i:4
m_biome
i:5
m_biome
i:6
m_biome
i:7
m_biome
i:8
m_biome
i:9
m_biome
i:10
m_biome
i:11
m_biome
i:12
m_biome
i:13
m_biome
i:14
m_biome
i:15
m_biome
i:16
m_biome
i:17
m_biome
i:18
m_biome
i:19
m_biome
a:275
IsZoneGenerated
biomeArea
a:276
IsZoneGenerated
i:0
m_biome
i:1
m_biome
i:2
m_biome
i:3
m_biome
i:4
m_biome
i:5
m_biome
i:6
m_biome
i:7
m_biome
i:8
m_biome
i:9
m_biome
i:10
m_biome
i:11
m_biome
i:12
m_biome
i:13
m_biome
i:14
m_biome
i:15
m_biome
i:16
m_biome
i:17
m_biome
i:18
m_biome
i:19
m_biome
a:277
ContainsKey
a:278
IsZoneGenerated
biomeArea
a:279
IsZoneGenerated
i:0
m_biome
i:1
m_biome
i:2
m_biome
i:3
m_biome
i:4
m_biome
i:5
m_biome
i:6
m_biome
i:7
m_biome
i:8
m_biome
i:9
m_biome
i:10
m_biome
i:11
m_biome
i:12
m_biome
i:13
m_biome
i:14
m_biome
i:15
m_biome
i:16
m_biome
i:17
m_biome
i:18
m_biome
i:19
m_biome
a:280
IsZoneGenerated
i:0
m_biome
i:1
m_biome
i:2
m_biome
i:3
m_biome
i:4
m_biome
i:5
m_biome
i:6
m_biome
i:7
m_biome
i:8
m_biome
i:9
m_biome
i:10
m_biome
i:11
m_biome
i:12
m_biome
i:13
m_biome
i:14
m_biome
i:15
m_biome
i:16
m_biome
i:17
m_biome
i:18
m_biome
i:19
m_biome
a:281
IsZoneGenerated
biomeArea
a:282
IsZoneGenerated
biomeArea
a:283
IsZoneGenerated
biomeArea
a:284
IsZoneGenerated
biomeArea
a:285
IsZoneGenerated
biomeArea
a:286
IsZoneGenerated
i:0
m_biome
i:1
m_biome
i:2
m_biome
i:3
m_biome
i:4
m_biome
i:5
m_biome
i:6
m_biome
i:7
m_biome
i:8
m_biome
i:9
m_biome
i:10
m_biome
i:11
m_biome
i:12
m_biome
i:13
m_biome
i:14
m_biome
i:15
m_biome
i:16
m_biome
i:17
m_biome
i:18
m_biome
i:19
m_biome
a:287
IsZoneGenerated
i:0
m_biome
i:1
m_biome
i:2
m_biome
i:3
m_biome
i:4
m_biome
i:5
m_biome
i:6
m_biome
i:7
m_biome
i:8
m_biome
i:9
m_biome
i:10
m_biome
i:11
m_biome
i:12
m_biome
i:13
m_biome
i:14
m_biome
i:15
m_biome
i:16
m_biome
i:17
m_biome
i:18
m_biome
i:19
m_biome
a:288
ContainsKey
a:289
IsZoneGenerated
biomeArea
a:290
IsZoneGenerated
biomeArea
a:291
IsZoneGenerated
i:0
m_biome
i:1
m_biome
i:2
m_biome
i:3
m_biome
i:4
m_biome
i:5
m_biome
i:6
m_biome
i:7
m_biome
i:8
m_biome
i:9
m_biome
i:10
m_biome
i:11
m_biome
i:12
m_biome
i:13
m_biome
i:14
m_biome
i:15
m_biome
i:16
m_biome
i:17
m_biome
i:18
m_biome
i:19
m_biome
a:292
IsZoneGenerated
biomeArea
a:293
IsZoneGenerated
i:0
register
a:294
ContainsKey
a:295
IsZoneGenerated
i:0
m_biome
i:1
m_biome
i:2
m_biome
i:3
m_biome
i:4
m_biome
i:5
m_biome
i:6
m_biome
i:7
m_biome
i:8
m_biome
i:9
m_biome
i:10
m_biome
i:11
m_biome
i:12
m_biome
i:13
m_biome
i:14
m_biome
i:15
m_biome
i:16
m_biome
i:17
m_biome
i:18
m_biome
i:19
m_biome
a:296
IsZoneGenerated
i:0
m_biome
i:1
m_biome
i:2
m_biome
i:3
m_biome
i:4
m_biome
i:5
m_biome
i:6
m_biome
i:7
m_biome
i:8
m_biome
i:9
m_biome
i:10
m_biome
i:11
m_biome
i:12
m_biome
i:13
m_biome
i:14
m_biome
i:15
m_biome
i:16
m_biome
i:17
m_biome
i:18
m_biome
i:19
m_biome
a:297
ContainsKey
a:298
IsZoneGenerated
i:0
m_biome
i:1
m_biome
i:2
m_biome
i:3
m_biome
i:4
m_biome
i:5
m_biome
i:6
m_biome
i:7
m_biome
i:8
m_biome
i:9
m_biome
i:10
m_biome
i:11
m_biome
i:12
m_biome
i:13
m_biome
i:14
m_biome
i:15
m_biome
i:16
m_biome
i:17
m_biome
i:18
m_biome
i:19
m_biome
a:299
IsZoneGenerated
biomeArea
a:300
IsZoneGenerated
i:0
register
a:301
IsZoneGenerated
biomeArea
a:302
IsZoneGenerated
biomeArea
a:303
IsZoneGenerated
biomeArea
a:304
IsZoneGenerated
i:0
m_biome
i:1
m_biome
i:2
m_biome
i:3
m_biome
i:4
m_biome
i:5
m_biome
i:6
m_biome
i:7
m_biome
i:8
m_biome
i:9
m_biome
i:10
m_biome
i:11
m_biome
i:12
m_biome
i:13
m_biome
i:14
m_biome
i:15
m_biome
i:16
m_biome
i:17
m_biome
i:18
m_biome
i:19
m_biome
a:305
IsZoneGenerated
biomeArea
a:306
IsZoneGenerated
biomeArea
a:307
IsZoneGenerated
biomeArea
a:308
IsZoneGenerated
biomeArea
a:309
IsZoneGenerated
biomeArea
a:310
IsZoneGenerated
biomeArea
a:311
IsZoneGenerated
i:0
register
a:312
IsZoneGenerated
biomeArea
a:313
IsZoneGenerated
i:0
m_biome
i:1
m_biome
i:2
m_biome
i:3
m_biome
i:4
m_biome
i:5
m_biome
i:6
m_biome
i:7
m_biome
i:8
m_biome
i:9
m_biome
i:10
m_biome
i:11
m_biome
i:12
m_biome
i:13
m_biome
i:14
m_biome
i:15
m_biome
i:16
m_biome
i:17
m_biome
i:18
m_biome
i:19
m_biome
a:314
IsZoneGenerated
i:0
m_biome
i:1
m_biome
i:2
m_biome
i:3
m_biome
i:4
m_biome
i:5
m_biome
i:6
m_biome
i:7
m_biome
i:8
m_biome
i:9
m_biome
i:10
m_biome
i:11
m_biome
i:12
m_biome
i:13
m_biome
i:14
m_biome
i:15
m_biome
i:16
m_biome
i:17
m_biome
i:18
m_biome
i:19
m_biome
a:315
IsZoneGenerated
i:0
m_biome
i:1
m_biome
i:2
m_biome
i:3
m_biome
i:4
m_biome
i:5
m_biome
i:6
m_biome
i:7
m_biome
i:8
m_biome
i:9
m_biome
i:10
m_biome
i:11
m_biome
i:12
m_biome
i:13
m_biome
i:14
m_biome
i:15
m_biome
i:16
m_biome
i:17
m_biome
i:18
m_biome
i:19
m_biome
a:316
IsZoneGenerated
i:0
m_biome
i:1
m_biome
i:2
m_biome
i:3
m_biome
i:4
m_biome
i:5
m_biome
i:6
m_biome
i:7
m_biome
i:8
m_biome
i:9
m_biome
i:10
m_biome
i:11
m_biome
i:12
m_biome
i:13
m_biome
i:14
m_biome
i:15
m_biome
i:16
m_biome
i:17
m_biome
i:18
m_biome
i:19
m_biome
a:317
ContainsKey
a:318
IsZoneGenerated
i:0
m_biome
i:1
m_biome
i:2
m_biome
i:3
m_biome
i:4
m_biome
i:5
m_biome
i:6
m_biome
i:7
m_biome
i:8
m_biome
i:9
m_biome
i:10
m_biome
i:11
m_biome
i:12
m_biome
i:13
m_biome
i:14
m_biome
i:15
m_biome
i:16
m_biome
i:17
m_biome
i:18
m_biome
i:19
m_biome
a:319
IsZoneGenerated
biomeArea
a:320
IsZoneGenerated
i:0
m_biome
i:1
m_biome
i:2
m_biome
i:3
m_biome
i:4
m_biome
i:5
m_biome
i:6
m_biome
i:7
m_biome
i:8
m_biome
i:9
m_biome
i:10
m_biome
i:11
m_biome
i:12
m_biome
i:13
m_biome
i:14
m_biome
i:15
m_biome
i:16
m_biome
i:17
m_biome
i:18
m_biome
i:19
m_biome
a:321
IsZoneGenerated
biomeArea
a:322
IsZoneGenerated
i:0
m_biome
i:1
m_biome
i:2
m_biome
i:3
m_biome
i:4
m_biome
i:5
m_biome
i:6
m_biome
i:7
m_biome
i:8
m_biome
i:9
m_biome
i:10
m_biome
i:11
m_biome
i:12
m_biome
i:13
m_biome
i:14
m_biome
i:15
m_biome
i:16
m_biome
i:17
m_biome
i:18
m_biome
i:19
m_biome
a:323
IsZoneGenerated
i:0
m_biome
i:1
m_biome
i:2
m_biome
i:3
m_biome
i:4
m_biome
i:5
m_biome
i:6
m_biome
i:7
m_biome
i:8
m_biome
i:9
m_biome
i:10
m_biome
i:11
m_biome
i:12
m_biome
i:13
m_biome
i:14
m_biome
i:15
m_biome
i:16
m_biome
i:17
m_biome
i:18
m_biome
i:19
m_biome
a:324
IsZoneGenerated
biomeArea
a:325
IsZoneGenerated
i:0
m_biome
i:1
m_biome
i:2
m_biome
i:3
m_biome
i:4
m_biome
i:5
m_biome
i:6
m_biome
i:7
m_biome
i:8
m_biome
i:9
m_biome
i:10
m_biome
i:11
m_biome
i:12
m_biome
i:13
m_biome
i:14
m_biome
i:15
m_biome
i:16
m_biome
i:17
m_biome
i:18
m_biome
i:19
m_biome
a:326
IsZoneGenerated
biomeArea
a:327
IsZoneGenerated
i:0
m_biome
i:1
m_biome
i:2
m_biome
i:3
m_biome
i:4
m_biome
i:5
m_biome
i:6
m_biome
i:7
m_biome
i:8
m_biome
i:9
m_biome
i:10
m_biome
i:11
m_biome
i:12
m_biome
i:13
m_biome
i:14
m_biome
i:15
m_biome
i:16
m_biome
i:17
m_biome
i:18
m_biome
i:19
m_biome
a:328
IsZoneGenerated
biomeArea
a:329
IsZoneGenerated
biomeArea
a:330
IsZoneGenerated
biomeArea
a:331
IsZoneGenerated
i:0
m_biome
i:1
m_biome
i:2
m_biome
i:3
m_biome
i:4
m_biome
i:5
m_biome
i:6
m_biome
i:7
m_biome
i:8
m_biome
i:9
m_biome
i:10
m_biome
i:11
m_biome
i:12
m_biome
i:13
m_biome
i:14
m_biome
i:15
m_biome
i:16
m_biome
i:17
m_biome
i:18
m_biome
i:19
m_biome
a:332
IsZoneGenerated
i:0
m_biome
i:1
m_biome
i:2
m_biome
i:3
m_biome
i:4
m_biome
i:5
m_biome
i:6
m_biome
i:7
m_biome
i:8
m_biome
i:9
m_biome
i:10
m_biome
i:11
m_biome
i:12
m_biome
i:13
m_biome
i:14
m_biome
i:15
m_biome
i:16
m_biome
i:17
m_biome
i:18
m_biome
i:19
m_biome
a:333
IsZoneGenerated
i:0
m_biome
i:1
m_biome
i:2
m_biome
i:3
m_biome
i:4
m_biome
i:5
m_biome
i:6
m_biome
i:7
m_biome
i:8
m_biome
i:9
m_biome
i:10
m_biome
i:11
m_biome
i:12
m_biome
i:13
m_biome
i:14
m_biome
i:15
m_biome
i:16
m_biome
i:17
m_biome
i:18
m_biome
i:19
m_biome
a:334
IsZoneGenerated
biomeArea
a:335
IsZoneGenerated
i:0
m_biome
i:1
m_biome
i:2
m_biome
i:3
m_biome
i:4
m_biome
i:5
m_biome
i:6
m_biome
i:7
m_biome
i:8
m_biome
i:9
m_biome
i:10
m_biome
i:11
m_biome
i:12
m_biome
i:13
m_biome
i:14
m_biome
i:15
m_biome
i:16
m_biome
i:17
m_biome
i:18
m_biome
i:19
m_biome
a:336
IsZoneGenerated
i:0
m_biome
i:1
m_biome
i:2
m_biome
i:3
m_biome
i:4
m_biome
i:5
m_biome
i:6
m_biome
i:7
m_biome
i:8
m_biome
i:9
m_biome
i:10
m_biome
i:11
m_biome
i:12
m_biome
i:13
m_biome
i:14
m_biome
i:15
m_biome
i:16
m_biome
i:17
m_biome
i:18
m_biome
i:19
m_biome
a:337
IsZoneGenerated
biomeArea
a:338
IsZoneGenerated
i:0
m_biome
i:1
m_biome
i:2
m_biome
i:3
m_biome
i:4
m_biome
i:5
m_biome
i:6
m_biome
i:7
m_biome
i:8
m_biome
i:9
m_biome
i:10
m_biome
i:11
m_biome
i:12
m_biome
i:13
m_biome
i:14
m_biome
i:15
m_biome
i:16
m_biome
i:17
m_biome
i:18
m_biome
i:19
m_biome
a:339
IsZoneGenerated
i:0
terrainDelta
i:1
terrainDelta
i:2
terrainDelta
i:3
register
a:340
IsZoneGenerated
biomeArea
a:341
IsZoneGenerated
i:0
terrainDelta
i:1
terrainDelta
i:2
register
a:342
ContainsKey
a:343
ContainsKey
a:344
IsZoneGenerated
biomeArea
a:345
IsZoneGenerated
i:0
m_biome
i:1
m_biome
i:2
m_biome
i:3
m_biome
i:4
m_biome
i:5
m_biome
i:6
m_biome
i:7
m_biome
i:8
m_biome
i:9
m_biome
i:10
m_biome
i:11
m_biome
i:12
m_biome
i:13
m_biome
i:14
m_biome
i:15
m_biome
i:16
m_biome
i:17
m_biome
i:18
m_biome
i:19
m_biome
a:346
IsZoneGenerated
biomeArea
a:347
IsZoneGenerated
biomeArea
a:348
IsZoneGenerated
biomeArea
a:349
IsZoneGenerated
biomeArea
a:350
IsZoneGenerated
i:0
m_biome
i:1
m_biome
i:2
m_biome
i:3
m_biome
i:4
m_biome
i:5
m_biome
i:6
m_biome
i:7
m_biome
i:8
m_biome
i:9
m_biome
i:10
m_biome
i:11
m_biome
i:12
m_biome
i:13
m_biome
i:14
m_biome
i:15
m_biome
i:16
m_biome
i:17
m_biome
i:18
m_biome
i:19
m_biome
a:351
IsZoneGenerated
biomeArea
a:352
IsZoneGenerated
i:0
m_biome
i:1
m_biome
i:2
m_biome
i:3
m_biome
i:4
m_biome
i:5
m_biome
i:6
m_biome
i:7
m_biome
i:8
m_biome
i:9
m_biome
i:10
m_biome
i:11
m_biome
i:12
m_biome
i:13
m_biome
i:14
m_biome
i:15
m_biome
i:16
m_biome
i:17
m_biome
i:18
m_biome
i:19
m_biome
a:353
IsZoneGenerated
biomeArea
a:354
ContainsKey
a:355
IsZoneGenerated
biomeArea
a:356
IsZoneGenerated
i:0
altitude
i:1
altitude
i:2
altitude
i:3
altitude
i:4
altitude
i:5
altitude
i:6
altitude
i:7
altitude
i:8
altitude
i:9
altitude
i:10
altitude
i:11
altitude
i:12
altitude
i:13
altitude
i:14
altitude
i:15
altitude
i:16
altitude
i:17
altitude
i:18
altitude
i:19
altitude
a:357
IsZoneGenerated
i:0
m_biome
i:1
m_biome
i:2
m_biome
i:3
m_biome
i:4
m_biome
i:5
m_biome
i:6
m_biome
i:7
m_biome
i:8
m_biome
i:9
m_biome
i:10
m_biome
i:11
m_biome
i:12
m_biome
i:13
m_biome
i:14
m_biome
i:15
m_biome
i:16
m_biome
i:17
m_biome
i:18
m_biome
i:19
m_biome
a:358
IsZoneGenerated
biomeArea
a:359
IsZoneGenerated
i:0
m_biome
i:1
m_biome
i:2
m_biome
i:3
m_biome
i:4
m_biome
i:5
m_biome
i:6
m_biome
i:7
m_biome
i:8
m_biome
i:9
m_biome
i:10
m_biome
i:11
m_biome
i:12
m_biome
i:13
m_biome
i:14
m_biome
i:15
m_biome
i:16
m_biome
i:17
m_biome
i:18
m_biome
i:19
m_biome
a:360
IsZoneGenerated
biomeArea
a:361
IsZoneGenerated
biomeArea
a:362
ContainsKey
a:363
IsZoneGenerated
biomeArea
a:364
ContainsKey
a:365
ContainsKey
a:366
IsZoneGenerated
biomeArea
a:367
IsZoneGenerated
i:0
m_biome
i:1
m_biome
i:2
m_biome
i:3
m_biome
i:4
m_biome
i:5
m_biome
i:6
m_biome
i:7
m_biome
i:8
m_biome
i:9
m_biome
i:10
m_biome
i:11
m_biome
i:12
m_biome
i:13
m_biome
i:14
m_biome
i:15
m_biome
i:16
m_biome
i:17
m_biome
i:18
m_biome
i:19
m_biome
a:368
ContainsKey
a:369
ContainsKey
a:370
IsZoneGenerated
i:0
m_biome
i:1
m_biome
i:2
m_biome
i:3
m_biome
i:4
m_biome
i:5
m_biome
i:6
m_biome
i:7
m_biome
i:8
m_biome
i:9
m_biome
i:10
m_biome
i:11
m_biome
i:12
m_biome
i:13
m_biome
i:14
m_biome
i:15
m_biome
i:16
m_biome
i:17
m_biome
i:18
m_biome
i:19
m_biome
a:371
IsZoneGenerated
biomeArea
a:372
IsZoneGenerated
biomeArea
a:373
IsZoneGenerated
i:0
altitude
i:1
altitude
i:2
altitude
i:3
altitude
i:4
altitude
i:5
terrainDelta
i:6
terrainDelta
i:7
altitude
i:8
terrainDelta
i:9
altitude
i:10
altitude
i:11
altitude
i:12
altitude
i:13
altitude
i:14
altitude
i:15
altitude
i:16
altitude
i:17
altitude
i:18
altitude
i:19
altitude
a:374
IsZoneGenerated
i:0
m_biome
i:1
m_biome
i:2
m_biome
i:3
m_biome
i:4
m_biome
i:5
m_biome
i:6
m_biome
i:7
m_biome
i:8
m_biome
i:9
m_biome
i:10
m_biome
i:11
m_biome
i:12
m_biome
i:13
m_biome
i:14
m_biome
i:15
m_biome
i:16
m_biome
i:17
m_biome
i:18
m_biome
i:19
m_biome
a:375
IsZoneGenerated
i:0
register
a:376
ContainsKey
a:377
IsZoneGenerated
biomeArea
a:378
ContainsKey
a:379
IsZoneGenerated
biomeArea
a:380
IsZoneGenerated
biomeArea
a:381
IsZoneGenerated
biomeArea
a:382
IsZoneGenerated
biomeArea
a:383
IsZoneGenerated
biomeArea
a:384
IsZoneGenerated
i:0
m_biome
i:1
m_biome
i:2
m_biome
i:3
m_biome
i:4
m_biome
i:5
m_biome
i:6
m_biome
i:7
m_biome
i:8
m_biome
i:9
m_biome
i:10
m_biome
i:11
m_biome
i:12
m_biome
i:13
m_biome
i:14
m_biome
i:15
m_biome
i:16
m_biome
i:17
m_biome
i:18
m_biome
i:19
m_biome
a:385
ContainsKey
a:386
IsZoneGenerated
biomeArea
a:387
IsZoneGenerated
i:0
register
a:388
IsZoneGenerated
i:0
m_biome
i:1
m_biome
i:2
m_biome
i:3
m_biome
i:4
m_biome
i:5
m_biome
i:6
m_biome
i:7
m_biome
i:8
m_biome
i:9
m_biome
i:10
m_biome
i:11
m_biome
i:12
m_biome
i:13
m_biome
i:14
m_biome
i:15
m_biome
i:16
m_biome
i:17
m_biome
i:18
m_biome
i:19
m_biome
a:389
IsZoneGenerated
biomeArea
a:390
IsZoneGenerated
i:0
altitude
i:1
altitude
i:2
terrainDelta
i:3
terrainDelta
i:4
terrainDelta
i:5
altitude
i:6
altitude
i:7
altitude
i:8
altitude
i:9
terrainDelta
i:10
terrainDelta
i:11
terrainDelta
i:12
altitude
i:13
altitude
i:14
terrainDelta
i:15
altitude
i:16
altitude
i:17
altitude
i:18
terrainDelta
i:19
terrainDelta
a:391
IsZoneGenerated
biomeArea
a:392
IsZoneGenerated
biomeArea
a:393
IsZoneGenerated
i:0
m_biome
i:1
m_biome
i:2
m_biome
i:3
m_biome
i:4
m_biome
i:5
m_biome
i:6
m_biome
i:7
m_biome
i:8
m_biome
i:9
m_biome
i:10
m_biome
i:11
m_biome
i:12
m_biome
i:13
m_biome
i:14
m_biome
i:15
m_biome
i:16
m_biome
i:17
m_biome
i:18
m_biome
i:19
m_biome
a:394
IsZoneGenerated
biomeArea
a:395
IsZoneGenerated
i:0
terrainDelta
i:1
terrainDelta
i:2
terrainDelta
i:3
register
a:396
IsZoneGenerated
biomeArea
a:397
IsZoneGenerated
biomeArea
a:398
IsZoneGenerated
i:0
altitude
i:1
register
a:399
IsZoneGenerated
i:0
m_biome
i:1
m_biome
i:2
m_biome
i:3
m_biome
i:4
m_biome
i:5
m_biome
i:6
m_biome
i:7
m_biome
i:8
m_biome
i:9
m_biome
i:10
m_biome
i:11
m_biome
i:12
m_biome
i:13
m_biome
i:14
m_biome
i:15
m_biome
i:16
m_biome
i:17
m_biome
i:18
m_biome
i:19
m_biome
a:400
IsZoneGenerated
i:0
m_biome
i:1
m_biome
i:2
m_biome
i:3
m_biome
i:4
m_biome
i:5
m_biome
i:6
m_biome
i:7
m_biome
i:8
m_biome
i:9
m_biome
i:10
m_biome
i:11
m_biome
i:12
m_biome
i:13
m_biome
i:14
m_biome
i:15
m_biome
i:16
m_biome
i:17
m_biome
i:18
m_biome
i:19
m_biome
a:401
ContainsKey
a:402
IsZoneGenerated
i:0
m_biome
i:1
m_biome
i:2
m_biome
i:3
m_biome
i:4
m_biome
i:5
m_biome
i:6
m_biome
i:7
m_biome
i:8
m_biome
i:9
m_biome
i:10
m_biome
i:11
m_biome
i:12
m_biome
i:13
m_biome
i:14
m_biome
i:15
m_biome
i:16
m_biome
i:17
m_biome
i:18
m_biome
i:19
m_biome
a:403
IsZoneGenerated
i:0
altitude
i:1
altitude
i:2
altitude
i:3
altitude
i:4
terrainDelta
i:5
altitude
i:6
altitude
i:7
altitude
i:8
altitude
i:9
altitude
i:10
altitude
i:11
altitude
i:12
altitude
i:13
altitude
i:14
altitude
i:15
altitude
i:16
altitude
i:17
altitude
i:18
altitude
i:19
altitude
a:404
IsZoneGenerated
i:0
m_biome
i:1
m_biome
i:2
m_biome
i:3
m_biome
i:4
m_biome
i:5
m_biome
i:6
m_biome
i:7
m_biome
i:8
m_biome
i:9
m_biome
i:10
m_biome
i:11
m_biome
i:12
m_biome
i:13
m_biome
i:14
m_biome
i:15
m_biome
i:16
m_biome
i:17
m_biome
i:18
m_biome
i:19
m_biome
a:405
IsZoneGenerated
biomeArea
a:406
IsZoneGenerated
biomeArea
a:407
ContainsKey
a:408
IsZoneGenerated
i:0
m_biome
i:1
m_biome
i:2
m_biome
i:3
m_biome
i:4
m_biome
i:5
m_biome
i:6
m_biome
i:7
m_biome
i:8
m_biome
i:9
m_biome
i:10
m_biome
i:11
m_biome
i:12
m_biome
i:13
m_biome
i:14
m_biome
i:15
m_biome
i:16
m_biome
i:17
m_biome
i:18
m_biome
i:19
m_biome
a:409
IsZoneGenerated
i:0
terrainDelta
i:1
register
a:410
IsZoneGenerated
i:0
terrainDelta
i:1
terrainDelta
i:2
terrainDelta
i:3
terrainDelta
i:4
terrainDelta
i:5
terrainDelta
i:6
terrainDelta
i:7
register
a:411
IsZoneGenerated
biomeArea
a:412
IsZoneGenerated
biomeArea
a:413
ContainsKey
a:414
IsZoneGenerated
i:0
m_biome
i:1
m_biome
i:2
m_biome
i:3
m_biome
i:4
m_biome
i:5
m_biome
i:6
m_biome
i:7
m_biome
i:8
m_biome
i:9
m_biome
i:10
m_biome
i:11
m_biome
i:12
m_biome
i:13
m_biome
i:14
m_biome
i:15
m_biome
i:16
m_biome
i:17
m_biome
i:18
m_biome
i:19
m_biome
a:415
IsZoneGenerated
biomeArea
a:416
ContainsKey
a:417
IsZoneGenerated
biomeArea
a:418
IsZoneGenerated
i:0
m_biome
i:1
m_biome
i:2
m_biome
i:3
m_biome
i:4
m_biome
i:5
m_biome
i:6
m_biome
i:7
m_biome
i:8
m_biome
i:9
m_biome
i:10
m_biome
i:11
m_biome
i:12
m_biome
i:13
m_biome
i:14
m_biome
i:15
m_biome
i:16
m_biome
i:17
m_biome
i:18
m_biome
i:19
m_biome
a:419
IsZoneGenerated
i:0
m_biome
i:1
m_biome
i:2
m_biome
i:3
m_biome
i:4
m_biome
i:5
m_biome
i:6
m_biome
i:7
m_biome
i:8
m_biome
i:9
m_biome
i:10
m_biome
i:11
m_biome
i:12
m_biome
i:13
m_biome
i:14
m_biome
i:15
m_biome
i:16
m_biome
i:17
m_biome
i:18
m_biome
i:19
m_biome
a:420
IsZoneGenerated
i:0
altitude
i:1
noRegister
i:2
altitude
i:3
altitude
i:4
altitude
i:5
altitude
i:6
terrainDelta
i:7
altitude
i:8
terrainDelta
i:9
altitude
i:10
altitude
i:11
altitude
i:12
terrainDelta
i:13
altitude
i:14
altitude
i:15
altitude
i:16
terrainDelta
i:17
terrainDelta
i:18
altitude
i:19
terrainDelta
a:421
IsZoneGenerated
i:0
m_biome
i:1
m_biome
i:2
m_biome
i:3
m_biome
i:4
m_biome
i:5
m_biome
i:6
m_biome
i:7
m_biome
i:8
m_biome
i:9
m_biome
i:10
m_biome
i:11
m_biome
i:12
m_biome
i:13
m_biome
i:14
m_biome
i:15
m_biome
i:16
m_biome
i:17
m_biome
i:18
m_biome
i:19
m_biome
a:422
IsZoneGenerated
biomeArea
a:423
IsZoneGenerated
i:0
m_biome
i:1
m_biome
i:2
m_biome
i:3
m_biome
i:4
m_biome
i:5
m_biome
i:6
m_biome
i:7
m_biome
i:8
m_biome
i:9
m_biome
i:10
m_biome
i:11
m_biome
i:12
m_biome
i:13
m_biome
i:14
m_biome
i:15
m_biome
i:16
m_biome
i:17
m_biome
i:18
m_biome
i:19
m_biome
a:424
IsZoneGenerated
i:0
m_biome
i:1
m_biome
i:2
m_biome
i:3
m_biome
i:4
m_biome
i:5
m_biome
i:6
m_biome
i:7
m_biome
i:8
m_biome
i:9
m_biome
i:10
m_biome
i:11
m_biome
i:12
m_biome
i:13
m_biome
i:14
m_biome
i:15
m_biome
i:16
m_biome
i:17
m_biome
i:18
m_biome
i:19
m_biome
a:425
IsZoneGenerated
biomeArea
a:426
IsZoneGenerated
biomeArea
a:427
IsZoneGenerated
i:0
m_biome
i:1
m_biome
i:2
m_biome
i:3
m_biome
i:4
m_biome
i:5
m_biome
i:6
m_biome
i:7
m_biome
i:8
m_biome
i:9
m_biome
i:10
m_biome
i:11
m_biome
i:12
m_biome
i:13
m_biome
i:14
m_biome
i:15
m_biome
i:16
m_biome
i:17
m_biome
i:18
m_biome
i:19
m_biome
a:428
IsZoneGenerated
biomeArea
a:429
IsZoneGenerated
i:0
m_biome
i:1
m_biome
i:2
m_biome
i:3
m_biome
i:4
m_biome
i:5
m_biome
i:6
m_biome
i:7
m_biome
i:8
m_biome
i:9
m_biome
i:10
m_biome
i:11
m_biome
i:12
m_biome
i:13
m_biome
i:14
m_biome
i:15
m_biome
i:16
m_biome
i:17
m_biome
i:18
m_biome
i:19
m_biome
a:430
IsZoneGenerated
i:0
m_biome
i:1
m_biome
i:2
m_biome
i:3
m_biome
i:4
m_biome
i:5
m_biome
i:6
m_biome
i:7
m_biome
i:8
m_biome
i:9
m_biome
i:10
m_biome
i:11
m_biome
i:12
m_biome
i:13
m_biome
i:14
m_biome
i:15
m_biome
i:16
m_biome
i:17
m_biome
i:18
m_biome
i:19
m_biome
a:431
ContainsKey
a:432
IsZoneGenerated
i:0
terrainDelta
i:1
altitude
i:2
terrainDelta
i:3
altitude
i:4
altitude
i:5
altitude
i:6
terrainDelta
i:7
terrainDelta
i:8
terrainDelta
i:9
terrainDelta
i:10
terrainDelta
i:11
altitude
i:12
terrainDelta
i:13
terrainDelta
i:14
terrainDelta
i:15
terrainDelta
i:16
terrainDelta
i:17
terrainDelta
i:18
terrainDelta
i:19
altitude
a:433
IsZoneGenerated
biomeArea
a:434
IsZoneGenerated
biomeArea
a:435
IsZoneGenerated
biomeArea
a:436
IsZoneGenerated
biomeArea
a:437
IsZoneGenerated
i:0
m_biome
i:1
m_biome
i:2
m_biome
i:3
m_biome
i:4
m_biome
i:5
m_biome
i:6
m_biome
i:7
m_biome
i:8
m_biome
i:9
m_biome
i:10
m_biome
i:11
m_biome
i:12
m_biome
i:13
m_biome
i:14
m_biome
i:15
m_biome
i:16
m_biome
i:17
m_biome
i:18
m_biome
i:19
m_biome
a:438
IsZoneGenerated
biomeArea
a:439
IsZoneGenerated
i:0
terrainDelta
i:1
terrainDelta
i:2
terrainDelta
i:3
register
a:440
ContainsKey
a:441
IsZoneGenerated
i:0
m_biome
i:1
m_biome
i:2
m_biome
i:3
m_biome
i:4
m_biome
i:5
m_biome
i:6
m_biome
i:7
m_biome
i:8
m_biome
i:9
m_biome
i:10
m_biome
i:11
m_biome
i:12
m_biome
i:13
m_biome
i:14
m_biome
i:15
m_biome
i:16
m_biome
i:17
m_biome
i:18
m_biome
i:19
m_biome
a:442
IsZoneGenerated
i:0
m_biome
i:1
m_biome
i:2
m_biome
i:3
m_biome
i:4
m_biome
i:5
m_biome
i:6
m_biome
i:7
m_biome
i:8
m_biome
i:9
m_biome
i:10
m_biome
i:11
m_biome
i:12
m_biome
i:13
m_biome
i:14
m_biome
i:15
m_biome
i:16
m_biome
i:17
m_biome
i:18
m_biome
i:19
m_biome
a:443
IsZoneGenerated
biomeArea
a:444
IsZoneGenerated
biomeArea
a:445
IsZoneGenerated
i:0
register