a:0
IsZoneGenerated
i:0
altitude
i:1
altitude
i:2
altitude
i:3
altitude
i:4
altitude
i:5
altitude
i:6
altitude
i:7
altitude
i:8
altitude
i:9
altitude
i:10
altitude
i:11
altitude
i:12
altitude
i:13
altitude
i:14
altitude
i:15
altitude
i:16
altitude
i:17
altitude
i:18
altitude
i:19
altitude
a:1
IsZoneGenerated
i:0
altitude
i:1
altitude
i:2
altitude
i:3
altitude
i:4
altitude
i:5
altitude
i:6
altitude
i:7
altitude
i:8
altitude
i:9
altitude
i:10
altitude
i:11
altitude
i:12
altitude
i:13
altitude
i:14
altitude
i:15
altitude
i:16
altitude
i:17
altitude
i:18
altitude
i:19
altitude
a:2
IsZoneGenerated
i:0
altitude
i:1
altitude
i:2
altitude
i:3
altitude
i:4
altitude
i:5
altitude
i:6
altitude
i:7
altitude
i:8
altitude
i:9
altitude
i:10
altitude
i:11
altitude
i:12
altitude
i:13
altitude
i:14
altitude
i:15
altitude
i:16
altitude
i:17
altitude
i:18
altitude
i:19
altitude
a:3
IsZoneGenerated
i:0
altitude
i:1
altitude
i:2
altitude
i:3
altitude
i:4
altitude
i:5
altitude
i:6
altitude
i:7
altitude
i:8
altitude
i:9
altitude
i:10
altitude
i:11
altitude
i:12
altitude
i:13
altitude
i:14
altitude
i:15
altitude
i:16
altitude
i:17
altitude
i:18
altitude
i:19
altitude
a:4
IsZoneGenerated
i:0
altitude
i:1
altitude
i:2
altitude
i:3
altitude
i:4
altitude
i:5
altitude
i:6
altitude
i:7
altitude
i:8
altitude
i:9
altitude
i:10
altitude
i:11
altitude
i:12
altitude
i:13
altitude
i:14
altitude
i:15
altitude
i:16
altitude
i:17
altitude
i:18
altitude
i:19
altitude
a:5
IsZoneGenerated
i:0
altitude
i:1
altitude
i:2
altitude
i:3
altitude
i:4
altitude
i:5
altitude
i:6
altitude
i:7
altitude
i:8
altitude
i:9
altitude
i:10
altitude
i:11
altitude
i:12
altitude
i:13
altitude
i:14
altitude
i:15
altitude
i:16
altitude
i:17
altitude
i:18
altitude
i:19
altitude
a:6
IsZoneGenerated
i:0
altitude
i:1
altitude
i:2
altitude
i:3
altitude
i:4
altitude
i:5
altitude
i:6
altitude
i:7
altitude
i:8
altitude
i:9
altitude
i:10
altitude
i:11
altitude
i:12
altitude
i:13
altitude
i:14
altitude
i:15
altitude
i:16
altitude
i:17
altitude
i:18
altitude
i:19
altitude
a:7
IsZoneGenerated
i:0
altitude
i:1
altitude
i:2
altitude
i:3
altitude
i:4
altitude
i:5
altitude
i:6
altitude
i:7
altitude
i:8
altitude
i:9
altitude
i:10
altitude
i:11
altitude
i:12
altitude
i:13
altitude
i:14
altitude
i:15
altitude
i:16
altitude
i:17
altitude
i:18
altitude
i:19
altitude
a:8
IsZoneGenerated
i:0
altitude
i:1
altitude
i:2
altitude
i:3
altitude
i:4
altitude
i:5
altitude
i:6
altitude
i:7
altitude
i:8
altitude
i:9
altitude
i:10
altitude
i:11
altitude
i:12
altitude
i:13
altitude
i:14
altitude
i:15
altitude
i:16
altitude
i:17
altitude
i:18
altitude
i:19
altitude
a:9
IsZoneGenerated
i:0
altitude
i:1
altitude
i:2
altitude
i:3
altitude
i:4
altitude
i:5
altitude
i:6
altitude
i:7
altitude
i:8
altitude
i:9
altitude
i:10
altitude
i:11
altitude
i:12
altitude
i:13
altitude
i:14
altitude
i:15
altitude
i:16
altitude
i:17
altitude
i:18
altitude
i:19
altitude
a:10
IsZoneGenerated
i:0
altitude
i:1
altitude
i:2
altitude
i:3
altitude
i:4
altitude
i:5
altitude
i:6
altitude
i:7
altitude
i:8
altitude
i:9
altitude
i:10
altitude
i:11
altitude
i:12
altitude
i:13
altitude
i:14
altitude
i:15
altitude
i:16
altitude
i:17
altitude
i:18
altitude
i:19
altitude
a:11
IsZoneGenerated
i:0
altitude
i:1
altitude
i:2
altitude
i:3
altitude
i:4
altitude
i:5
altitude
i:6
altitude
i:7
altitude
i:8
altitude
i:9
altitude
i:10
altitude
i:11
altitude
i:12
altitude
i:13
altitude
i:14
altitude
i:15
altitude
i:16
altitude
i:17
altitude
i:18
altitude
i:19
altitude
a:12
IsZoneGenerated
i:0
altitude
i:1
altitude
i:2
altitude
i:3
altitude
i:4
altitude
i:5
altitude
i:6
altitude
i:7
altitude
i:8
altitude
i:9
altitude
i:10
altitude
i:11
altitude
i:12
altitude
i:13
altitude
i:14
altitude
i:15
altitude
i:16
altitude
i:17
altitude
i:18
altitude
i:19
altitude
a:13
IsZoneGenerated
i:0
altitude
i:1
altitude
i:2
altitude
i:3
altitude
i:4
altitude
i:5
altitude
i:6
altitude
i:7
altitude
i:8
altitude
i:9
altitude
i:10
altitude
i:11
altitude
i:12
altitude
i:13
altitude
i:14
altitude
i:15
altitude
i:16
altitude
i:17
altitude
i:18
altitude
i:19
altitude
a:14
IsZoneGenerated
i:0
altitude
i:1
altitude
i:2
altitude
i:3
altitude
i:4
altitude
i:5
altitude
i:6
altitude
i:7
altitude
i:8
altitude
i:9
altitude
i:10
altitude
i:11
altitude
i:12
altitude
i:13
altitude
i:14
altitude
i:15
altitude
i:16
altitude
i:17
altitude
i:18
altitude
i:19
altitude
a:15
IsZoneGenerated
i:0
altitude
i:1
altitude
i:2
altitude
i:3
altitude
i:4
altitude
i:5
altitude
i:6
altitude
i:7
altitude
i:8
altitude
i:9
altitude
i:10
altitude
i:11
altitude
i:12
altitude
i:13
altitude
i:14
altitude
i:15
altitude
i:16
altitude
i:17
altitude
i:18
altitude
i:19
altitude
a:16
IsZoneGenerated
i:0
altitude
i:1
altitude
i:2
altitude
i:3
altitude
i:4
altitude
i:5
altitude
i:6
altitude
i:7
altitude
i:8
altitude
i:9
altitude
i:10
altitude
i:11
altitude
i:12
altitude
i:13
altitude
i:14
altitude
i:15
altitude
i:16
altitude
i:17
altitude
i:18
altitude
i:19
altitude
a:17
IsZoneGenerated
i:0
altitude
i:1
altitude
i:2
altitude
i:3
altitude
i:4
altitude
i:5
altitude
i:6
altitude
i:7
altitude
i:8
altitude
i:9
altitude
i:10
altitude
i:11
altitude
i:12
altitude
i:13
altitude
i:14
altitude
i:15
altitude
i:16
altitude
i:17
altitude
i:18
altitude
i:19
altitude
a:18
IsZoneGenerated
i:0
altitude
i:1
altitude
i:2
altitude
i:3
altitude
i:4
altitude
i:5
altitude
i:6
altitude
i:7
altitude
i:8
altitude
i:9
altitude
i:10
altitude
i:11
altitude
i:12
altitude
i:13
altitude
i:14
altitude
i:15
altitude
i:16
altitude
i:17
altitude
i:18
altitude
i:19
altitude
a:19
IsZoneGenerated
i:0
altitude
i:1
altitude
i:2
altitude
i:3
altitude
i:4
altitude
i:5
altitude
i:6
altitude
i:7
altitude
i:8
altitude
i:9
altitude
i:10
altitude
i:11
altitude
i:12
altitude
i:13
altitude
i:14
altitude
i:15
altitude
i:16
altitude
i:17
altitude
i:18
altitude
i:19
altitude
a:20
IsZoneGenerated
i:0
altitude
i:1
altitude
i:2
altitude
i:3
altitude
i:4
altitude
i:5
altitude
i:6
altitude
i:7
altitude
i:8
altitude
i:9
altitude
i:10
altitude
i:11
altitude
i:12
altitude
i:13
altitude
i:14
altitude
i:15
altitude
i:16
altitude
i:17
altitude
i:18
altitude
i:19
altitude
a:21
IsZoneGenerated
i:0
altitude
i:1
altitude
i:2
altitude
i:3
altitude
i:4
altitude
i:5
altitude
i:6
altitude
i:7
altitude
i:8
altitude
i:9
altitude
i:10
altitude
i:11
altitude
i:12
altitude
i:13
altitude
i:14
altitude
i:15
altitude
i:16
altitude
i:17
altitude
i:18
altitude
i:19
altitude
a:22
IsZoneGenerated
i:0
altitude
i:1
altitude
i:2
altitude
i:3
altitude
i:4
altitude
i:5
altitude
i:6
altitude
i:7
altitude
i:8
altitude
i:9
altitude
i:10
altitude
i:11
altitude
i:12
altitude
i:13
altitude
i:14
altitude
i:15
altitude
i:16
altitude
i:17
altitude
i:18
altitude
i:19
altitude
a:23
IsZoneGenerated
i:0
altitude
i:1
altitude
i:2
altitude
i:3
altitude
i:4
altitude
i:5
altitude
i:6
altitude
i:7
altitude
i:8
altitude
i:9
altitude
i:10
altitude
i:11
altitude
i:12
altitude
i:13
altitude
i:14
altitude
i:15
altitude
i:16
altitude
i:17
altitude
i:18
altitude
i:19
altitude
a:24
IsZoneGenerated
i:0
altitude
i:1
altitude
i:2
altitude
i:3
altitude
i:4
altitude
i:5
altitude
i:6
altitude
i:7
altitude
i:8
altitude
i:9
altitude
i:10
altitude
i:11
altitude
i:12
altitude
i:13
altitude
i:14
altitude
i:15
altitude
i:16
altitude
i:17
altitude
i:18
altitude
i:19
altitude
a:25
IsZoneGenerated
i:0
altitude
i:1
altitude
i:2
altitude
i:3
altitude
i:4
altitude
i:5
altitude
i:6
altitude
i:7
altitude
i:8
altitude
i:9
altitude
i:10
altitude
i:11
altitude
i:12
altitude
i:13
altitude
i:14
altitude
i:15
altitude
i:16
altitude
i:17
altitude
i:18
altitude
i:19
altitude
a:26
IsZoneGenerated
i:0
altitude
i:1
altitude
i:2
altitude
i:3
altitude
i:4
altitude
i:5
altitude
i:6
altitude
i:7
altitude
i:8
altitude
i:9
altitude
i:10
altitude
i:11
altitude
i:12
altitude
i:13
altitude
i:14
altitude
i:15
altitude
i:16
altitude
i:17
altitude
i:18
altitude
i:19
altitude
a:27
IsZoneGenerated
i:0
altitude
i:1
altitude
i:2
altitude
i:3
altitude
i:4
altitude
i:5
altitude
i:6
altitude
i:7
altitude
i:8
altitude
i:9
altitude
i:10
altitude
i:11
altitude
i:12
altitude
i:13
altitude
i:14
altitude
i:15
altitude
i:16
altitude
i:17
altitude
i:18
altitude
i:19
altitude
a:28
IsZoneGenerated
i:0
altitude
i:1
altitude
i:2
altitude
i:3
altitude
i:4
altitude
i:5
altitude
i:6
altitude
i:7
altitude
i:8
altitude
i:9
altitude
i:10
altitude
i:11
altitude
i:12
altitude
i:13
altitude
i:14
altitude
i:15
altitude
i:16
altitude
i:17
altitude
i:18
altitude
i:19
altitude
a:29
IsZoneGenerated
i:0
altitude
i:1
altitude
i:2
altitude
i:3
altitude
i:4
altitude
i:5
altitude
i:6
altitude
i:7
altitude
i:8
altitude
i:9
altitude
i:10
altitude
i:11
altitude
i:12
altitude
i:13
altitude
i:14
altitude
i:15
altitude
i:16
altitude
i:17
altitude
i:18
altitude
i:19
altitude
a:30
IsZoneGenerated
i:0
altitude
i:1
altitude
i:2
altitude
i:3
altitude
i:4
altitude
i:5
altitude
i:6
altitude
i:7
altitude
i:8
altitude
i:9
altitude
i:10
altitude
i:11
altitude
i:12
altitude
i:13
altitude
i:14
altitude
i:15
altitude
i:16
altitude
i:17
altitude
i:18
altitude
i:19
altitude
a:31
IsZoneGenerated
i:0
altitude
i:1
altitude
i:2
altitude
i:3
altitude
i:4
altitude
i:5
altitude
i:6
altitude
i:7
altitude
i:8
altitude
i:9
altitude
i:10
altitude
i:11
altitude
i:12
altitude
i:13
altitude
i:14
altitude
i:15
altitude
i:16
altitude
i:17
altitude
i:18
altitude
i:19
altitude
a:32
IsZoneGenerated
i:0
altitude
i:1
altitude
i:2
altitude
i:3
altitude
i:4
altitude
i:5
altitude
i:6
altitude
i:7
altitude
i:8
altitude
i:9
altitude
i:10
altitude
i:11
altitude
i:12
altitude
i:13
altitude
i:14
altitude
i:15
altitude
i:16
altitude
i:17
altitude
i:18
altitude
i:19
altitude
a:33
IsZoneGenerated
i:0
altitude
i:1
altitude
i:2
altitude
i:3
altitude
i:4
altitude
i:5
altitude
i:6
altitude
i:7
altitude
i:8
altitude
i:9
altitude
i:10
altitude
i:11
altitude
i:12
altitude
i:13
altitude
i:14
altitude
i:15
altitude
i:16
altitude
i:17
altitude
i:18
altitude
i:19
altitude
a:34
IsZoneGenerated
i:0
altitude
i:1
altitude
i:2
altitude
i:3
altitude
i:4
altitude
i:5
altitude
i:6
altitude
i:7
altitude
i:8
altitude
i:9
altitude
i:10
altitude
i:11
altitude
i:12
altitude
i:13
altitude
i:14
altitude
i:15
altitude
i:16
altitude
i:17
altitude
i:18
altitude
i:19
altitude
a:35
IsZoneGenerated
i:0
altitude
i:1
altitude
i:2
altitude
i:3
altitude
i:4
altitude
i:5
altitude
i:6
altitude
i:7
altitude
i:8
altitude
i:9
altitude
i:10
altitude
i:11
altitude
i:12
altitude
i:13
altitude
i:14
altitude
i:15
altitude
i:16
altitude
i:17
altitude
i:18
altitude
i:19
altitude
a:36
IsZoneGenerated
i:0
altitude
i:1
altitude
i:2
altitude
i:3
altitude
i:4
altitude
i:5
altitude
i:6
altitude
i:7
altitude
i:8
altitude
i:9
altitude
i:10
altitude
i:11
altitude
i:12
altitude
i:13
altitude
i:14
altitude
i:15
altitude
i:16
altitude
i:17
altitude
i:18
altitude
i:19
altitude
a:37
IsZoneGenerated
i:0
altitude
i:1
altitude
i:2
altitude
i:3
altitude
i:4
altitude
i:5
altitude
i:6
altitude
i:7
altitude
i:8
altitude
i:9
altitude
i:10
altitude
i:11
altitude
i:12
altitude
i:13
altitude
i:14
altitude
i:15
altitude
i:16
altitude
i:17
altitude
i:18
altitude
i:19
altitude
a:38
IsZoneGenerated
i:0
altitude
i:1
altitude
i:2
altitude
i:3
altitude
i:4
altitude
i:5
altitude
i:6
altitude
i:7
altitude
i:8
altitude
i:9
altitude
i:10
altitude
i:11
altitude
i:12
altitude
i:13
altitude
i:14
altitude
i:15
altitude
i:16
altitude
i:17
altitude
i:18
altitude
i:19
altitude
a:39
IsZoneGenerated
i:0
altitude
i:1
altitude
i:2
altitude
i:3
altitude
i:4
altitude
i:5
altitude
i:6
altitude
i:7
altitude
i:8
altitude
i:9
altitude
i:10
altitude
i:11
altitude
i:12
altitude
i:13
altitude
i:14
altitude
i:15
altitude
i:16
altitude
i:17
altitude
i:18
altitude
i:19
altitude
a:40
IsZoneGenerated
i:0
altitude
i:1
altitude
i:2
altitude
i:3
altitude
i:4
altitude
i:5
altitude
i:6
altitude
i:7
altitude
i:8
altitude
i:9
altitude
i:10
altitude
i:11
altitude
i:12
altitude
i:13
altitude
i:14
altitude
i:15
altitude
i:16
altitude
i:17
altitude
i:18
altitude
i:19
altitude
a:41
IsZoneGenerated
i:0
altitude
i:1
altitude
i:2
altitude
i:3
altitude
i:4
altitude
i:5
altitude
i:6
altitude
i:7
altitude
i:8
altitude
i:9
altitude
i:10
altitude
i:11
altitude
i:12
altitude
i:13
altitude
i:14
altitude
i:15
altitude
i:16
altitude
i:17
altitude
i:18
altitude
i:19
altitude
a:42
IsZoneGenerated
i:0
altitude
i:1
altitude
i:2
altitude
i:3
altitude
i:4
altitude
i:5
altitude
i:6
altitude
i:7
altitude
i:8
altitude
i:9
altitude
i:10
altitude
i:11
altitude
i:12
altitude
i:13
altitude
i:14
altitude
i:15
altitude
i:16
altitude
i:17
altitude
i:18
altitude
i:19
altitude
a:43
IsZoneGenerated
i:0
altitude
i:1
altitude
i:2
altitude
i:3
altitude
i:4
altitude
i:5
altitude
i:6
altitude
i:7
altitude
i:8
altitude
i:9
altitude
i:10
altitude
i:11
altitude
i:12
altitude
i:13
altitude
i:14
altitude
i:15
altitude
i:16
altitude
i:17
altitude
i:18
altitude
i:19
altitude
a:44
IsZoneGenerated
i:0
altitude
i:1
altitude
i:2
altitude
i:3
altitude
i:4
altitude
i:5
altitude
i:6
altitude
i:7
altitude
i:8
altitude
i:9
altitude
i:10
altitude
i:11
altitude
i:12
altitude
i:13
altitude
i:14
altitude
i:15
altitude
i:16
altitude
i:17
altitude
i:18
altitude
i:19
altitude
a:45
IsZoneGenerated
i:0
altitude
i:1
altitude
i:2
altitude
i:3
altitude
i:4
altitude
i:5
altitude
i:6
altitude
i:7
altitude
i:8
altitude
i:9
altitude
i:10
altitude
i:11
altitude
i:12
altitude
i:13
altitude
i:14
altitude
i:15
altitude
i:16
altitude
i:17
altitude
i:18
altitude
i:19
altitude
a:46
IsZoneGenerated
i:0
altitude
i:1
altitude
i:2
altitude
i:3
altitude
i:4
altitude
i:5
altitude
i:6
altitude
i:7
altitude
i:8
altitude
i:9
altitude
i:10
altitude
i:11
altitude
i:12
altitude
i:13
altitude
i:14
altitude
i:15
altitude
i:16
altitude
i:17
altitude
i:18
altitude
i:19
altitude
a:47
IsZoneGenerated
i:0
altitude
i:1
altitude
i:2
altitude
i:3
altitude
i:4
altitude
i:5
altitude
i:6
altitude
i:7
altitude
i:8
altitude
i:9
altitude
i:10
altitude
i:11
altitude
i:12
altitude
i:13
altitude
i:14
altitude
i:15
altitude
i:16
altitude
i:17
altitude
i:18
altitude
i:19
altitude
a:48
IsZoneGenerated
i:0
altitude
i:1
altitude
i:2
altitude
i:3
altitude
i:4
altitude
i:5
altitude
i:6
altitude
i:7
altitude
i:8
altitude
i:9
altitude
i:10
altitude
i:11
altitude
i:12
altitude
i:13
altitude
i:14
altitude
i:15
altitude
i:16
altitude
i:17
altitude
i:18
altitude
i:19
altitude
a:49
IsZoneGenerated
i:0
altitude
i:1
altitude
i:2
altitude
i:3
altitude
i:4
altitude
i:5
altitude
i:6
altitude
i:7
altitude
i:8
altitude
i:9
altitude
i:10
altitude
i:11
altitude
i:12
altitude
i:13
altitude
i:14
altitude
i:15
altitude
i:16
altitude
i:17
altitude
i:18
altitude
i:19
altitude
a:50
IsZoneGenerated
i:0
altitude
i:1
altitude
i:2
altitude
i:3
altitude
i:4
altitude
i:5
altitude
i:6
altitude
i:7
altitude
i:8
altitude
i:9
altitude
i:10
altitude
i:11
altitude
i:12
altitude
i:13
altitude
i:14
altitude
i:15
altitude
i:16
altitude
i:17
altitude
i:18
altitude
i:19
altitude
a:51
IsZoneGenerated
i:0
altitude
i:1
altitude
i:2
altitude
i:3
altitude
i:4
altitude
i:5
altitude
i:6
altitude
i:7
altitude
i:8
altitude
i:9
altitude
i:10
altitude
i:11
altitude
i:12
altitude
i:13
altitude
i:14
altitude
i:15
altitude
i:16
altitude
i:17
altitude
i:18
altitude
i:19
altitude
a:52
IsZoneGenerated
i:0
altitude
i:1
altitude
i:2
altitude
i:3
altitude
i:4
altitude
i:5
altitude
i:6
altitude
i:7
altitude
i:8
altitude
i:9
altitude
i:10
altitude
i:11
altitude
i:12
altitude
i:13
altitude
i:14
altitude
i:15
altitude
i:16
altitude
i:17
altitude
i:18
altitude
i:19
altitude
a:53
IsZoneGenerated
i:0
altitude
i:1
altitude
i:2
altitude
i:3
altitude
i:4
altitude
i:5
altitude
i:6
altitude
i:7
altitude
i:8
altitude
i:9
altitude
i:10
altitude
i:11
altitude
i:12
altitude
i:13
altitude
i:14
altitude
i:15
altitude
i:16
altitude
i:17
altitude
i:18
altitude
i:19
altitude
a:54
IsZoneGenerated
i:0
altitude
i:1
altitude
i:2
altitude
i:3
altitude
i:4
altitude
i:5
altitude
i:6
altitude
i:7
altitude
i:8
altitude
i:9
altitude
i:10
altitude
i:11
altitude
i:12
altitude
i:13
altitude
i:14
altitude
i:15
altitude
i:16
altitude
i:17
altitude
i:18
altitude
i:19
altitude
a:55
IsZoneGenerated
i:0
altitude
i:1
altitude
i:2
altitude
i:3
altitude
i:4
altitude
i:5
altitude
i:6
altitude
i:7
altitude
i:8
altitude
i:9
altitude
i:10
altitude
i:11
altitude
i:12
altitude
i:13
altitude
i:14
altitude
i:15
altitude
i:16
altitude
i:17
altitude
i:18
altitude
i:19
altitude
a:56
IsZoneGenerated
i:0
altitude
i:1
altitude
i:2
altitude
i:3
altitude
i:4
altitude
i:5
altitude
i:6
altitude
i:7
altitude
i:8
altitude
i:9
altitude
i:10
altitude
i:11
altitude
i:12
altitude
i:13
altitude
i:14
altitude
i:15
altitude
i:16
altitude
i:17
altitude
i:18
altitude
i:19
altitude
a:57
IsZoneGenerated
i:0
altitude
i:1
altitude
i:2
altitude
i:3
altitude
i:4
altitude
i:5
altitude
i:6
altitude
i:7
altitude
i:8
altitude
i:9
altitude
i:10
altitude
i:11
altitude
i:12
altitude
i:13
altitude
i:14
altitude
i:15
altitude
i:16
altitude
i:17
altitude
i:18
altitude
i:19
altitude
a:58
IsZoneGenerated
i:0
altitude
i:1
altitude
i:2
altitude
i:3
altitude
i:4
altitude
i:5
altitude
i:6
altitude
i:7
altitude
i:8
altitude
i:9
altitude
i:10
altitude
i:11
altitude
i:12
altitude
i:13
altitude
i:14
altitude
i:15
altitude
i:16
altitude
i:17
altitude
i:18
altitude
i:19
altitude
a:59
IsZoneGenerated
i:0
altitude
i:1
altitude
i:2
altitude
i:3
altitude
i:4
altitude
i:5
altitude
i:6
altitude
i:7
altitude
i:8
altitude
i:9
altitude
i:10
altitude
i:11
altitude
i:12
altitude
i:13
altitude
i:14
altitude
i:15
altitude
i:16
altitude
i:17
altitude
i:18
altitude
i:19
altitude
a:60
IsZoneGenerated
i:0
altitude
i:1
altitude
i:2
altitude
i:3
altitude
i:4
altitude
i:5
altitude
i:6
altitude
i:7
altitude
i:8
altitude
i:9
altitude
i:10
altitude
i:11
altitude
i:12
altitude
i:13
altitude
i:14
altitude
i:15
altitude
i:16
altitude
i:17
altitude
i:18
altitude
i:19
altitude
a:61
IsZoneGenerated
i:0
altitude
i:1
altitude
i:2
altitude
i:3
altitude
i:4
altitude
i:5
altitude
i:6
altitude
i:7
altitude
i:8
altitude
i:9
altitude
i:10
altitude
i:11
altitude
i:12
altitude
i:13
altitude
i:14
altitude
i:15
altitude
i:16
altitude
i:17
altitude
i:18
altitude
i:19
altitude
a:62
IsZoneGenerated
i:0
altitude
i:1
altitude
i:2
altitude
i:3
altitude
i:4
altitude
i:5
altitude
i:6
altitude
i:7
altitude
i:8
altitude
i:9
altitude
i:10
altitude
i:11
altitude
i:12
altitude
i:13
altitude
i:14
altitude
i:15
altitude
i:16
altitude
i:17
altitude
i:18
altitude
i:19
altitude
a:63
IsZoneGenerated
i:0
altitude
i:1
altitude
i:2
altitude
i:3
altitude
i:4
altitude
i:5
altitude
i:6
altitude
i:7
altitude
i:8
altitude
i:9
altitude
i:10
altitude
i:11
altitude
i:12
altitude
i:13
altitude
i:14
altitude
i:15
altitude
i:16
altitude
i:17
altitude
i:18
altitude
i:19
altitude
a:64
IsZoneGenerated
i:0
noForestFactor
terrainDelta
i:1
noForestFactor
terrainDelta
i:2
noForestFactor
terrainDelta
i:3
noForestFactor
terrainDelta
i:4
noForestFactor
terrainDelta
i:5
noForestFactor
terrainDelta
i:6
noForestFactor
terrainDelta
i:7
noForestFactor
terrainDelta
i:8
noForestFactor
register