a:0
IsZoneGenerated
i:0
m_biome
i:1
m_biome
i:2
m_biome
i:3
m_biome
i:4
m_biome
i:5
m_biome
i:6
m_biome
i:7
m_biome
i:8
m_biome
i:9
m_biome
i:10
m_biome
i:11
m_biome
i:12
m_biome
i:13
m_biome
i:14
m_biome
i:15
m_biome
i:16
m_biome
i:17
m_biome
i:18
m_biome
i:19
m_biome
a:1
IsZoneGenerated
i:0
m_biome
i:1
m_biome
i:2
m_biome
i:3
m_biome
i:4
m_biome
i:5
m_biome
i:6
m_biome
i:7
m_biome
i:8
m_biome
i:9
m_biome
i:10
m_biome
i:11
m_biome
i:12
m_biome
i:13
m_biome
i:14
m_biome
i:15
m_biome
i:16
m_biome
i:17
m_biome
i:18
m_biome
i:19
m_biome
a:2
IsZoneGenerated
i:0
m_biome
i:1
m_biome
i:2
m_biome
i:3
m_biome
i:4
m_biome
i:5
m_biome
i:6
m_biome
i:7
m_biome
i:8
m_biome
i:9
m_biome
i:10
m_biome
i:11
m_biome
i:12
m_biome
i:13
m_biome
i:14
m_biome
i:15
m_biome
i:16
m_biome
i:17
m_biome
i:18
m_biome
i:19
m_biome
a:3
IsZoneGenerated
biomeArea
a:4
IsZoneGenerated
biomeArea
a:5
IsZoneGenerated
biomeArea
a:6
IsZoneGenerated
biomeArea
a:7
IsZoneGenerated
biomeArea
a:8
IsZoneGenerated
biomeArea
a:9
IsZoneGenerated
biomeArea
a:10
IsZoneGenerated
i:0
m_biome
i:1
m_biome
i:2
m_biome
i:3
m_biome
i:4
m_biome
i:5
m_biome
i:6
m_biome
i:7
m_biome
i:8
m_biome
i:9
m_biome
i:10
m_biome
i:11
m_biome
i:12
m_biome
i:13
m_biome
i:14
m_biome
i:15
m_biome
i:16
m_biome
i:17
m_biome
i:18
m_biome
i:19
m_biome
a:11
IsZoneGenerated
biomeArea
a:12
IsZoneGenerated
i:0
m_biome
i:1
m_biome
i:2
m_biome
i:3
m_biome
i:4
m_biome
i:5
m_biome
i:6
m_biome
i:7
m_biome
i:8
m_biome
i:9
m_biome
i:10
m_biome
i:11
m_biome
i:12
m_biome
i:13
m_biome
i:14
m_biome
i:15
m_biome
i:16
m_biome
i:17
m_biome
i:18
m_biome
i:19
m_biome
a:13
IsZoneGenerated
biomeArea
a:14
IsZoneGenerated
biomeArea
a:15
IsZoneGenerated
i:0
altitude
i:1
altitude
i:2
altitude
i:3
altitude
i:4
altitude
i:5
altitude
i:6
altitude
i:7
altitude
i:8
altitude
i:9
altitude
i:10
altitude
i:11
altitude
i:12
altitude
i:13
altitude
i:14
altitude
i:15
altitude
i:16
altitude
i:17
altitude
i:18
altitude
i:19
altitude
a:16
IsZoneGenerated
biomeArea
a:17
IsZoneGenerated
biomeArea
a:18
IsZoneGenerated
i:0
m_biome
i:1
m_biome
i:2
m_biome
i:3
m_biome
i:4
m_biome
i:5
m_biome
i:6
m_biome
i:7
m_biome
i:8
m_biome
i:9
m_biome
i:10
m_biome
i:11
m_biome
i:12
m_biome
i:13
m_biome
i:14
m_biome
i:15
m_biome
i:16
m_biome
i:17
m_biome
i:18
m_biome
i:19
m_biome
a:19
IsZoneGenerated
i:0
m_biome
i:1
m_biome
i:2
m_biome
i:3
m_biome
i:4
m_biome
i:5
m_biome
i:6
m_biome
i:7
m_biome
i:8
m_biome
i:9
m_biome
i:10
m_biome
i:11
m_biome
i:12
m_biome
i:13
m_biome
i:14
m_biome
i:15
m_biome
i:16
m_biome
i:17
m_biome
i:18
m_biome
i:19
m_biome
a:20
IsZoneGenerated
i:0
m_biome
i:1
m_biome
i:2
m_biome
i:3
m_biome
i:4
m_biome
i:5
m_biome
i:6
m_biome
i:7
m_biome
i:8
m_biome
i:9
m_biome
i:10
m_biome
i:11
m_biome
i:12
m_biome
i:13
m_biome
i:14
m_biome
i:15
m_biome
i:16
m_biome
i:17
m_biome
i:18
m_biome
i:19
m_biome
a:21
IsZoneGenerated
biomeArea
a:22
IsZoneGenerated
i:0
m_biome
i:1
m_biome
i:2
m_biome
i:3
m_biome
i:4
m_biome
i:5
m_biome
i:6
m_biome
i:7
m_biome
i:8
m_biome
i:9
m_biome
i:10
m_biome
i:11
m_biome
i:12
m_biome
i:13
m_biome
i:14
m_biome
i:15
m_biome
i:16
m_biome
i:17
m_biome
i:18
m_biome
i:19
m_biome
a:23
IsZoneGenerated
biomeArea
a:24
IsZoneGenerated
biomeArea
a:25
IsZoneGenerated
i:0
m_biome
i:1
m_biome
i:2
m_biome
i:3
m_biome
i:4
m_biome
i:5
m_biome
i:6
m_biome
i:7
m_biome
i:8
m_biome
i:9
m_biome
i:10
m_biome
i:11
m_biome
i:12
m_biome
i:13
m_biome
i:14
m_biome
i:15
m_biome
i:16
m_biome
i:17
m_biome
i:18
m_biome
i:19
m_biome
a:26
IsZoneGenerated
biomeArea
a:27
IsZoneGenerated
i:0
m_biome
i:1
m_biome
i:2
m_biome
i:3
m_biome
i:4
m_biome
i:5
m_biome
i:6
m_biome
i:7
m_biome
i:8
m_biome
i:9
m_biome
i:10
m_biome
i:11
m_biome
i:12
m_biome
i:13
m_biome
i:14
m_biome
i:15
m_biome
i:16
m_biome
i:17
m_biome
i:18
m_biome
i:19
m_biome
a:28
IsZoneGenerated
biomeArea
a:29
IsZoneGenerated
i:0
m_biome
i:1
m_biome
i:2
m_biome
i:3
m_biome
i:4
m_biome
i:5
m_biome
i:6
m_biome
i:7
m_biome
i:8
m_biome
i:9
m_biome
i:10
m_biome
i:11
m_biome
i:12
m_biome
i:13
m_biome
i:14
m_biome
i:15
m_biome
i:16
m_biome
i:17
m_biome
i:18
m_biome
i:19
m_biome
a:30
IsZoneGenerated
biomeArea
a:31
IsZoneGenerated
biomeArea
a:32
IsZoneGenerated
i:0
m_biome
i:1
m_biome
i:2
m_biome
i:3
m_biome
i:4
m_biome
i:5
m_biome
i:6
m_biome
i:7
m_biome
i:8
m_biome
i:9
m_biome
i:10
m_biome
i:11
m_biome
i:12
m_biome
i:13
m_biome
i:14
m_biome
i:15
m_biome
i:16
m_biome
i:17
m_biome
i:18
m_biome
i:19
m_biome
a:33
IsZoneGenerated
biomeArea
a:34
IsZoneGenerated
biomeArea
a:35
IsZoneGenerated
i:0
m_biome
i:1
m_biome
i:2
m_biome
i:3
m_biome
i:4
m_biome
i:5
m_biome
i:6
m_biome
i:7
m_biome
i:8
m_biome
i:9
m_biome
i:10
m_biome
i:11
m_biome
i:12
m_biome
i:13
m_biome
i:14
m_biome
i:15
m_biome
i:16
m_biome
i:17
m_biome
i:18
m_biome
i:19
m_biome
a:36
IsZoneGenerated
biomeArea
a:37
IsZoneGenerated
biomeArea
a:38
IsZoneGenerated
i:0
m_biome
i:1
m_biome
i:2
m_biome
i:3
m_biome
i:4
m_biome
i:5
m_biome
i:6
m_biome
i:7
m_biome
i:8
m_biome
i:9
m_biome
i:10
m_biome
i:11
m_biome
i:12
m_biome
i:13
m_biome
i:14
m_biome
i:15
m_biome
i:16
m_biome
i:17
m_biome
i:18
m_biome
i:19
m_biome
a:39
IsZoneGenerated
biomeArea
a:40
IsZoneGenerated
biomeArea
a:41
IsZoneGenerated
biomeArea
a:42
IsZoneGenerated
i:0
m_biome
i:1
m_biome
i:2
m_biome
i:3
m_biome
i:4
m_biome
i:5
m_biome
i:6
m_biome
i:7
m_biome
i:8
m_biome
i:9
m_biome
i:10
m_biome
i:11
m_biome
i:12
m_biome
i:13
m_biome
i:14
m_biome
i:15
m_biome
i:16
m_biome
i:17
m_biome
i:18
m_biome
i:19
m_biome
a:43
IsZoneGenerated
i:0
m_biome
i:1
m_biome
i:2
m_biome
i:3
m_biome
i:4
m_biome
i:5
m_biome
i:6
m_biome
i:7
m_biome
i:8
m_biome
i:9
m_biome
i:10
m_biome
i:11
m_biome
i:12
m_biome
i:13
m_biome
i:14
m_biome
i:15
m_biome
i:16
m_biome
i:17
m_biome
i:18
m_biome
i:19
m_biome
a:44
IsZoneGenerated
biomeArea
a:45
IsZoneGenerated
biomeArea
a:46
IsZoneGenerated
i:0
m_biome
i:1
m_biome
i:2
m_biome
i:3
m_biome
i:4
m_biome
i:5
m_biome
i:6
m_biome
i:7
m_biome
i:8
m_biome
i:9
m_biome
i:10
m_biome
i:11
m_biome
i:12
m_biome
i:13
m_biome
i:14
m_biome
i:15
m_biome
i:16
m_biome
i:17
m_biome
i:18
m_biome
i:19
m_biome
a:47
IsZoneGenerated
biomeArea
a:48
IsZoneGenerated
biomeArea
a:49
IsZoneGenerated
i:0
m_biome
i:1
m_biome
i:2
m_biome
i:3
m_biome
i:4
m_biome
i:5
m_biome
i:6
m_biome
i:7
m_biome
i:8
m_biome
i:9
m_biome
i:10
m_biome
i:11
m_biome
i:12
m_biome
i:13
m_biome
i:14
m_biome
i:15
m_biome
i:16
m_biome
i:17
m_biome
i:18
m_biome
i:19
m_biome
a:50
IsZoneGenerated
biomeArea
a:51
IsZoneGenerated
biomeArea
a:52
IsZoneGenerated
i:0
m_biome
i:1
m_biome
i:2
m_biome
i:3
m_biome
i:4
m_biome
i:5
m_biome
i:6
m_biome
i:7
m_biome
i:8
m_biome
i:9
m_biome
i:10
m_biome
i:11
m_biome
i:12
m_biome
i:13
m_biome
i:14
m_biome
i:15
m_biome
i:16
m_biome
i:17
m_biome
i:18
m_biome
i:19
m_biome
a:53
IsZoneGenerated
biomeArea
a:54
IsZoneGenerated
biomeArea
a:55
IsZoneGenerated
i:0
m_biome
i:1
m_biome
i:2
m_biome
i:3
m_biome
i:4
m_biome
i:5
m_biome
i:6
m_biome
i:7
m_biome
i:8
m_biome
i:9
m_biome
i:10
m_biome
i:11
m_biome
i:12
m_biome
i:13
m_biome
i:14
m_biome
i:15
m_biome
i:16
m_biome
i:17
m_biome
i:18
m_biome
i:19
m_biome
a:56
IsZoneGenerated
biomeArea
a:57
IsZoneGenerated
i:0
m_biome
i:1
m_biome
i:2
m_biome
i:3
m_biome
i:4
m_biome
i:5
m_biome
i:6
m_biome
i:7
m_biome
i:8
m_biome
i:9
m_biome
i:10
m_biome
i:11
m_biome
i:12
m_biome
i:13
m_biome
i:14
m_biome
i:15
m_biome
i:16
m_biome
i:17
m_biome
i:18
m_biome
i:19
m_biome
a:58
IsZoneGenerated
biomeArea
a:59
IsZoneGenerated
i:0
m_biome
i:1
m_biome
i:2
m_biome
i:3
m_biome
i:4
m_biome
i:5
m_biome
i:6
m_biome
i:7
m_biome
i:8
m_biome
i:9
m_biome
i:10
m_biome
i:11
m_biome
i:12
m_biome
i:13
m_biome
i:14
m_biome
i:15
m_biome
i:16
m_biome
i:17
m_biome
i:18
m_biome
i:19
m_biome
a:60
IsZoneGenerated
i:0
m_biome
i:1
m_biome
i:2
m_biome
i:3
m_biome
i:4
m_biome
i:5
m_biome
i:6
m_biome
i:7
m_biome
i:8
m_biome
i:9
m_biome
i:10
m_biome
i:11
m_biome
i:12
m_biome
i:13
m_biome
i:14
m_biome
i:15
m_biome
i:16
m_biome
i:17
m_biome
i:18
m_biome
i:19
m_biome
a:61
IsZoneGenerated
i:0
m_biome
i:1
m_biome
i:2
m_biome
i:3
m_biome
i:4
m_biome
i:5
m_biome
i:6
m_biome
i:7
m_biome
i:8
m_biome
i:9
m_biome
i:10
m_biome
i:11
m_biome
i:12
m_biome
i:13
m_biome
i:14
m_biome
i:15
m_biome
i:16
m_biome
i:17
m_biome
i:18
m_biome
i:19
m_biome
a:62
IsZoneGenerated
i:0
m_biome
i:1
m_biome
i:2
m_biome
i:3
m_biome
i:4
m_biome
i:5
m_biome
i:6
m_biome
i:7
m_biome
i:8
m_biome
i:9
m_biome
i:10
m_biome
i:11
m_biome
i:12
m_biome
i:13
m_biome
i:14
m_biome
i:15
m_biome
i:16
m_biome
i:17
m_biome
i:18
m_biome
i:19
m_biome
a:63
IsZoneGenerated
biomeArea
a:64
IsZoneGenerated
i:0
m_biome
i:1
m_biome
i:2
m_biome
i:3
m_biome
i:4
m_biome
i:5
m_biome
i:6
m_biome
i:7
m_biome
i:8
m_biome
i:9
m_biome
i:10
m_biome
i:11
m_biome
i:12
m_biome
i:13
m_biome
i:14
m_biome
i:15
m_biome
i:16
m_biome
i:17
m_biome
i:18
m_biome
i:19
m_biome
a:65
IsZoneGenerated
i:0
m_biome
i:1
m_biome
i:2
m_biome
i:3
m_biome
i:4
m_biome
i:5
m_biome
i:6
m_biome
i:7
m_biome
i:8
m_biome
i:9
m_biome
i:10
m_biome
i:11
m_biome
i:12
m_biome
i:13
m_biome
i:14
m_biome
i:15
m_biome
i:16
m_biome
i:17
m_biome
i:18
m_biome
i:19
m_biome
a:66
IsZoneGenerated
i:0
m_biome
i:1
m_biome
i:2
m_biome
i:3
m_biome
i:4
m_biome
i:5
m_biome
i:6
m_biome
i:7
m_biome
i:8
m_biome
i:9
m_biome
i:10
m_biome
i:11
m_biome
i:12
m_biome
i:13
m_biome
i:14
m_biome
i:15
m_biome
i:16
m_biome
i:17
m_biome
i:18
m_biome
i:19
m_biome
a:67
IsZoneGenerated
biomeArea
a:68
IsZoneGenerated
biomeArea
a:69
IsZoneGenerated
i:0
m_biome
i:1
m_biome
i:2
m_biome
i:3
m_biome
i:4
m_biome
i:5
m_biome
i:6
m_biome
i:7
m_biome
i:8
m_biome
i:9
m_biome
i:10
m_biome
i:11
m_biome
i:12
m_biome
i:13
m_biome
i:14
m_biome
i:15
m_biome
i:16
m_biome
i:17
m_biome
i:18
m_biome
i:19
m_biome
a:70
IsZoneGenerated
biomeArea
a:71
IsZoneGenerated
i:0
m_minDistance
i:1
m_minDistance
i:2
m_minDistance
i:3
m_minDistance
i:4
m_minDistance
i:5
m_minDistance
i:6
m_minDistance
i:7
m_minDistance
i:8
m_minDistance
i:9
m_minDistance
i:10
m_minDistance
i:11
m_minDistance
i:12
m_minDistance
i:13
m_minDistance
i:14
m_minDistance
i:15
m_minDistance
i:16
m_minDistance
i:17
m_minDistance
i:18
m_minDistance
i:19
m_minDistance
a:72
IsZoneGenerated
i:0
m_biome
i:1
m_biome
i:2
m_biome
i:3
m_biome
i:4
m_biome
i:5
m_biome
i:6
m_biome
i:7
m_biome
i:8
m_biome
i:9
m_biome
i:10
m_biome
i:11
m_biome
i:12
m_biome
i:13
m_biome
i:14
m_biome
i:15
m_biome
i:16
m_biome
i:17
m_biome
i:18
m_biome
i:19
m_biome
a:73
IsZoneGenerated
i:0
m_minDistance
i:1
m_minDistance
i:2
m_minDistance
i:3
m_minDistance
i:4
m_minDistance
i:5
m_minDistance
i:6
m_minDistance
i:7
m_minDistance
i:8
m_minDistance
i:9
m_minDistance
i:10
m_minDistance
i:11
m_minDistance
i:12
m_minDistance
i:13
m_minDistance
i:14
m_minDistance
i:15
m_minDistance
i:16
m_minDistance
i:17
m_minDistance
i:18
m_minDistance
i:19
m_minDistance
a:74
IsZoneGenerated
i:0
m_biome
i:1
m_biome
i:2
m_biome
i:3
m_biome
i:4
m_biome
i:5
m_biome
i:6
m_biome
i:7
m_biome
i:8
m_biome
i:9
m_biome
i:10
m_biome
i:11
m_biome
i:12
m_biome
i:13
m_biome
i:14
m_biome
i:15
m_biome
i:16
m_biome
i:17
m_biome
i:18
m_biome
i:19
m_biome
a:75
IsZoneGenerated
i:0
m_biome
i:1
m_biome
i:2
m_biome
i:3
m_biome
i:4
m_biome
i:5
m_biome
i:6
m_biome
i:7
m_biome
i:8
m_biome
i:9
m_biome
i:10
m_biome
i:11
m_biome
i:12
m_biome
i:13
m_biome
i:14
m_biome
i:15
m_biome
i:16
m_biome
i:17
m_biome
i:18
m_biome
i:19
m_biome
a:76
IsZoneGenerated
i:0
m_biome
i:1
m_biome
i:2
m_biome
i:3
m_biome
i:4
m_biome
i:5
m_biome
i:6
m_biome
i:7
m_biome
i:8
m_biome
i:9
m_biome
i:10
m_biome
i:11
m_biome
i:12
m_biome
i:13
m_biome
i:14
m_biome
i:15
m_biome
i:16
m_biome
i:17
m_biome
i:18
m_biome
i:19
m_biome
a:77
IsZoneGenerated
i:0
m_biome
i:1
m_biome
i:2
m_biome
i:3
m_biome
i:4
m_biome
i:5
m_biome
i:6
m_biome
i:7
m_biome
i:8
m_biome
i:9
m_biome
i:10
m_biome
i:11
m_biome
i:12
m_biome
i:13
m_biome
i:14
m_biome
i:15
m_biome
i:16
m_biome
i:17
m_biome
i:18
m_biome
i:19
m_biome
a:78
IsZoneGenerated
biomeArea
a:79
IsZoneGenerated
i:0
m_biome
i:1
m_biome
i:2
m_biome
i:3
m_biome
i:4
m_biome
i:5
m_biome
i:6
m_biome
i:7
m_biome
i:8
m_biome
i:9
m_biome
i:10
m_biome
i:11
m_biome
i:12
m_biome
i:13
m_biome
i:14
m_biome
i:15
m_biome
i:16
m_biome
i:17
m_biome
i:18
m_biome
i:19
m_biome
a:80
IsZoneGenerated
biomeArea
a:81
IsZoneGenerated
biomeArea
a:82
IsZoneGenerated
i:0
m_biome
i:1
m_biome
i:2
m_biome
i:3
m_biome
i:4
m_biome
i:5
m_biome
i:6
m_biome
i:7
m_biome
i:8
m_biome
i:9
m_biome
i:10
m_biome
i:11
m_biome
i:12
m_biome
i:13
m_biome
i:14
m_biome
i:15
m_biome
i:16
m_biome
i:17
m_biome
i:18
m_biome
i:19
m_biome
a:83
IsZoneGenerated
i:0
m_biome
i:1
m_biome
i:2
m_biome
i:3
m_biome
i:4
m_biome
i:5
m_biome
i:6
m_biome
i:7
m_biome
i:8
m_biome
i:9
m_biome
i:10
m_biome
i:11
m_biome
i:12
m_biome
i:13
m_biome
i:14
m_biome
i:15
m_biome
i:16
m_biome
i:17
m_biome
i:18
m_biome
i:19
m_biome
a:84
IsZoneGenerated
biomeArea
a:85
IsZoneGenerated
i:0
m_biome
i:1
m_biome
i:2
m_biome
i:3
m_biome
i:4
m_biome
i:5
m_biome
i:6
m_biome
i:7
m_biome
i:8
m_biome
i:9
m_biome
i:10
m_biome
i:11
m_biome
i:12
m_biome
i:13
m_biome
i:14
m_biome
i:15
m_biome
i:16
m_biome
i:17
m_biome
i:18
m_biome
i:19
m_biome
a:86
IsZoneGenerated
i:0
altitude
i:1
altitude
i:2
altitude
i:3
altitude
i:4
altitude
i:5
altitude
i:6
altitude
i:7
altitude
i:8
altitude
i:9
altitude
i:10
altitude
i:11
altitude
i:12
altitude
i:13
altitude
i:14
altitude
i:15
altitude
i:16
altitude
i:17
altitude
i:18
altitude
i:19
altitude
a:87
IsZoneGenerated
biomeArea
a:88
IsZoneGenerated
i:0
m_minDistance
i:1
m_minDistance
i:2
m_minDistance
i:3
m_minDistance
i:4
m_minDistance
i:5
m_minDistance
i:6
m_minDistance
i:7
m_minDistance
i:8
m_minDistance
i:9
m_minDistance
i:10
m_minDistance
i:11
m_minDistance
i:12
m_minDistance
i:13
m_minDistance
i:14
m_minDistance
i:15
m_minDistance
i:16
m_minDistance
i:17
m_minDistance
i:18
m_minDistance
i:19
m_minDistance
a:89
IsZoneGenerated
biomeArea
a:90
IsZoneGenerated
biomeArea
a:91
IsZoneGenerated
i:0
m_biome
i:1
m_biome
i:2
m_biome
i:3
m_biome
i:4
m_biome
i:5
m_biome
i:6
m_biome
i:7
m_biome
i:8
m_biome
i:9
m_biome
i:10
m_biome
i:11
m_biome
i:12
m_biome
i:13
m_biome
i:14
m_biome
i:15
m_biome
i:16
m_biome
i:17
m_biome
i:18
m_biome
i:19
m_biome
a:92
IsZoneGenerated
i:0
m_biome
i:1
m_biome
i:2
m_biome
i:3
m_biome
i:4
m_biome
i:5
m_biome
i:6
m_biome
i:7
m_biome
i:8
m_biome
i:9
m_biome
i:10
m_biome
i:11
m_biome
i:12
m_biome
i:13
m_biome
i:14
m_biome
i:15
m_biome
i:16
m_biome
i:17
m_biome
i:18
m_biome
i:19
m_biome
a:93
IsZoneGenerated
i:0
m_biome
i:1
m_biome
i:2
m_biome
i:3
m_biome
i:4
m_biome
i:5
m_biome
i:6
m_biome
i:7
m_biome
i:8
m_biome
i:9
m_biome
i:10
m_biome
i:11
m_biome
i:12
m_biome
i:13
m_biome
i:14
m_biome
i:15
m_biome
i:16
m_biome
i:17
m_biome
i:18
m_biome
i:19
m_biome
a:94
IsZoneGenerated
i:0
m_biome
i:1
m_biome
i:2
m_biome
i:3
m_biome
i:4
m_biome
i:5
m_biome
i:6
m_biome
i:7
m_biome
i:8
m_biome
i:9
m_biome
i:10
m_biome
i:11
m_biome
i:12
m_biome
i:13
m_biome
i:14
m_biome
i:15
m_biome
i:16
m_biome
i:17
m_biome
i:18
m_biome
i:19
m_biome
a:95
IsZoneGenerated
biomeArea
a:96
IsZoneGenerated
biomeArea
a:97
IsZoneGenerated
biomeArea
a:98
IsZoneGenerated
i:0
m_biome
i:1
m_biome
i:2
m_biome
i:3
m_biome
i:4
m_biome
i:5
m_biome
i:6
m_biome
i:7
m_biome
i:8
m_biome
i:9
m_biome
i:10
m_biome
i:11
m_biome
i:12
m_biome
i:13
m_biome
i:14
m_biome
i:15
m_biome
i:16
m_biome
i:17
m_biome
i:18
m_biome
i:19
m_biome
a:99
IsZoneGenerated
i:0
m_biome
i:1
m_biome
i:2
m_biome
i:3
m_biome
i:4
m_biome
i:5
m_biome
i:6
m_biome
i:7
m_biome
i:8
m_biome
i:9
m_biome
i:10
m_biome
i:11
m_biome
i:12
m_biome
i:13
m_biome
i:14
m_biome
i:15
m_biome
i:16
m_biome
i:17
m_biome
i:18
m_biome
i:19
m_biome
a:100
IsZoneGenerated
i:0
m_biome
i:1
m_biome
i:2
m_biome
i:3
m_biome
i:4
m_biome
i:5
m_biome
i:6
m_biome
i:7
m_biome
i:8
m_biome
i:9
m_biome
i:10
m_biome
i:11
m_biome
i:12
m_biome
i:13
m_biome
i:14
m_biome
i:15
m_biome
i:16
m_biome
i:17
m_biome
i:18
m_biome
i:19
m_biome
a:101
IsZoneGenerated
i:0
m_biome
i:1
m_biome
i:2
m_biome
i:3
m_biome
i:4
m_biome
i:5
m_biome
i:6
m_biome
i:7
m_biome
i:8
m_biome
i:9
m_biome
i:10
m_biome
i:11
m_biome
i:12
m_biome
i:13
m_biome
i:14
m_biome
i:15
m_biome
i:16
m_biome
i:17
m_biome
i:18
m_biome
i:19
m_biome
a:102
IsZoneGenerated
biomeArea
a:103
IsZoneGenerated
i:0
m_biome
i:1
m_biome
i:2
m_biome
i:3
m_biome
i:4
m_biome
i:5
m_biome
i:6
m_biome
i:7
m_biome
i:8
m_biome
i:9
m_biome
i:10
m_biome
i:11
m_biome
i:12
m_biome
i:13
m_biome
i:14
m_biome
i:15
m_biome
i:16
m_biome
i:17
m_biome
i:18
m_biome
i:19
m_biome
a:104
IsZoneGenerated
biomeArea
a:105
IsZoneGenerated
biomeArea
a:106
IsZoneGenerated
i:0
m_biome
i:1
m_biome
i:2
m_biome
i:3
m_biome
i:4
m_biome
i:5
m_biome
i:6
m_biome
i:7
m_biome
i:8
m_biome
i:9
m_biome
i:10
m_biome
i:11
m_biome
i:12
m_biome
i:13
m_biome
i:14
m_biome
i:15
m_biome
i:16
m_biome
i:17
m_biome
i:18
m_biome
i:19
m_biome
a:107
IsZoneGenerated
biomeArea
a:108
IsZoneGenerated
i:0
m_biome
i:1
m_biome
i:2
m_biome
i:3
m_biome
i:4
m_biome
i:5
m_biome
i:6
m_biome
i:7
m_biome
i:8
m_biome
i:9
m_biome
i:10
m_biome
i:11
m_biome
i:12
m_biome
i:13
m_biome
i:14
m_biome
i:15
m_biome
i:16
m_biome
i:17
m_biome
i:18
m_biome
i:19
m_biome
a:109
IsZoneGenerated
biomeArea
a:110
IsZoneGenerated
i:0
m_biome
i:1
m_biome
i:2
m_biome
i:3
m_biome
i:4
m_biome
i:5
m_biome
i:6
m_biome
i:7
m_biome
i:8
m_biome
i:9
m_biome
i:10
m_biome
i:11
m_biome
i:12
m_biome
i:13
m_biome
i:14
m_biome
i:15
m_biome
i:16
m_biome
i:17
m_biome
i:18
m_biome
i:19
m_biome
a:111
IsZoneGenerated
i:0
m_minDistance
i:1
m_minDistance
i:2
m_minDistance
i:3
m_minDistance
i:4
m_minDistance
i:5
m_minDistance
i:6
m_minDistance
i:7
m_minDistance
i:8
m_minDistance
i:9
m_minDistance
i:10
m_minDistance
i:11
m_minDistance
i:12
m_minDistance
i:13
m_minDistance
i:14
m_minDistance
i:15
m_minDistance
i:16
m_minDistance
i:17
m_minDistance
i:18
m_minDistance
i:19
m_minDistance
a:112
IsZoneGenerated
biomeArea
a:113
IsZoneGenerated
biomeArea
a:114
IsZoneGenerated
biomeArea
a:115
IsZoneGenerated
biomeArea
a:116
IsZoneGenerated
biomeArea
a:117
IsZoneGenerated
biomeArea
a:118
IsZoneGenerated
i:0
m_biome
i:1
m_biome
i:2
m_biome
i:3
m_biome
i:4
m_biome
i:5
m_biome
i:6
m_biome
i:7
m_biome
i:8
m_biome
i:9
m_biome
i:10
m_biome
i:11
m_biome
i:12
m_biome
i:13
m_biome
i:14
m_biome
i:15
m_biome
i:16
m_biome
i:17
m_biome
i:18
m_biome
i:19
m_biome
a:119
IsZoneGenerated
biomeArea
a:120
IsZoneGenerated
biomeArea
a:121
IsZoneGenerated
biomeArea
a:122
IsZoneGenerated
i:0
m_biome
i:1
m_biome
i:2
m_biome
i:3
m_biome
i:4
m_biome
i:5
m_biome
i:6
m_biome
i:7
m_biome
i:8
m_biome
i:9
m_biome
i:10
m_biome
i:11
m_biome
i:12
m_biome
i:13
m_biome
i:14
m_biome
i:15
m_biome
i:16
m_biome
i:17
m_biome
i:18
m_biome
i:19
m_biome
a:123
IsZoneGenerated
biomeArea
a:124
IsZoneGenerated
biomeArea
a:125
IsZoneGenerated
biomeArea
a:126
IsZoneGenerated
biomeArea
a:127
IsZoneGenerated
biomeArea
a:128
IsZoneGenerated
i:0
m_biome
i:1
m_biome
i:2
m_biome
i:3
m_biome
i:4
m_biome
i:5
m_biome
i:6
m_biome
i:7
m_biome
i:8
m_biome
i:9
m_biome
i:10
m_biome
i:11
m_biome
i:12
m_biome
i:13
m_biome
i:14
m_biome
i:15
m_biome
i:16
m_biome
i:17
m_biome
i:18
m_biome
i:19
m_biome
a:129
IsZoneGenerated
i:0
m_biome
i:1
m_biome
i:2
m_biome
i:3
m_biome
i:4
m_biome
i:5
m_biome
i:6
m_biome
i:7
m_biome
i:8
m_biome
i:9
m_biome
i:10
m_biome
i:11
m_biome
i:12
m_biome
i:13
m_biome
i:14
m_biome
i:15
m_biome
i:16
m_biome
i:17
m_biome
i:18
m_biome
i:19
m_biome
a:130
IsZoneGenerated
i:0
m_biome
i:1
m_biome
i:2
m_biome
i:3
m_biome
i:4
m_biome
i:5
m_biome
i:6
m_biome
i:7
m_biome
i:8
m_biome
i:9
m_biome
i:10
m_biome
i:11
m_biome
i:12
m_biome
i:13
m_biome
i:14
m_biome
i:15
m_biome
i:16
m_biome
i:17
m_biome
i:18
m_biome
i:19
m_biome
a:131
IsZoneGenerated
biomeArea
a:132
IsZoneGenerated
biomeArea
a:133
IsZoneGenerated
i:0
m_biome
i:1
m_biome
i:2
m_biome
i:3
m_biome
i:4
m_biome
i:5
m_biome
i:6
m_biome
i:7
m_biome
i:8
m_biome
i:9
m_biome
i:10
m_biome
i:11
m_biome
i:12
m_biome
i:13
m_biome
i:14
m_biome
i:15
m_biome
i:16
m_biome
i:17
m_biome
i:18
m_biome
i:19
m_biome
a:134
IsZoneGenerated
i:0
m_minDistance
i:1
m_minDistance
i:2
m_minDistance
i:3
m_minDistance
i:4
m_minDistance
i:5
m_minDistance
i:6
m_minDistance
i:7
m_minDistance
i:8
m_minDistance
i:9
m_minDistance
i:10
m_minDistance
i:11
m_minDistance
i:12
m_minDistance
i:13
m_minDistance
i:14
m_minDistance
i:15
m_minDistance
i:16
m_minDistance
i:17
m_minDistance
i:18
m_minDistance
i:19
m_minDistance
a:135
IsZoneGenerated
i:0
m_biome
i:1
m_biome
i:2
m_biome
i:3
m_biome
i:4
m_biome
i:5
m_biome
i:6
m_biome
i:7
m_biome
i:8
m_biome
i:9
m_biome
i:10
m_biome
i:11
m_biome
i:12
m_biome
i:13
m_biome
i:14
m_biome
i:15
m_biome
i:16
m_biome
i:17
m_biome
i:18
m_biome
i:19
m_biome
a:136
IsZoneGenerated
i:0
m_biome
i:1
m_biome
i:2
m_biome
i:3
m_biome
i:4
m_biome
i:5
m_biome
i:6
m_biome
i:7
m_biome
i:8
m_biome
i:9
m_biome
i:10
m_biome
i:11
m_biome
i:12
m_biome
i:13
m_biome
i:14
m_biome
i:15
m_biome
i:16
m_biome
i:17
m_biome
i:18
m_biome
i:19
m_biome
a:137
IsZoneGenerated
biomeArea
a:138
IsZoneGenerated
i:0
terrainDelta
i:1
terrainDelta
i:2
terrainDelta
i:3
terrainDelta
i:4
terrainDelta
i:5
terrainDelta
i:6
terrainDelta
i:7
terrainDelta
i:8
terrainDelta
i:9
terrainDelta
i:10
terrainDelta
i:11
terrainDelta
i:12
terrainDelta
i:13
terrainDelta
i:14
terrainDelta
i:15
register
a:139
IsZoneGenerated
i:0
m_biome
i:1
m_biome
i:2
m_biome
i:3
m_biome
i:4
m_biome
i:5
m_biome
i:6
m_biome
i:7
m_biome
i:8
m_biome
i:9
m_biome
i:10
m_biome
i:11
m_biome
i:12
m_biome
i:13
m_biome
i:14
m_biome
i:15
m_biome
i:16
m_biome
i:17
m_biome
i:18
m_biome
i:19
m_biome
a:140
IsZoneGenerated
biomeArea
a:141
IsZoneGenerated
i:0
m_biome
i:1
m_biome
i:2
m_biome
i:3
m_biome
i:4
m_biome
i:5
m_biome
i:6
m_biome
i:7
m_biome
i:8
m_biome
i:9
m_biome
i:10
m_biome
i:11
m_biome
i:12
m_biome
i:13
m_biome
i:14
m_biome
i:15
m_biome
i:16
m_biome
i:17
m_biome
i:18
m_biome
i:19
m_biome
a:142
IsZoneGenerated
i:0
m_biome
i:1
m_biome
i:2
m_biome
i:3
m_biome
i:4
m_biome
i:5
m_biome
i:6
m_biome
i:7
m_biome
i:8
m_biome
i:9
m_biome
i:10
m_biome
i:11
m_biome
i:12
m_biome
i:13
m_biome
i:14
m_biome
i:15
m_biome
i:16
m_biome
i:17
m_biome
i:18
m_biome
i:19
m_biome
a:143
IsZoneGenerated
i:0
m_biome
i:1
m_biome
i:2
m_biome
i:3
m_biome
i:4
m_biome
i:5
m_biome
i:6
m_biome
i:7
m_biome
i:8
m_biome
i:9
m_biome
i:10
m_biome
i:11
m_biome
i:12
m_biome
i:13
m_biome
i:14
m_biome
i:15
m_biome
i:16
m_biome
i:17
m_biome
i:18
m_biome
i:19
m_biome
a:144
IsZoneGenerated
i:0
m_biome
i:1
m_biome
i:2
m_biome
i:3
m_biome
i:4
m_biome
i:5
m_biome
i:6
m_biome
i:7
m_biome
i:8
m_biome
i:9
m_biome
i:10
m_biome
i:11
m_biome
i:12
m_biome
i:13
m_biome
i:14
m_biome
i:15
m_biome
i:16
m_biome
i:17
m_biome
i:18
m_biome
i:19
m_biome
a:145
IsZoneGenerated
i:0
terrainDelta
i:1
terrainDelta
i:2
terrainDelta
i:3
terrainDelta
i:4
terrainDelta
i:5
terrainDelta
i:6
terrainDelta
i:7
terrainDelta
i:8
terrainDelta
i:9
terrainDelta
i:10
terrainDelta
i:11
terrainDelta
i:12
terrainDelta
i:13
terrainDelta
i:14
terrainDelta
i:15
terrainDelta
i:16
terrainDelta
i:17
terrainDelta
i:18
terrainDelta
i:19
terrainDelta
a:146
IsZoneGenerated
i:0
terrainDelta
i:1
terrainDelta
i:2
terrainDelta
i:3
terrainDelta
i:4
terrainDelta
i:5
terrainDelta
i:6
terrainDelta
i:7
terrainDelta
i:8
terrainDelta
i:9
terrainDelta
i:10
terrainDelta
i:11
terrainDelta
i:12
terrainDelta
i:13
terrainDelta
i:14
terrainDelta
i:15
terrainDelta
i:16
terrainDelta
i:17
terrainDelta
i:18
terrainDelta
i:19
terrainDelta
a:147
IsZoneGenerated
i:0
m_biome
i:1
m_biome
i:2
m_biome
i:3
m_biome
i:4
m_biome
i:5
m_biome
i:6
m_biome
i:7
m_biome
i:8
m_biome
i:9
m_biome
i:10
m_biome
i:11
m_biome
i:12
m_biome
i:13
m_biome
i:14
m_biome
i:15
m_biome
i:16
m_biome
i:17
m_biome
i:18
m_biome
i:19
m_biome
a:148
IsZoneGenerated
biomeArea
a:149
IsZoneGenerated
i:0
m_biome
i:1
m_biome
i:2
m_biome
i:3
m_biome
i:4
m_biome
i:5
m_biome
i:6
m_biome
i:7
m_biome
i:8
m_biome
i:9
m_biome
i:10
m_biome
i:11
m_biome
i:12
m_biome
i:13
m_biome
i:14
m_biome
i:15
m_biome
i:16
m_biome
i:17
m_biome
i:18
m_biome
i:19
m_biome
a:150
IsZoneGenerated
i:0
m_biome
i:1
m_biome
i:2
m_biome
i:3
m_biome
i:4
m_biome
i:5
m_biome
i:6
m_biome
i:7
m_biome
i:8
m_biome
i:9
m_biome
i:10
m_biome
i:11
m_biome
i:12
m_biome
i:13
m_biome
i:14
m_biome
i:15
m_biome
i:16
m_biome
i:17
m_biome
i:18
m_biome
i:19
m_biome
a:151
IsZoneGenerated
i:0
m_minDistance
i:1
m_minDistance
i:2
m_minDistance
i:3
m_minDistance
i:4
m_minDistance
i:5
m_minDistance
i:6
m_minDistance
i:7
m_minDistance
i:8
m_minDistance
i:9
m_minDistance
i:10
m_minDistance
i:11
m_minDistance
i:12
m_minDistance
i:13
m_minDistance
i:14
m_minDistance
i:15
m_minDistance
i:16
m_minDistance
i:17
m_minDistance
i:18
m_minDistance
i:19
m_minDistance
a:152
IsZoneGenerated
biomeArea
a:153
IsZoneGenerated
biomeArea
a:154
IsZoneGenerated
biomeArea
a:155
IsZoneGenerated
i:0
m_biome
i:1
m_biome
i:2
m_biome
i:3
m_biome
i:4
m_biome
i:5
m_biome
i:6
m_biome
i:7
m_biome
i:8
m_biome
i:9
m_biome
i:10
m_biome
i:11
m_biome
i:12
m_biome
i:13
m_biome
i:14
m_biome
i:15
m_biome
i:16
m_biome
i:17
m_biome
i:18
m_biome
i:19
m_biome
a:156
IsZoneGenerated
i:0
m_biome
i:1
m_biome
i:2
m_biome
i:3
m_biome
i:4
m_biome
i:5
m_biome
i:6
m_biome
i:7
m_biome
i:8
m_biome
i:9
m_biome
i:10
m_biome
i:11
m_biome
i:12
m_biome
i:13
m_biome
i:14
m_biome
i:15
m_biome
i:16
m_biome
i:17
m_biome
i:18
m_biome
i:19
m_biome
a:157
IsZoneGenerated
biomeArea
a:158
IsZoneGenerated
biomeArea
a:159
IsZoneGenerated
biomeArea
a:160
IsZoneGenerated
i:0
m_biome
i:1
m_biome
i:2
m_biome
i:3
m_biome
i:4
m_biome
i:5
m_biome
i:6
m_biome
i:7
m_biome
i:8
m_biome
i:9
m_biome
i:10
m_biome
i:11
m_biome
i:12
m_biome
i:13
m_biome
i:14
m_biome
i:15
m_biome
i:16
m_biome
i:17
m_biome
i:18
m_biome
i:19
m_biome
a:161
IsZoneGenerated
biomeArea
a:162
IsZoneGenerated
i:0
m_biome
i:1
m_biome
i:2
m_biome
i:3
m_biome
i:4
m_biome
i:5
m_biome
i:6
m_biome
i:7
m_biome
i:8
m_biome
i:9
m_biome
i:10
m_biome
i:11
m_biome
i:12
m_biome
i:13
m_biome
i:14
m_biome
i:15
m_biome
i:16
m_biome
i:17
m_biome
i:18
m_biome
i:19
m_biome
a:163
IsZoneGenerated
biomeArea
a:164
IsZoneGenerated
i:0
m_biome
i:1
m_biome
i:2
m_biome
i:3
m_biome
i:4
m_biome
i:5
m_biome
i:6
m_biome
i:7
m_biome
i:8
m_biome
i:9
m_biome
i:10
m_biome
i:11
m_biome
i:12
m_biome
i:13
m_biome
i:14
m_biome
i:15
m_biome
i:16
m_biome
i:17
m_biome
i:18
m_biome
i:19
m_biome
a:165
IsZoneGenerated
i:0
m_biome
i:1
m_biome
i:2
m_biome
i:3
m_biome
i:4
m_biome
i:5
m_biome
i:6
m_biome
i:7
m_biome
i:8
m_biome
i:9
m_biome
i:10
m_biome
i:11
m_biome
i:12
m_biome
i:13
m_biome
i:14
m_biome
i:15
m_biome
i:16
m_biome
i:17
m_biome
i:18
m_biome
i:19
m_biome
a:166
IsZoneGenerated
i:0
m_biome
i:1
m_biome
i:2
m_biome
i:3
m_biome
i:4
m_biome
i:5
m_biome
i:6
m_biome
i:7
m_biome
i:8
m_biome
i:9
m_biome
i:10
m_biome
i:11
m_biome
i:12
m_biome
i:13
m_biome
i:14
m_biome
i:15
m_biome
i:16
m_biome
i:17
m_biome
i:18
m_biome
i:19
m_biome
a:167
IsZoneGenerated
i:0
altitude
i:1
altitude
i:2
altitude
i:3
altitude
i:4
altitude
i:5
altitude
i:6
altitude
i:7
altitude
i:8
altitude
i:9
altitude
i:10
altitude
i:11
altitude
i:12
altitude
i:13
altitude
i:14
altitude
i:15
altitude
i:16
altitude
i:17
altitude
i:18
altitude
i:19
altitude
a:168
IsZoneGenerated
biomeArea
a:169
IsZoneGenerated
i:0
m_biome
i:1
m_biome
i:2
m_biome
i:3
m_biome
i:4
m_biome
i:5
m_biome
i:6
m_biome
i:7
m_biome
i:8
m_biome
i:9
m_biome
i:10
m_biome
i:11
m_biome
i:12
m_biome
i:13
m_biome
i:14
m_biome
i:15
m_biome
i:16
m_biome
i:17
m_biome
i:18
m_biome
i:19
m_biome
a:170
IsZoneGenerated
biomeArea
a:171
IsZoneGenerated
i:0
m_biome
i:1
m_biome
i:2
m_biome
i:3
m_biome
i:4
m_biome
i:5
m_biome
i:6
m_biome
i:7
m_biome
i:8
m_biome
i:9
m_biome
i:10
m_biome
i:11
m_biome
i:12
m_biome
i:13
m_biome
i:14
m_biome
i:15
m_biome
i:16
m_biome
i:17
m_biome
i:18
m_biome
i:19
m_biome
a:172
IsZoneGenerated
biomeArea
a:173
IsZoneGenerated
i:0
m_biome
i:1
m_biome
i:2
m_biome
i:3
m_biome
i:4
m_biome
i:5
m_biome
i:6
m_biome
i:7
m_biome
i:8
m_biome
i:9
m_biome
i:10
m_biome
i:11
m_biome
i:12
m_biome
i:13
m_biome
i:14
m_biome
i:15
m_biome
i:16
m_biome
i:17
m_biome
i:18
m_biome
i:19
m_biome
a:174
IsZoneGenerated
i:0
m_biome
i:1
m_biome
i:2
m_biome
i:3
m_biome
i:4
m_biome
i:5
m_biome
i:6
m_biome
i:7
m_biome
i:8
m_biome
i:9
m_biome
i:10
m_biome
i:11
m_biome
i:12
m_biome
i:13
m_biome
i:14
m_biome
i:15
m_biome
i:16
m_biome
i:17
m_biome
i:18
m_biome
i:19
m_biome
a:175
IsZoneGenerated
biomeArea
a:176
IsZoneGenerated
biomeArea
a:177
IsZoneGenerated
biomeArea
a:178
IsZoneGenerated
i:0
m_biome
i:1
m_biome
i:2
m_biome
i:3
m_biome
i:4
m_biome
i:5
m_biome
i:6
m_biome
i:7
m_biome
i:8
m_biome
i:9
m_biome
i:10
m_biome
i:11
m_biome
i:12
m_biome
i:13
m_biome
i:14
m_biome
i:15
m_biome
i:16
m_biome
i:17
m_biome
i:18
m_biome
i:19
m_biome
a:179
IsZoneGenerated
biomeArea
a:180
IsZoneGenerated
i:0
m_biome
i:1
m_biome
i:2
m_biome
i:3
m_biome
i:4
m_biome
i:5
m_biome
i:6
m_biome
i:7
m_biome
i:8
m_biome
i:9
m_biome
i:10
m_biome
i:11
m_biome
i:12
m_biome
i:13
m_biome
i:14
m_biome
i:15
m_biome
i:16
m_biome
i:17
m_biome
i:18
m_biome
i:19
m_biome
a:181
IsZoneGenerated
i:0
m_biome
i:1
m_biome
i:2
m_biome
i:3
m_biome
i:4
m_biome
i:5
m_biome
i:6
m_biome
i:7
m_biome
i:8
m_biome
i:9
m_biome
i:10
m_biome
i:11
m_biome
i:12
m_biome
i:13
m_biome
i:14
m_biome
i:15
m_biome
i:16
m_biome
i:17
m_biome
i:18
m_biome
i:19
m_biome
a:182
IsZoneGenerated
biomeArea
a:183
IsZoneGenerated
biomeArea
a:184
IsZoneGenerated
biomeArea
a:185
IsZoneGenerated
i:0
m_biome
i:1
m_biome
i:2
m_biome
i:3
m_biome
i:4
m_biome
i:5
m_biome
i:6
m_biome
i:7
m_biome
i:8
m_biome
i:9
m_biome
i:10
m_biome
i:11
m_biome
i:12
m_biome
i:13
m_biome
i:14
m_biome
i:15
m_biome
i:16
m_biome
i:17
m_biome
i:18
m_biome
i:19
m_biome
a:186
IsZoneGenerated
biomeArea
a:187
IsZoneGenerated
biomeArea
a:188
IsZoneGenerated
i:0
m_biome
i:1
m_biome
i:2
m_biome
i:3
m_biome
i:4
m_biome
i:5
m_biome
i:6
m_biome
i:7
m_biome
i:8
m_biome
i:9
m_biome
i:10
m_biome
i:11
m_biome
i:12
m_biome
i:13
m_biome
i:14
m_biome
i:15
m_biome
i:16
m_biome
i:17
m_biome
i:18
m_biome
i:19
m_biome
a:189
IsZoneGenerated
i:0
m_biome
i:1
m_biome
i:2
m_biome
i:3
m_biome
i:4
m_biome
i:5
m_biome
i:6
m_biome
i:7
m_biome
i:8
m_biome
i:9
m_biome
i:10
m_biome
i:11
m_biome
i:12
m_biome
i:13
m_biome
i:14
m_biome
i:15
m_biome
i:16
m_biome
i:17
m_biome
i:18
m_biome
i:19
m_biome
a:190
IsZoneGenerated
i:0
m_biome
i:1
m_biome
i:2
m_biome
i:3
m_biome
i:4
m_biome
i:5
m_biome
i:6
m_biome
i:7
m_biome
i:8
m_biome
i:9
m_biome
i:10
m_biome
i:11
m_biome
i:12
m_biome
i:13
m_biome
i:14
m_biome
i:15
m_biome
i:16
m_biome
i:17
m_biome
i:18
m_biome
i:19
m_biome
a:191
IsZoneGenerated
biomeArea
a:192
IsZoneGenerated
biomeArea
a:193
IsZoneGenerated
biomeArea
a:194
IsZoneGenerated
biomeArea
a:195
IsZoneGenerated
i:0
m_biome
i:1
m_biome
i:2
m_biome
i:3
m_biome
i:4
m_biome
i:5
m_biome
i:6
m_biome
i:7
m_biome
i:8
m_biome
i:9
m_biome
i:10
m_biome
i:11
m_biome
i:12
m_biome
i:13
m_biome
i:14
m_biome
i:15
m_biome
i:16
m_biome
i:17
m_biome
i:18
m_biome
i:19
m_biome
a:196
IsZoneGenerated
biomeArea
a:197
IsZoneGenerated
i:0
m_biome
i:1
m_biome
i:2
m_biome
i:3
m_biome
i:4
m_biome
i:5
m_biome
i:6
m_biome
i:7
m_biome
i:8
m_biome
i:9
m_biome
i:10
m_biome
i:11
m_biome
i:12
m_biome
i:13
m_biome
i:14
m_biome
i:15
m_biome
i:16
m_biome
i:17
m_biome
i:18
m_biome
i:19
m_biome
a:198
IsZoneGenerated
biomeArea
a:199
IsZoneGenerated
i:0
m_biome
i:1
m_biome
i:2
m_biome
i:3
m_biome
i:4
m_biome
i:5
m_biome
i:6
m_biome
i:7
m_biome
i:8
m_biome
i:9
m_biome
i:10
m_biome
i:11
m_biome
i:12
m_biome
i:13
m_biome
i:14
m_biome
i:15
m_biome
i:16
m_biome
i:17
m_biome
i:18
m_biome
i:19
m_biome
a:200
IsZoneGenerated
biomeArea
a:201
IsZoneGenerated
biomeArea
a:202
IsZoneGenerated
i:0
m_biome
i:1
m_biome
i:2
m_biome
i:3
m_biome
i:4
m_biome
i:5
m_biome
i:6
m_biome
i:7
m_biome
i:8
m_biome
i:9
m_biome
i:10
m_biome
i:11
m_biome
i:12
m_biome
i:13
m_biome
i:14
m_biome
i:15
m_biome
i:16
m_biome
i:17
m_biome
i:18
m_biome
i:19
m_biome
a:203
IsZoneGenerated
biomeArea
a:204
IsZoneGenerated
i:0
m_minDistance
i:1
m_minDistance
i:2
m_minDistance
i:3
m_minDistance
i:4
m_minDistance
i:5
m_minDistance
i:6
m_minDistance
i:7
m_minDistance
i:8
m_minDistance
i:9
m_minDistance
i:10
m_minDistance
i:11
m_minDistance
i:12
m_minDistance
i:13
m_minDistance
i:14
m_minDistance
i:15
m_minDistance
i:16
m_minDistance
i:17
m_minDistance
i:18
m_minDistance
i:19
m_minDistance
a:205
IsZoneGenerated
i:0
m_biome
i:1
m_biome
i:2
m_biome
i:3
m_biome
i:4
m_biome
i:5
m_biome
i:6
m_biome
i:7
m_biome
i:8
m_biome
i:9
m_biome
i:10
m_biome
i:11
m_biome
i:12
m_biome
i:13
m_biome
i:14
m_biome
i:15
m_biome
i:16
m_biome
i:17
m_biome
i:18
m_biome
i:19
m_biome
a:206
IsZoneGenerated
i:0
m_biome
i:1
m_biome
i:2
m_biome
i:3
m_biome
i:4
m_biome
i:5
m_biome
i:6
m_biome
i:7
m_biome
i:8
m_biome
i:9
m_biome
i:10
m_biome
i:11
m_biome
i:12
m_biome
i:13
m_biome
i:14
m_biome
i:15
m_biome
i:16
m_biome
i:17
m_biome
i:18
m_biome
i:19
m_biome
a:207
IsZoneGenerated
biomeArea
a:208
IsZoneGenerated
i:0
altitude
i:1
altitude
i:2
altitude
i:3
altitude
i:4
altitude
i:5
altitude
i:6
altitude
i:7
altitude
i:8
altitude
i:9
altitude
i:10
altitude
i:11
altitude
i:12
altitude
i:13
altitude
i:14
altitude
i:15
altitude
i:16
altitude
i:17
altitude
i:18
altitude
i:19
altitude
a:209
IsZoneGenerated
biomeArea
a:210
IsZoneGenerated
i:0
m_biome
i:1
m_biome
i:2
m_biome
i:3
m_biome
i:4
m_biome
i:5
m_biome
i:6
m_biome
i:7
m_biome
i:8
m_biome
i:9
m_biome
i:10
m_biome
i:11
m_biome
i:12
m_biome
i:13
m_biome
i:14
m_biome
i:15
m_biome
i:16
m_biome
i:17
m_biome
i:18
m_biome
i:19
m_biome
a:211
IsZoneGenerated
i:0
m_biome
i:1
m_biome
i:2
m_biome
i:3
m_biome
i:4
m_biome
i:5
m_biome
i:6
m_biome
i:7
m_biome
i:8
m_biome
i:9
m_biome
i:10
m_biome
i:11
m_biome
i:12
m_biome
i:13
m_biome
i:14
m_biome
i:15
m_biome
i:16
m_biome
i:17
m_biome
i:18
m_biome
i:19
m_biome
a:212
IsZoneGenerated
i:0
m_biome
i:1
m_biome
i:2
m_biome
i:3
m_biome
i:4
m_biome
i:5
m_biome
i:6
m_biome
i:7
m_biome
i:8
m_biome
i:9
m_biome
i:10
m_biome
i:11
m_biome
i:12
m_biome
i:13
m_biome
i:14
m_biome
i:15
m_biome
i:16
m_biome
i:17
m_biome
i:18
m_biome
i:19
m_biome
a:213
IsZoneGenerated
i:0
m_biome
i:1
m_biome
i:2
m_biome
i:3
m_biome
i:4
m_biome
i:5
m_biome
i:6
m_biome
i:7
m_biome
i:8
m_biome
i:9
m_biome
i:10
m_biome
i:11
m_biome
i:12
m_biome
i:13
m_biome
i:14
m_biome
i:15
m_biome
i:16
m_biome
i:17
m_biome
i:18
m_biome
i:19
m_biome
a:214
IsZoneGenerated
biomeArea
a:215
IsZoneGenerated
biomeArea
a:216
IsZoneGenerated
i:0
m_biome
i:1
m_biome
i:2
m_biome
i:3
m_biome
i:4
m_biome
i:5
m_biome
i:6
m_biome
i:7
m_biome
i:8
m_biome
i:9
m_biome
i:10
m_biome
i:11
m_biome
i:12
m_biome
i:13
m_biome
i:14
m_biome
i:15
m_biome
i:16
m_biome
i:17
m_biome
i:18
m_biome
i:19
m_biome
a:217
IsZoneGenerated
biomeArea
a:218
IsZoneGenerated
i:0
m_biome
i:1
m_biome
i:2
m_biome
i:3
m_biome
i:4
m_biome
i:5
m_biome
i:6
m_biome
i:7
m_biome
i:8
m_biome
i:9
m_biome
i:10
m_biome
i:11
m_biome
i:12
m_biome
i:13
m_biome
i:14
m_biome
i:15
m_biome
i:16
m_biome
i:17
m_biome
i:18
m_biome
i:19
m_biome
a:219
IsZoneGenerated
i:0
m_biome
i:1
m_biome
i:2
m_biome
i:3
m_biome
i:4
m_biome
i:5
m_biome
i:6
m_biome
i:7
m_biome
i:8
m_biome
i:9
m_biome
i:10
m_biome
i:11
m_biome
i:12
m_biome
i:13
m_biome
i:14
m_biome
i:15
m_biome
i:16
m_biome
i:17
m_biome
i:18
m_biome
i:19
m_biome
a:220
IsZoneGenerated
i:0
m_biome
i:1
m_biome
i:2
m_biome
i:3
m_biome
i:4
m_biome
i:5
m_biome
i:6
m_biome
i:7
m_biome
i:8
m_biome
i:9
m_biome
i:10
m_biome
i:11
m_biome
i:12
m_biome
i:13
m_biome
i:14
m_biome
i:15
m_biome
i:16
m_biome
i:17
m_biome
i:18
m_biome
i:19
m_biome
a:221
IsZoneGenerated
i:0
m_biome
i:1
m_biome
i:2
m_biome
i:3
m_biome
i:4
m_biome
i:5
m_biome
i:6
m_biome
i:7
m_biome
i:8
m_biome
i:9
m_biome
i:10
m_biome
i:11
m_biome
i:12
m_biome
i:13
m_biome
i:14
m_biome
i:15
m_biome
i:16
m_biome
i:17
m_biome
i:18
m_biome
i:19
m_biome
a:222
IsZoneGenerated
i:0
m_biome
i:1
m_biome
i:2
m_biome
i:3
m_biome
i:4
m_biome
i:5
m_biome
i:6
m_biome
i:7
m_biome
i:8
m_biome
i:9
m_biome
i:10
m_biome
i:11
m_biome
i:12
m_biome
i:13
m_biome
i:14
m_biome
i:15
m_biome
i:16
m_biome
i:17
m_biome
i:18
m_biome
i:19
m_biome
a:223
IsZoneGenerated
i:0
altitude
i:1
altitude
i:2
altitude
i:3
altitude
i:4
altitude
i:5
altitude
i:6
altitude
i:7
altitude
i:8
altitude
i:9
altitude
i:10
altitude
i:11
altitude
i:12
altitude
i:13
altitude
i:14
altitude
i:15
altitude
i:16
altitude
i:17
altitude
i:18
altitude
i:19
altitude
a:224
IsZoneGenerated
i:0
terrainDelta
i:1
terrainDelta
i:2
register
a:225
IsZoneGenerated
biomeArea
a:226
IsZoneGenerated
i:0
m_biome
i:1
m_biome
i:2
m_biome
i:3
m_biome
i:4
m_biome
i:5
m_biome
i:6
m_biome
i:7
m_biome
i:8
m_biome
i:9
m_biome
i:10
m_biome
i:11
m_biome
i:12
m_biome
i:13
m_biome
i:14
m_biome
i:15
m_biome
i:16
m_biome
i:17
m_biome
i:18
m_biome
i:19
m_biome
a:227
IsZoneGenerated
biomeArea
a:228
IsZoneGenerated
i:0
m_biome
i:1
m_biome
i:2
m_biome
i:3
m_biome
i:4
m_biome
i:5
m_biome
i:6
m_biome
i:7
m_biome
i:8
m_biome
i:9
m_biome
i:10
m_biome
i:11
m_biome
i:12
m_biome
i:13
m_biome
i:14
m_biome
i:15
m_biome
i:16
m_biome
i:17
m_biome
i:18
m_biome
i:19
m_biome
a:229
IsZoneGenerated
biomeArea
a:230
IsZoneGenerated
biomeArea
a:231
IsZoneGenerated
i:0
m_biome
i:1
m_biome
i:2
m_biome
i:3
m_biome
i:4
m_biome
i:5
m_biome
i:6
m_biome
i:7
m_biome
i:8
m_biome
i:9
m_biome
i:10
m_biome
i:11
m_biome
i:12
m_biome
i:13
m_biome
i:14
m_biome
i:15
m_biome
i:16
m_biome
i:17
m_biome
i:18
m_biome
i:19
m_biome
a:232
IsZoneGenerated
i:0
m_biome
i:1
m_biome
i:2
m_biome
i:3
m_biome
i:4
m_biome
i:5
m_biome
i:6
m_biome
i:7
m_biome
i:8
m_biome
i:9
m_biome
i:10
m_biome
i:11
m_biome
i:12
m_biome
i:13
m_biome
i:14
m_biome
i:15
m_biome
i:16
m_biome
i:17
m_biome
i:18
m_biome
i:19
m_biome
a:233
IsZoneGenerated
i:0
m_biome
i:1
m_biome
i:2
m_biome
i:3
m_biome
i:4
m_biome
i:5
m_biome
i:6
m_biome
i:7
m_biome
i:8
m_biome
i:9
m_biome
i:10
m_biome
i:11
m_biome
i:12
m_biome
i:13
m_biome
i:14
m_biome
i:15
m_biome
i:16
m_biome
i:17
m_biome
i:18
m_biome
i:19
m_biome
a:234
IsZoneGenerated
biomeArea
a:235
IsZoneGenerated
i:0
m_biome
i:1
m_biome
i:2
m_biome
i:3
m_biome
i:4
m_biome
i:5
m_biome
i:6
m_biome
i:7
m_biome
i:8
m_biome
i:9
m_biome
i:10
m_biome
i:11
m_biome
i:12
m_biome
i:13
m_biome
i:14
m_biome
i:15
m_biome
i:16
m_biome
i:17
m_biome
i:18
m_biome
i:19
m_biome
a:236
IsZoneGenerated
biomeArea
a:237
IsZoneGenerated
biomeArea
a:238
IsZoneGenerated
biomeArea
a:239
IsZoneGenerated
i:0
m_biome
i:1
m_biome
i:2
m_biome
i:3
m_biome
i:4
m_biome
i:5
m_biome
i:6
m_biome
i:7
m_biome
i:8
m_biome
i:9
m_biome
i:10
m_biome
i:11
m_biome
i:12
m_biome
i:13
m_biome
i:14
m_biome
i:15
m_biome
i:16
m_biome
i:17
m_biome
i:18
m_biome
i:19
m_biome
a:240
IsZoneGenerated
i:0
m_biome
i:1
m_biome
i:2
m_biome
i:3
m_biome
i:4
m_biome
i:5
m_biome
i:6
m_biome
i:7
m_biome
i:8
m_biome
i:9
m_biome
i:10
m_biome
i:11
m_biome
i:12
m_biome
i:13
m_biome
i:14
m_biome
i:15
m_biome
i:16
m_biome
i:17
m_biome
i:18
m_biome
i:19
m_biome
a:241
IsZoneGenerated
i:0
m_biome
i:1
m_biome
i:2
m_biome
i:3
m_biome
i:4
m_biome
i:5
m_biome
i:6
m_biome
i:7
m_biome
i:8
m_biome
i:9
m_biome
i:10
m_biome
i:11
m_biome
i:12
m_biome
i:13
m_biome
i:14
m_biome
i:15
m_biome
i:16
m_biome
i:17
m_biome
i:18
m_biome
i:19
m_biome
a:242
IsZoneGenerated
biomeArea
a:243
IsZoneGenerated
i:0
m_biome
i:1
m_biome
i:2
m_biome
i:3
m_biome
i:4
m_biome
i:5
m_biome
i:6
m_biome
i:7
m_biome
i:8
m_biome
i:9
m_biome
i:10
m_biome
i:11
m_biome
i:12
m_biome
i:13
m_biome
i:14
m_biome
i:15
m_biome
i:16
m_biome
i:17
m_biome
i:18
m_biome
i:19
m_biome
a:244
IsZoneGenerated
i:0
m_biome
i:1
m_biome
i:2
m_biome
i:3
m_biome
i:4
m_biome
i:5
m_biome
i:6
m_biome
i:7
m_biome
i:8
m_biome
i:9
m_biome
i:10
m_biome
i:11
m_biome
i:12
m_biome
i:13
m_biome
i:14
m_biome
i:15
m_biome
i:16
m_biome
i:17
m_biome
i:18
m_biome
i:19
m_biome
a:245
IsZoneGenerated
i:0
m_biome
i:1
m_biome
i:2
m_biome
i:3
m_biome
i:4
m_biome
i:5
m_biome
i:6
m_biome
i:7
m_biome
i:8
m_biome
i:9
m_biome
i:10
m_biome
i:11
m_biome
i:12
m_biome
i:13
m_biome
i:14
m_biome
i:15
m_biome
i:16
m_biome
i:17
m_biome
i:18
m_biome
i:19
m_biome
a:246
IsZoneGenerated
biomeArea
a:247
IsZoneGenerated
biomeArea
a:248
IsZoneGenerated
i:0
m_biome
i:1
m_biome
i:2
m_biome
i:3
m_biome
i:4
m_biome
i:5
m_biome
i:6
m_biome
i:7
m_biome
i:8
m_biome
i:9
m_biome
i:10
m_biome
i:11
m_biome
i:12
m_biome
i:13
m_biome
i:14
m_biome
i:15
m_biome
i:16
m_biome
i:17
m_biome
i:18
m_biome
i:19
m_biome
a:249
IsZoneGenerated
i:0
m_biome
i:1
m_biome
i:2
m_biome
i:3
m_biome
i:4
m_biome
i:5
m_biome
i:6
m_biome
i:7
m_biome
i:8
m_biome
i:9
m_biome
i:10
m_biome
i:11
m_biome
i:12
m_biome
i:13
m_biome
i:14
m_biome
i:15
m_biome
i:16
m_biome
i:17
m_biome
i:18
m_biome
i:19
m_biome
a:250
IsZoneGenerated
i:0
m_biome
i:1
m_biome
i:2
m_biome
i:3
m_biome
i:4
m_biome
i:5
m_biome
i:6
m_biome
i:7
m_biome
i:8
m_biome
i:9
m_biome
i:10
m_biome
i:11
m_biome
i:12
m_biome
i:13
m_biome
i:14
m_biome
i:15
m_biome
i:16
m_biome
i:17
m_biome
i:18
m_biome
i:19
m_biome
a:251
IsZoneGenerated
biomeArea
a:252
IsZoneGenerated
i:0
m_biome
i:1
m_biome
i:2
m_biome
i:3
m_biome
i:4
m_biome
i:5
m_biome
i:6
m_biome
i:7
m_biome
i:8
m_biome
i:9
m_biome
i:10
m_biome
i:11
m_biome
i:12
m_biome
i:13
m_biome
i:14
m_biome
i:15
m_biome
i:16
m_biome
i:17
m_biome
i:18
m_biome
i:19
m_biome
a:253
IsZoneGenerated
biomeArea
a:254
IsZoneGenerated
biomeArea
a:255
IsZoneGenerated
biomeArea
a:256
IsZoneGenerated
i:0
altitude
i:1
altitude
i:2
altitude
i:3
altitude
i:4
altitude
i:5
altitude
i:6
altitude
i:7
altitude
i:8
altitude
i:9
altitude
i:10
terrainDelta
i:11
altitude
i:12
terrainDelta
i:13
altitude
i:14
altitude
i:15
altitude
i:16
altitude
i:17
altitude
i:18
altitude
i:19
altitude
a:257
IsZoneGenerated
biomeArea
a:258
IsZoneGenerated
biomeArea
a:259
IsZoneGenerated
i:0
m_biome
i:1
m_biome
i:2
m_biome
i:3
m_biome
i:4
m_biome
i:5
m_biome
i:6
m_biome
i:7
m_biome
i:8
m_biome
i:9
m_biome
i:10
m_biome
i:11
m_biome
i:12
m_biome
i:13
m_biome
i:14
m_biome
i:15
m_biome
i:16
m_biome
i:17
m_biome
i:18
m_biome
i:19
m_biome
a:260
IsZoneGenerated
biomeArea
a:261
IsZoneGenerated
i:0
m_biome
i:1
m_biome
i:2
m_biome
i:3
m_biome
i:4
m_biome
i:5
m_biome
i:6
m_biome
i:7
m_biome
i:8
m_biome
i:9
m_biome
i:10
m_biome
i:11
m_biome
i:12
m_biome
i:13
m_biome
i:14
m_biome
i:15
m_biome
i:16
m_biome
i:17
m_biome
i:18
m_biome
i:19
m_biome
a:262
IsZoneGenerated
i:0
m_biome
i:1
m_biome
i:2
m_biome
i:3
m_biome
i:4
m_biome
i:5
m_biome
i:6
m_biome
i:7
m_biome
i:8
m_biome
i:9
m_biome
i:10
m_biome
i:11
m_biome
i:12
m_biome
i:13
m_biome
i:14
m_biome
i:15
m_biome
i:16
m_biome
i:17
m_biome
i:18
m_biome
i:19
m_biome
a:263
IsZoneGenerated
biomeArea
a:264
IsZoneGenerated
i:0
m_biome
i:1
m_biome
i:2
m_biome
i:3
m_biome
i:4
m_biome
i:5
m_biome
i:6
m_biome
i:7
m_biome
i:8
m_biome
i:9
m_biome
i:10
m_biome
i:11
m_biome
i:12
m_biome
i:13
m_biome
i:14
m_biome
i:15
m_biome
i:16
m_biome
i:17
m_biome
i:18
m_biome
i:19
m_biome
a:265
IsZoneGenerated
biomeArea
a:266
IsZoneGenerated
biomeArea
a:267
IsZoneGenerated
i:0
m_biome
i:1
m_biome
i:2
m_biome
i:3
m_biome
i:4
m_biome
i:5
m_biome
i:6
m_biome
i:7
m_biome
i:8
m_biome
i:9
m_biome
i:10
m_biome
i:11
m_biome
i:12
m_biome
i:13
m_biome
i:14
m_biome
i:15
m_biome
i:16
m_biome
i:17
m_biome
i:18
m_biome
i:19
m_biome
a:268
IsZoneGenerated
biomeArea
a:269
IsZoneGenerated
biomeArea
a:270
IsZoneGenerated
i:0
m_biome
i:1
m_biome
i:2
m_biome
i:3
m_biome
i:4
m_biome
i:5
m_biome
i:6
m_biome
i:7
m_biome
i:8
m_biome
i:9
m_biome
i:10
m_biome
i:11
m_biome
i:12
m_biome
i:13
m_biome
i:14
m_biome
i:15
m_biome
i:16
m_biome
i:17
m_biome
i:18
m_biome
i:19
m_biome
a:271
IsZoneGenerated
i:0
altitude
i:1
altitude
i:2
altitude
i:3
altitude
i:4
altitude
i:5
altitude
i:6
altitude
i:7
altitude
i:8
altitude
i:9
altitude
i:10
altitude
i:11
altitude
i:12
altitude
i:13
altitude
i:14
altitude
i:15
altitude
i:16
altitude
i:17
altitude
i:18
altitude
i:19
altitude
a:272
IsZoneGenerated
i:0
terrainDelta
i:1
terrainDelta
i:2
terrainDelta
i:3
terrainDelta
i:4
terrainDelta
i:5
register
a:273
IsZoneGenerated
biomeArea
a:274
IsZoneGenerated
i:0
m_biome
i:1
m_biome
i:2
m_biome
i:3
m_biome
i:4
m_biome
i:5
m_biome
i:6
m_biome
i:7
m_biome
i:8
m_biome
i:9
m_biome
i:10
m_biome
i:11
m_biome
i:12
m_biome
i:13
m_biome
i:14
m_biome
i:15
m_biome
i:16
m_biome
i:17
m_biome
i:18
m_biome
i:19
m_biome
a:275
IsZoneGenerated
i:0
m_biome
i:1
m_biome
i:2
m_biome
i:3
m_biome
i:4
m_biome
i:5
m_biome
i:6
m_biome
i:7
m_biome
i:8
m_biome
i:9
m_biome
i:10
m_biome
i:11
m_biome
i:12
m_biome
i:13
m_biome
i:14
m_biome
i:15
m_biome
i:16
m_biome
i:17
m_biome
i:18
m_biome
i:19
m_biome
a:276
IsZoneGenerated
biomeArea
a:277
IsZoneGenerated
i:0
m_biome
i:1
m_biome
i:2
m_biome
i:3
m_biome
i:4
m_biome
i:5
m_biome
i:6
m_biome
i:7
m_biome
i:8
m_biome
i:9
m_biome
i:10
m_biome
i:11
m_biome
i:12
m_biome
i:13
m_biome
i:14
m_biome
i:15
m_biome
i:16
m_biome
i:17
m_biome
i:18
m_biome
i:19
m_biome
a:278
IsZoneGenerated
i:0
m_biome
i:1
m_biome
i:2
m_biome
i:3
m_biome
i:4
m_biome
i:5
m_biome
i:6
m_biome
i:7
m_biome
i:8
m_biome
i:9
m_biome
i:10
m_biome
i:11
m_biome
i:12
m_biome
i:13
m_biome
i:14
m_biome
i:15
m_biome
i:16
m_biome
i:17
m_biome
i:18
m_biome
i:19
m_biome
a:279
IsZoneGenerated
biomeArea
a:280
IsZoneGenerated
i:0
m_biome
i:1
m_biome
i:2
m_biome
i:3
m_biome
i:4
m_biome
i:5
m_biome
i:6
m_biome
i:7
m_biome
i:8
m_biome
i:9
m_biome
i:10
m_biome
i:11
m_biome
i:12
m_biome
i:13
m_biome
i:14
m_biome
i:15
m_biome
i:16
m_biome
i:17
m_biome
i:18
m_biome
i:19
m_biome
a:281
IsZoneGenerated
biomeArea
a:282
IsZoneGenerated
i:0
m_biome
i:1
m_biome
i:2
m_biome
i:3
m_biome
i:4
m_biome
i:5
m_biome
i:6
m_biome
i:7
m_biome
i:8
m_biome
i:9
m_biome
i:10
m_biome
i:11
m_biome
i:12
m_biome
i:13
m_biome
i:14
m_biome
i:15
m_biome
i:16
m_biome
i:17
m_biome
i:18
m_biome
i:19
m_biome
a:283
IsZoneGenerated
i:0
m_biome
i:1
m_biome
i:2
m_biome
i:3
m_biome
i:4
m_biome
i:5
m_biome
i:6
m_biome
i:7
m_biome
i:8
m_biome
i:9
m_biome
i:10
m_biome
i:11
m_biome
i:12
m_biome
i:13
m_biome
i:14
m_biome
i:15
m_biome
i:16
m_biome
i:17
m_biome
i:18
m_biome
i:19
m_biome
a:284
IsZoneGenerated
biomeArea
a:285
IsZoneGenerated
biomeArea
a:286
IsZoneGenerated
i:0
m_biome
i:1
m_biome
i:2
m_biome
i:3
m_biome
i:4
m_biome
i:5
m_biome
i:6
m_biome
i:7
m_biome
i:8
m_biome
i:9
m_biome
i:10
m_biome
i:11
m_biome
i:12
m_biome
i:13
m_biome
i:14
m_biome
i:15
m_biome
i:16
m_biome
i:17
m_biome
i:18
m_biome
i:19
m_biome
a:287
IsZoneGenerated
i:0
m_biome
i:1
m_biome
i:2
m_biome
i:3
m_biome
i:4
m_biome
i:5
m_biome
i:6
m_biome
i:7
m_biome
i:8
m_biome
i:9
m_biome
i:10
m_biome
i:11
m_biome
i:12
m_biome
i:13
m_biome
i:14
m_biome
i:15
m_biome
i:16
m_biome
i:17
m_biome
i:18
m_biome
i:19
m_biome
a:288
IsZoneGenerated
biomeArea
a:289
IsZoneGenerated
biomeArea
a:290
IsZoneGenerated
biomeArea
a:291
IsZoneGenerated
i:0
m_biome
i:1
m_biome
i:2
m_biome
i:3
m_biome
i:4
m_biome
i:5
m_biome
i:6
m_biome
i:7
m_biome
i:8
m_biome
i:9
m_biome
i:10
m_biome
i:11
m_biome
i:12
m_biome
i:13
m_biome
i:14
m_biome
i:15
m_biome
i:16
m_biome
i:17
m_biome
i:18
m_biome
i:19
m_biome
a:292
IsZoneGenerated
i:0
m_biome
i:1
m_biome
i:2
m_biome
i:3
m_biome
i:4
m_biome
i:5
m_biome
i:6
m_biome
i:7
m_biome
i:8
m_biome
i:9
m_biome
i:10
m_biome
i:11
m_biome
i:12
m_biome
i:13
m_biome
i:14
m_biome
i:15
m_biome
i:16
m_biome
i:17
m_biome
i:18
m_biome
i:19
m_biome
a:293
IsZoneGenerated
i:0
altitude
i:1
terrainDelta
i:2
terrainDelta
i:3
altitude
i:4
altitude
i:5
altitude
i:6
altitude
i:7
altitude
i:8
altitude
i:9
altitude
i:10
altitude
i:11
altitude
i:12
altitude
i:13
altitude
i:14
terrainDelta
i:15
altitude
i:16
altitude
i:17
altitude
i:18
altitude
i:19
altitude
a:294
IsZoneGenerated
biomeArea
a:295
IsZoneGenerated
biomeArea
a:296
IsZoneGenerated
i:0
m_biome
i:1
m_biome
i:2
m_biome
i:3
m_biome
i:4
m_biome
i:5
m_biome
i:6
m_biome
i:7
m_biome
i:8
m_biome
i:9
m_biome
i:10
m_biome
i:11
m_biome
i:12
m_biome
i:13
m_biome
i:14
m_biome
i:15
m_biome
i:16
m_biome
i:17
m_biome
i:18
m_biome
i:19
m_biome
a:297
IsZoneGenerated
biomeArea
a:298
IsZoneGenerated
biomeArea
a:299
IsZoneGenerated
biomeArea
a:300
IsZoneGenerated
biomeArea
a:301
IsZoneGenerated
biomeArea
a:302
IsZoneGenerated
i:0
m_biome
i:1
m_biome
i:2
m_biome
i:3
m_biome
i:4
m_biome
i:5
m_biome
i:6
m_biome
i:7
m_biome
i:8
m_biome
i:9
m_biome
i:10
m_biome
i:11
m_biome
i:12
m_biome
i:13
m_biome
i:14
m_biome
i:15
m_biome
i:16
m_biome
i:17
m_biome
i:18
m_biome
i:19
m_biome
a:303
IsZoneGenerated
biomeArea
a:304
IsZoneGenerated
i:0
m_biome
i:1
m_biome
i:2
m_biome
i:3
m_biome
i:4
m_biome
i:5
m_biome
i:6
m_biome
i:7
m_biome
i:8
m_biome
i:9
m_biome
i:10
m_biome
i:11
m_biome
i:12
m_biome
i:13
m_biome
i:14
m_biome
i:15
m_biome
i:16
m_biome
i:17
m_biome
i:18
m_biome
i:19
m_biome
a:305
IsZoneGenerated
biomeArea
a:306
IsZoneGenerated
i:0
m_biome
i:1
m_biome
i:2
m_biome
i:3
m_biome
i:4
m_biome
i:5
m_biome
i:6
m_biome
i:7
m_biome
i:8
m_biome
i:9
m_biome
i:10
m_biome
i:11
m_biome
i:12
m_biome
i:13
m_biome
i:14
m_biome
i:15
m_biome
i:16
m_biome
i:17
m_biome
i:18
m_biome
i:19
m_biome
a:307
IsZoneGenerated
i:0
m_biome
i:1
m_biome
i:2
m_biome
i:3
m_biome
i:4
m_biome
i:5
m_biome
i:6
m_biome
i:7
m_biome
i:8
m_biome
i:9
m_biome
i:10
m_biome
i:11
m_biome
i:12
m_biome
i:13
m_biome
i:14
m_biome
i:15
m_biome
i:16
m_biome
i:17
m_biome
i:18
m_biome
i:19
m_biome
a:308
IsZoneGenerated
biomeArea
a:309
IsZoneGenerated
biomeArea
a:310
IsZoneGenerated
i:0
m_biome
i:1
m_biome
i:2
m_biome
i:3
m_biome
i:4
m_biome
i:5
m_biome
i:6
m_biome
i:7
m_biome
i:8
m_biome
i:9
m_biome
i:10
m_biome
i:11
m_biome
i:12
m_biome
i:13
m_biome
i:14
m_biome
i:15
m_biome
i:16
m_biome
i:17
m_biome
i:18
m_biome
i:19
m_biome
a:311
IsZoneGenerated
biomeArea
a:312
IsZoneGenerated
i:0
m_biome
i:1
m_biome
i:2
m_biome
i:3
m_biome
i:4
m_biome
i:5
m_biome
i:6
m_biome
i:7
m_biome
i:8
m_biome
i:9
m_biome
i:10
m_biome
i:11
m_biome
i:12
m_biome
i:13
m_biome
i:14
m_biome
i:15
m_biome
i:16
m_biome
i:17
m_biome
i:18
m_biome
i:19
m_biome
a:313
IsZoneGenerated
biomeArea
a:314
IsZoneGenerated
i:0
m_biome
i:1
m_biome
i:2
m_biome
i:3
m_biome
i:4
m_biome
i:5
m_biome
i:6
m_biome
i:7
m_biome
i:8
m_biome
i:9
m_biome
i:10
m_biome
i:11
m_biome
i:12
m_biome
i:13
m_biome
i:14
m_biome
i:15
m_biome
i:16
m_biome
i:17
m_biome
i:18
m_biome
i:19
m_biome
a:315
IsZoneGenerated
biomeArea
a:316
IsZoneGenerated
i:0
m_biome
i:1
m_biome
i:2
m_biome
i:3
m_biome
i:4
m_biome
i:5
m_biome
i:6
m_biome
i:7
m_biome
i:8
m_biome
i:9
m_biome
i:10
m_biome
i:11
m_biome
i:12
m_biome
i:13
m_biome
i:14
m_biome
i:15
m_biome
i:16
m_biome
i:17
m_biome
i:18
m_biome
i:19
m_biome
a:317
IsZoneGenerated
i:0
altitude
i:1
altitude
i:2
altitude
i:3
altitude
i:4
altitude
i:5
altitude
i:6
altitude
i:7
altitude
i:8
altitude
i:9
altitude
i:10
altitude
i:11
altitude
i:12
altitude
i:13
altitude
i:14
altitude
i:15
altitude
i:16
altitude
i:17
altitude
i:18
altitude
i:19
altitude
a:318
IsZoneGenerated
biomeArea
a:319
IsZoneGenerated
i:0
m_biome
i:1
m_biome
i:2
m_biome
i:3
m_biome
i:4
m_biome
i:5
m_biome
i:6
m_biome
i:7
m_biome
i:8
m_biome
i:9
m_biome
i:10
m_biome
i:11
m_biome
i:12
m_biome
i:13
m_biome
i:14
m_biome
i:15
m_biome
i:16
m_biome
i:17
m_biome
i:18
m_biome
i:19
m_biome
a:320
IsZoneGenerated
biomeArea
a:321
IsZoneGenerated
i:0
m_biome
i:1
m_biome
i:2
m_biome
i:3
m_biome
i:4
m_biome
i:5
m_biome
i:6
m_biome
i:7
m_biome
i:8
m_biome
i:9
m_biome
i:10
m_biome
i:11
m_biome
i:12
m_biome
i:13
m_biome
i:14
m_biome
i:15
m_biome
i:16
m_biome
i:17
m_biome
i:18
m_biome
i:19
m_biome
a:322
IsZoneGenerated
i:0
m_biome
i:1
m_biome
i:2
m_biome
i:3
m_biome
i:4
m_biome
i:5
m_biome
i:6
m_biome
i:7
m_biome
i:8
m_biome
i:9
m_biome
i:10
m_biome
i:11
m_biome
i:12
m_biome
i:13
m_biome
i:14
m_biome
i:15
m_biome
i:16
m_biome
i:17
m_biome
i:18
m_biome
i:19
m_biome
a:323
IsZoneGenerated
i:0
m_biome
i:1
m_biome
i:2
m_biome
i:3
m_biome
i:4
m_biome
i:5
m_biome
i:6
m_biome
i:7
m_biome
i:8
m_biome
i:9
m_biome
i:10
m_biome
i:11
m_biome
i:12
m_biome
i:13
m_biome
i:14
m_biome
i:15
m_biome
i:16
m_biome
i:17
m_biome
i:18
m_biome
i:19
m_biome
a:324
IsZoneGenerated
i:0
m_biome
i:1
m_biome
i:2
m_biome
i:3
m_biome
i:4
m_biome
i:5
m_biome
i:6
m_biome
i:7
m_biome
i:8
m_biome
i:9
m_biome
i:10
m_biome
i:11
m_biome
i:12
m_biome
i:13
m_biome
i:14
m_biome
i:15
m_biome
i:16
m_biome
i:17
m_biome
i:18
m_biome
i:19
m_biome
a:325
IsZoneGenerated
i:0
m_biome
i:1
m_biome
i:2
m_biome
i:3
m_biome
i:4
m_biome
i:5
m_biome
i:6
m_biome
i:7
m_biome
i:8
m_biome
i:9
m_biome
i:10
m_biome
i:11
m_biome
i:12
m_biome
i:13
m_biome
i:14
m_biome
i:15
m_biome
i:16
m_biome
i:17
m_biome
i:18
m_biome
i:19
m_biome
a:326
IsZoneGenerated
i:0
m_biome
i:1
m_biome
i:2
m_biome
i:3
m_biome
i:4
m_biome
i:5
m_biome
i:6
m_biome
i:7
m_biome
i:8
m_biome
i:9
m_biome
i:10
m_biome
i:11
m_biome
i:12
m_biome
i:13
m_biome
i:14
m_biome
i:15
m_biome
i:16
m_biome
i:17
m_biome
i:18
m_biome
i:19
m_biome
a:327
IsZoneGenerated
i:0
m_biome
i:1
m_biome
i:2
m_biome
i:3
m_biome
i:4
m_biome
i:5
m_biome
i:6
m_biome
i:7
m_biome
i:8
m_biome
i:9
m_biome
i:10
m_biome
i:11
m_biome
i:12
m_biome
i:13
m_biome
i:14
m_biome
i:15
m_biome
i:16
m_biome
i:17
m_biome
i:18
m_biome
i:19
m_biome
a:328
IsZoneGenerated
biomeArea
a:329
IsZoneGenerated
biomeArea
a:330
IsZoneGenerated
biomeArea
a:331
IsZoneGenerated
i:0
m_biome
i:1
m_biome
i:2
m_biome
i:3
m_biome
i:4
m_biome
i:5
m_biome
i:6
m_biome
i:7
m_biome
i:8
m_biome
i:9
m_biome
i:10
m_biome
i:11
m_biome
i:12
m_biome
i:13
m_biome
i:14
m_biome
i:15
m_biome
i:16
m_biome
i:17
m_biome
i:18
m_biome
i:19
m_biome
a:332
IsZoneGenerated
i:0
m_biome
i:1
m_biome
i:2
m_biome
i:3
m_biome
i:4
m_biome
i:5
m_biome
i:6
m_biome
i:7
m_biome
i:8
m_biome
i:9
m_biome
i:10
m_biome
i:11
m_biome
i:12
m_biome
i:13
m_biome
i:14
m_biome
i:15
m_biome
i:16
m_biome
i:17
m_biome
i:18
m_biome
i:19
m_biome
a:333
IsZoneGenerated
biomeArea
a:334
IsZoneGenerated
biomeArea
a:335
IsZoneGenerated
biomeArea
a:336
IsZoneGenerated
i:0
terrainDelta
i:1
terrainDelta
i:2
terrainDelta
i:3
terrainDelta
i:4
terrainDelta
i:5
terrainDelta
i:6
terrainDelta
i:7
terrainDelta
i:8
terrainDelta
i:9
terrainDelta
i:10
terrainDelta
i:11
terrainDelta
i:12
terrainDelta
i:13
terrainDelta
i:14
terrainDelta
i:15
terrainDelta
i:16
terrainDelta
i:17
terrainDelta
i:18
terrainDelta
i:19
terrainDelta
a:337
IsZoneGenerated
i:0
m_biome
i:1
m_biome
i:2
m_biome
i:3
m_biome
i:4
m_biome
i:5
m_biome
i:6
m_biome
i:7
m_biome
i:8
m_biome
i:9
m_biome
i:10
m_biome
i:11
m_biome
i:12
m_biome
i:13
m_biome
i:14
m_biome
i:15
m_biome
i:16
m_biome
i:17
m_biome
i:18
m_biome
i:19
m_biome
a:338
IsZoneGenerated
biomeArea
a:339
IsZoneGenerated
i:0
m_biome
i:1
m_biome
i:2
m_biome
i:3
m_biome
i:4
m_biome
i:5
m_biome
i:6
m_biome
i:7
m_biome
i:8
m_biome
i:9
m_biome
i:10
m_biome
i:11
m_biome
i:12
m_biome
i:13
m_biome
i:14
m_biome
i:15
m_biome
i:16
m_biome
i:17
m_biome
i:18
m_biome
i:19
m_biome
a:340
IsZoneGenerated
i:0
m_biome
i:1
m_biome
i:2
m_biome
i:3
m_biome
i:4
m_biome
i:5
m_biome
i:6
m_biome
i:7
m_biome
i:8
m_biome
i:9
m_biome
i:10
m_biome
i:11
m_biome
i:12
m_biome
i:13
m_biome
i:14
m_biome
i:15
m_biome
i:16
m_biome
i:17
m_biome
i:18
m_biome
i:19
m_biome
a:341
IsZoneGenerated
biomeArea
a:342
IsZoneGenerated
i:0
altitude
i:1
altitude
i:2
altitude
i:3
altitude
i:4
altitude
i:5
altitude
i:6
altitude
i:7
altitude
i:8
altitude
i:9
altitude
i:10
altitude
i:11
altitude
i:12
altitude
i:13
altitude
i:14
altitude
i:15
altitude
i:16
altitude
i:17
altitude
i:18
altitude
i:19
altitude
a:343
IsZoneGenerated
i:0
m_biome
i:1
m_biome
i:2
m_biome
i:3
m_biome
i:4
m_biome
i:5
m_biome
i:6
m_biome
i:7
m_biome
i:8
m_biome
i:9
m_biome
i:10
m_biome
i:11
m_biome
i:12
m_biome
i:13
m_biome
i:14
m_biome
i:15
m_biome
i:16
m_biome
i:17
m_biome
i:18
m_biome
i:19
m_biome
a:344
IsZoneGenerated
i:0
m_biome
i:1
m_biome
i:2
m_biome
i:3
m_biome
i:4
m_biome
i:5
m_biome
i:6
m_biome
i:7
m_biome
i:8
m_biome
i:9
m_biome
i:10
m_biome
i:11
m_biome
i:12
m_biome
i:13
m_biome
i:14
m_biome
i:15
m_biome
i:16
m_biome
i:17
m_biome
i:18
m_biome
i:19
m_biome
a:345
IsZoneGenerated
i:0
m_biome
i:1
m_biome
i:2
m_biome
i:3
m_biome
i:4
m_biome
i:5
m_biome
i:6
m_biome
i:7
m_biome
i:8
m_biome
i:9
m_biome
i:10
m_biome
i:11
m_biome
i:12
m_biome
i:13
m_biome
i:14
m_biome
i:15
m_biome
i:16
m_biome
i:17
m_biome
i:18
m_biome
i:19
m_biome
a:346
IsZoneGenerated
biomeArea
a:347
IsZoneGenerated
biomeArea
a:348
IsZoneGenerated
i:0
m_biome
i:1
m_biome
i:2
m_biome
i:3
m_biome
i:4
m_biome
i:5
m_biome
i:6
m_biome
i:7
m_biome
i:8
m_biome
i:9
m_biome
i:10
m_biome
i:11
m_biome
i:12
m_biome
i:13
m_biome
i:14
m_biome
i:15
m_biome
i:16
m_biome
i:17
m_biome
i:18
m_biome
i:19
m_biome
a:349
IsZoneGenerated
biomeArea
a:350
IsZoneGenerated
biomeArea
a:351
IsZoneGenerated
i:0
m_biome
i:1
m_biome
i:2
m_biome
i:3
m_biome
i:4
m_biome
i:5
m_biome
i:6
m_biome
i:7
m_biome
i:8
m_biome
i:9
m_biome
i:10
m_biome
i:11
m_biome
i:12
m_biome
i:13
m_biome
i:14
m_biome
i:15
m_biome
i:16
m_biome
i:17
m_biome
i:18
m_biome
i:19
m_biome
a:352
IsZoneGenerated
biomeArea
a:353
IsZoneGenerated
i:0
m_biome
i:1
m_biome
i:2
m_biome
i:3
m_biome
i:4
m_biome
i:5
m_biome
i:6
m_biome
i:7
m_biome
i:8
m_biome
i:9
m_biome
i:10
m_biome
i:11
m_biome
i:12
m_biome
i:13
m_biome
i:14
m_biome
i:15
m_biome
i:16
m_biome
i:17
m_biome
i:18
m_biome
i:19
m_biome
a:354
IsZoneGenerated
biomeArea
a:355
IsZoneGenerated
biomeArea
a:356
IsZoneGenerated
biomeArea
a:357
IsZoneGenerated
i:0
altitude
i:1
altitude
i:2
altitude
i:3
altitude
i:4
altitude
i:5
altitude
i:6
altitude
i:7
altitude
i:8
altitude
i:9
altitude
i:10
altitude
i:11
altitude
i:12
altitude
i:13
altitude
i:14
altitude
i:15
altitude
i:16
altitude
i:17
altitude
i:18
altitude
i:19
altitude
a:358
IsZoneGenerated
biomeArea
a:359
IsZoneGenerated
biomeArea
a:360
IsZoneGenerated
biomeArea
a:361
IsZoneGenerated
i:0
m_biome
i:1
m_biome
i:2
m_biome
i:3
m_biome
i:4
m_biome
i:5
m_biome
i:6
m_biome
i:7
m_biome
i:8
m_biome
i:9
m_biome
i:10
m_biome
i:11
m_biome
i:12
m_biome
i:13
m_biome
i:14
m_biome
i:15
m_biome
i:16
m_biome
i:17
m_biome
i:18
m_biome
i:19
m_biome
a:362
ContainsKey
a:363
IsZoneGenerated
biomeArea
a:364
IsZoneGenerated
biomeArea
a:365
IsZoneGenerated
biomeArea
a:366
IsZoneGenerated
biomeArea
a:367
IsZoneGenerated
biomeArea
a:368
IsZoneGenerated
biomeArea
a:369
IsZoneGenerated
biomeArea
a:370
IsZoneGenerated
i:0
m_biome
i:1
m_biome
i:2
m_biome
i:3
m_biome
i:4
m_biome
i:5
m_biome
i:6
m_biome
i:7
m_biome
i:8
m_biome
i:9
m_biome
i:10
m_biome
i:11
m_biome
i:12
m_biome
i:13
m_biome
i:14
m_biome
i:15
m_biome
i:16
m_biome
i:17
m_biome
i:18
m_biome
i:19
m_biome
a:371
IsZoneGenerated
biomeArea
a:372
IsZoneGenerated
i:0
m_biome
i:1
m_biome
i:2
m_biome
i:3
m_biome
i:4
m_biome
i:5
m_biome
i:6
m_biome
i:7
m_biome
i:8
m_biome
i:9
m_biome
i:10
m_biome
i:11
m_biome
i:12
m_biome
i:13
m_biome
i:14
m_biome
i:15
m_biome
i:16
m_biome
i:17
m_biome
i:18
m_biome
i:19
m_biome
a:373
IsZoneGenerated
i:0
m_biome
i:1
m_biome
i:2
m_biome
i:3
m_biome
i:4
m_biome
i:5
m_biome
i:6
m_biome
i:7
m_biome
i:8
m_biome
i:9
m_biome
i:10
m_biome
i:11
m_biome
i:12
m_biome
i:13
m_biome
i:14
m_biome
i:15
m_biome
i:16
m_biome
i:17
m_biome
i:18
m_biome
i:19
m_biome
a:374
IsZoneGenerated
i:0
m_biome
i:1
m_biome
i:2
m_biome
i:3
m_biome
i:4
m_biome
i:5
m_biome
i:6
m_biome
i:7
m_biome
i:8
m_biome
i:9
m_biome
i:10
m_biome
i:11
m_biome
i:12
m_biome
i:13
m_biome
i:14
m_biome
i:15
m_biome
i:16
m_biome
i:17
m_biome
i:18
m_biome
i:19
m_biome
a:375
IsZoneGenerated
biomeArea
a:376
IsZoneGenerated
i:0
m_biome
i:1
m_biome
i:2
m_biome
i:3
m_biome
i:4
m_biome
i:5
m_biome
i:6
m_biome
i:7
m_biome
i:8
m_biome
i:9
m_biome
i:10
m_biome
i:11
m_biome
i:12
m_biome
i:13
m_biome
i:14
m_biome
i:15
m_biome
i:16
m_biome
i:17
m_biome
i:18
m_biome
i:19
m_biome
a:377
IsZoneGenerated
i:0
m_biome
i:1
m_biome
i:2
m_biome
i:3
m_biome
i:4
m_biome
i:5
m_biome
i:6
m_biome
i:7
m_biome
i:8
m_biome
i:9
m_biome
i:10
m_biome
i:11
m_biome
i:12
m_biome
i:13
m_biome
i:14
m_biome
i:15
m_biome
i:16
m_biome
i:17
m_biome
i:18
m_biome
i:19
m_biome
a:378
IsZoneGenerated
biomeArea
a:379
IsZoneGenerated
biomeArea
a:380
IsZoneGenerated
biomeArea
a:381
IsZoneGenerated
i:0
m_biome
i:1
m_biome
i:2
m_biome
i:3
m_biome
i:4
m_biome
i:5
m_biome
i:6
m_biome
i:7
m_biome
i:8
m_biome
i:9
m_biome
i:10
m_biome
i:11
m_biome
i:12
m_biome
i:13
m_biome
i:14
m_biome
i:15
m_biome
i:16
m_biome
i:17
m_biome
i:18
m_biome
i:19
m_biome
a:382
IsZoneGenerated
i:0
m_minDistance
i:1
m_minDistance
i:2
m_minDistance
i:3
m_minDistance
i:4
m_minDistance
i:5
m_minDistance
i:6
m_minDistance
i:7
m_minDistance
i:8
m_minDistance
i:9
m_minDistance
i:10
m_minDistance
i:11
m_minDistance
i:12
m_minDistance
i:13
m_minDistance
i:14
m_minDistance
i:15
m_minDistance
i:16
m_minDistance
i:17
m_minDistance
i:18
m_minDistance
i:19
m_minDistance
a:383
IsZoneGenerated
i:0
m_biome
i:1
m_biome
i:2
m_biome
i:3
m_biome
i:4
m_biome
i:5
m_biome
i:6
m_biome
i:7
m_biome
i:8
m_biome
i:9
m_biome
i:10
m_biome
i:11
m_biome
i:12
m_biome
i:13
m_biome
i:14
m_biome
i:15
m_biome
i:16
m_biome
i:17
m_biome
i:18
m_biome
i:19
m_biome
a:384
IsZoneGenerated
i:0
m_biome
i:1
m_biome
i:2
m_biome
i:3
m_biome
i:4
m_biome
i:5
m_biome
i:6
m_biome
i:7
m_biome
i:8
m_biome
i:9
m_biome
i:10
m_biome
i:11
m_biome
i:12
m_biome
i:13
m_biome
i:14
m_biome
i:15
m_biome
i:16
m_biome
i:17
m_biome
i:18
m_biome
i:19
m_biome
a:385
IsZoneGenerated
i:0
m_biome
i:1
m_biome
i:2
m_biome
i:3
m_biome
i:4
m_biome
i:5
m_biome
i:6
m_biome
i:7
m_biome
i:8
m_biome
i:9
m_biome
i:10
m_biome
i:11
m_biome
i:12
m_biome
i:13
m_biome
i:14
m_biome
i:15
m_biome
i:16
m_biome
i:17
m_biome
i:18
m_biome
i:19
m_biome
a:386
IsZoneGenerated
biomeArea
a:387
IsZoneGenerated
biomeArea
a:388
IsZoneGenerated
biomeArea
a:389
IsZoneGenerated
biomeArea
a:390
IsZoneGenerated
i:0
m_biome
i:1
m_biome
i:2
m_biome
i:3
m_biome
i:4
m_biome
i:5
m_biome
i:6
m_biome
i:7
m_biome
i:8
m_biome
i:9
m_biome
i:10
m_biome
i:11
m_biome
i:12
m_biome
i:13
m_biome
i:14
m_biome
i:15
m_biome
i:16
m_biome
i:17
m_biome
i:18
m_biome
i:19
m_biome
a:391
IsZoneGenerated
biomeArea
a:392
IsZoneGenerated
biomeArea
a:393
IsZoneGenerated
biomeArea
a:394
IsZoneGenerated
biomeArea
a:395
IsZoneGenerated
biomeArea
a:396
IsZoneGenerated
i:0
m_biome
i:1
m_biome
i:2
m_biome
i:3
m_biome
i:4
m_biome
i:5
m_biome
i:6
m_biome
i:7
m_biome
i:8
m_biome
i:9
m_biome
i:10
m_biome
i:11
m_biome
i:12
m_biome
i:13
m_biome
i:14
m_biome
i:15
m_biome
i:16
m_biome
i:17
m_biome
i:18
m_biome
i:19
m_biome
a:397
IsZoneGenerated
i:0
m_biome
i:1
m_biome
i:2
m_biome
i:3
m_biome
i:4
m_biome
i:5
m_biome
i:6
m_biome
i:7
m_biome
i:8
m_biome
i:9
m_biome
i:10
m_biome
i:11
m_biome
i:12
m_biome
i:13
m_biome
i:14
m_biome
i:15
m_biome
i:16
m_biome
i:17
m_biome
i:18
m_biome
i:19
m_biome
a:398
IsZoneGenerated
i:0
m_biome
i:1
m_biome
i:2
m_biome
i:3
m_biome
i:4
m_biome
i:5
m_biome
i:6
m_biome
i:7
m_biome
i:8
m_biome
i:9
m_biome
i:10
m_biome
i:11
m_biome
i:12
m_biome
i:13
m_biome
i:14
m_biome
i:15
m_biome
i:16
m_biome
i:17
m_biome
i:18
m_biome
i:19
m_biome
a:399
IsZoneGenerated
i:0
m_biome
i:1
m_biome
i:2
m_biome
i:3
m_biome
i:4
m_biome
i:5
m_biome
i:6
m_biome
i:7
m_biome
i:8
m_biome
i:9
m_biome
i:10
m_biome
i:11
m_biome
i:12
m_biome
i:13
m_biome
i:14
m_biome
i:15
m_biome
i:16
m_biome
i:17
m_biome
i:18
m_biome
i:19
m_biome
a:400
IsZoneGenerated
biomeArea
a:401
IsZoneGenerated
i:0
m_biome
i:1
m_biome
i:2
m_biome
i:3
m_biome
i:4
m_biome
i:5
m_biome
i:6
m_biome
i:7
m_biome
i:8
m_biome
i:9
m_biome
i:10
m_biome
i:11
m_biome
i:12
m_biome
i:13
m_biome
i:14
m_biome
i:15
m_biome
i:16
m_biome
i:17
m_biome
i:18
m_biome
i:19
m_biome
a:402
IsZoneGenerated
biomeArea
a:403
IsZoneGenerated
i:0
register
a:404
IsZoneGenerated
i:0
m_biome
i:1
m_biome
i:2
m_biome
i:3
m_biome
i:4
m_biome
i:5
m_biome
i:6
m_biome
i:7
m_biome
i:8
m_biome
i:9
m_biome
i:10
m_biome
i:11
m_biome
i:12
m_biome
i:13
m_biome
i:14
m_biome
i:15
m_biome
i:16
m_biome
i:17
m_biome
i:18
m_biome
i:19
m_biome
a:405
IsZoneGenerated
biomeArea
a:406
IsZoneGenerated
i:0
m_biome
i:1
m_biome
i:2
m_biome
i:3
m_biome
i:4
m_biome
i:5
m_biome
i:6
m_biome
i:7
m_biome
i:8
m_biome
i:9
m_biome
i:10
m_biome
i:11
m_biome
i:12
m_biome
i:13
m_biome
i:14
m_biome
i:15
m_biome
i:16
m_biome
i:17
m_biome
i:18
m_biome
i:19
m_biome
a:407
IsZoneGenerated
biomeArea
a:408
IsZoneGenerated
i:0
m_biome
i:1
m_biome
i:2
m_biome
i:3
m_biome
i:4
m_biome
i:5
m_biome
i:6
m_biome
i:7
m_biome
i:8
m_biome
i:9
m_biome
i:10
m_biome
i:11
m_biome
i:12
m_biome
i:13
m_biome
i:14
m_biome
i:15
m_biome
i:16
m_biome
i:17
m_biome
i:18
m_biome
i:19
m_biome
a:409
IsZoneGenerated
i:0
m_biome
i:1
m_biome
i:2
m_biome
i:3
m_biome
i:4
m_biome
i:5
m_biome
i:6
m_biome
i:7
m_biome
i:8
m_biome
i:9
m_biome
i:10
m_biome
i:11
m_biome
i:12
m_biome
i:13
m_biome
i:14
m_biome
i:15
m_biome
i:16
m_biome
i:17
m_biome
i:18
m_biome
i:19
m_biome
a:410
IsZoneGenerated
biomeArea
a:411
IsZoneGenerated
biomeArea
a:412
IsZoneGenerated
i:0
m_biome
i:1
m_biome
i:2
m_biome
i:3
m_biome
i:4
m_biome
i:5
m_biome
i:6
m_biome
i:7
m_biome
i:8
m_biome
i:9
m_biome
i:10
m_biome
i:11
m_biome
i:12
m_biome
i:13
m_biome
i:14
m_biome
i:15
m_biome
i:16
m_biome
i:17
m_biome
i:18
m_biome
i:19
m_biome
a:413
IsZoneGenerated
biomeArea
a:414
IsZoneGenerated
i:0
m_biome
i:1
m_biome
i:2
m_biome
i:3
m_biome
i:4
m_biome
i:5
m_biome
i:6
m_biome
i:7
m_biome
i:8
m_biome
i:9
m_biome
i:10
m_biome
i:11
m_biome
i:12
m_biome
i:13
m_biome
i:14
m_biome
i:15
m_biome
i:16
m_biome
i:17
m_biome
i:18
m_biome
i:19
m_biome
a:415
IsZoneGenerated
biomeArea
a:416
IsZoneGenerated
biomeArea
a:417
IsZoneGenerated
biomeArea
a:418
IsZoneGenerated
biomeArea
a:419
IsZoneGenerated
i:0
m_biome
i:1
m_biome
i:2
m_biome
i:3
m_biome
i:4
m_biome
i:5
m_biome
i:6
m_biome
i:7
m_biome
i:8
m_biome
i:9
m_biome
i:10
m_biome
i:11
m_biome
i:12
m_biome
i:13
m_biome
i:14
m_biome
i:15
m_biome
i:16
m_biome
i:17
m_biome
i:18
m_biome
i:19
m_biome
a:420
IsZoneGenerated
biomeArea
a:421
IsZoneGenerated
biomeArea
a:422
IsZoneGenerated
i:0
m_biome
i:1
m_biome
i:2
m_biome
i:3
m_biome
i:4
m_biome
i:5
m_biome
i:6
m_biome
i:7
m_biome
i:8
m_biome
i:9
m_biome
i:10
m_biome
i:11
m_biome
i:12
m_biome
i:13
m_biome
i:14
m_biome
i:15
m_biome
i:16
m_biome
i:17
m_biome
i:18
m_biome
i:19
m_biome
a:423
IsZoneGenerated
i:0
m_biome
i:1
m_biome
i:2
m_biome
i:3
m_biome
i:4
m_biome
i:5
m_biome
i:6
m_biome
i:7
m_biome
i:8
m_biome
i:9
m_biome
i:10
m_biome
i:11
m_biome
i:12
m_biome
i:13
m_biome
i:14
m_biome
i:15
m_biome
i:16
m_biome
i:17
m_biome
i:18
m_biome
i:19
m_biome
a:424
IsZoneGenerated
biomeArea
a:425
IsZoneGenerated
biomeArea
a:426
IsZoneGenerated
biomeArea
a:427
IsZoneGenerated
i:0
m_biome
i:1
m_biome
i:2
m_biome
i:3
m_biome
i:4
m_biome
i:5
m_biome
i:6
m_biome
i:7
m_biome
i:8
m_biome
i:9
m_biome
i:10
m_biome
i:11
m_biome
i:12
m_biome
i:13
m_biome
i:14
m_biome
i:15
m_biome
i:16
m_biome
i:17
m_biome
i:18
m_biome
i:19
m_biome
a:428
IsZoneGenerated
i:0
altitude
i:1
altitude
i:2
altitude
i:3
altitude
i:4
altitude
i:5
altitude
i:6
altitude
i:7
altitude
i:8
altitude
i:9
altitude
i:10
altitude
i:11
altitude
i:12
altitude
i:13
altitude
i:14
altitude
i:15
altitude
i:16
altitude
i:17
altitude
i:18
altitude
i:19
altitude
a:429
IsZoneGenerated
i:0
m_biome
i:1
m_biome
i:2
m_biome
i:3
m_biome
i:4
m_biome
i:5
m_biome
i:6
m_biome
i:7
m_biome
i:8
m_biome
i:9
m_biome
i:10
m_biome
i:11
m_biome
i:12
m_biome
i:13
m_biome
i:14
m_biome
i:15
m_biome
i:16
m_biome
i:17
m_biome
i:18
m_biome
i:19
m_biome
a:430
IsZoneGenerated
i:0
m_biome
i:1
m_biome
i:2
m_biome
i:3
m_biome
i:4
m_biome
i:5
m_biome
i:6
m_biome
i:7
m_biome
i:8
m_biome
i:9
m_biome
i:10
m_biome
i:11
m_biome
i:12
m_biome
i:13
m_biome
i:14
m_biome
i:15
m_biome
i:16
m_biome
i:17
m_biome
i:18
m_biome
i:19
m_biome
a:431
IsZoneGenerated
biomeArea
a:432
IsZoneGenerated
biomeArea
a:433
IsZoneGenerated
biomeArea
a:434
IsZoneGenerated
i:0
m_biome
i:1
m_biome
i:2
m_biome
i:3
m_biome
i:4
m_biome
i:5
m_biome
i:6
m_biome
i:7
m_biome
i:8
m_biome
i:9
m_biome
i:10
m_biome
i:11
m_biome
i:12
m_biome
i:13
m_biome
i:14
m_biome
i:15
m_biome
i:16
m_biome
i:17
m_biome
i:18
m_biome
i:19
m_biome
a:435
IsZoneGenerated
i:0
m_biome
i:1
m_biome
i:2
m_biome
i:3
m_biome
i:4
m_biome
i:5
m_biome
i:6
m_biome
i:7
m_biome
i:8
m_biome
i:9
m_biome
i:10
m_biome
i:11
m_biome
i:12
m_biome
i:13
m_biome
i:14
m_biome
i:15
m_biome
i:16
m_biome
i:17
m_biome
i:18
m_biome
i:19
m_biome
a:436
IsZoneGenerated
biomeArea
a:437
IsZoneGenerated
i:0
m_biome
i:1
m_biome
i:2
m_biome
i:3
m_biome
i:4
m_biome
i:5
m_biome
i:6
m_biome
i:7
m_biome
i:8
m_biome
i:9
m_biome
i:10
m_biome
i:11
m_biome
i:12
m_biome
i:13
m_biome
i:14
m_biome
i:15
m_biome
i:16
m_biome
i:17
m_biome
i:18
m_biome
i:19
m_biome
a:438
IsZoneGenerated
i:0
m_biome
i:1
m_biome
i:2
m_biome
i:3
m_biome
i:4
m_biome
i:5
m_biome
i:6
m_biome
i:7
m_biome
i:8
m_biome
i:9
m_biome
i:10
m_biome
i:11
m_biome
i:12
m_biome
i:13
m_biome
i:14
m_biome
i:15
m_biome
i:16
m_biome
i:17
m_biome
i:18
m_biome
i:19
m_biome
a:439
IsZoneGenerated
i:0
m_biome
i:1
m_biome
i:2
m_biome
i:3
m_biome
i:4
m_biome
i:5
m_biome
i:6
m_biome
i:7
m_biome
i:8
m_biome
i:9
m_biome
i:10
m_biome
i:11
m_biome
i:12
m_biome
i:13
m_biome
i:14
m_biome
i:15
m_biome
i:16
m_biome
i:17
m_biome
i:18
m_biome
i:19
m_biome
a:440
IsZoneGenerated
i:0
m_biome
i:1
m_biome
i:2
m_biome
i:3
m_biome
i:4
m_biome
i:5
m_biome
i:6
m_biome
i:7
m_biome
i:8
m_biome
i:9
m_biome
i:10
m_biome
i:11
m_biome
i:12
m_biome
i:13
m_biome
i:14
m_biome
i:15
m_biome
i:16
m_biome
i:17
m_biome
i:18
m_biome
i:19
m_biome
a:441
IsZoneGenerated
biomeArea
a:442
IsZoneGenerated
biomeArea
a:443
IsZoneGenerated
i:0
m_biome
i:1
m_biome
i:2
m_biome
i:3
m_biome
i:4
m_biome
i:5
m_biome
i:6
m_biome
i:7
m_biome
i:8
m_biome
i:9
m_biome
i:10
m_biome
i:11
m_biome
i:12
m_biome
i:13
m_biome
i:14
m_biome
i:15
m_biome
i:16
m_biome
i:17
m_biome
i:18
m_biome
i:19
m_biome
a:444
IsZoneGenerated
i:0
m_biome
i:1
m_biome
i:2
m_biome
i:3
m_biome
i:4
m_biome
i:5
m_biome
i:6
m_biome
i:7
m_biome
i:8
m_biome
i:9
m_biome
i:10
m_biome
i:11
m_biome
i:12
m_biome
i:13
m_biome
i:14
m_biome
i:15
m_biome
i:16
m_biome
i:17
m_biome
i:18
m_biome
i:19
m_biome
a:445
IsZoneGenerated
biomeArea
a:446
IsZoneGenerated
i:0
terrainDelta
i:1
terrainDelta
i:2
terrainDelta
i:3
terrainDelta
i:4
terrainDelta
i:5
terrainDelta
i:6
terrainDelta
i:7
terrainDelta
i:8
terrainDelta
i:9
terrainDelta
i:10
terrainDelta
i:11
register
a:447
IsZoneGenerated
i:0
m_biome
i:1
m_biome
i:2
m_biome
i:3
m_biome
i:4
m_biome
i:5
m_biome
i:6
m_biome
i:7
m_biome
i:8
m_biome
i:9
m_biome
i:10
m_biome
i:11
m_biome
i:12
m_biome
i:13
m_biome
i:14
m_biome
i:15
m_biome
i:16
m_biome
i:17
m_biome
i:18
m_biome
i:19
m_biome
a:448
IsZoneGenerated
i:0
m_biome
i:1
m_biome
i:2
m_biome
i:3
m_biome
i:4
m_biome
i:5
m_biome
i:6
m_biome
i:7
m_biome
i:8
m_biome
i:9
m_biome
i:10
m_biome
i:11
m_biome
i:12
m_biome
i:13
m_biome
i:14
m_biome
i:15
m_biome
i:16
m_biome
i:17
m_biome
i:18
m_biome
i:19
m_biome
a:449
IsZoneGenerated
i:0
m_biome
i:1
m_biome
i:2
m_biome
i:3
m_biome
i:4
m_biome
i:5
m_biome
i:6
m_biome
i:7
m_biome
i:8
m_biome
i:9
m_biome
i:10
m_biome
i:11
m_biome
i:12
m_biome
i:13
m_biome
i:14
m_biome
i:15
m_biome
i:16
m_biome
i:17
m_biome
i:18
m_biome
i:19
m_biome
a:450
IsZoneGenerated
biomeArea
a:451
IsZoneGenerated
i:0
m_biome
i:1
m_biome
i:2
m_biome
i:3
m_biome
i:4
m_biome
i:5
m_biome
i:6
m_biome
i:7
m_biome
i:8
m_biome
i:9
m_biome
i:10
m_biome
i:11
m_biome
i:12
m_biome
i:13
m_biome
i:14
m_biome
i:15
m_biome
i:16
m_biome
i:17
m_biome
i:18
m_biome
i:19
m_biome
a:452
IsZoneGenerated
i:0
m_biome
i:1
m_biome
i:2
m_biome
i:3
m_biome
i:4
m_biome
i:5
m_biome
i:6
m_biome
i:7
m_biome
i:8
m_biome
i:9
m_biome
i:10
m_biome
i:11
m_biome
i:12
m_biome
i:13
m_biome
i:14
m_biome
i:15
m_biome
i:16
m_biome
i:17
m_biome
i:18
m_biome
i:19
m_biome
a:453
IsZoneGenerated
biomeArea
a:454
IsZoneGenerated
i:0
m_biome
i:1
m_biome
i:2
m_biome
i:3
m_biome
i:4
m_biome
i:5
m_biome
i:6
m_biome
i:7
m_biome
i:8
m_biome
i:9
m_biome
i:10
m_biome
i:11
m_biome
i:12
m_biome
i:13
m_biome
i:14
m_biome
i:15
m_biome
i:16
m_biome
i:17
m_biome
i:18
m_biome
i:19
m_biome
a:455
IsZoneGenerated
i:0
m_biome
i:1
m_biome
i:2
m_biome
i:3
m_biome
i:4
m_biome
i:5
m_biome
i:6
m_biome
i:7
m_biome
i:8
m_biome
i:9
m_biome
i:10
m_biome
i:11
m_biome
i:12
m_biome
i:13
m_biome
i:14
m_biome
i:15
m_biome
i:16
m_biome
i:17
m_biome
i:18
m_biome
i:19
m_biome
a:456
IsZoneGenerated
biomeArea
a:457
IsZoneGenerated
biomeArea
a:458
IsZoneGenerated
i:0
m_biome
i:1
m_biome
i:2
m_biome
i:3
m_biome
i:4
m_biome
i:5
m_biome
i:6
m_biome
i:7
m_biome
i:8
m_biome
i:9
m_biome
i:10
m_biome
i:11
m_biome
i:12
m_biome
i:13
m_biome
i:14
m_biome
i:15
m_biome
i:16
m_biome
i:17
m_biome
i:18
m_biome
i:19
m_biome
a:459
IsZoneGenerated
i:0
m_biome
i:1
m_biome
i:2
m_biome
i:3
m_biome
i:4
m_biome
i:5
m_biome
i:6
m_biome
i:7
m_biome
i:8
m_biome
i:9
m_biome
i:10
m_biome
i:11
m_biome
i:12
m_biome
i:13
m_biome
i:14
m_biome
i:15
m_biome
i:16
m_biome
i:17
m_biome
i:18
m_biome
i:19
m_biome
a:460
IsZoneGenerated
i:0
m_biome
i:1
m_biome
i:2
m_biome
i:3
m_biome
i:4
m_biome
i:5
m_biome
i:6
m_biome
i:7
m_biome
i:8
m_biome
i:9
m_biome
i:10
m_biome
i:11
m_biome
i:12
m_biome
i:13
m_biome
i:14
m_biome
i:15
m_biome
i:16
m_biome
i:17
m_biome
i:18
m_biome
i:19
m_biome
a:461
IsZoneGenerated
biomeArea
a:462
IsZoneGenerated
biomeArea
a:463
IsZoneGenerated
biomeArea
a:464
IsZoneGenerated
i:0
m_biome
i:1
m_biome
i:2
m_biome
i:3
m_biome
i:4
m_biome
i:5
m_biome
i:6
m_biome
i:7
m_biome
i:8
m_biome
i:9
m_biome
i:10
m_biome
i:11
m_biome
i:12
m_biome
i:13
m_biome
i:14
m_biome
i:15
m_biome
i:16
m_biome
i:17
m_biome
i:18
m_biome
i:19
m_biome
a:465
IsZoneGenerated
biomeArea
a:466
IsZoneGenerated
i:0
m_biome
i:1
m_biome
i:2
m_biome
i:3
m_biome
i:4
m_biome
i:5
m_biome
i:6
m_biome
i:7
m_biome
i:8
m_biome
i:9
m_biome
i:10
m_biome
i:11
m_biome
i:12
m_biome
i:13
m_biome
i:14
m_biome
i:15
m_biome
i:16
m_biome
i:17
m_biome
i:18
m_biome
i:19
m_biome
a:467
IsZoneGenerated
i:0
m_biome
i:1
m_biome
i:2
m_biome
i:3
m_biome
i:4
m_biome
i:5
m_biome
i:6
m_biome
i:7
m_biome
i:8
m_biome
i:9
m_biome
i:10
m_biome
i:11
m_biome
i:12
m_biome
i:13
m_biome
i:14
m_biome
i:15
m_biome
i:16
m_biome
i:17
m_biome
i:18
m_biome
i:19
m_biome
a:468
IsZoneGenerated
i:0
terrainDelta
i:1
terrainDelta
i:2
terrainDelta
i:3
terrainDelta
i:4
terrainDelta
i:5
terrainDelta
i:6
terrainDelta
i:7
terrainDelta
i:8
terrainDelta
i:9
register
a:469
IsZoneGenerated
biomeArea
a:470
IsZoneGenerated
i:0
m_biome
i:1
m_biome
i:2
m_biome
i:3
m_biome
i:4
m_biome
i:5
m_biome
i:6
m_biome
i:7
m_biome
i:8
m_biome
i:9
m_biome
i:10
m_biome
i:11
m_biome
i:12
m_biome
i:13
m_biome
i:14
m_biome
i:15
m_biome
i:16
m_biome
i:17
m_biome
i:18
m_biome
i:19
m_biome
a:471
IsZoneGenerated
biomeArea
a:472
IsZoneGenerated
i:0
terrainDelta
i:1
terrainDelta
i:2
terrainDelta
i:3
altitude
i:4
terrainDelta
i:5
terrainDelta
i:6
terrainDelta
i:7
terrainDelta
i:8
altitude
i:9
terrainDelta
i:10
altitude
i:11
terrainDelta
i:12
terrainDelta
i:13
terrainDelta
i:14
terrainDelta
i:15
terrainDelta
i:16
terrainDelta
i:17
altitude
i:18
altitude
i:19
altitude
a:473
IsZoneGenerated
biomeArea
a:474
IsZoneGenerated
biomeArea
a:475
IsZoneGenerated
i:0
m_biome
i:1
m_biome
i:2
m_biome
i:3
m_biome
i:4
m_biome
i:5
m_biome
i:6
m_biome
i:7
m_biome
i:8
m_biome
i:9
m_biome
i:10
m_biome
i:11
m_biome
i:12
m_biome
i:13
m_biome
i:14
m_biome
i:15
m_biome
i:16
m_biome
i:17
m_biome
i:18
m_biome
i:19
m_biome
a:476
IsZoneGenerated
biomeArea
a:477
IsZoneGenerated
biomeArea
a:478
IsZoneGenerated
i:0
m_biome
i:1
m_biome
i:2
m_biome
i:3
m_biome
i:4
m_biome
i:5
m_biome
i:6
m_biome
i:7
m_biome
i:8
m_biome
i:9
m_biome
i:10
m_biome
i:11
m_biome
i:12
m_biome
i:13
m_biome
i:14
m_biome
i:15
m_biome
i:16
m_biome
i:17
m_biome
i:18
m_biome
i:19
m_biome
a:479
IsZoneGenerated
i:0
m_biome
i:1
m_biome
i:2
m_biome
i:3
m_biome
i:4
m_biome
i:5
m_biome
i:6
m_biome
i:7
m_biome
i:8
m_biome
i:9
m_biome
i:10
m_biome
i:11
m_biome
i:12
m_biome
i:13
m_biome
i:14
m_biome
i:15
m_biome
i:16
m_biome
i:17
m_biome
i:18
m_biome
i:19
m_biome
a:480
IsZoneGenerated
i:0
m_biome
i:1
m_biome
i:2
m_biome
i:3
m_biome
i:4
m_biome
i:5
m_biome
i:6
m_biome
i:7
m_biome
i:8
m_biome
i:9
m_biome
i:10
m_biome
i:11
m_biome
i:12
m_biome
i:13
m_biome
i:14
m_biome
i:15
m_biome
i:16
m_biome
i:17
m_biome
i:18
m_biome
i:19
m_biome
a:481
IsZoneGenerated
biomeArea
a:482
IsZoneGenerated
biomeArea
a:483
IsZoneGenerated
biomeArea
a:484
IsZoneGenerated
biomeArea
a:485
IsZoneGenerated
i:0
m_biome
i:1
m_biome
i:2
m_biome
i:3
m_biome
i:4
m_biome
i:5
m_biome
i:6
m_biome
i:7
m_biome
i:8
m_biome
i:9
m_biome
i:10
m_biome
i:11
m_biome
i:12
m_biome
i:13
m_biome
i:14
m_biome
i:15
m_biome
i:16
m_biome
i:17
m_biome
i:18
m_biome
i:19
m_biome
a:486
IsZoneGenerated
biomeArea
a:487
IsZoneGenerated
biomeArea
a:488
IsZoneGenerated
i:0
m_biome
i:1
m_biome
i:2
m_biome
i:3
m_biome
i:4
m_biome
i:5
m_biome
i:6
m_biome
i:7
m_biome
i:8
m_biome
i:9
m_biome
i:10
m_biome
i:11
m_biome
i:12
m_biome
i:13
m_biome
i:14
m_biome
i:15
m_biome
i:16
m_biome
i:17
m_biome
i:18
m_biome
i:19
m_biome
a:489
IsZoneGenerated
biomeArea
a:490
IsZoneGenerated
i:0
m_biome
i:1
m_biome
i:2
m_biome
i:3
m_biome
i:4
m_biome
i:5
m_biome
i:6
m_biome
i:7
m_biome
i:8
m_biome
i:9
m_biome
i:10
m_biome
i:11
m_biome
i:12
m_biome
i:13
m_biome
i:14
m_biome
i:15
m_biome
i:16
m_biome
i:17
m_biome
i:18
m_biome
i:19
m_biome
a:491
IsZoneGenerated
biomeArea
a:492
IsZoneGenerated
biomeArea
a:493
IsZoneGenerated
i:0
altitude
i:1
altitude
i:2
altitude
i:3
altitude
i:4
altitude
i:5
altitude
i:6
altitude
i:7
altitude
i:8
altitude
i:9
altitude
i:10
altitude
i:11
altitude
i:12
altitude
i:13
altitude
i:14
altitude
i:15
altitude
i:16
altitude
i:17
altitude
i:18
altitude
i:19
altitude
a:494
IsZoneGenerated
i:0
m_biome
i:1
m_biome
i:2
m_biome
i:3
m_biome
i:4
m_biome
i:5
m_biome
i:6
m_biome
i:7
m_biome
i:8
m_biome
i:9
m_biome
i:10
m_biome
i:11
m_biome
i:12
m_biome
i:13
m_biome
i:14
m_biome
i:15
m_biome
i:16
m_biome
i:17
m_biome
i:18
m_biome
i:19
m_biome
a:495
IsZoneGenerated
i:0
m_biome
i:1
m_biome
i:2
m_biome
i:3
m_biome
i:4
m_biome
i:5
m_biome
i:6
m_biome
i:7
m_biome
i:8
m_biome
i:9
m_biome
i:10
m_biome
i:11
m_biome
i:12
m_biome
i:13
m_biome
i:14
m_biome
i:15
m_biome
i:16
m_biome
i:17
m_biome
i:18
m_biome
i:19
m_biome
a:496
IsZoneGenerated
i:0
m_biome
i:1
m_biome
i:2
m_biome
i:3
m_biome
i:4
m_biome
i:5
m_biome
i:6
m_biome
i:7
m_biome
i:8
m_biome
i:9
m_biome
i:10
m_biome
i:11
m_biome
i:12
m_biome
i:13
m_biome
i:14
m_biome
i:15
m_biome
i:16
m_biome
i:17
m_biome
i:18
m_biome
i:19
m_biome
a:497
IsZoneGenerated
i:0
m_biome
i:1
m_biome
i:2
m_biome
i:3
m_biome
i:4
m_biome
i:5
m_biome
i:6
m_biome
i:7
m_biome
i:8
m_biome
i:9
m_biome
i:10
m_biome
i:11
m_biome
i:12
m_biome
i:13
m_biome
i:14
m_biome
i:15
m_biome
i:16
m_biome
i:17
m_biome
i:18
m_biome
i:19
m_biome
a:498
IsZoneGenerated
i:0
m_biome
i:1
m_biome
i:2
m_biome
i:3
m_biome
i:4
m_biome
i:5
m_biome
i:6
m_biome
i:7
m_biome
i:8
m_biome
i:9
m_biome
i:10
m_biome
i:11
m_biome
i:12
m_biome
i:13
m_biome
i:14
m_biome
i:15
m_biome
i:16
m_biome
i:17
m_biome
i:18
m_biome
i:19
m_biome
a:499
IsZoneGenerated
biomeArea
a:500
IsZoneGenerated
biomeArea
a:501
IsZoneGenerated
biomeArea
a:502
IsZoneGenerated
biomeArea
a:503
IsZoneGenerated
biomeArea
a:504
IsZoneGenerated
i:0
terrainDelta
i:1
terrainDelta
i:2
terrainDelta
i:3
terrainDelta
i:4
terrainDelta
i:5
terrainDelta
i:6
terrainDelta
i:7
terrainDelta
i:8
terrainDelta
i:9
terrainDelta
i:10
terrainDelta
i:11
terrainDelta
i:12
terrainDelta
i:13
terrainDelta
i:14
terrainDelta
i:15
terrainDelta
i:16
terrainDelta
i:17
terrainDelta
i:18
terrainDelta
i:19
terrainDelta
a:505
IsZoneGenerated
biomeArea
a:506
IsZoneGenerated
i:0
register
a:507
IsZoneGenerated
biomeArea
a:508
IsZoneGenerated
i:0
m_biome
i:1
m_biome
i:2
m_biome
i:3
m_biome
i:4
m_biome
i:5
m_biome
i:6
m_biome
i:7
m_biome
i:8
m_biome
i:9
m_biome
i:10
m_biome
i:11
m_biome
i:12
m_biome
i:13
m_biome
i:14
m_biome
i:15
m_biome
i:16
m_biome
i:17
m_biome
i:18
m_biome
i:19
m_biome
a:509
IsZoneGenerated
biomeArea
a:510
IsZoneGenerated
biomeArea
a:511
IsZoneGenerated
biomeArea
a:512
IsZoneGenerated
biomeArea
a:513
IsZoneGenerated
biomeArea
a:514
IsZoneGenerated
i:0
m_biome
i:1
m_biome
i:2
m_biome
i:3
m_biome
i:4
m_biome
i:5
m_biome
i:6
m_biome
i:7
m_biome
i:8
m_biome
i:9
m_biome
i:10
m_biome
i:11
m_biome
i:12
m_biome
i:13
m_biome
i:14
m_biome
i:15
m_biome
i:16
m_biome
i:17
m_biome
i:18
m_biome
i:19
m_biome
a:515
IsZoneGenerated
i:0
m_biome
i:1
m_biome
i:2
m_biome
i:3
m_biome
i:4
m_biome
i:5
m_biome
i:6
m_biome
i:7
m_biome
i:8
m_biome
i:9
m_biome
i:10
m_biome
i:11
m_biome
i:12
m_biome
i:13
m_biome
i:14
m_biome
i:15
m_biome
i:16
m_biome
i:17
m_biome
i:18
m_biome
i:19
m_biome
a:516
IsZoneGenerated
i:0
m_biome
i:1
m_biome
i:2
m_biome
i:3
m_biome
i:4
m_biome
i:5
m_biome
i:6
m_biome
i:7
m_biome
i:8
m_biome
i:9
m_biome
i:10
m_biome
i:11
m_biome
i:12
m_biome
i:13
m_biome
i:14
m_biome
i:15
m_biome
i:16
m_biome
i:17
m_biome
i:18
m_biome
i:19
m_biome
a:517
IsZoneGenerated
biomeArea
a:518
IsZoneGenerated
i:0
m_biome
i:1
m_biome
i:2
m_biome
i:3
m_biome
i:4
m_biome
i:5
m_biome
i:6
m_biome
i:7
m_biome
i:8
m_biome
i:9
m_biome
i:10
m_biome
i:11
m_biome
i:12
m_biome
i:13
m_biome
i:14
m_biome
i:15
m_biome
i:16
m_biome
i:17
m_biome
i:18
m_biome
i:19
m_biome
a:519
IsZoneGenerated
i:0
m_biome
i:1
m_biome
i:2
m_biome
i:3
m_biome
i:4
m_biome
i:5
m_biome
i:6
m_biome
i:7
m_biome
i:8
m_biome
i:9
m_biome
i:10
m_biome
i:11
m_biome
i:12
m_biome
i:13
m_biome
i:14
m_biome
i:15
m_biome
i:16
m_biome
i:17
m_biome
i:18
m_biome
i:19
m_biome
a:520
IsZoneGenerated
i:0
m_biome
i:1
m_biome
i:2
m_biome
i:3
m_biome
i:4
m_biome
i:5
m_biome
i:6
m_biome
i:7
m_biome
i:8
m_biome
i:9
m_biome
i:10
m_biome
i:11
m_biome
i:12
m_biome
i:13
m_biome
i:14
m_biome
i:15
m_biome
i:16
m_biome
i:17
m_biome
i:18
m_biome
i:19
m_biome
a:521
IsZoneGenerated
biomeArea
a:522
IsZoneGenerated
biomeArea
a:523
IsZoneGenerated
biomeArea
a:524
IsZoneGenerated
i:0
terrainDelta
i:1
terrainDelta
i:2
terrainDelta
i:3
terrainDelta
i:4
terrainDelta
i:5
register
a:525
IsZoneGenerated
i:0
m_biome
i:1
m_biome
i:2
m_biome
i:3
m_biome
i:4
m_biome
i:5
m_biome
i:6
m_biome
i:7
m_biome
i:8
m_biome
i:9
m_biome
i:10
m_biome
i:11
m_biome
i:12
m_biome
i:13
m_biome
i:14
m_biome
i:15
m_biome
i:16
m_biome
i:17
m_biome
i:18
m_biome
i:19
m_biome
a:526
IsZoneGenerated
biomeArea
a:527
IsZoneGenerated
biomeArea
a:528
IsZoneGenerated
biomeArea
a:529
IsZoneGenerated
biomeArea
a:530
IsZoneGenerated
i:0
m_biome
i:1
m_biome
i:2
m_biome
i:3
m_biome
i:4
m_biome
i:5
m_biome
i:6
m_biome
i:7
m_biome
i:8
m_biome
i:9
m_biome
i:10
m_biome
i:11
m_biome
i:12
m_biome
i:13
m_biome
i:14
m_biome
i:15
m_biome
i:16
m_biome
i:17
m_biome
i:18
m_biome
i:19
m_biome
a:531
IsZoneGenerated
biomeArea
a:532
IsZoneGenerated
biomeArea
a:533
IsZoneGenerated
biomeArea
a:534
IsZoneGenerated
i:0
m_biome
i:1
m_biome
i:2
m_biome
i:3
m_biome
i:4
m_biome
i:5
m_biome
i:6
m_biome
i:7
m_biome
i:8
m_biome
i:9
m_biome
i:10
m_biome
i:11
m_biome
i:12
m_biome
i:13
m_biome
i:14
m_biome
i:15
m_biome
i:16
m_biome
i:17
m_biome
i:18
m_biome
i:19
m_biome
a:535
IsZoneGenerated
i:0
m_biome
i:1
m_biome
i:2
m_biome
i:3
m_biome
i:4
m_biome
i:5
m_biome
i:6
m_biome
i:7
m_biome
i:8
m_biome
i:9
m_biome
i:10
m_biome
i:11
m_biome
i:12
m_biome
i:13
m_biome
i:14
m_biome
i:15
m_biome
i:16
m_biome
i:17
m_biome
i:18
m_biome
i:19
m_biome
a:536
IsZoneGenerated
i:0
m_biome
i:1
m_biome
i:2
m_biome
i:3
m_biome
i:4
m_biome
i:5
m_biome
i:6
m_biome
i:7
m_biome
i:8
m_biome
i:9
m_biome
i:10
m_biome
i:11
m_biome
i:12
m_biome
i:13
m_biome
i:14
m_biome
i:15
m_biome
i:16
m_biome
i:17
m_biome
i:18
m_biome
i:19
m_biome
a:537
IsZoneGenerated
biomeArea
a:538
IsZoneGenerated
biomeArea
a:539
IsZoneGenerated
biomeArea
a:540
IsZoneGenerated
biomeArea
a:541
IsZoneGenerated
i:0
m_biome
i:1
m_biome
i:2
m_biome
i:3
m_biome
i:4
m_biome
i:5
m_biome
i:6
m_biome
i:7
m_biome
i:8
m_biome
i:9
m_biome
i:10
m_biome
i:11
m_biome
i:12
m_biome
i:13
m_biome
i:14
m_biome
i:15
m_biome
i:16
m_biome
i:17
m_biome
i:18
m_biome
i:19
m_biome
a:542
IsZoneGenerated
i:0
m_biome
i:1
m_biome
i:2
m_biome
i:3
m_biome
i:4
m_biome
i:5
m_biome
i:6
m_biome
i:7
m_biome
i:8
m_biome
i:9
m_biome
i:10
m_biome
i:11
m_biome
i:12
m_biome
i:13
m_biome
i:14
m_biome
i:15
m_biome
i:16
m_biome
i:17
m_biome
i:18
m_biome
i:19
m_biome
a:543
IsZoneGenerated
biomeArea
a:544
IsZoneGenerated
i:0
m_minDistance
i:1
m_minDistance
i:2
m_minDistance
i:3
m_minDistance
i:4
m_minDistance
i:5
m_minDistance
i:6
m_minDistance
i:7
m_minDistance
i:8
m_minDistance
i:9
m_minDistance
i:10
m_minDistance
i:11
m_minDistance
i:12
m_minDistance
i:13
m_minDistance
i:14
m_minDistance
i:15
m_minDistance
i:16
m_minDistance
i:17
m_minDistance
i:18
m_minDistance
i:19
m_minDistance
a:545
IsZoneGenerated
i:0
m_biome
i:1
m_biome
i:2
m_biome
i:3
m_biome
i:4
m_biome
i:5
m_biome
i:6
m_biome
i:7
m_biome
i:8
m_biome
i:9
m_biome
i:10
m_biome
i:11
m_biome
i:12
m_biome
i:13
m_biome
i:14
m_biome
i:15
m_biome
i:16
m_biome
i:17
m_biome
i:18
m_biome
i:19
m_biome
a:546
IsZoneGenerated
i:0
m_biome
i:1
m_biome
i:2
m_biome
i:3
m_biome
i:4
m_biome
i:5
m_biome
i:6
m_biome
i:7
m_biome
i:8
m_biome
i:9
m_biome
i:10
m_biome
i:11
m_biome
i:12
m_biome
i:13
m_biome
i:14
m_biome
i:15
m_biome
i:16
m_biome
i:17
m_biome
i:18
m_biome
i:19
m_biome
a:547
IsZoneGenerated
biomeArea
a:548
IsZoneGenerated
biomeArea
a:549
IsZoneGenerated
biomeArea
a:550
IsZoneGenerated
i:0
m_biome
i:1
m_biome
i:2
m_biome
i:3
m_biome
i:4
m_biome
i:5
m_biome
i:6
m_biome
i:7
m_biome
i:8
m_biome
i:9
m_biome
i:10
m_biome
i:11
m_biome
i:12
m_biome
i:13
m_biome
i:14
m_biome
i:15
m_biome
i:16
m_biome
i:17
m_biome
i:18
m_biome
i:19
m_biome
a:551
IsZoneGenerated
biomeArea
a:552
IsZoneGenerated
i:0
m_biome
i:1
m_biome
i:2
m_biome
i:3
m_biome
i:4
m_biome
i:5
m_biome
i:6
m_biome
i:7
m_biome
i:8
m_biome
i:9
m_biome
i:10
m_biome
i:11
m_biome
i:12
m_biome
i:13
m_biome
i:14
m_biome
i:15
m_biome
i:16
m_biome
i:17
m_biome
i:18
m_biome
i:19
m_biome
a:553
IsZoneGenerated
biomeArea
a:554
IsZoneGenerated
biomeArea
a:555
IsZoneGenerated
i:0
m_biome
i:1
m_biome
i:2
m_biome
i:3
m_biome
i:4
m_biome
i:5
m_biome
i:6
m_biome
i:7
m_biome
i:8
m_biome
i:9
m_biome
i:10
m_biome
i:11
m_biome
i:12
m_biome
i:13
m_biome
i:14
m_biome
i:15
m_biome
i:16
m_biome
i:17
m_biome
i:18
m_biome
i:19
m_biome
a:556
IsZoneGenerated
biomeArea
a:557
IsZoneGenerated
i:0
m_biome
i:1
m_biome
i:2
m_biome
i:3
m_biome
i:4
m_biome
i:5
m_biome
i:6
m_biome
i:7
m_biome
i:8
m_biome
i:9
m_biome
i:10
m_biome
i:11
m_biome
i:12
m_biome
i:13
m_biome
i:14
m_biome
i:15
m_biome
i:16
m_biome
i:17
m_biome
i:18
m_biome
i:19
m_biome
a:558
IsZoneGenerated
biomeArea
a:559
IsZoneGenerated
biomeArea
a:560
IsZoneGenerated
biomeArea
a:561
IsZoneGenerated
biomeArea
a:562
IsZoneGenerated
i:0
m_biome
i:1
m_biome
i:2
m_biome
i:3
m_biome
i:4
m_biome
i:5
m_biome
i:6
m_biome
i:7
m_biome
i:8
m_biome
i:9
m_biome
i:10
m_biome
i:11
m_biome
i:12
m_biome
i:13
m_biome
i:14
m_biome
i:15
m_biome
i:16
m_biome
i:17
m_biome
i:18
m_biome
i:19
m_biome
a:563
IsZoneGenerated
i:0
m_biome
i:1
m_biome
i:2
m_biome
i:3
m_biome
i:4
m_biome
i:5
m_biome
i:6
m_biome
i:7
m_biome
i:8
m_biome
i:9
m_biome
i:10
m_biome
i:11
m_biome
i:12
m_biome
i:13
m_biome
i:14
m_biome
i:15
m_biome
i:16
m_biome
i:17
m_biome
i:18
m_biome
i:19
m_biome
a:564
IsZoneGenerated
i:0
m_biome
i:1
m_biome
i:2
m_biome
i:3
m_biome
i:4
m_biome
i:5
m_biome
i:6
m_biome
i:7
m_biome
i:8
m_biome
i:9
m_biome
i:10
m_biome
i:11
m_biome
i:12
m_biome
i:13
m_biome
i:14
m_biome
i:15
m_biome
i:16
m_biome
i:17
m_biome
i:18
m_biome
i:19
m_biome
a:565
IsZoneGenerated
biomeArea
a:566
IsZoneGenerated
i:0
m_biome
i:1
m_biome
i:2
m_biome
i:3
m_biome
i:4
m_biome
i:5
m_biome
i:6
m_biome
i:7
m_biome
i:8
m_biome
i:9
m_biome
i:10
m_biome
i:11
m_biome
i:12
m_biome
i:13
m_biome
i:14
m_biome
i:15
m_biome
i:16
m_biome
i:17
m_biome
i:18
m_biome
i:19
m_biome
a:567
IsZoneGenerated
i:0
terrainDelta
i:1
terrainDelta
i:2
terrainDelta
i:3
terrainDelta
i:4
terrainDelta
i:5
terrainDelta
i:6
terrainDelta
i:7
terrainDelta
i:8
terrainDelta
i:9
terrainDelta
i:10
terrainDelta
i:11
terrainDelta
i:12
terrainDelta
i:13
terrainDelta
i:14
terrainDelta
i:15
terrainDelta
i:16
terrainDelta
i:17
terrainDelta
i:18
terrainDelta
i:19
terrainDelta
a:568
IsZoneGenerated
i:0
m_biome
i:1
m_biome
i:2
m_biome
i:3
m_biome
i:4
m_biome
i:5
m_biome
i:6
m_biome
i:7
m_biome
i:8
m_biome
i:9
m_biome
i:10
m_biome
i:11
m_biome
i:12
m_biome
i:13
m_biome
i:14
m_biome
i:15
m_biome
i:16
m_biome
i:17
m_biome
i:18
m_biome
i:19
m_biome
a:569
IsZoneGenerated
biomeArea
a:570
IsZoneGenerated
biomeArea
a:571
IsZoneGenerated
biomeArea
a:572
IsZoneGenerated
i:0
m_biome
i:1
m_biome
i:2
m_biome
i:3
m_biome
i:4
m_biome
i:5
m_biome
i:6
m_biome
i:7
m_biome
i:8
m_biome
i:9
m_biome
i:10
m_biome
i:11
m_biome
i:12
m_biome
i:13
m_biome
i:14
m_biome
i:15
m_biome
i:16
m_biome
i:17
m_biome
i:18
m_biome
i:19
m_biome
a:573
IsZoneGenerated
biomeArea
a:574
IsZoneGenerated
i:0
m_biome
i:1
m_biome
i:2
m_biome
i:3
m_biome
i:4
m_biome
i:5
m_biome
i:6
m_biome
i:7
m_biome
i:8
m_biome
i:9
m_biome
i:10
m_biome
i:11
m_biome
i:12
m_biome
i:13
m_biome
i:14
m_biome
i:15
m_biome
i:16
m_biome
i:17
m_biome
i:18
m_biome
i:19
m_biome
a:575
IsZoneGenerated
i:0
m_biome
i:1
m_biome
i:2
m_biome
i:3
m_biome
i:4
m_biome
i:5
m_biome
i:6
m_biome
i:7
m_biome
i:8
m_biome
i:9
m_biome
i:10
m_biome
i:11
m_biome
i:12
m_biome
i:13
m_biome
i:14
m_biome
i:15
m_biome
i:16
m_biome
i:17
m_biome
i:18
m_biome
i:19
m_biome
a:576
IsZoneGenerated
i:0
m_biome
i:1
m_biome
i:2
m_biome
i:3
m_biome
i:4
m_biome
i:5
m_biome
i:6
m_biome
i:7
m_biome
i:8
m_biome
i:9
m_biome
i:10
m_biome
i:11
m_biome
i:12
m_biome
i:13
m_biome
i:14
m_biome
i:15
m_biome
i:16
m_biome
i:17
m_biome
i:18
m_biome
i:19
m_biome
a:577
IsZoneGenerated
i:0
m_biome
i:1
m_biome
i:2
m_biome
i:3
m_biome
i:4
m_biome
i:5
m_biome
i:6
m_biome
i:7
m_biome
i:8
m_biome
i:9
m_biome
i:10
m_biome
i:11
m_biome
i:12
m_biome
i:13
m_biome
i:14
m_biome
i:15
m_biome
i:16
m_biome
i:17
m_biome
i:18
m_biome
i:19
m_biome
a:578
IsZoneGenerated
biomeArea
a:579
IsZoneGenerated
biomeArea
a:580
IsZoneGenerated
biomeArea
a:581
IsZoneGenerated
biomeArea
a:582
IsZoneGenerated
i:0
register
a:583
IsZoneGenerated
i:0
m_biome
i:1
m_biome
i:2
m_biome
i:3
m_biome
i:4
m_biome
i:5
m_biome
i:6
m_biome
i:7
m_biome
i:8
m_biome
i:9
m_biome
i:10
m_biome
i:11
m_biome
i:12
m_biome
i:13
m_biome
i:14
m_biome
i:15
m_biome
i:16
m_biome
i:17
m_biome
i:18
m_biome
i:19
m_biome
a:584
IsZoneGenerated
biomeArea
a:585
IsZoneGenerated
biomeArea
a:586
IsZoneGenerated
i:0
m_biome
i:1
m_biome
i:2
m_biome
i:3
m_biome
i:4
m_biome
i:5
m_biome
i:6
m_biome
i:7
m_biome
i:8
m_biome
i:9
m_biome
i:10
m_biome
i:11
m_biome
i:12
m_biome
i:13
m_biome
i:14
m_biome
i:15
m_biome
i:16
m_biome
i:17
m_biome
i:18
m_biome
i:19
m_biome
a:587
IsZoneGenerated
i:0
m_biome
i:1
m_biome
i:2
m_biome
i:3
m_biome
i:4
m_biome
i:5
m_biome
i:6
m_biome
i:7
m_biome
i:8
m_biome
i:9
m_biome
i:10
m_biome
i:11
m_biome
i:12
m_biome
i:13
m_biome
i:14
m_biome
i:15
m_biome
i:16
m_biome
i:17
m_biome
i:18
m_biome
i:19
m_biome
a:588
IsZoneGenerated
i:0
m_biome
i:1
m_biome
i:2
m_biome
i:3
m_biome
i:4
m_biome
i:5
m_biome
i:6
m_biome
i:7
m_biome
i:8
m_biome
i:9
m_biome
i:10
m_biome
i:11
m_biome
i:12
m_biome
i:13
m_biome
i:14
m_biome
i:15
m_biome
i:16
m_biome
i:17
m_biome
i:18
m_biome
i:19
m_biome
a:589
IsZoneGenerated
biomeArea
a:590
IsZoneGenerated
i:0
m_biome
i:1
m_biome
i:2
m_biome
i:3
m_biome
i:4
m_biome
i:5
m_biome
i:6
m_biome
i:7
m_biome
i:8
m_biome
i:9
m_biome
i:10
m_biome
i:11
m_biome
i:12
m_biome
i:13
m_biome
i:14
m_biome
i:15
m_biome
i:16
m_biome
i:17
m_biome
i:18
m_biome
i:19
m_biome
a:591
IsZoneGenerated
i:0
m_biome
i:1
m_biome
i:2
m_biome
i:3
m_biome
i:4
m_biome
i:5
m_biome
i:6
m_biome
i:7
m_biome
i:8
m_biome
i:9
m_biome
i:10
m_biome
i:11
m_biome
i:12
m_biome
i:13
m_biome
i:14
m_biome
i:15
m_biome
i:16
m_biome
i:17
m_biome
i:18
m_biome
i:19
m_biome
a:592
IsZoneGenerated
i:0
m_biome
i:1
m_biome
i:2
m_biome
i:3
m_biome
i:4
m_biome
i:5
m_biome
i:6
m_biome
i:7
m_biome
i:8
m_biome
i:9
m_biome
i:10
m_biome
i:11
m_biome
i:12
m_biome
i:13
m_biome
i:14
m_biome
i:15
m_biome
i:16
m_biome
i:17
m_biome
i:18
m_biome
i:19
m_biome
a:593
IsZoneGenerated
i:0
m_biome
i:1
m_biome
i:2
m_biome
i:3
m_biome
i:4
m_biome
i:5
m_biome
i:6
m_biome
i:7
m_biome
i:8
m_biome
i:9
m_biome
i:10
m_biome
i:11
m_biome
i:12
m_biome
i:13
m_biome
i:14
m_biome
i:15
m_biome
i:16
m_biome
i:17
m_biome
i:18
m_biome
i:19
m_biome
a:594
IsZoneGenerated
biomeArea
a:595
IsZoneGenerated
biomeArea
a:596
IsZoneGenerated
biomeArea
a:597
IsZoneGenerated
i:0
m_biome
i:1
m_biome
i:2
m_biome
i:3
m_biome
i:4
m_biome
i:5
m_biome
i:6
m_biome
i:7
m_biome
i:8
m_biome
i:9
m_biome
i:10
m_biome
i:11
m_biome
i:12
m_biome
i:13
m_biome
i:14
m_biome
i:15
m_biome
i:16
m_biome
i:17
m_biome
i:18
m_biome
i:19
m_biome
a:598
IsZoneGenerated
biomeArea
a:599
IsZoneGenerated
i:0
m_biome
i:1
m_biome
i:2
m_biome
i:3
m_biome
i:4
m_biome
i:5
m_biome
i:6
m_biome
i:7
m_biome
i:8
m_biome
i:9
m_biome
i:10
m_biome
i:11
m_biome
i:12
m_biome
i:13
m_biome
i:14
m_biome
i:15
m_biome
i:16
m_biome
i:17
m_biome
i:18
m_biome
i:19
m_biome
a:600
IsZoneGenerated
i:0
m_biome
i:1
m_biome
i:2
m_biome
i:3
m_biome
i:4
m_biome
i:5
m_biome
i:6
m_biome
i:7
m_biome
i:8
m_biome
i:9
m_biome
i:10
m_biome
i:11
m_biome
i:12
m_biome
i:13
m_biome
i:14
m_biome
i:15
m_biome
i:16
m_biome
i:17
m_biome
i:18
m_biome
i:19
m_biome
a:601
IsZoneGenerated
biomeArea
a:602
IsZoneGenerated
biomeArea
a:603
IsZoneGenerated
i:0
m_biome
i:1
m_biome
i:2
m_biome
i:3
m_biome
i:4
m_biome
i:5
m_biome
i:6
m_biome
i:7
m_biome
i:8
m_biome
i:9
m_biome
i:10
m_biome
i:11
m_biome
i:12
m_biome
i:13
m_biome
i:14
m_biome
i:15
m_biome
i:16
m_biome
i:17
m_biome
i:18
m_biome
i:19
m_biome
a:604
IsZoneGenerated
biomeArea
a:605
IsZoneGenerated
biomeArea
a:606
IsZoneGenerated
i:0
terrainDelta
i:1
terrainDelta
i:2
register